19:24:55.471  INFO  manager.ListenerNG - onStart
19:25:01.868  INFO  manager.ApplicationManager - Chrome Driver was opened
19:25:05.889  INFO  manager.ApplicationManager - Current URL is -->https://contacts-app.tobbymarshall815.vercel.app/home
19:25:05.920  INFO  manager.ListenerNG - onStart
19:25:06.014  INFO  manager.ListenerWD - Before Find Elements By -->By.xpath: //button[text()='Sign Out']
19:25:11.071  INFO  manager.ListenerWD - After Find Elements By -->By.xpath: //button[text()='Sign Out']
19:25:11.072  INFO  manager.ListenerWD - List size is -->0
19:25:11.073  INFO  manager.ListenerWD - Before Find Element By -->By.xpath: //a[@href='/login']
19:25:11.124  INFO  manager.ListenerWD - After Find Element By -->By.xpath: //a[@href='/login']
19:25:11.246  INFO  manager.ListenerWD - Before Find Element By -->By.xpath: //input[@placeholder='Email']
19:25:11.287  INFO  manager.ListenerWD - After Find Element By -->By.xpath: //input[@placeholder='Email']
19:25:11.505  INFO  manager.ListenerWD - Before Find Element By -->By.xpath: //input[@placeholder='Password']
19:25:11.536  INFO  manager.ListenerWD - After Find Element By -->By.xpath: //input[@placeholder='Password']
19:25:11.733  INFO  manager.ListenerWD - Before Find Element By -->By.xpath: //*[text()=' Login']
19:25:11.767  INFO  manager.ListenerWD - After Find Element By -->By.xpath: //*[text()=' Login']
19:25:11.821  INFO  manager.ListenerNG - onTestStart
19:25:12.326  INFO  manager.ListenerWD - Before Find Element By -->By.xpath: //a[text()='ADD']
19:25:12.491  INFO  manager.ListenerWD - After Find Element By -->By.xpath: //a[text()='ADD']
19:25:12.549  INFO  manager.ListenerWD - Before Find Element By -->By.cssSelector: [placeholder='Name']
19:25:12.588  INFO  manager.ListenerWD - After Find Element By -->By.cssSelector: [placeholder='Name']
19:25:12.761  INFO  manager.ListenerWD - Before Find Element By -->By.cssSelector: [placeholder='Last Name']
19:25:12.798  INFO  manager.ListenerWD - After Find Element By -->By.cssSelector: [placeholder='Last Name']
19:25:12.966  INFO  manager.ListenerWD - Before Find Element By -->By.cssSelector: [placeholder='Phone']
19:25:13.011  INFO  manager.ListenerWD - After Find Element By -->By.cssSelector: [placeholder='Phone']
19:25:13.198  INFO  manager.ListenerWD - Before Find Element By -->By.cssSelector: [placeholder='email']
19:25:13.239  INFO  manager.ListenerWD - After Find Element By -->By.cssSelector: [placeholder='email']
19:25:13.431  INFO  manager.ListenerWD - Before Find Element By -->By.cssSelector: [placeholder='Address']
19:25:13.470  INFO  manager.ListenerWD - After Find Element By -->By.cssSelector: [placeholder='Address']
19:25:13.647  INFO  manager.ListenerWD - Before Find Element By -->By.cssSelector: [placeholder='description']
19:25:13.681  INFO  manager.ListenerWD - After Find Element By -->By.cssSelector: [placeholder='description']
19:25:13.862  INFO  manager.ListenerWD - Before Find Element By -->By.cssSelector: [placeholder='description']
19:25:13.891  INFO  manager.ListenerWD - After Find Element By -->By.cssSelector: [placeholder='description']
19:25:13.933  INFO  manager.ListenerWD - Before Find Element By -->By.cssSelector: .add_form__2rsm2 button
19:25:13.969  INFO  manager.ListenerWD - After Find Element By -->By.cssSelector: .add_form__2rsm2 button
19:25:14.028  INFO  manager.ListenerWD - Before Find Element By -->By.cssSelector: button b
19:25:14.052  INFO  manager.ListenerWD - After Find Element By -->By.cssSelector: button b
19:25:14.109  INFO  manager.ListenerWD - Before Find Elements By -->By.cssSelector: h2
19:25:15.558  INFO  manager.ListenerWD - After Find Elements By -->By.cssSelector: h2
19:25:15.558  INFO  manager.ListenerWD - List size is -->87
19:25:16.092  INFO  manager.ListenerWD - Before Find Elements By -->By.cssSelector: h3
19:25:16.941  INFO  manager.ListenerWD - After Find Elements By -->By.cssSelector: h3
19:25:16.941  INFO  manager.ListenerWD - List size is -->87
19:25:17.738  INFO  manager.ListenerNG - onTestSuccess
19:25:17.740  INFO  manager.ListenerWD - Before Find Elements By -->By.xpath: //button[text()='Sign Out']
19:25:17.757  INFO  manager.ListenerWD - After Find Elements By -->By.xpath: //button[text()='Sign Out']
19:25:17.757  INFO  manager.ListenerWD - List size is -->1
19:25:17.757  INFO  manager.ListenerNG - onTestStart
19:25:18.261  INFO  manager.ListenerWD - Before Find Element By -->By.xpath: //a[text()='ADD']
19:25:18.292  INFO  manager.ListenerWD - After Find Element By -->By.xpath: //a[text()='ADD']
19:25:18.397  INFO  manager.ListenerWD - Before Find Element By -->By.cssSelector: [placeholder='Name']
19:25:18.422  INFO  manager.ListenerWD - After Find Element By -->By.cssSelector: [placeholder='Name']
19:25:18.780  INFO  manager.ListenerWD - Before Find Element By -->By.cssSelector: [placeholder='Last Name']
19:25:18.800  INFO  manager.ListenerWD - After Find Element By -->By.cssSelector: [placeholder='Last Name']
19:25:18.965  INFO  manager.ListenerWD - Before Find Element By -->By.cssSelector: [placeholder='Phone']
19:25:18.987  INFO  manager.ListenerWD - After Find Element By -->By.cssSelector: [placeholder='Phone']
19:25:19.163  INFO  manager.ListenerWD - Before Find Element By -->By.cssSelector: [placeholder='email']
19:25:19.199  INFO  manager.ListenerWD - After Find Element By -->By.cssSelector: [placeholder='email']
19:25:19.457  INFO  manager.ListenerWD - Before Find Element By -->By.cssSelector: [placeholder='Address']
19:25:19.481  INFO  manager.ListenerWD - After Find Element By -->By.cssSelector: [placeholder='Address']
19:25:19.702  INFO  manager.ListenerWD - Before Find Element By -->By.cssSelector: [placeholder='description']
19:25:19.723  INFO  manager.ListenerWD - After Find Element By -->By.cssSelector: [placeholder='description']
19:25:19.850  INFO  manager.ListenerWD - Before Find Element By -->By.cssSelector: .add_form__2rsm2 button
19:25:19.877  INFO  manager.ListenerWD - After Find Element By -->By.cssSelector: .add_form__2rsm2 button
19:25:20.067  INFO  manager.ListenerWD - Before Find Elements By -->By.cssSelector: h2
19:25:21.844  INFO  manager.ListenerWD - After Find Elements By -->By.cssSelector: h2
19:25:21.844  INFO  manager.ListenerWD - List size is -->88
19:25:25.125  INFO  manager.ListenerWD - Before Find Elements By -->By.cssSelector: h3
19:25:26.104  INFO  manager.ListenerWD - After Find Elements By -->By.cssSelector: h3
19:25:26.104  INFO  manager.ListenerWD - List size is -->88
19:25:27.469  INFO  manager.ListenerNG - onTestSuccess
19:25:27.485  INFO  manager.ListenerWD - Before Find Elements By -->By.xpath: //button[text()='Sign Out']
19:25:27.500  INFO  manager.ListenerWD - After Find Elements By -->By.xpath: //button[text()='Sign Out']
19:25:27.500  INFO  manager.ListenerWD - List size is -->1
19:25:27.500  INFO  manager.ListenerNG - onTestStart
19:25:27.531  INFO  TestBase - The test used contact : Contact(name=Lisa, lastName=Boi, phone=12345678, email=lis@gmail.com, address=Israel, description=My best friend)
19:25:28.033  INFO  manager.ListenerWD - Before Find Element By -->By.xpath: //a[text()='ADD']
19:25:28.033  INFO  manager.ListenerWD - After Find Element By -->By.xpath: //a[text()='ADD']
19:25:28.081  INFO  manager.ListenerWD - Before Find Element By -->By.cssSelector: [placeholder='Name']
19:25:28.101  INFO  manager.ListenerWD - After Find Element By -->By.cssSelector: [placeholder='Name']
19:25:28.197  INFO  manager.ListenerWD - Before Find Element By -->By.cssSelector: [placeholder='Last Name']
19:25:28.210  INFO  manager.ListenerWD - After Find Element By -->By.cssSelector: [placeholder='Last Name']
19:25:28.303  INFO  manager.ListenerWD - Before Find Element By -->By.cssSelector: [placeholder='Phone']
19:25:28.314  INFO  manager.ListenerWD - After Find Element By -->By.cssSelector: [placeholder='Phone']
19:25:28.414  INFO  manager.ListenerWD - Before Find Element By -->By.cssSelector: [placeholder='email']
19:25:28.425  INFO  manager.ListenerWD - After Find Element By -->By.cssSelector: [placeholder='email']
19:25:28.539  INFO  manager.ListenerWD - Before Find Element By -->By.cssSelector: [placeholder='Address']
19:25:28.552  INFO  manager.ListenerWD - After Find Element By -->By.cssSelector: [placeholder='Address']
19:25:28.658  INFO  manager.ListenerWD - Before Find Element By -->By.cssSelector: [placeholder='description']
19:25:28.670  INFO  manager.ListenerWD - After Find Element By -->By.cssSelector: [placeholder='description']
19:25:28.777  INFO  manager.ListenerWD - Before Find Element By -->By.cssSelector: [placeholder='description']
19:25:28.791  INFO  manager.ListenerWD - After Find Element By -->By.cssSelector: [placeholder='description']
19:25:28.810  INFO  manager.ListenerWD - Before Find Element By -->By.cssSelector: .add_form__2rsm2 button
19:25:28.823  INFO  manager.ListenerWD - After Find Element By -->By.cssSelector: .add_form__2rsm2 button
19:25:28.865  INFO  manager.ListenerWD - Before Find Element By -->By.cssSelector: button b
19:25:28.877  INFO  manager.ListenerWD - After Find Element By -->By.cssSelector: button b
19:25:28.899  INFO  manager.ListenerWD - Before Find Elements By -->By.cssSelector: h2
19:25:29.534  INFO  manager.ListenerWD - After Find Elements By -->By.cssSelector: h2
19:25:29.534  INFO  manager.ListenerWD - List size is -->90
19:25:29.769  INFO  manager.ListenerWD - Before Find Elements By -->By.cssSelector: h3
19:25:30.271  INFO  manager.ListenerWD - After Find Elements By -->By.cssSelector: h3
19:25:30.271  INFO  manager.ListenerWD - List size is -->90
19:25:30.458  INFO  manager.ListenerNG - onTestSuccess
19:25:30.459  INFO  manager.ListenerWD - Before Find Elements By -->By.xpath: //button[text()='Sign Out']
19:25:30.459  INFO  manager.ListenerWD - After Find Elements By -->By.xpath: //button[text()='Sign Out']
19:25:30.459  INFO  manager.ListenerWD - List size is -->1
19:25:30.459  INFO  manager.ListenerNG - onTestStart
19:25:30.459  INFO  TestBase - The test used contact : Contact(name=Olga, lastName=Boi, phone=12345679, email=olga@gmail.com, address=Israel, description=My best friend)
19:25:30.961  INFO  manager.ListenerWD - Before Find Element By -->By.xpath: //a[text()='ADD']
19:25:30.977  INFO  manager.ListenerWD - After Find Element By -->By.xpath: //a[text()='ADD']
19:25:31.041  INFO  manager.ListenerWD - Before Find Element By -->By.cssSelector: [placeholder='Name']
19:25:31.067  INFO  manager.ListenerWD - After Find Element By -->By.cssSelector: [placeholder='Name']
19:25:31.219  INFO  manager.ListenerWD - Before Find Element By -->By.cssSelector: [placeholder='Last Name']
19:25:31.236  INFO  manager.ListenerWD - After Find Element By -->By.cssSelector: [placeholder='Last Name']
19:25:31.382  INFO  manager.ListenerWD - Before Find Element By -->By.cssSelector: [placeholder='Phone']
19:25:31.401  INFO  manager.ListenerWD - After Find Element By -->By.cssSelector: [placeholder='Phone']
19:25:31.545  INFO  manager.ListenerWD - Before Find Element By -->By.cssSelector: [placeholder='email']
19:25:31.566  INFO  manager.ListenerWD - After Find Element By -->By.cssSelector: [placeholder='email']
19:25:31.701  INFO  manager.ListenerWD - Before Find Element By -->By.cssSelector: [placeholder='Address']
19:25:31.714  INFO  manager.ListenerWD - After Find Element By -->By.cssSelector: [placeholder='Address']
19:25:31.811  INFO  manager.ListenerWD - Before Find Element By -->By.cssSelector: [placeholder='description']
19:25:31.824  INFO  manager.ListenerWD - After Find Element By -->By.cssSelector: [placeholder='description']
19:25:31.932  INFO  manager.ListenerWD - Before Find Element By -->By.cssSelector: [placeholder='description']
19:25:31.946  INFO  manager.ListenerWD - After Find Element By -->By.cssSelector: [placeholder='description']
19:25:31.970  INFO  manager.ListenerWD - Before Find Element By -->By.cssSelector: .add_form__2rsm2 button
19:25:31.984  INFO  manager.ListenerWD - After Find Element By -->By.cssSelector: .add_form__2rsm2 button
19:25:32.039  INFO  manager.ListenerWD - Before Find Element By -->By.cssSelector: button b
19:25:32.052  INFO  manager.ListenerWD - After Find Element By -->By.cssSelector: button b
19:25:32.098  INFO  manager.ListenerWD - Before Find Elements By -->By.cssSelector: h2
19:25:32.596  INFO  manager.ListenerWD - After Find Elements By -->By.cssSelector: h2
19:25:32.596  INFO  manager.ListenerWD - List size is -->92
19:25:32.784  INFO  manager.ListenerWD - Before Find Elements By -->By.cssSelector: h3
19:25:33.144  INFO  manager.ListenerWD - After Find Elements By -->By.cssSelector: h3
19:25:33.144  INFO  manager.ListenerWD - List size is -->92
19:25:33.411  INFO  manager.ListenerNG - onTestSuccess
19:25:33.411  INFO  manager.ListenerWD - Before Find Elements By -->By.xpath: //button[text()='Sign Out']
19:25:33.426  INFO  manager.ListenerWD - After Find Elements By -->By.xpath: //button[text()='Sign Out']
19:25:33.426  INFO  manager.ListenerWD - List size is -->1
19:25:33.426  INFO  manager.ListenerNG - onTestStart
19:25:33.426  INFO  TestBase - The test used contact : Contact(name=Elena, lastName=Boi, phone=12345677, email=elena@gmail.com, address=Israel, description=My best friend)
19:25:33.928  INFO  manager.ListenerWD - Before Find Element By -->By.xpath: //a[text()='ADD']
19:25:33.928  INFO  manager.ListenerWD - After Find Element By -->By.xpath: //a[text()='ADD']
19:25:33.986  INFO  manager.ListenerWD - Before Find Element By -->By.cssSelector: [placeholder='Name']
19:25:34.008  INFO  manager.ListenerWD - After Find Element By -->By.cssSelector: [placeholder='Name']
19:25:34.123  INFO  manager.ListenerWD - Before Find Element By -->By.cssSelector: [placeholder='Last Name']
19:25:34.136  INFO  manager.ListenerWD - After Find Element By -->By.cssSelector: [placeholder='Last Name']
19:25:34.247  INFO  manager.ListenerWD - Before Find Element By -->By.cssSelector: [placeholder='Phone']
19:25:34.260  INFO  manager.ListenerWD - After Find Element By -->By.cssSelector: [placeholder='Phone']
19:25:34.387  INFO  manager.ListenerWD - Before Find Element By -->By.cssSelector: [placeholder='email']
19:25:34.408  INFO  manager.ListenerWD - After Find Element By -->By.cssSelector: [placeholder='email']
19:25:34.564  INFO  manager.ListenerWD - Before Find Element By -->By.cssSelector: [placeholder='Address']
19:25:34.577  INFO  manager.ListenerWD - After Find Element By -->By.cssSelector: [placeholder='Address']
19:25:34.694  INFO  manager.ListenerWD - Before Find Element By -->By.cssSelector: [placeholder='description']
19:25:34.707  INFO  manager.ListenerWD - After Find Element By -->By.cssSelector: [placeholder='description']
19:25:34.837  INFO  manager.ListenerWD - Before Find Element By -->By.cssSelector: [placeholder='description']
19:25:34.851  INFO  manager.ListenerWD - After Find Element By -->By.cssSelector: [placeholder='description']
19:25:34.875  INFO  manager.ListenerWD - Before Find Element By -->By.cssSelector: .add_form__2rsm2 button
19:25:34.891  INFO  manager.ListenerWD - After Find Element By -->By.cssSelector: .add_form__2rsm2 button
19:25:34.940  INFO  manager.ListenerWD - Before Find Element By -->By.cssSelector: button b
19:25:34.952  INFO  manager.ListenerWD - After Find Element By -->By.cssSelector: button b
19:25:34.986  INFO  manager.ListenerWD - Before Find Elements By -->By.cssSelector: h2
19:25:35.594  INFO  manager.ListenerWD - After Find Elements By -->By.cssSelector: h2
19:25:35.594  INFO  manager.ListenerWD - List size is -->94
19:25:35.866  INFO  manager.ListenerWD - Before Find Elements By -->By.cssSelector: h3
19:25:36.166  INFO  manager.ListenerWD - After Find Elements By -->By.cssSelector: h3
19:25:36.166  INFO  manager.ListenerWD - List size is -->94
19:25:36.425  INFO  manager.ListenerNG - onTestSuccess
19:25:36.425  INFO  manager.ListenerWD - Before Find Elements By -->By.xpath: //button[text()='Sign Out']
19:25:36.440  INFO  manager.ListenerWD - After Find Elements By -->By.xpath: //button[text()='Sign Out']
19:25:36.440  INFO  manager.ListenerWD - List size is -->1
19:25:36.440  INFO  manager.ListenerNG - onTestStart
19:25:36.440  INFO  TestBase - The test used contact : Contact(name=Pol, lastName=Boi, phone=12345676, email=pol@gmail.com, address=Israel, description=My best friend)
19:25:36.942  INFO  manager.ListenerWD - Before Find Element By -->By.xpath: //a[text()='ADD']
19:25:36.942  INFO  manager.ListenerWD - After Find Element By -->By.xpath: //a[text()='ADD']
19:25:36.984  INFO  manager.ListenerWD - Before Find Element By -->By.cssSelector: [placeholder='Name']
19:25:37.004  INFO  manager.ListenerWD - After Find Element By -->By.cssSelector: [placeholder='Name']
19:25:37.115  INFO  manager.ListenerWD - Before Find Element By -->By.cssSelector: [placeholder='Last Name']
19:25:37.127  INFO  manager.ListenerWD - After Find Element By -->By.cssSelector: [placeholder='Last Name']
19:25:37.226  INFO  manager.ListenerWD - Before Find Element By -->By.cssSelector: [placeholder='Phone']
19:25:37.238  INFO  manager.ListenerWD - After Find Element By -->By.cssSelector: [placeholder='Phone']
19:25:37.341  INFO  manager.ListenerWD - Before Find Element By -->By.cssSelector: [placeholder='email']
19:25:37.352  INFO  manager.ListenerWD - After Find Element By -->By.cssSelector: [placeholder='email']
19:25:37.459  INFO  manager.ListenerWD - Before Find Element By -->By.cssSelector: [placeholder='Address']
19:25:37.470  INFO  manager.ListenerWD - After Find Element By -->By.cssSelector: [placeholder='Address']
19:25:37.587  INFO  manager.ListenerWD - Before Find Element By -->By.cssSelector: [placeholder='description']
19:25:37.598  INFO  manager.ListenerWD - After Find Element By -->By.cssSelector: [placeholder='description']
19:25:37.733  INFO  manager.ListenerWD - Before Find Element By -->By.cssSelector: [placeholder='description']
19:25:37.752  INFO  manager.ListenerWD - After Find Element By -->By.cssSelector: [placeholder='description']
19:25:37.785  INFO  manager.ListenerWD - Before Find Element By -->By.cssSelector: .add_form__2rsm2 button
19:25:37.802  INFO  manager.ListenerWD - After Find Element By -->By.cssSelector: .add_form__2rsm2 button
19:25:37.851  INFO  manager.ListenerWD - Before Find Element By -->By.cssSelector: button b
19:25:37.866  INFO  manager.ListenerWD - After Find Element By -->By.cssSelector: button b
19:25:37.912  INFO  manager.ListenerWD - Before Find Elements By -->By.cssSelector: h2
19:25:38.469  INFO  manager.ListenerWD - After Find Elements By -->By.cssSelector: h2
19:25:38.469  INFO  manager.ListenerWD - List size is -->96
19:25:38.698  INFO  manager.ListenerWD - Before Find Elements By -->By.cssSelector: h3
19:25:39.027  INFO  manager.ListenerWD - After Find Elements By -->By.cssSelector: h3
19:25:39.027  INFO  manager.ListenerWD - List size is -->96
19:25:39.270  INFO  manager.ListenerNG - onTestSuccess
19:25:39.270  INFO  manager.ListenerWD - Before Find Elements By -->By.xpath: //button[text()='Sign Out']
19:25:39.278  INFO  manager.ListenerWD - After Find Elements By -->By.xpath: //button[text()='Sign Out']
19:25:39.278  INFO  manager.ListenerWD - List size is -->1
19:25:39.278  INFO  manager.ListenerNG - onTestStart
19:25:39.780  INFO  manager.ListenerWD - Before Find Element By -->By.xpath: //a[text()='ADD']
19:25:39.780  INFO  manager.ListenerWD - After Find Element By -->By.xpath: //a[text()='ADD']
19:25:39.821  INFO  manager.ListenerWD - Before Find Element By -->By.cssSelector: [placeholder='Name']
19:25:39.836  INFO  manager.ListenerWD - After Find Element By -->By.cssSelector: [placeholder='Name']
19:25:39.936  INFO  manager.ListenerWD - Before Find Element By -->By.cssSelector: [placeholder='Phone']
19:25:39.948  INFO  manager.ListenerWD - After Find Element By -->By.cssSelector: [placeholder='Phone']
19:25:40.073  INFO  manager.ListenerWD - Before Find Element By -->By.cssSelector: [placeholder='email']
19:25:40.084  INFO  manager.ListenerWD - After Find Element By -->By.cssSelector: [placeholder='email']
19:25:40.243  INFO  manager.ListenerWD - Before Find Element By -->By.cssSelector: [placeholder='Address']
19:25:40.254  INFO  manager.ListenerWD - After Find Element By -->By.cssSelector: [placeholder='Address']
19:25:40.356  INFO  manager.ListenerWD - Before Find Element By -->By.cssSelector: [placeholder='description']
19:25:40.370  INFO  manager.ListenerWD - After Find Element By -->By.cssSelector: [placeholder='description']
19:25:40.481  INFO  manager.ListenerWD - Before Find Element By -->By.cssSelector: [placeholder='description']
19:25:40.494  INFO  manager.ListenerWD - After Find Element By -->By.cssSelector: [placeholder='description']
19:25:40.517  INFO  manager.ListenerWD - Before Find Element By -->By.cssSelector: .add_form__2rsm2 button
19:25:40.530  INFO  manager.ListenerWD - After Find Element By -->By.cssSelector: .add_form__2rsm2 button
19:25:40.573  INFO  manager.ListenerWD - Before Find Elements By -->By.cssSelector: a.active[href='/add']
19:25:40.588  INFO  manager.ListenerWD - After Find Elements By -->By.cssSelector: a.active[href='/add']
19:25:40.588  INFO  manager.ListenerWD - List size is -->1
19:25:40.588  INFO  manager.ListenerNG - onTestSuccess
19:25:40.590  INFO  manager.ListenerNG - onTestStart
19:25:40.590  INFO  manager.ListenerWD - Before Find Element By -->By.xpath: //a[@href='/login']
19:25:45.620  INFO  manager.ListenerWD - We have a 'problem'
19:25:45.620  INFO  manager.ListenerWD - The name of error method  findElement
19:25:45.620  INFO  manager.ListenerWD - Describe of error org.openqa.selenium.NoSuchElementException: no such element: Unable to locate element: {"method":"xpath","selector":"//a[@href='/login']"}
  (Session info: chrome=106.0.5249.119)
For documentation on this error, please visit: https://selenium.dev/exceptions/#no_such_element
Build info: version: '4.4.0', revision: 'e5c75ed026a'
System info: host: 'DESKTOP-EVABS4F', ip: '192.168.1.138', os.name: 'Windows 11', os.arch: 'amd64', os.version: '10.0', java.version: '11.0.16.1'
Driver info: org.openqa.selenium.chrome.ChromeDriver
Command: [7f18084d41fa8b8c38495c1bfb044dde, findElement {using=xpath, value=//a[@href='/login']}]
Capabilities {acceptInsecureCerts: false, browserName: chrome, browserVersion: 106.0.5249.119, chrome: {chromedriverVersion: 106.0.5249.61 (511755355844..., userDataDir: C:\Users\evnik\AppData\Loca...}, goog:chromeOptions: {debuggerAddress: localhost:59648}, networkConnectionEnabled: false, pageLoadStrategy: normal, platformName: WINDOWS, proxy: Proxy(), se:cdp: ws://localhost:59648/devtoo..., se:cdpVersion: 106.0.5249.119, setWindowRect: true, strictFileInteractability: false, timeouts: {implicit: 0, pageLoad: 300000, script: 30000}, unhandledPromptBehavior: dismiss and notify, webauthn:extension:credBlob: true, webauthn:extension:largeBlob: true, webauthn:virtualAuthenticators: true}
Session ID: 7f18084d41fa8b8c38495c1bfb044dde
19:25:45.620  INFO  manager.ListenerWD - *********************
19:25:45.620  INFO  manager.ListenerWD - ChromeDriver: chrome on WINDOWS (7f18084d41fa8b8c38495c1bfb044dde)
19:25:45.636  INFO  manager.ListenerWD - Screen with error is 1076   src/test/screenshots/screen1076.png
19:25:46.147  INFO  manager.ListenerNG - onTestFailure
19:25:46.147  INFO  manager.ListenerNG - onTestStart
19:25:46.147  INFO  TestBase - Test LoginTests start with name ----->email   :evnikel@gmail.com & password  :Elena1234$@
19:25:46.147  INFO  manager.ListenerWD - Before Find Element By -->By.xpath: //a[@href='/login']
19:25:51.182  INFO  manager.ListenerWD - We have a 'problem'
19:25:51.182  INFO  manager.ListenerWD - The name of error method  findElement
19:25:51.182  INFO  manager.ListenerWD - Describe of error org.openqa.selenium.NoSuchElementException: no such element: Unable to locate element: {"method":"xpath","selector":"//a[@href='/login']"}
  (Session info: chrome=106.0.5249.119)
For documentation on this error, please visit: https://selenium.dev/exceptions/#no_such_element
Build info: version: '4.4.0', revision: 'e5c75ed026a'
System info: host: 'DESKTOP-EVABS4F', ip: '192.168.1.138', os.name: 'Windows 11', os.arch: 'amd64', os.version: '10.0', java.version: '11.0.16.1'
Driver info: org.openqa.selenium.chrome.ChromeDriver
Command: [7f18084d41fa8b8c38495c1bfb044dde, findElement {using=xpath, value=//a[@href='/login']}]
Capabilities {acceptInsecureCerts: false, browserName: chrome, browserVersion: 106.0.5249.119, chrome: {chromedriverVersion: 106.0.5249.61 (511755355844..., userDataDir: C:\Users\evnik\AppData\Loca...}, goog:chromeOptions: {debuggerAddress: localhost:59648}, networkConnectionEnabled: false, pageLoadStrategy: normal, platformName: WINDOWS, proxy: Proxy(), se:cdp: ws://localhost:59648/devtoo..., se:cdpVersion: 106.0.5249.119, setWindowRect: true, strictFileInteractability: false, timeouts: {implicit: 0, pageLoad: 300000, script: 30000}, unhandledPromptBehavior: dismiss and notify, webauthn:extension:credBlob: true, webauthn:extension:largeBlob: true, webauthn:virtualAuthenticators: true}
Session ID: 7f18084d41fa8b8c38495c1bfb044dde
19:25:51.182  INFO  manager.ListenerWD - *********************
19:25:51.182  INFO  manager.ListenerWD - ChromeDriver: chrome on WINDOWS (7f18084d41fa8b8c38495c1bfb044dde)
19:25:51.182  INFO  manager.ListenerWD - Screen with error is 1126   src/test/screenshots/screen1126.png
19:25:51.638  INFO  manager.ListenerNG - onTestFailure
19:25:51.638  INFO  manager.ListenerNG - onTestStart
19:25:51.638  INFO  TestBase - Test LoginTests start with name ----->email   :evnikel2346@gmail.com & password  :Elena1234$@
19:25:51.638  INFO  manager.ListenerWD - Before Find Element By -->By.xpath: //a[@href='/login']
19:25:56.701  INFO  manager.ListenerWD - We have a 'problem'
19:25:56.701  INFO  manager.ListenerWD - The name of error method  findElement
19:25:56.701  INFO  manager.ListenerWD - Describe of error org.openqa.selenium.NoSuchElementException: no such element: Unable to locate element: {"method":"xpath","selector":"//a[@href='/login']"}
  (Session info: chrome=106.0.5249.119)
For documentation on this error, please visit: https://selenium.dev/exceptions/#no_such_element
Build info: version: '4.4.0', revision: 'e5c75ed026a'
System info: host: 'DESKTOP-EVABS4F', ip: '192.168.1.138', os.name: 'Windows 11', os.arch: 'amd64', os.version: '10.0', java.version: '11.0.16.1'
Driver info: org.openqa.selenium.chrome.ChromeDriver
Command: [7f18084d41fa8b8c38495c1bfb044dde, findElement {using=xpath, value=//a[@href='/login']}]
Capabilities {acceptInsecureCerts: false, browserName: chrome, browserVersion: 106.0.5249.119, chrome: {chromedriverVersion: 106.0.5249.61 (511755355844..., userDataDir: C:\Users\evnik\AppData\Loca...}, goog:chromeOptions: {debuggerAddress: localhost:59648}, networkConnectionEnabled: false, pageLoadStrategy: normal, platformName: WINDOWS, proxy: Proxy(), se:cdp: ws://localhost:59648/devtoo..., se:cdpVersion: 106.0.5249.119, setWindowRect: true, strictFileInteractability: false, timeouts: {implicit: 0, pageLoad: 300000, script: 30000}, unhandledPromptBehavior: dismiss and notify, webauthn:extension:credBlob: true, webauthn:extension:largeBlob: true, webauthn:virtualAuthenticators: true}
Session ID: 7f18084d41fa8b8c38495c1bfb044dde
19:25:56.701  INFO  manager.ListenerWD - *********************
19:25:56.701  INFO  manager.ListenerWD - ChromeDriver: chrome on WINDOWS (7f18084d41fa8b8c38495c1bfb044dde)
19:25:56.701  INFO  manager.ListenerWD - Screen with error is 1434   src/test/screenshots/screen1434.png
19:25:57.420  INFO  manager.ListenerNG - onTestFailure
19:25:57.420  INFO  manager.ListenerNG - onTestStart
19:25:57.420  INFO  TestBase - Test LoginTests start with name ----->email   :evnikel2347@gmail.com & password  :Elena1234$@
19:25:57.420  INFO  manager.ListenerWD - Before Find Element By -->By.xpath: //a[@href='/login']
19:26:02.456  INFO  manager.ListenerWD - We have a 'problem'
19:26:02.456  INFO  manager.ListenerWD - The name of error method  findElement
19:26:02.456  INFO  manager.ListenerWD - Describe of error org.openqa.selenium.NoSuchElementException: no such element: Unable to locate element: {"method":"xpath","selector":"//a[@href='/login']"}
  (Session info: chrome=106.0.5249.119)
For documentation on this error, please visit: https://selenium.dev/exceptions/#no_such_element
Build info: version: '4.4.0', revision: 'e5c75ed026a'
System info: host: 'DESKTOP-EVABS4F', ip: '192.168.1.138', os.name: 'Windows 11', os.arch: 'amd64', os.version: '10.0', java.version: '11.0.16.1'
Driver info: org.openqa.selenium.chrome.ChromeDriver
Command: [7f18084d41fa8b8c38495c1bfb044dde, findElement {using=xpath, value=//a[@href='/login']}]
Capabilities {acceptInsecureCerts: false, browserName: chrome, browserVersion: 106.0.5249.119, chrome: {chromedriverVersion: 106.0.5249.61 (511755355844..., userDataDir: C:\Users\evnik\AppData\Loca...}, goog:chromeOptions: {debuggerAddress: localhost:59648}, networkConnectionEnabled: false, pageLoadStrategy: normal, platformName: WINDOWS, proxy: Proxy(), se:cdp: ws://localhost:59648/devtoo..., se:cdpVersion: 106.0.5249.119, setWindowRect: true, strictFileInteractability: false, timeouts: {implicit: 0, pageLoad: 300000, script: 30000}, unhandledPromptBehavior: dismiss and notify, webauthn:extension:credBlob: true, webauthn:extension:largeBlob: true, webauthn:virtualAuthenticators: true}
Session ID: 7f18084d41fa8b8c38495c1bfb044dde
19:26:02.456  INFO  manager.ListenerWD - *********************
19:26:02.456  INFO  manager.ListenerWD - ChromeDriver: chrome on WINDOWS (7f18084d41fa8b8c38495c1bfb044dde)
19:26:02.456  INFO  manager.ListenerWD - Screen with error is 1090   src/test/screenshots/screen1090.png
19:26:02.952  INFO  manager.ListenerNG - onTestFailure
19:26:02.952  INFO  manager.ListenerNG - onTestStart
19:26:02.952  INFO  manager.ListenerWD - Before Find Element By -->By.xpath: //a[@href='/login']
19:26:07.977  INFO  manager.ListenerWD - We have a 'problem'
19:26:07.977  INFO  manager.ListenerWD - The name of error method  findElement
19:26:07.977  INFO  manager.ListenerWD - Describe of error org.openqa.selenium.NoSuchElementException: no such element: Unable to locate element: {"method":"xpath","selector":"//a[@href='/login']"}
  (Session info: chrome=106.0.5249.119)
For documentation on this error, please visit: https://selenium.dev/exceptions/#no_such_element
Build info: version: '4.4.0', revision: 'e5c75ed026a'
System info: host: 'DESKTOP-EVABS4F', ip: '192.168.1.138', os.name: 'Windows 11', os.arch: 'amd64', os.version: '10.0', java.version: '11.0.16.1'
Driver info: org.openqa.selenium.chrome.ChromeDriver
Command: [7f18084d41fa8b8c38495c1bfb044dde, findElement {using=xpath, value=//a[@href='/login']}]
Capabilities {acceptInsecureCerts: false, browserName: chrome, browserVersion: 106.0.5249.119, chrome: {chromedriverVersion: 106.0.5249.61 (511755355844..., userDataDir: C:\Users\evnik\AppData\Loca...}, goog:chromeOptions: {debuggerAddress: localhost:59648}, networkConnectionEnabled: false, pageLoadStrategy: normal, platformName: WINDOWS, proxy: Proxy(), se:cdp: ws://localhost:59648/devtoo..., se:cdpVersion: 106.0.5249.119, setWindowRect: true, strictFileInteractability: false, timeouts: {implicit: 0, pageLoad: 300000, script: 30000}, unhandledPromptBehavior: dismiss and notify, webauthn:extension:credBlob: true, webauthn:extension:largeBlob: true, webauthn:virtualAuthenticators: true}
Session ID: 7f18084d41fa8b8c38495c1bfb044dde
19:26:07.977  INFO  manager.ListenerWD - *********************
19:26:07.977  INFO  manager.ListenerWD - ChromeDriver: chrome on WINDOWS (7f18084d41fa8b8c38495c1bfb044dde)
19:26:07.977  INFO  manager.ListenerWD - Screen with error is 1072   src/test/screenshots/screen1072.png
19:26:08.505  INFO  manager.ListenerNG - onTestFailure
19:26:08.505  INFO  manager.ListenerNG - onTestStart
19:26:08.505  INFO  TestBase - Login scenario success was used dataUser{email='evnikel@gmail.com', password='Elena1234$@'}
19:26:08.505  INFO  manager.ListenerWD - Before Find Element By -->By.xpath: //a[@href='/login']
19:26:13.531  INFO  manager.ListenerWD - We have a 'problem'
19:26:13.531  INFO  manager.ListenerWD - The name of error method  findElement
19:26:13.531  INFO  manager.ListenerWD - Describe of error org.openqa.selenium.NoSuchElementException: no such element: Unable to locate element: {"method":"xpath","selector":"//a[@href='/login']"}
  (Session info: chrome=106.0.5249.119)
For documentation on this error, please visit: https://selenium.dev/exceptions/#no_such_element
Build info: version: '4.4.0', revision: 'e5c75ed026a'
System info: host: 'DESKTOP-EVABS4F', ip: '192.168.1.138', os.name: 'Windows 11', os.arch: 'amd64', os.version: '10.0', java.version: '11.0.16.1'
Driver info: org.openqa.selenium.chrome.ChromeDriver
Command: [7f18084d41fa8b8c38495c1bfb044dde, findElement {using=xpath, value=//a[@href='/login']}]
Capabilities {acceptInsecureCerts: false, browserName: chrome, browserVersion: 106.0.5249.119, chrome: {chromedriverVersion: 106.0.5249.61 (511755355844..., userDataDir: C:\Users\evnik\AppData\Loca...}, goog:chromeOptions: {debuggerAddress: localhost:59648}, networkConnectionEnabled: false, pageLoadStrategy: normal, platformName: WINDOWS, proxy: Proxy(), se:cdp: ws://localhost:59648/devtoo..., se:cdpVersion: 106.0.5249.119, setWindowRect: true, strictFileInteractability: false, timeouts: {implicit: 0, pageLoad: 300000, script: 30000}, unhandledPromptBehavior: dismiss and notify, webauthn:extension:credBlob: true, webauthn:extension:largeBlob: true, webauthn:virtualAuthenticators: true}
Session ID: 7f18084d41fa8b8c38495c1bfb044dde
19:26:13.531  INFO  manager.ListenerWD - *********************
19:26:13.531  INFO  manager.ListenerWD - ChromeDriver: chrome on WINDOWS (7f18084d41fa8b8c38495c1bfb044dde)
19:26:13.531  INFO  manager.ListenerWD - Screen with error is 1529   src/test/screenshots/screen1529.png
19:26:14.068  INFO  manager.ListenerNG - onTestFailure
19:26:14.068  INFO  manager.ListenerNG - onTestStart
19:26:14.068  INFO  TestBase - Login scenario success was used dataUser{email='evnikel2346@gmail.com', password='Elena1234$@'}
19:26:14.068  INFO  manager.ListenerWD - Before Find Element By -->By.xpath: //a[@href='/login']
19:26:19.141  INFO  manager.ListenerWD - We have a 'problem'
19:26:19.141  INFO  manager.ListenerWD - The name of error method  findElement
19:26:19.141  INFO  manager.ListenerWD - Describe of error org.openqa.selenium.NoSuchElementException: no such element: Unable to locate element: {"method":"xpath","selector":"//a[@href='/login']"}
  (Session info: chrome=106.0.5249.119)
For documentation on this error, please visit: https://selenium.dev/exceptions/#no_such_element
Build info: version: '4.4.0', revision: 'e5c75ed026a'
System info: host: 'DESKTOP-EVABS4F', ip: '192.168.1.138', os.name: 'Windows 11', os.arch: 'amd64', os.version: '10.0', java.version: '11.0.16.1'
Driver info: org.openqa.selenium.chrome.ChromeDriver
Command: [7f18084d41fa8b8c38495c1bfb044dde, findElement {using=xpath, value=//a[@href='/login']}]
Capabilities {acceptInsecureCerts: false, browserName: chrome, browserVersion: 106.0.5249.119, chrome: {chromedriverVersion: 106.0.5249.61 (511755355844..., userDataDir: C:\Users\evnik\AppData\Loca...}, goog:chromeOptions: {debuggerAddress: localhost:59648}, networkConnectionEnabled: false, pageLoadStrategy: normal, platformName: WINDOWS, proxy: Proxy(), se:cdp: ws://localhost:59648/devtoo..., se:cdpVersion: 106.0.5249.119, setWindowRect: true, strictFileInteractability: false, timeouts: {implicit: 0, pageLoad: 300000, script: 30000}, unhandledPromptBehavior: dismiss and notify, webauthn:extension:credBlob: true, webauthn:extension:largeBlob: true, webauthn:virtualAuthenticators: true}
Session ID: 7f18084d41fa8b8c38495c1bfb044dde
19:26:19.141  INFO  manager.ListenerWD - *********************
19:26:19.141  INFO  manager.ListenerWD - ChromeDriver: chrome on WINDOWS (7f18084d41fa8b8c38495c1bfb044dde)
19:26:19.141  INFO  manager.ListenerWD - Screen with error is 1854   src/test/screenshots/screen1854.png
19:26:19.615  INFO  manager.ListenerNG - onTestFailure
19:26:19.615  INFO  manager.ListenerNG - onTestStart
19:26:19.615  INFO  TestBase - Login scenario success was used dataUser{email='evnikel2347@gmail.com', password='Elena1234$@'}
19:26:19.615  INFO  manager.ListenerWD - Before Find Element By -->By.xpath: //a[@href='/login']
19:26:24.679  INFO  manager.ListenerWD - We have a 'problem'
19:26:24.679  INFO  manager.ListenerWD - The name of error method  findElement
19:26:24.679  INFO  manager.ListenerWD - Describe of error org.openqa.selenium.NoSuchElementException: no such element: Unable to locate element: {"method":"xpath","selector":"//a[@href='/login']"}
  (Session info: chrome=106.0.5249.119)
For documentation on this error, please visit: https://selenium.dev/exceptions/#no_such_element
Build info: version: '4.4.0', revision: 'e5c75ed026a'
System info: host: 'DESKTOP-EVABS4F', ip: '192.168.1.138', os.name: 'Windows 11', os.arch: 'amd64', os.version: '10.0', java.version: '11.0.16.1'
Driver info: org.openqa.selenium.chrome.ChromeDriver
Command: [7f18084d41fa8b8c38495c1bfb044dde, findElement {using=xpath, value=//a[@href='/login']}]
Capabilities {acceptInsecureCerts: false, browserName: chrome, browserVersion: 106.0.5249.119, chrome: {chromedriverVersion: 106.0.5249.61 (511755355844..., userDataDir: C:\Users\evnik\AppData\Loca...}, goog:chromeOptions: {debuggerAddress: localhost:59648}, networkConnectionEnabled: false, pageLoadStrategy: normal, platformName: WINDOWS, proxy: Proxy(), se:cdp: ws://localhost:59648/devtoo..., se:cdpVersion: 106.0.5249.119, setWindowRect: true, strictFileInteractability: false, timeouts: {implicit: 0, pageLoad: 300000, script: 30000}, unhandledPromptBehavior: dismiss and notify, webauthn:extension:credBlob: true, webauthn:extension:largeBlob: true, webauthn:virtualAuthenticators: true}
Session ID: 7f18084d41fa8b8c38495c1bfb044dde
19:26:24.679  INFO  manager.ListenerWD - *********************
19:26:24.679  INFO  manager.ListenerWD - ChromeDriver: chrome on WINDOWS (7f18084d41fa8b8c38495c1bfb044dde)
19:26:24.679  INFO  manager.ListenerWD - Screen with error is 1994   src/test/screenshots/screen1994.png
19:26:25.204  INFO  manager.ListenerNG - onTestFailure
19:26:25.204  INFO  manager.ListenerWD - Before Find Elements By -->By.xpath: //button[text()='Sign Out']
19:26:25.220  INFO  manager.ListenerWD - After Find Elements By -->By.xpath: //button[text()='Sign Out']
19:26:25.220  INFO  manager.ListenerWD - List size is -->1
19:26:25.220  INFO  manager.ListenerWD - Before Find Element By -->By.xpath: //button[text()='Sign Out']
19:26:25.235  INFO  manager.ListenerWD - After Find Element By -->By.xpath: //button[text()='Sign Out']
19:26:30.283  INFO  manager.ListenerWD - We have a 'problem'
19:26:30.283  INFO  manager.ListenerWD - The name of error method  click
19:26:30.283  INFO  manager.ListenerWD - Describe of error org.openqa.selenium.ElementNotInteractableException: element not interactable
  (Session info: chrome=106.0.5249.119)
Build info: version: '4.4.0', revision: 'e5c75ed026a'
System info: host: 'DESKTOP-EVABS4F', ip: '192.168.1.138', os.name: 'Windows 11', os.arch: 'amd64', os.version: '10.0', java.version: '11.0.16.1'
Driver info: org.openqa.selenium.chrome.ChromeDriver
Command: [7f18084d41fa8b8c38495c1bfb044dde, clickElement {id=38db98f5-658d-49d9-bcba-6e13b7a230da}]
Capabilities {acceptInsecureCerts: false, browserName: chrome, browserVersion: 106.0.5249.119, chrome: {chromedriverVersion: 106.0.5249.61 (511755355844..., userDataDir: C:\Users\evnik\AppData\Loca...}, goog:chromeOptions: {debuggerAddress: localhost:59648}, networkConnectionEnabled: false, pageLoadStrategy: normal, platformName: WINDOWS, proxy: Proxy(), se:cdp: ws://localhost:59648/devtoo..., se:cdpVersion: 106.0.5249.119, setWindowRect: true, strictFileInteractability: false, timeouts: {implicit: 0, pageLoad: 300000, script: 30000}, unhandledPromptBehavior: dismiss and notify, webauthn:extension:credBlob: true, webauthn:extension:largeBlob: true, webauthn:virtualAuthenticators: true}
Element: [[ChromeDriver: chrome on WINDOWS (7f18084d41fa8b8c38495c1bfb044dde)] -> xpath: //button[text()='Sign Out']]
Session ID: 7f18084d41fa8b8c38495c1bfb044dde
19:26:30.283  INFO  manager.ListenerWD - *********************
19:26:30.283  INFO  manager.ListenerWD - [[ChromeDriver: chrome on WINDOWS (7f18084d41fa8b8c38495c1bfb044dde)] -> xpath: //button[text()='Sign Out']]
19:26:30.283  INFO  manager.ListenerWD - Screen with error is 1954   src/test/screenshots/screen1954.png
19:26:30.299  INFO  manager.ListenerNG - onTestStart
19:26:30.299  INFO  manager.ListenerNG - onTestSkipped
19:26:30.314  INFO  manager.ListenerNG - onTestStart
19:26:30.314  INFO  manager.ListenerNG - onTestSkipped
19:26:30.314  INFO  manager.ListenerNG - onTestStart
19:26:30.314  INFO  manager.ListenerNG - onTestSkipped
19:26:30.314  INFO  manager.ListenerNG - onTestStart
19:26:30.314  INFO  manager.ListenerNG - onTestSkipped
19:26:30.330  INFO  manager.ListenerNG - onTestStart
19:26:30.330  INFO  manager.ListenerNG - onTestSkipped
19:26:30.330  INFO  manager.ListenerNG - onTestStart
19:26:30.330  INFO  manager.ListenerNG - onTestSkipped
19:26:30.330  INFO  manager.ListenerNG - onTestStart
19:26:30.330  INFO  manager.ListenerNG - onTestSkipped
19:26:30.330  INFO  manager.ListenerNG - onTestStart
19:26:30.346  INFO  manager.ListenerNG - onTestSkipped
19:26:30.346  INFO  manager.ListenerWD - Before Find Elements By -->By.xpath: //button[text()='Sign Out']
19:26:30.377  INFO  manager.ListenerWD - After Find Elements By -->By.xpath: //button[text()='Sign Out']
19:26:30.377  INFO  manager.ListenerWD - List size is -->1
19:26:30.377  INFO  manager.ListenerWD - Before Find Elements By -->By.cssSelector: .contact-item_card__2SOIM
19:26:35.394  INFO  manager.ListenerWD - After Find Elements By -->By.cssSelector: .contact-item_card__2SOIM
19:26:35.394  INFO  manager.ListenerWD - List size is -->0
19:26:35.909  INFO  manager.ListenerWD - Before Find Element By -->By.xpath: //a[text()='ADD']
19:26:35.940  INFO  manager.ListenerWD - After Find Element By -->By.xpath: //a[text()='ADD']
19:26:41.021  INFO  manager.ListenerWD - We have a 'problem'
19:26:41.021  INFO  manager.ListenerWD - The name of error method  click
19:26:41.021  INFO  manager.ListenerWD - Describe of error org.openqa.selenium.ElementNotInteractableException: element not interactable
  (Session info: chrome=106.0.5249.119)
Build info: version: '4.4.0', revision: 'e5c75ed026a'
System info: host: 'DESKTOP-EVABS4F', ip: '192.168.1.138', os.name: 'Windows 11', os.arch: 'amd64', os.version: '10.0', java.version: '11.0.16.1'
Driver info: org.openqa.selenium.chrome.ChromeDriver
Command: [7f18084d41fa8b8c38495c1bfb044dde, clickElement {id=4cd89cf7-bce5-42d8-a439-f8f2de638da8}]
Capabilities {acceptInsecureCerts: false, browserName: chrome, browserVersion: 106.0.5249.119, chrome: {chromedriverVersion: 106.0.5249.61 (511755355844..., userDataDir: C:\Users\evnik\AppData\Loca...}, goog:chromeOptions: {debuggerAddress: localhost:59648}, networkConnectionEnabled: false, pageLoadStrategy: normal, platformName: WINDOWS, proxy: Proxy(), se:cdp: ws://localhost:59648/devtoo..., se:cdpVersion: 106.0.5249.119, setWindowRect: true, strictFileInteractability: false, timeouts: {implicit: 0, pageLoad: 300000, script: 30000}, unhandledPromptBehavior: dismiss and notify, webauthn:extension:credBlob: true, webauthn:extension:largeBlob: true, webauthn:virtualAuthenticators: true}
Element: [[ChromeDriver: chrome on WINDOWS (7f18084d41fa8b8c38495c1bfb044dde)] -> xpath: //a[text()='ADD']]
Session ID: 7f18084d41fa8b8c38495c1bfb044dde
19:26:41.021  INFO  manager.ListenerWD - *********************
19:26:41.021  INFO  manager.ListenerWD - [[ChromeDriver: chrome on WINDOWS (7f18084d41fa8b8c38495c1bfb044dde)] -> xpath: //a[text()='ADD']]
19:26:41.021  INFO  manager.ListenerWD - Screen with error is 1054   src/test/screenshots/screen1054.png
19:26:41.037  INFO  manager.ListenerNG - onTestStart
19:26:41.037  INFO  manager.ListenerNG - onTestSkipped
19:26:41.037  INFO  manager.ListenerNG - onTestStart
19:26:41.037  INFO  manager.ListenerNG - onTestSkipped
19:26:41.037  INFO  manager.ListenerNG - onFinish
19:26:41.053  INFO  manager.ListenerNG - onFinish
