12:31:50.259  INFO  manager.ApplicationManager - Chrome Driver was opened
12:31:51.838  INFO  manager.ApplicationManager - Current URL is -->https://contacts-app.tobbymarshall815.vercel.app/home
12:31:51.916  INFO  TestBase - Start checking authorization
12:31:51.917  INFO  manager.ListenerWD - Before Find Elements By -->By.xpath: //button[text()='Sign Out']
12:31:56.974  INFO  manager.ListenerWD - After Find Elements By -->By.xpath: //button[text()='Sign Out']
12:31:56.974  INFO  manager.ListenerWD - List size is -->0
12:31:56.974  INFO  TestBase - Test was not needed in logout 
12:31:56.977  INFO  manager.ListenerWD - Before Find Element By -->By.xpath: //a[@href='/login']
12:31:57.002  INFO  manager.ListenerWD - After Find Element By -->By.xpath: //a[@href='/login']
12:31:57.073  INFO  manager.ListenerWD - Before Find Element By -->By.xpath: //input[@placeholder='Email']
12:31:57.100  INFO  manager.ListenerWD - After Find Element By -->By.xpath: //input[@placeholder='Email']
12:31:57.270  INFO  manager.ListenerWD - Before Find Element By -->By.xpath: //input[@placeholder='Password']
12:31:57.300  INFO  manager.ListenerWD - After Find Element By -->By.xpath: //input[@placeholder='Password']
12:31:57.437  INFO  manager.ListenerWD - Before Find Element By -->By.xpath: //*[text()=' Login']
12:31:57.466  INFO  manager.ListenerWD - After Find Element By -->By.xpath: //*[text()=' Login']
12:31:57.507  INFO  manager.ListenerWD - Before Find Elements By -->By.xpath: //button[text()='Sign Out']
12:32:02.534  INFO  manager.ListenerWD - After Find Elements By -->By.xpath: //button[text()='Sign Out']
12:32:02.535  INFO  manager.ListenerWD - List size is -->0
12:32:02.603  INFO  manager.ListenerWD - We have a 'problem'
12:32:02.604  INFO  manager.ListenerWD - The name of error method  alert
12:32:02.611  INFO  manager.ListenerWD - Describe of error org.openqa.selenium.NoAlertPresentException: no such alert
  (Session info: chrome=106.0.5249.91)
Build info: version: '4.4.0', revision: 'e5c75ed026a'
System info: host: 'DESKTOP-EVABS4F', ip: '192.168.1.138', os.name: 'Windows 11', os.arch: 'amd64', os.version: '10.0', java.version: '11.0.16.1'
Driver info: org.openqa.selenium.chrome.ChromeDriver
Command: [b38dd6d63f80a5512bdc17935388dc9c, getAlertText {}]
Capabilities {acceptInsecureCerts: false, browserName: chrome, browserVersion: 106.0.5249.91, chrome: {chromedriverVersion: 106.0.5249.61 (511755355844..., userDataDir: C:\Users\evnik\AppData\Loca...}, goog:chromeOptions: {debuggerAddress: localhost:63728}, networkConnectionEnabled: false, pageLoadStrategy: normal, platformName: WINDOWS, proxy: Proxy(), se:cdp: ws://localhost:63728/devtoo..., se:cdpVersion: 106.0.5249.91, setWindowRect: true, strictFileInteractability: false, timeouts: {implicit: 0, pageLoad: 300000, script: 30000}, unhandledPromptBehavior: dismiss and notify, webauthn:extension:credBlob: true, webauthn:extension:largeBlob: true, webauthn:virtualAuthenticators: true}
Session ID: b38dd6d63f80a5512bdc17935388dc9c
12:32:02.613  INFO  manager.ListenerWD - *********************
12:32:02.614  INFO  manager.ListenerWD - org.openqa.selenium.remote.RemoteWebDriver$RemoteTargetLocator@26837057
12:32:02.621  INFO  manager.ListenerWD - Screen with error is 1790   src/test/screenshots/screen1790.png
12:32:02.641  INFO  TestBase - Start checking authorization
12:32:02.641  INFO  manager.ListenerWD - Before Find Elements By -->By.xpath: //button[text()='Sign Out']
12:32:07.691  INFO  manager.ListenerWD - After Find Elements By -->By.xpath: //button[text()='Sign Out']
12:32:07.692  INFO  manager.ListenerWD - List size is -->0
12:32:07.692  INFO  TestBase - Test was not needed in logout 
12:32:07.692  INFO  TestBase - User login with data: email evnikel@gmail.com & password  Elena1234$@
12:32:07.692  INFO  manager.ListenerWD - Before Find Element By -->By.xpath: //a[@href='/login']
12:32:07.708  INFO  manager.ListenerWD - After Find Element By -->By.xpath: //a[@href='/login']
12:32:07.749  INFO  manager.ListenerWD - Before Find Element By -->By.xpath: //input[@placeholder='Email']
12:32:12.443  INFO  manager.ListenerWD - We have a 'problem'
12:32:12.444  INFO  manager.ListenerWD - The name of error method  findElement
12:32:12.448  INFO  manager.ListenerWD - Describe of error org.openqa.selenium.NoSuchElementException: Unable to find element with locator By.xpath: //input[@placeholder='Email']
For documentation on this error, please visit: https://selenium.dev/exceptions/#no_such_element
Build info: version: '4.4.0', revision: 'e5c75ed026a'
System info: host: 'DESKTOP-EVABS4F', ip: '192.168.1.138', os.name: 'Windows 11', os.arch: 'amd64', os.version: '10.0', java.version: '11.0.16.1'
Driver info: driver.version: RemoteWebDriver
12:32:12.448  INFO  manager.ListenerWD - *********************
12:32:12.450  INFO  manager.ListenerWD - ChromeDriver: chrome on WINDOWS (b38dd6d63f80a5512bdc17935388dc9c)
12:32:12.451  INFO  manager.ListenerWD - Screen with error is 1769   src/test/screenshots/screen1769.png
12:32:12.516  INFO  TestBase - Start checking authorization
12:32:12.520  INFO  manager.ListenerWD - Before Find Elements By -->By.xpath: //button[text()='Sign Out']
12:32:17.602  INFO  manager.ListenerWD - After Find Elements By -->By.xpath: //button[text()='Sign Out']
12:32:17.603  INFO  manager.ListenerWD - List size is -->0
12:32:17.604  INFO  TestBase - Test was not needed in logout 
12:32:17.605  INFO  manager.ListenerWD - Before Find Element By -->By.xpath: //a[@href='/login']
12:32:17.659  INFO  manager.ListenerWD - After Find Element By -->By.xpath: //a[@href='/login']
12:32:17.699  INFO  manager.ListenerWD - Before Find Element By -->By.xpath: //input[@placeholder='Email']
12:32:17.724  INFO  manager.ListenerWD - After Find Element By -->By.xpath: //input[@placeholder='Email']
12:32:17.869  INFO  manager.ListenerWD - Before Find Element By -->By.xpath: //input[@placeholder='Password']
12:32:17.889  INFO  manager.ListenerWD - After Find Element By -->By.xpath: //input[@placeholder='Password']
12:32:18.019  INFO  manager.ListenerWD - Before Find Element By -->By.xpath: //*[text()=' Login']
12:32:18.047  INFO  manager.ListenerWD - After Find Element By -->By.xpath: //*[text()=' Login']
12:32:18.098  INFO  manager.ListenerWD - Before Find Elements By -->By.xpath: //button[text()='Sign Out']
12:32:18.577  INFO  manager.ListenerWD - After Find Elements By -->By.xpath: //button[text()='Sign Out']
12:32:18.577  INFO  manager.ListenerWD - List size is -->1
