22:21:44.394  INFO  manager.ListenerNG - onStart
22:21:48.191  INFO  manager.ApplicationManager - Chrome Driver was opened
22:21:50.122  INFO  manager.ApplicationManager - Current URL is -->https://contacts-app.tobbymarshall815.vercel.app/home
22:21:50.150  INFO  manager.ListenerNG - onStart
22:21:50.206  INFO  manager.ListenerWD - Before Find Elements By -->By.xpath: //button[text()='Sign Out']
22:21:55.225  INFO  manager.ListenerWD - After Find Elements By -->By.xpath: //button[text()='Sign Out']
22:21:55.226  INFO  manager.ListenerWD - List size is -->0
22:21:55.227  INFO  manager.ListenerWD - Before Find Element By -->By.xpath: //a[@href='/login']
22:21:55.264  INFO  manager.ListenerWD - After Find Element By -->By.xpath: //a[@href='/login']
22:21:55.365  INFO  manager.ListenerWD - Before Find Element By -->By.xpath: //input[@placeholder='Email']
22:21:55.414  INFO  manager.ListenerWD - After Find Element By -->By.xpath: //input[@placeholder='Email']
22:21:55.605  INFO  manager.ListenerWD - Before Find Element By -->By.xpath: //input[@placeholder='Password']
22:21:55.640  INFO  manager.ListenerWD - After Find Element By -->By.xpath: //input[@placeholder='Password']
22:21:55.815  INFO  manager.ListenerWD - Before Find Element By -->By.xpath: //*[text()=' Login']
22:21:55.854  INFO  manager.ListenerWD - After Find Element By -->By.xpath: //*[text()=' Login']
22:21:55.909  INFO  manager.ListenerNG - onTestStart
22:21:56.422  INFO  manager.ListenerWD - Before Find Element By -->By.xpath: //a[text()='ADD']
22:21:56.644  INFO  manager.ListenerWD - After Find Element By -->By.xpath: //a[text()='ADD']
22:21:56.703  INFO  manager.ListenerWD - Before Find Element By -->By.cssSelector: [placeholder='Name']
22:21:56.741  INFO  manager.ListenerWD - After Find Element By -->By.cssSelector: [placeholder='Name']
22:21:56.888  INFO  manager.ListenerWD - Before Find Element By -->By.cssSelector: [placeholder='Last Name']
22:21:56.920  INFO  manager.ListenerWD - After Find Element By -->By.cssSelector: [placeholder='Last Name']
22:21:57.059  INFO  manager.ListenerWD - Before Find Element By -->By.cssSelector: [placeholder='Phone']
22:21:57.094  INFO  manager.ListenerWD - After Find Element By -->By.cssSelector: [placeholder='Phone']
22:21:57.258  INFO  manager.ListenerWD - Before Find Element By -->By.cssSelector: [placeholder='email']
22:21:57.290  INFO  manager.ListenerWD - After Find Element By -->By.cssSelector: [placeholder='email']
22:21:57.450  INFO  manager.ListenerWD - Before Find Element By -->By.cssSelector: [placeholder='Address']
22:21:57.480  INFO  manager.ListenerWD - After Find Element By -->By.cssSelector: [placeholder='Address']
22:21:57.647  INFO  manager.ListenerWD - Before Find Element By -->By.cssSelector: [placeholder='description']
22:21:57.675  INFO  manager.ListenerWD - After Find Element By -->By.cssSelector: [placeholder='description']
22:21:57.828  INFO  manager.ListenerWD - Before Find Element By -->By.cssSelector: [placeholder='description']
22:21:57.853  INFO  manager.ListenerWD - After Find Element By -->By.cssSelector: [placeholder='description']
22:21:57.889  INFO  manager.ListenerWD - Before Find Element By -->By.cssSelector: .add_form__2rsm2 button
22:21:57.923  INFO  manager.ListenerWD - After Find Element By -->By.cssSelector: .add_form__2rsm2 button
22:21:57.980  INFO  manager.ListenerWD - Before Find Element By -->By.cssSelector: button b
22:21:58.009  INFO  manager.ListenerWD - After Find Element By -->By.cssSelector: button b
22:21:58.052  INFO  manager.ListenerWD - Before Find Elements By -->By.cssSelector: h2
22:21:59.035  INFO  manager.ListenerWD - After Find Elements By -->By.cssSelector: h2
22:21:59.036  INFO  manager.ListenerWD - List size is -->61
22:21:59.981  INFO  manager.ListenerWD - Before Find Elements By -->By.cssSelector: h3
22:22:00.386  INFO  manager.ListenerWD - After Find Elements By -->By.cssSelector: h3
22:22:00.387  INFO  manager.ListenerWD - List size is -->61
22:22:01.342  INFO  manager.ListenerNG - onTestSuccess
22:22:01.344  INFO  manager.ListenerWD - Before Find Elements By -->By.xpath: //button[text()='Sign Out']
22:22:01.361  INFO  manager.ListenerWD - After Find Elements By -->By.xpath: //button[text()='Sign Out']
22:22:01.361  INFO  manager.ListenerWD - List size is -->1
22:22:01.362  INFO  manager.ListenerNG - onTestStart
22:22:01.870  INFO  manager.ListenerWD - Before Find Element By -->By.xpath: //a[text()='ADD']
22:22:01.882  INFO  manager.ListenerWD - After Find Element By -->By.xpath: //a[text()='ADD']
22:22:01.921  INFO  manager.ListenerWD - Before Find Element By -->By.cssSelector: [placeholder='Name']
22:22:01.940  INFO  manager.ListenerWD - After Find Element By -->By.cssSelector: [placeholder='Name']
22:22:02.056  INFO  manager.ListenerWD - Before Find Element By -->By.cssSelector: [placeholder='Last Name']
22:22:02.073  INFO  manager.ListenerWD - After Find Element By -->By.cssSelector: [placeholder='Last Name']
22:22:02.192  INFO  manager.ListenerWD - Before Find Element By -->By.cssSelector: [placeholder='Phone']
22:22:02.210  INFO  manager.ListenerWD - After Find Element By -->By.cssSelector: [placeholder='Phone']
22:22:02.378  INFO  manager.ListenerWD - Before Find Element By -->By.cssSelector: [placeholder='email']
22:22:02.402  INFO  manager.ListenerWD - After Find Element By -->By.cssSelector: [placeholder='email']
22:22:02.581  INFO  manager.ListenerWD - Before Find Element By -->By.cssSelector: [placeholder='Address']
22:22:02.600  INFO  manager.ListenerWD - After Find Element By -->By.cssSelector: [placeholder='Address']
22:22:02.756  INFO  manager.ListenerWD - Before Find Element By -->By.cssSelector: [placeholder='description']
22:22:02.778  INFO  manager.ListenerWD - After Find Element By -->By.cssSelector: [placeholder='description']
22:22:02.864  INFO  manager.ListenerWD - Before Find Element By -->By.cssSelector: .add_form__2rsm2 button
22:22:02.895  INFO  manager.ListenerWD - After Find Element By -->By.cssSelector: .add_form__2rsm2 button
22:22:02.975  INFO  manager.ListenerWD - Before Find Elements By -->By.cssSelector: h2
22:22:03.820  INFO  manager.ListenerWD - After Find Elements By -->By.cssSelector: h2
22:22:03.820  INFO  manager.ListenerWD - List size is -->63
22:22:05.124  INFO  manager.ListenerWD - Before Find Elements By -->By.cssSelector: h3
22:22:05.603  INFO  manager.ListenerWD - After Find Elements By -->By.cssSelector: h3
22:22:05.604  INFO  manager.ListenerWD - List size is -->63
22:22:06.880  INFO  manager.ListenerNG - onTestSuccess
22:22:06.882  INFO  manager.ListenerWD - Before Find Elements By -->By.xpath: //button[text()='Sign Out']
22:22:06.901  INFO  manager.ListenerWD - After Find Elements By -->By.xpath: //button[text()='Sign Out']
22:22:06.901  INFO  manager.ListenerWD - List size is -->1
22:22:06.902  INFO  manager.ListenerNG - onTestStart
22:22:07.416  INFO  manager.ListenerWD - Before Find Element By -->By.xpath: //a[text()='ADD']
22:22:07.431  INFO  manager.ListenerWD - After Find Element By -->By.xpath: //a[text()='ADD']
22:22:07.477  INFO  manager.ListenerWD - Before Find Element By -->By.cssSelector: [placeholder='Name']
22:22:07.503  INFO  manager.ListenerWD - After Find Element By -->By.cssSelector: [placeholder='Name']
22:22:07.631  INFO  manager.ListenerWD - Before Find Element By -->By.cssSelector: [placeholder='Phone']
22:22:07.646  INFO  manager.ListenerWD - After Find Element By -->By.cssSelector: [placeholder='Phone']
22:22:07.797  INFO  manager.ListenerWD - Before Find Element By -->By.cssSelector: [placeholder='email']
22:22:07.815  INFO  manager.ListenerWD - After Find Element By -->By.cssSelector: [placeholder='email']
22:22:07.985  INFO  manager.ListenerWD - Before Find Element By -->By.cssSelector: [placeholder='Address']
22:22:08.005  INFO  manager.ListenerWD - After Find Element By -->By.cssSelector: [placeholder='Address']
22:22:08.177  INFO  manager.ListenerWD - Before Find Element By -->By.cssSelector: [placeholder='description']
22:22:08.199  INFO  manager.ListenerWD - After Find Element By -->By.cssSelector: [placeholder='description']
22:22:08.383  INFO  manager.ListenerWD - Before Find Element By -->By.cssSelector: [placeholder='description']
22:22:08.406  INFO  manager.ListenerWD - After Find Element By -->By.cssSelector: [placeholder='description']
22:22:08.443  INFO  manager.ListenerWD - Before Find Element By -->By.cssSelector: .add_form__2rsm2 button
22:22:08.467  INFO  manager.ListenerWD - After Find Element By -->By.cssSelector: .add_form__2rsm2 button
22:22:08.542  INFO  manager.ListenerWD - Before Find Elements By -->By.cssSelector: a.active[href='/add']
22:22:08.570  INFO  manager.ListenerWD - After Find Elements By -->By.cssSelector: a.active[href='/add']
22:22:08.570  INFO  manager.ListenerWD - List size is -->1
22:22:08.570  INFO  manager.ListenerNG - onTestSuccess
22:22:08.573  INFO  TestBase - Start checking authorization
22:22:08.573  INFO  manager.ListenerWD - Before Find Elements By -->By.xpath: //button[text()='Sign Out']
22:22:08.593  INFO  manager.ListenerWD - After Find Elements By -->By.xpath: //button[text()='Sign Out']
22:22:08.594  INFO  manager.ListenerWD - List size is -->1
22:22:08.594  INFO  manager.ListenerWD - Before Find Element By -->By.xpath: //button[text()='Sign Out']
22:22:08.620  INFO  manager.ListenerWD - After Find Element By -->By.xpath: //button[text()='Sign Out']
22:22:13.683  INFO  manager.ListenerWD - We have a 'problem'
22:22:13.684  INFO  manager.ListenerWD - The name of error method  click
22:22:13.687  INFO  manager.ListenerWD - Describe of error org.openqa.selenium.ElementNotInteractableException: element not interactable
  (Session info: chrome=106.0.5249.103)
Build info: version: '4.4.0', revision: 'e5c75ed026a'
System info: host: 'DESKTOP-EVABS4F', ip: '192.168.1.138', os.name: 'Windows 11', os.arch: 'amd64', os.version: '10.0', java.version: '11.0.16.1'
Driver info: org.openqa.selenium.chrome.ChromeDriver
Command: [4f5736975122e3528931102d942706fe, clickElement {id=7061014b-6729-4d31-bc9c-dd6e763a8c79}]
Capabilities {acceptInsecureCerts: false, browserName: chrome, browserVersion: 106.0.5249.103, chrome: {chromedriverVersion: 106.0.5249.61 (511755355844..., userDataDir: C:\Users\evnik\AppData\Loca...}, goog:chromeOptions: {debuggerAddress: localhost:62466}, networkConnectionEnabled: false, pageLoadStrategy: normal, platformName: WINDOWS, proxy: Proxy(), se:cdp: ws://localhost:62466/devtoo..., se:cdpVersion: 106.0.5249.103, setWindowRect: true, strictFileInteractability: false, timeouts: {implicit: 0, pageLoad: 300000, script: 30000}, unhandledPromptBehavior: dismiss and notify, webauthn:extension:credBlob: true, webauthn:extension:largeBlob: true, webauthn:virtualAuthenticators: true}
Element: [[ChromeDriver: chrome on WINDOWS (4f5736975122e3528931102d942706fe)] -> xpath: //button[text()='Sign Out']]
Session ID: 4f5736975122e3528931102d942706fe
22:22:13.688  INFO  manager.ListenerWD - *********************
22:22:13.688  INFO  manager.ListenerWD - [[ChromeDriver: chrome on WINDOWS (4f5736975122e3528931102d942706fe)] -> xpath: //button[text()='Sign Out']]
22:22:13.693  INFO  manager.ListenerWD - Screen with error is 1052   src/test/screenshots/screen1052.png
22:22:13.702  INFO  manager.ListenerNG - onTestStart
22:22:13.703  INFO  manager.ListenerNG - onTestSkipped
22:22:13.705  INFO  manager.ListenerNG - onTestStart
22:22:13.706  INFO  manager.ListenerNG - onTestSkipped
22:22:13.708  INFO  manager.ListenerNG - onTestStart
22:22:13.708  INFO  manager.ListenerNG - onTestSkipped
22:22:13.710  INFO  manager.ListenerWD - Before Find Elements By -->By.xpath: //button[text()='Sign Out']
22:22:13.726  INFO  manager.ListenerWD - After Find Elements By -->By.xpath: //button[text()='Sign Out']
22:22:13.726  INFO  manager.ListenerWD - List size is -->1
22:22:13.726  INFO  manager.ListenerWD - Before Find Element By -->By.xpath: //button[text()='Sign Out']
22:22:13.742  INFO  manager.ListenerWD - After Find Element By -->By.xpath: //button[text()='Sign Out']
22:22:18.793  INFO  manager.ListenerWD - We have a 'problem'
22:22:18.794  INFO  manager.ListenerWD - The name of error method  click
22:22:18.794  INFO  manager.ListenerWD - Describe of error org.openqa.selenium.ElementNotInteractableException: element not interactable
  (Session info: chrome=106.0.5249.103)
Build info: version: '4.4.0', revision: 'e5c75ed026a'
System info: host: 'DESKTOP-EVABS4F', ip: '192.168.1.138', os.name: 'Windows 11', os.arch: 'amd64', os.version: '10.0', java.version: '11.0.16.1'
Driver info: org.openqa.selenium.chrome.ChromeDriver
Command: [4f5736975122e3528931102d942706fe, clickElement {id=7061014b-6729-4d31-bc9c-dd6e763a8c79}]
Capabilities {acceptInsecureCerts: false, browserName: chrome, browserVersion: 106.0.5249.103, chrome: {chromedriverVersion: 106.0.5249.61 (511755355844..., userDataDir: C:\Users\evnik\AppData\Loca...}, goog:chromeOptions: {debuggerAddress: localhost:62466}, networkConnectionEnabled: false, pageLoadStrategy: normal, platformName: WINDOWS, proxy: Proxy(), se:cdp: ws://localhost:62466/devtoo..., se:cdpVersion: 106.0.5249.103, setWindowRect: true, strictFileInteractability: false, timeouts: {implicit: 0, pageLoad: 300000, script: 30000}, unhandledPromptBehavior: dismiss and notify, webauthn:extension:credBlob: true, webauthn:extension:largeBlob: true, webauthn:virtualAuthenticators: true}
Element: [[ChromeDriver: chrome on WINDOWS (4f5736975122e3528931102d942706fe)] -> xpath: //button[text()='Sign Out']]
Session ID: 4f5736975122e3528931102d942706fe
22:22:18.794  INFO  manager.ListenerWD - *********************
22:22:18.794  INFO  manager.ListenerWD - [[ChromeDriver: chrome on WINDOWS (4f5736975122e3528931102d942706fe)] -> xpath: //button[text()='Sign Out']]
22:22:18.795  INFO  manager.ListenerWD - Screen with error is 1390   src/test/screenshots/screen1390.png
22:22:18.799  INFO  manager.ListenerNG - onTestStart
22:22:18.799  INFO  manager.ListenerNG - onTestSkipped
22:22:18.801  INFO  manager.ListenerNG - onTestStart
22:22:18.801  INFO  manager.ListenerNG - onTestSkipped
22:22:18.803  INFO  manager.ListenerNG - onTestStart
22:22:18.804  INFO  manager.ListenerNG - onTestSkipped
22:22:18.805  INFO  manager.ListenerNG - onTestStart
22:22:18.806  INFO  manager.ListenerNG - onTestSkipped
22:22:18.808  INFO  manager.ListenerWD - Before Find Elements By -->By.xpath: //button[text()='Sign Out']
22:22:18.824  INFO  manager.ListenerWD - After Find Elements By -->By.xpath: //button[text()='Sign Out']
22:22:18.825  INFO  manager.ListenerWD - List size is -->1
22:22:18.825  INFO  manager.ListenerWD - Before Find Elements By -->By.cssSelector: .contact-item_card__2SOIM
22:22:23.882  INFO  manager.ListenerWD - After Find Elements By -->By.cssSelector: .contact-item_card__2SOIM
22:22:23.882  INFO  manager.ListenerWD - List size is -->0
22:22:24.393  INFO  manager.ListenerWD - Before Find Element By -->By.xpath: //a[text()='ADD']
22:22:24.404  INFO  manager.ListenerWD - After Find Element By -->By.xpath: //a[text()='ADD']
22:22:29.443  INFO  manager.ListenerWD - We have a 'problem'
22:22:29.443  INFO  manager.ListenerWD - The name of error method  click
22:22:29.443  INFO  manager.ListenerWD - Describe of error org.openqa.selenium.ElementNotInteractableException: element not interactable
  (Session info: chrome=106.0.5249.103)
Build info: version: '4.4.0', revision: 'e5c75ed026a'
System info: host: 'DESKTOP-EVABS4F', ip: '192.168.1.138', os.name: 'Windows 11', os.arch: 'amd64', os.version: '10.0', java.version: '11.0.16.1'
Driver info: org.openqa.selenium.chrome.ChromeDriver
Command: [4f5736975122e3528931102d942706fe, clickElement {id=1148e772-76a5-43bb-8260-0ab74b1d95fd}]
Capabilities {acceptInsecureCerts: false, browserName: chrome, browserVersion: 106.0.5249.103, chrome: {chromedriverVersion: 106.0.5249.61 (511755355844..., userDataDir: C:\Users\evnik\AppData\Loca...}, goog:chromeOptions: {debuggerAddress: localhost:62466}, networkConnectionEnabled: false, pageLoadStrategy: normal, platformName: WINDOWS, proxy: Proxy(), se:cdp: ws://localhost:62466/devtoo..., se:cdpVersion: 106.0.5249.103, setWindowRect: true, strictFileInteractability: false, timeouts: {implicit: 0, pageLoad: 300000, script: 30000}, unhandledPromptBehavior: dismiss and notify, webauthn:extension:credBlob: true, webauthn:extension:largeBlob: true, webauthn:virtualAuthenticators: true}
Element: [[ChromeDriver: chrome on WINDOWS (4f5736975122e3528931102d942706fe)] -> xpath: //a[text()='ADD']]
Session ID: 4f5736975122e3528931102d942706fe
22:22:29.444  INFO  manager.ListenerWD - *********************
22:22:29.444  INFO  manager.ListenerWD - [[ChromeDriver: chrome on WINDOWS (4f5736975122e3528931102d942706fe)] -> xpath: //a[text()='ADD']]
22:22:29.444  INFO  manager.ListenerWD - Screen with error is 1862   src/test/screenshots/screen1862.png
22:22:29.452  INFO  manager.ListenerNG - onTestStart
22:22:29.452  INFO  manager.ListenerNG - onTestSkipped
22:22:29.454  INFO  manager.ListenerNG - onTestStart
22:22:29.454  INFO  manager.ListenerNG - onTestSkipped
22:22:29.458  INFO  manager.ListenerNG - onFinish
22:22:29.463  INFO  manager.ListenerNG - onFinish
