22:12:51.383  INFO  manager.ListenerNG - onStart
22:12:55.495  INFO  manager.ApplicationManager - Chrome Driver was opened
22:12:57.513  INFO  manager.ApplicationManager - Current URL is -->https://contacts-app.tobbymarshall815.vercel.app/home
22:12:57.540  INFO  manager.ListenerNG - onStart
22:12:57.600  INFO  manager.ListenerWD - Before Find Elements By -->By.xpath: //button[text()='Sign Out']
22:13:02.621  INFO  manager.ListenerWD - After Find Elements By -->By.xpath: //button[text()='Sign Out']
22:13:02.621  INFO  manager.ListenerWD - List size is -->0
22:13:02.623  INFO  manager.ListenerWD - Before Find Element By -->By.xpath: //a[@href='/login']
22:13:02.661  INFO  manager.ListenerWD - After Find Element By -->By.xpath: //a[@href='/login']
22:13:02.749  INFO  manager.ListenerWD - Before Find Element By -->By.xpath: //input[@placeholder='Email']
22:13:02.795  INFO  manager.ListenerWD - After Find Element By -->By.xpath: //input[@placeholder='Email']
22:13:02.987  INFO  manager.ListenerWD - Before Find Element By -->By.xpath: //input[@placeholder='Password']
22:13:03.027  INFO  manager.ListenerWD - After Find Element By -->By.xpath: //input[@placeholder='Password']
22:13:03.207  INFO  manager.ListenerWD - Before Find Element By -->By.xpath: //*[text()=' Login']
22:13:03.242  INFO  manager.ListenerWD - After Find Element By -->By.xpath: //*[text()=' Login']
22:13:03.301  INFO  manager.ListenerNG - onTestStart
22:13:03.808  INFO  manager.ListenerWD - Before Find Element By -->By.xpath: //a[text()='ADD']
22:13:03.983  INFO  manager.ListenerWD - After Find Element By -->By.xpath: //a[text()='ADD']
22:13:04.051  INFO  manager.ListenerWD - Before Find Element By -->By.cssSelector: [placeholder='Name']
22:13:04.094  INFO  manager.ListenerWD - After Find Element By -->By.cssSelector: [placeholder='Name']
22:13:04.238  INFO  manager.ListenerWD - Before Find Element By -->By.cssSelector: [placeholder='Last Name']
22:13:04.274  INFO  manager.ListenerWD - After Find Element By -->By.cssSelector: [placeholder='Last Name']
22:13:04.416  INFO  manager.ListenerWD - Before Find Element By -->By.cssSelector: [placeholder='Phone']
22:13:04.458  INFO  manager.ListenerWD - After Find Element By -->By.cssSelector: [placeholder='Phone']
22:13:04.629  INFO  manager.ListenerWD - Before Find Element By -->By.cssSelector: [placeholder='email']
22:13:04.662  INFO  manager.ListenerWD - After Find Element By -->By.cssSelector: [placeholder='email']
22:13:04.833  INFO  manager.ListenerWD - Before Find Element By -->By.cssSelector: [placeholder='Address']
22:13:04.864  INFO  manager.ListenerWD - After Find Element By -->By.cssSelector: [placeholder='Address']
22:13:05.008  INFO  manager.ListenerWD - Before Find Element By -->By.cssSelector: [placeholder='description']
22:13:05.034  INFO  manager.ListenerWD - After Find Element By -->By.cssSelector: [placeholder='description']
22:13:05.183  INFO  manager.ListenerWD - Before Find Element By -->By.cssSelector: [placeholder='description']
22:13:05.207  INFO  manager.ListenerWD - After Find Element By -->By.cssSelector: [placeholder='description']
22:13:05.247  INFO  manager.ListenerWD - Before Find Element By -->By.cssSelector: .add_form__2rsm2 button
22:13:05.277  INFO  manager.ListenerWD - After Find Element By -->By.cssSelector: .add_form__2rsm2 button
22:13:05.332  INFO  manager.ListenerWD - Before Find Element By -->By.cssSelector: button b
22:13:05.357  INFO  manager.ListenerWD - After Find Element By -->By.cssSelector: button b
22:13:05.402  INFO  manager.ListenerWD - Before Find Elements By -->By.cssSelector: h2
22:13:06.403  INFO  manager.ListenerWD - After Find Elements By -->By.cssSelector: h2
22:13:06.403  INFO  manager.ListenerWD - List size is -->56
22:13:07.209  INFO  manager.ListenerWD - Before Find Elements By -->By.cssSelector: h3
22:13:07.626  INFO  manager.ListenerWD - After Find Elements By -->By.cssSelector: h3
22:13:07.627  INFO  manager.ListenerWD - List size is -->56
22:13:08.447  INFO  manager.ListenerNG - onTestSuccess
22:13:08.448  INFO  manager.ListenerWD - Before Find Elements By -->By.xpath: //button[text()='Sign Out']
22:13:08.462  INFO  manager.ListenerWD - After Find Elements By -->By.xpath: //button[text()='Sign Out']
22:13:08.462  INFO  manager.ListenerWD - List size is -->1
22:13:08.463  INFO  manager.ListenerNG - onTestStart
22:13:08.978  INFO  manager.ListenerWD - Before Find Element By -->By.xpath: //a[text()='ADD']
22:13:08.993  INFO  manager.ListenerWD - After Find Element By -->By.xpath: //a[text()='ADD']
22:13:09.059  INFO  manager.ListenerWD - Before Find Element By -->By.cssSelector: [placeholder='Name']
22:13:09.081  INFO  manager.ListenerWD - After Find Element By -->By.cssSelector: [placeholder='Name']
22:13:09.222  INFO  manager.ListenerWD - Before Find Element By -->By.cssSelector: [placeholder='Last Name']
22:13:09.238  INFO  manager.ListenerWD - After Find Element By -->By.cssSelector: [placeholder='Last Name']
22:13:09.373  INFO  manager.ListenerWD - Before Find Element By -->By.cssSelector: [placeholder='Phone']
22:13:09.389  INFO  manager.ListenerWD - After Find Element By -->By.cssSelector: [placeholder='Phone']
22:13:09.508  INFO  manager.ListenerWD - Before Find Element By -->By.cssSelector: [placeholder='email']
22:13:09.524  INFO  manager.ListenerWD - After Find Element By -->By.cssSelector: [placeholder='email']
22:13:09.680  INFO  manager.ListenerWD - Before Find Element By -->By.cssSelector: [placeholder='Address']
22:13:09.700  INFO  manager.ListenerWD - After Find Element By -->By.cssSelector: [placeholder='Address']
22:13:09.851  INFO  manager.ListenerWD - Before Find Element By -->By.cssSelector: [placeholder='description']
22:13:09.873  INFO  manager.ListenerWD - After Find Element By -->By.cssSelector: [placeholder='description']
22:13:09.972  INFO  manager.ListenerWD - Before Find Element By -->By.cssSelector: .add_form__2rsm2 button
22:13:10.000  INFO  manager.ListenerWD - After Find Element By -->By.cssSelector: .add_form__2rsm2 button
22:13:10.081  INFO  manager.ListenerWD - Before Find Elements By -->By.cssSelector: h2
22:13:10.996  INFO  manager.ListenerWD - After Find Elements By -->By.cssSelector: h2
22:13:10.997  INFO  manager.ListenerWD - List size is -->57
22:13:12.037  INFO  manager.ListenerWD - Before Find Elements By -->By.cssSelector: h3
22:13:12.487  INFO  manager.ListenerWD - After Find Elements By -->By.cssSelector: h3
22:13:12.488  INFO  manager.ListenerWD - List size is -->57
22:13:13.611  INFO  manager.ListenerNG - onTestSuccess
22:13:13.613  INFO  manager.ListenerWD - Before Find Elements By -->By.xpath: //button[text()='Sign Out']
22:13:13.630  INFO  manager.ListenerWD - After Find Elements By -->By.xpath: //button[text()='Sign Out']
22:13:13.631  INFO  manager.ListenerWD - List size is -->1
22:13:13.632  INFO  manager.ListenerNG - onTestStart
22:13:14.135  INFO  manager.ListenerWD - Before Find Element By -->By.xpath: //a[text()='ADD']
22:13:14.150  INFO  manager.ListenerWD - After Find Element By -->By.xpath: //a[text()='ADD']
22:13:14.196  INFO  manager.ListenerWD - Before Find Element By -->By.cssSelector: [placeholder='Name']
22:13:14.223  INFO  manager.ListenerWD - After Find Element By -->By.cssSelector: [placeholder='Name']
22:13:14.401  INFO  manager.ListenerWD - Before Find Element By -->By.cssSelector: [placeholder='Phone']
22:13:14.423  INFO  manager.ListenerWD - After Find Element By -->By.cssSelector: [placeholder='Phone']
22:13:14.604  INFO  manager.ListenerWD - Before Find Element By -->By.cssSelector: [placeholder='email']
22:13:14.622  INFO  manager.ListenerWD - After Find Element By -->By.cssSelector: [placeholder='email']
22:13:14.800  INFO  manager.ListenerWD - Before Find Element By -->By.cssSelector: [placeholder='Address']
22:13:14.821  INFO  manager.ListenerWD - After Find Element By -->By.cssSelector: [placeholder='Address']
22:13:14.990  INFO  manager.ListenerWD - Before Find Element By -->By.cssSelector: [placeholder='description']
22:13:15.008  INFO  manager.ListenerWD - After Find Element By -->By.cssSelector: [placeholder='description']
22:13:15.169  INFO  manager.ListenerWD - Before Find Element By -->By.cssSelector: [placeholder='description']
22:13:15.190  INFO  manager.ListenerWD - After Find Element By -->By.cssSelector: [placeholder='description']
22:13:15.225  INFO  manager.ListenerWD - Before Find Element By -->By.cssSelector: .add_form__2rsm2 button
22:13:15.248  INFO  manager.ListenerWD - After Find Element By -->By.cssSelector: .add_form__2rsm2 button
22:13:15.318  INFO  manager.ListenerWD - Before Find Element By -->By.cssSelector: [placeholder='description']
22:13:15.337  INFO  manager.ListenerWD - After Find Element By -->By.cssSelector: [placeholder='description']
22:13:15.391  INFO  manager.ListenerWD - Before Find Elements By -->By.cssSelector: a.active[href='/add']
22:13:15.418  INFO  manager.ListenerWD - After Find Elements By -->By.cssSelector: a.active[href='/add']
22:13:15.419  INFO  manager.ListenerWD - List size is -->1
22:13:15.420  INFO  manager.ListenerNG - onTestSuccess
22:13:15.423  INFO  TestBase - Start checking authorization
22:13:15.423  INFO  manager.ListenerWD - Before Find Elements By -->By.xpath: //button[text()='Sign Out']
22:13:15.440  INFO  manager.ListenerWD - After Find Elements By -->By.xpath: //button[text()='Sign Out']
22:13:15.441  INFO  manager.ListenerWD - List size is -->1
22:13:15.441  INFO  manager.ListenerWD - Before Find Element By -->By.xpath: //button[text()='Sign Out']
22:13:15.466  INFO  manager.ListenerWD - After Find Element By -->By.xpath: //button[text()='Sign Out']
22:13:20.501  INFO  manager.ListenerWD - We have a 'problem'
22:13:20.501  INFO  manager.ListenerWD - The name of error method  click
22:13:20.505  INFO  manager.ListenerWD - Describe of error org.openqa.selenium.ElementNotInteractableException: element not interactable
  (Session info: chrome=106.0.5249.103)
Build info: version: '4.4.0', revision: 'e5c75ed026a'
System info: host: 'DESKTOP-EVABS4F', ip: '192.168.1.138', os.name: 'Windows 11', os.arch: 'amd64', os.version: '10.0', java.version: '11.0.16.1'
Driver info: org.openqa.selenium.chrome.ChromeDriver
Command: [5b5fecbb765791e0816c617e22dfe8c5, clickElement {id=84be57c8-3481-4196-9367-d1fbabc73fdf}]
Capabilities {acceptInsecureCerts: false, browserName: chrome, browserVersion: 106.0.5249.103, chrome: {chromedriverVersion: 106.0.5249.61 (511755355844..., userDataDir: C:\Users\evnik\AppData\Loca...}, goog:chromeOptions: {debuggerAddress: localhost:62108}, networkConnectionEnabled: false, pageLoadStrategy: normal, platformName: WINDOWS, proxy: Proxy(), se:cdp: ws://localhost:62108/devtoo..., se:cdpVersion: 106.0.5249.103, setWindowRect: true, strictFileInteractability: false, timeouts: {implicit: 0, pageLoad: 300000, script: 30000}, unhandledPromptBehavior: dismiss and notify, webauthn:extension:credBlob: true, webauthn:extension:largeBlob: true, webauthn:virtualAuthenticators: true}
Element: [[ChromeDriver: chrome on WINDOWS (5b5fecbb765791e0816c617e22dfe8c5)] -> xpath: //button[text()='Sign Out']]
Session ID: 5b5fecbb765791e0816c617e22dfe8c5
22:13:20.505  INFO  manager.ListenerWD - *********************
22:13:20.505  INFO  manager.ListenerWD - [[ChromeDriver: chrome on WINDOWS (5b5fecbb765791e0816c617e22dfe8c5)] -> xpath: //button[text()='Sign Out']]
22:13:20.510  INFO  manager.ListenerWD - Screen with error is 1745   src/test/screenshots/screen1745.png
22:13:20.517  INFO  manager.ListenerNG - onTestStart
22:13:20.518  INFO  manager.ListenerNG - onTestSkipped
22:13:20.521  INFO  manager.ListenerNG - onTestStart
22:13:20.521  INFO  manager.ListenerNG - onTestSkipped
22:13:20.523  INFO  manager.ListenerNG - onTestStart
22:13:20.523  INFO  manager.ListenerNG - onTestSkipped
22:13:20.525  INFO  manager.ListenerWD - Before Find Elements By -->By.xpath: //button[text()='Sign Out']
22:13:20.544  INFO  manager.ListenerWD - After Find Elements By -->By.xpath: //button[text()='Sign Out']
22:13:20.544  INFO  manager.ListenerWD - List size is -->1
22:13:20.544  INFO  manager.ListenerWD - Before Find Element By -->By.xpath: //button[text()='Sign Out']
22:13:20.562  INFO  manager.ListenerWD - After Find Element By -->By.xpath: //button[text()='Sign Out']
22:13:25.614  INFO  manager.ListenerWD - We have a 'problem'
22:13:25.614  INFO  manager.ListenerWD - The name of error method  click
22:13:25.614  INFO  manager.ListenerWD - Describe of error org.openqa.selenium.ElementNotInteractableException: element not interactable
  (Session info: chrome=106.0.5249.103)
Build info: version: '4.4.0', revision: 'e5c75ed026a'
System info: host: 'DESKTOP-EVABS4F', ip: '192.168.1.138', os.name: 'Windows 11', os.arch: 'amd64', os.version: '10.0', java.version: '11.0.16.1'
Driver info: org.openqa.selenium.chrome.ChromeDriver
Command: [5b5fecbb765791e0816c617e22dfe8c5, clickElement {id=84be57c8-3481-4196-9367-d1fbabc73fdf}]
Capabilities {acceptInsecureCerts: false, browserName: chrome, browserVersion: 106.0.5249.103, chrome: {chromedriverVersion: 106.0.5249.61 (511755355844..., userDataDir: C:\Users\evnik\AppData\Loca...}, goog:chromeOptions: {debuggerAddress: localhost:62108}, networkConnectionEnabled: false, pageLoadStrategy: normal, platformName: WINDOWS, proxy: Proxy(), se:cdp: ws://localhost:62108/devtoo..., se:cdpVersion: 106.0.5249.103, setWindowRect: true, strictFileInteractability: false, timeouts: {implicit: 0, pageLoad: 300000, script: 30000}, unhandledPromptBehavior: dismiss and notify, webauthn:extension:credBlob: true, webauthn:extension:largeBlob: true, webauthn:virtualAuthenticators: true}
Element: [[ChromeDriver: chrome on WINDOWS (5b5fecbb765791e0816c617e22dfe8c5)] -> xpath: //button[text()='Sign Out']]
Session ID: 5b5fecbb765791e0816c617e22dfe8c5
22:13:25.614  INFO  manager.ListenerWD - *********************
22:13:25.614  INFO  manager.ListenerWD - [[ChromeDriver: chrome on WINDOWS (5b5fecbb765791e0816c617e22dfe8c5)] -> xpath: //button[text()='Sign Out']]
22:13:25.615  INFO  manager.ListenerWD - Screen with error is 1804   src/test/screenshots/screen1804.png
22:13:25.619  INFO  manager.ListenerNG - onTestStart
22:13:25.619  INFO  manager.ListenerNG - onTestSkipped
22:13:25.621  INFO  manager.ListenerNG - onTestStart
22:13:25.622  INFO  manager.ListenerNG - onTestSkipped
22:13:25.624  INFO  manager.ListenerNG - onTestStart
22:13:25.625  INFO  manager.ListenerNG - onTestSkipped
22:13:25.627  INFO  manager.ListenerNG - onTestStart
22:13:25.627  INFO  manager.ListenerNG - onTestSkipped
22:13:25.629  INFO  manager.ListenerWD - Before Find Elements By -->By.xpath: //button[text()='Sign Out']
22:13:25.648  INFO  manager.ListenerWD - After Find Elements By -->By.xpath: //button[text()='Sign Out']
22:13:25.648  INFO  manager.ListenerWD - List size is -->1
22:13:25.649  INFO  manager.ListenerWD - Before Find Elements By -->By.cssSelector: .contact-item_card__2SOIM
22:13:30.690  INFO  manager.ListenerWD - After Find Elements By -->By.cssSelector: .contact-item_card__2SOIM
22:13:30.690  INFO  manager.ListenerWD - List size is -->0
22:13:31.203  INFO  manager.ListenerWD - Before Find Element By -->By.xpath: //a[text()='ADD']
22:13:31.216  INFO  manager.ListenerWD - After Find Element By -->By.xpath: //a[text()='ADD']
22:13:36.254  INFO  manager.ListenerWD - We have a 'problem'
22:13:36.254  INFO  manager.ListenerWD - The name of error method  click
22:13:36.254  INFO  manager.ListenerWD - Describe of error org.openqa.selenium.ElementNotInteractableException: element not interactable
  (Session info: chrome=106.0.5249.103)
Build info: version: '4.4.0', revision: 'e5c75ed026a'
System info: host: 'DESKTOP-EVABS4F', ip: '192.168.1.138', os.name: 'Windows 11', os.arch: 'amd64', os.version: '10.0', java.version: '11.0.16.1'
Driver info: org.openqa.selenium.chrome.ChromeDriver
Command: [5b5fecbb765791e0816c617e22dfe8c5, clickElement {id=43eb7fea-312e-4f33-9d2c-e1ac71ef474e}]
Capabilities {acceptInsecureCerts: false, browserName: chrome, browserVersion: 106.0.5249.103, chrome: {chromedriverVersion: 106.0.5249.61 (511755355844..., userDataDir: C:\Users\evnik\AppData\Loca...}, goog:chromeOptions: {debuggerAddress: localhost:62108}, networkConnectionEnabled: false, pageLoadStrategy: normal, platformName: WINDOWS, proxy: Proxy(), se:cdp: ws://localhost:62108/devtoo..., se:cdpVersion: 106.0.5249.103, setWindowRect: true, strictFileInteractability: false, timeouts: {implicit: 0, pageLoad: 300000, script: 30000}, unhandledPromptBehavior: dismiss and notify, webauthn:extension:credBlob: true, webauthn:extension:largeBlob: true, webauthn:virtualAuthenticators: true}
Element: [[ChromeDriver: chrome on WINDOWS (5b5fecbb765791e0816c617e22dfe8c5)] -> xpath: //a[text()='ADD']]
Session ID: 5b5fecbb765791e0816c617e22dfe8c5
22:13:36.255  INFO  manager.ListenerWD - *********************
22:13:36.255  INFO  manager.ListenerWD - [[ChromeDriver: chrome on WINDOWS (5b5fecbb765791e0816c617e22dfe8c5)] -> xpath: //a[text()='ADD']]
22:13:36.255  INFO  manager.ListenerWD - Screen with error is 1839   src/test/screenshots/screen1839.png
22:13:36.263  INFO  manager.ListenerNG - onTestStart
22:13:36.263  INFO  manager.ListenerNG - onTestSkipped
22:13:36.265  INFO  manager.ListenerNG - onTestStart
22:13:36.266  INFO  manager.ListenerNG - onTestSkipped
22:13:36.269  INFO  manager.ListenerNG - onFinish
22:13:36.275  INFO  manager.ListenerNG - onFinish
