21:28:10.257  INFO  manager.ListenerNG - onStart
21:28:14.000  INFO  manager.ApplicationManager - Chrome Driver was opened
21:28:16.270  INFO  manager.ApplicationManager - Current URL is -->https://contacts-app.tobbymarshall815.vercel.app/home
21:28:16.301  INFO  manager.ListenerNG - onStart
21:28:16.356  INFO  manager.ListenerWD - Before Find Elements By -->By.xpath: //button[text()='Sign Out']
21:28:21.434  INFO  manager.ListenerWD - After Find Elements By -->By.xpath: //button[text()='Sign Out']
21:28:21.434  INFO  manager.ListenerWD - List size is -->0
21:28:21.435  INFO  manager.ListenerWD - Before Find Element By -->By.xpath: //a[@href='/login']
21:28:21.476  INFO  manager.ListenerWD - After Find Element By -->By.xpath: //a[@href='/login']
21:28:21.568  INFO  manager.ListenerWD - Before Find Element By -->By.xpath: //input[@placeholder='Email']
21:28:21.619  INFO  manager.ListenerWD - After Find Element By -->By.xpath: //input[@placeholder='Email']
21:28:21.809  INFO  manager.ListenerWD - Before Find Element By -->By.xpath: //input[@placeholder='Password']
21:28:21.852  INFO  manager.ListenerWD - After Find Element By -->By.xpath: //input[@placeholder='Password']
21:28:22.033  INFO  manager.ListenerWD - Before Find Element By -->By.xpath: //*[text()=' Login']
21:28:22.073  INFO  manager.ListenerWD - After Find Element By -->By.xpath: //*[text()=' Login']
21:28:22.132  INFO  manager.ListenerNG - onTestStart
21:28:22.646  INFO  manager.ListenerWD - Before Find Element By -->By.xpath: //a[text()='ADD']
21:28:22.856  INFO  manager.ListenerWD - After Find Element By -->By.xpath: //a[text()='ADD']
21:28:22.915  INFO  manager.ListenerWD - Before Find Element By -->By.cssSelector: [placeholder='Name']
21:28:22.959  INFO  manager.ListenerWD - After Find Element By -->By.cssSelector: [placeholder='Name']
21:28:23.111  INFO  manager.ListenerWD - Before Find Element By -->By.cssSelector: [placeholder='Last Name']
21:28:23.140  INFO  manager.ListenerWD - After Find Element By -->By.cssSelector: [placeholder='Last Name']
21:28:23.268  INFO  manager.ListenerWD - Before Find Element By -->By.cssSelector: [placeholder='Phone']
21:28:23.305  INFO  manager.ListenerWD - After Find Element By -->By.cssSelector: [placeholder='Phone']
21:28:23.482  INFO  manager.ListenerWD - Before Find Element By -->By.cssSelector: [placeholder='email']
21:28:23.519  INFO  manager.ListenerWD - After Find Element By -->By.cssSelector: [placeholder='email']
21:28:23.662  INFO  manager.ListenerWD - Before Find Element By -->By.cssSelector: [placeholder='Address']
21:28:23.689  INFO  manager.ListenerWD - After Find Element By -->By.cssSelector: [placeholder='Address']
21:28:23.828  INFO  manager.ListenerWD - Before Find Element By -->By.cssSelector: [placeholder='description']
21:28:23.852  INFO  manager.ListenerWD - After Find Element By -->By.cssSelector: [placeholder='description']
21:28:23.983  INFO  manager.ListenerWD - Before Find Element By -->By.cssSelector: [placeholder='description']
21:28:24.004  INFO  manager.ListenerWD - After Find Element By -->By.cssSelector: [placeholder='description']
21:28:24.036  INFO  manager.ListenerWD - Before Find Element By -->By.cssSelector: .add_form__2rsm2 button
21:28:24.060  INFO  manager.ListenerWD - After Find Element By -->By.cssSelector: .add_form__2rsm2 button
21:28:24.108  INFO  manager.ListenerWD - Before Find Element By -->By.cssSelector: button b
21:28:24.131  INFO  manager.ListenerWD - After Find Element By -->By.cssSelector: button b
21:28:24.175  INFO  manager.ListenerWD - Before Find Elements By -->By.cssSelector: h2
21:28:24.799  INFO  manager.ListenerWD - After Find Elements By -->By.cssSelector: h2
21:28:24.799  INFO  manager.ListenerWD - List size is -->30
21:28:25.192  INFO  manager.ListenerWD - Before Find Elements By -->By.cssSelector: h3
21:28:25.485  INFO  manager.ListenerWD - After Find Elements By -->By.cssSelector: h3
21:28:25.486  INFO  manager.ListenerWD - List size is -->30
21:28:25.820  INFO  manager.ListenerNG - onTestSuccess
21:28:25.823  INFO  manager.ListenerWD - Before Find Elements By -->By.xpath: //button[text()='Sign Out']
21:28:25.842  INFO  manager.ListenerWD - After Find Elements By -->By.xpath: //button[text()='Sign Out']
21:28:25.842  INFO  manager.ListenerWD - List size is -->1
21:28:25.843  INFO  manager.ListenerNG - onTestStart
21:28:26.356  INFO  manager.ListenerWD - Before Find Element By -->By.xpath: //a[text()='ADD']
21:28:26.376  INFO  manager.ListenerWD - After Find Element By -->By.xpath: //a[text()='ADD']
21:28:26.423  INFO  manager.ListenerWD - Before Find Element By -->By.cssSelector: [placeholder='Name']
21:28:26.474  INFO  manager.ListenerWD - After Find Element By -->By.cssSelector: [placeholder='Name']
21:28:26.649  INFO  manager.ListenerWD - Before Find Element By -->By.cssSelector: [placeholder='Last Name']
21:28:26.675  INFO  manager.ListenerWD - After Find Element By -->By.cssSelector: [placeholder='Last Name']
21:28:26.860  INFO  manager.ListenerWD - Before Find Element By -->By.cssSelector: [placeholder='Phone']
21:28:26.885  INFO  manager.ListenerWD - After Find Element By -->By.cssSelector: [placeholder='Phone']
21:28:27.067  INFO  manager.ListenerWD - Before Find Element By -->By.cssSelector: [placeholder='email']
21:28:27.092  INFO  manager.ListenerWD - After Find Element By -->By.cssSelector: [placeholder='email']
21:28:27.289  INFO  manager.ListenerWD - Before Find Element By -->By.cssSelector: [placeholder='Address']
21:28:27.314  INFO  manager.ListenerWD - After Find Element By -->By.cssSelector: [placeholder='Address']
21:28:27.461  INFO  manager.ListenerWD - Before Find Element By -->By.cssSelector: [placeholder='description']
21:28:27.478  INFO  manager.ListenerWD - After Find Element By -->By.cssSelector: [placeholder='description']
21:28:27.544  INFO  manager.ListenerWD - Before Find Element By -->By.cssSelector: .add_form__2rsm2 button
21:28:27.570  INFO  manager.ListenerWD - After Find Element By -->By.cssSelector: .add_form__2rsm2 button
21:28:27.623  INFO  manager.ListenerWD - Before Find Elements By -->By.cssSelector: h2
21:28:28.143  INFO  manager.ListenerWD - After Find Elements By -->By.cssSelector: h2
21:28:28.143  INFO  manager.ListenerWD - List size is -->31
21:28:28.630  INFO  manager.ListenerWD - Before Find Elements By -->By.cssSelector: h3
21:28:28.847  INFO  manager.ListenerWD - After Find Elements By -->By.cssSelector: h3
21:28:28.847  INFO  manager.ListenerWD - List size is -->31
21:28:29.351  INFO  manager.ListenerNG - onTestSuccess
21:28:29.353  INFO  manager.ListenerWD - Before Find Elements By -->By.xpath: //button[text()='Sign Out']
21:28:29.376  INFO  manager.ListenerWD - After Find Elements By -->By.xpath: //button[text()='Sign Out']
21:28:29.376  INFO  manager.ListenerWD - List size is -->1
21:28:29.377  INFO  manager.ListenerNG - onTestStart
21:28:29.880  INFO  manager.ListenerWD - Before Find Element By -->By.xpath: //a[text()='ADD']
21:28:29.900  INFO  manager.ListenerWD - After Find Element By -->By.xpath: //a[text()='ADD']
21:28:29.953  INFO  manager.ListenerWD - Before Find Element By -->By.cssSelector: [placeholder='Name']
21:28:29.983  INFO  manager.ListenerWD - After Find Element By -->By.cssSelector: [placeholder='Name']
21:28:30.156  INFO  manager.ListenerWD - Before Find Element By -->By.cssSelector: [placeholder='Phone']
21:28:30.177  INFO  manager.ListenerWD - After Find Element By -->By.cssSelector: [placeholder='Phone']
21:28:30.336  INFO  manager.ListenerWD - Before Find Element By -->By.cssSelector: [placeholder='email']
21:28:30.353  INFO  manager.ListenerWD - After Find Element By -->By.cssSelector: [placeholder='email']
21:28:30.505  INFO  manager.ListenerWD - Before Find Element By -->By.cssSelector: [placeholder='Address']
21:28:30.525  INFO  manager.ListenerWD - After Find Element By -->By.cssSelector: [placeholder='Address']
21:28:30.683  INFO  manager.ListenerWD - Before Find Element By -->By.cssSelector: [placeholder='description']
21:28:30.702  INFO  manager.ListenerWD - After Find Element By -->By.cssSelector: [placeholder='description']
21:28:30.879  INFO  manager.ListenerWD - Before Find Element By -->By.cssSelector: [placeholder='description']
21:28:30.904  INFO  manager.ListenerWD - After Find Element By -->By.cssSelector: [placeholder='description']
21:28:30.940  INFO  manager.ListenerWD - Before Find Element By -->By.cssSelector: .add_form__2rsm2 button
21:28:30.963  INFO  manager.ListenerWD - After Find Element By -->By.cssSelector: .add_form__2rsm2 button
21:28:31.031  INFO  manager.ListenerWD - Before Find Element By -->By.cssSelector: .add_form__2rsm2 button
21:28:31.053  INFO  manager.ListenerWD - After Find Element By -->By.cssSelector: .add_form__2rsm2 button
21:28:31.095  INFO  manager.ListenerWD - Before Find Elements By -->By.cssSelector: a.active[href='/add']
21:28:31.116  INFO  manager.ListenerWD - After Find Elements By -->By.cssSelector: a.active[href='/add']
21:28:31.116  INFO  manager.ListenerWD - List size is -->1
21:28:31.117  INFO  manager.ListenerNG - onTestSuccess
21:28:31.119  INFO  TestBase - Start checking authorization
21:28:31.119  INFO  manager.ListenerWD - Before Find Elements By -->By.xpath: //button[text()='Sign Out']
21:28:31.134  INFO  manager.ListenerWD - After Find Elements By -->By.xpath: //button[text()='Sign Out']
21:28:31.135  INFO  manager.ListenerWD - List size is -->1
21:28:31.135  INFO  manager.ListenerWD - Before Find Element By -->By.xpath: //button[text()='Sign Out']
21:28:31.161  INFO  manager.ListenerWD - After Find Element By -->By.xpath: //button[text()='Sign Out']
21:28:36.207  INFO  manager.ListenerWD - We have a 'problem'
21:28:36.207  INFO  manager.ListenerWD - The name of error method  click
21:28:36.211  INFO  manager.ListenerWD - Describe of error org.openqa.selenium.ElementNotInteractableException: element not interactable
  (Session info: chrome=106.0.5249.103)
Build info: version: '4.4.0', revision: 'e5c75ed026a'
System info: host: 'DESKTOP-EVABS4F', ip: '192.168.1.138', os.name: 'Windows 11', os.arch: 'amd64', os.version: '10.0', java.version: '11.0.16.1'
Driver info: org.openqa.selenium.chrome.ChromeDriver
Command: [3418d0a986055414cb1564443f8badf3, clickElement {id=95c7c65c-b406-4e2b-a890-efedd0e96200}]
Capabilities {acceptInsecureCerts: false, browserName: chrome, browserVersion: 106.0.5249.103, chrome: {chromedriverVersion: 106.0.5249.61 (511755355844..., userDataDir: C:\Users\evnik\AppData\Loca...}, goog:chromeOptions: {debuggerAddress: localhost:60127}, networkConnectionEnabled: false, pageLoadStrategy: normal, platformName: WINDOWS, proxy: Proxy(), se:cdp: ws://localhost:60127/devtoo..., se:cdpVersion: 106.0.5249.103, setWindowRect: true, strictFileInteractability: false, timeouts: {implicit: 0, pageLoad: 300000, script: 30000}, unhandledPromptBehavior: dismiss and notify, webauthn:extension:credBlob: true, webauthn:extension:largeBlob: true, webauthn:virtualAuthenticators: true}
Element: [[ChromeDriver: chrome on WINDOWS (3418d0a986055414cb1564443f8badf3)] -> xpath: //button[text()='Sign Out']]
Session ID: 3418d0a986055414cb1564443f8badf3
21:28:36.212  INFO  manager.ListenerWD - *********************
21:28:36.212  INFO  manager.ListenerWD - [[ChromeDriver: chrome on WINDOWS (3418d0a986055414cb1564443f8badf3)] -> xpath: //button[text()='Sign Out']]
21:28:36.215  INFO  manager.ListenerWD - Screen with error is 1668   src/test/screenshots/screen1668.png
21:28:36.222  INFO  manager.ListenerNG - onTestStart
21:28:36.223  INFO  manager.ListenerNG - onTestSkipped
21:28:36.225  INFO  manager.ListenerNG - onTestStart
21:28:36.225  INFO  manager.ListenerNG - onTestSkipped
21:28:36.226  INFO  manager.ListenerNG - onTestStart
21:28:36.227  INFO  manager.ListenerNG - onTestSkipped
21:28:36.229  INFO  manager.ListenerWD - Before Find Elements By -->By.xpath: //button[text()='Sign Out']
21:28:36.248  INFO  manager.ListenerWD - After Find Elements By -->By.xpath: //button[text()='Sign Out']
21:28:36.248  INFO  manager.ListenerWD - List size is -->1
21:28:36.249  INFO  manager.ListenerWD - Before Find Element By -->By.xpath: //button[text()='Sign Out']
21:28:36.270  INFO  manager.ListenerWD - After Find Element By -->By.xpath: //button[text()='Sign Out']
21:28:41.308  INFO  manager.ListenerWD - We have a 'problem'
21:28:41.308  INFO  manager.ListenerWD - The name of error method  click
21:28:41.308  INFO  manager.ListenerWD - Describe of error org.openqa.selenium.ElementNotInteractableException: element not interactable
  (Session info: chrome=106.0.5249.103)
Build info: version: '4.4.0', revision: 'e5c75ed026a'
System info: host: 'DESKTOP-EVABS4F', ip: '192.168.1.138', os.name: 'Windows 11', os.arch: 'amd64', os.version: '10.0', java.version: '11.0.16.1'
Driver info: org.openqa.selenium.chrome.ChromeDriver
Command: [3418d0a986055414cb1564443f8badf3, clickElement {id=95c7c65c-b406-4e2b-a890-efedd0e96200}]
Capabilities {acceptInsecureCerts: false, browserName: chrome, browserVersion: 106.0.5249.103, chrome: {chromedriverVersion: 106.0.5249.61 (511755355844..., userDataDir: C:\Users\evnik\AppData\Loca...}, goog:chromeOptions: {debuggerAddress: localhost:60127}, networkConnectionEnabled: false, pageLoadStrategy: normal, platformName: WINDOWS, proxy: Proxy(), se:cdp: ws://localhost:60127/devtoo..., se:cdpVersion: 106.0.5249.103, setWindowRect: true, strictFileInteractability: false, timeouts: {implicit: 0, pageLoad: 300000, script: 30000}, unhandledPromptBehavior: dismiss and notify, webauthn:extension:credBlob: true, webauthn:extension:largeBlob: true, webauthn:virtualAuthenticators: true}
Element: [[ChromeDriver: chrome on WINDOWS (3418d0a986055414cb1564443f8badf3)] -> xpath: //button[text()='Sign Out']]
Session ID: 3418d0a986055414cb1564443f8badf3
21:28:41.308  INFO  manager.ListenerWD - *********************
21:28:41.308  INFO  manager.ListenerWD - [[ChromeDriver: chrome on WINDOWS (3418d0a986055414cb1564443f8badf3)] -> xpath: //button[text()='Sign Out']]
21:28:41.308  INFO  manager.ListenerWD - Screen with error is 1540   src/test/screenshots/screen1540.png
21:28:41.312  INFO  manager.ListenerNG - onTestStart
21:28:41.313  INFO  manager.ListenerNG - onTestSkipped
21:28:41.313  INFO  manager.ListenerNG - onTestStart
21:28:41.315  INFO  manager.ListenerNG - onTestSkipped
21:28:41.317  INFO  manager.ListenerNG - onTestStart
21:28:41.318  INFO  manager.ListenerNG - onTestSkipped
21:28:41.319  INFO  manager.ListenerNG - onTestStart
21:28:41.320  INFO  manager.ListenerNG - onTestSkipped
21:28:41.322  INFO  manager.ListenerWD - Before Find Elements By -->By.xpath: //button[text()='Sign Out']
21:28:41.343  INFO  manager.ListenerWD - After Find Elements By -->By.xpath: //button[text()='Sign Out']
21:28:41.344  INFO  manager.ListenerWD - List size is -->1
21:28:41.344  INFO  manager.ListenerWD - Before Find Elements By -->By.cssSelector: .contact-item_card__2SOIM
21:28:46.398  INFO  manager.ListenerWD - After Find Elements By -->By.cssSelector: .contact-item_card__2SOIM
21:28:46.398  INFO  manager.ListenerWD - List size is -->0
21:28:46.912  INFO  manager.ListenerWD - Before Find Element By -->By.xpath: //a[text()='ADD']
21:28:46.924  INFO  manager.ListenerWD - After Find Element By -->By.xpath: //a[text()='ADD']
21:28:51.960  INFO  manager.ListenerWD - We have a 'problem'
21:28:51.961  INFO  manager.ListenerWD - The name of error method  click
21:28:51.961  INFO  manager.ListenerWD - Describe of error org.openqa.selenium.ElementNotInteractableException: element not interactable
  (Session info: chrome=106.0.5249.103)
Build info: version: '4.4.0', revision: 'e5c75ed026a'
System info: host: 'DESKTOP-EVABS4F', ip: '192.168.1.138', os.name: 'Windows 11', os.arch: 'amd64', os.version: '10.0', java.version: '11.0.16.1'
Driver info: org.openqa.selenium.chrome.ChromeDriver
Command: [3418d0a986055414cb1564443f8badf3, clickElement {id=47ef6a5e-e154-4159-a40a-87f84b9a2b12}]
Capabilities {acceptInsecureCerts: false, browserName: chrome, browserVersion: 106.0.5249.103, chrome: {chromedriverVersion: 106.0.5249.61 (511755355844..., userDataDir: C:\Users\evnik\AppData\Loca...}, goog:chromeOptions: {debuggerAddress: localhost:60127}, networkConnectionEnabled: false, pageLoadStrategy: normal, platformName: WINDOWS, proxy: Proxy(), se:cdp: ws://localhost:60127/devtoo..., se:cdpVersion: 106.0.5249.103, setWindowRect: true, strictFileInteractability: false, timeouts: {implicit: 0, pageLoad: 300000, script: 30000}, unhandledPromptBehavior: dismiss and notify, webauthn:extension:credBlob: true, webauthn:extension:largeBlob: true, webauthn:virtualAuthenticators: true}
Element: [[ChromeDriver: chrome on WINDOWS (3418d0a986055414cb1564443f8badf3)] -> xpath: //a[text()='ADD']]
Session ID: 3418d0a986055414cb1564443f8badf3
21:28:51.961  INFO  manager.ListenerWD - *********************
21:28:51.961  INFO  manager.ListenerWD - [[ChromeDriver: chrome on WINDOWS (3418d0a986055414cb1564443f8badf3)] -> xpath: //a[text()='ADD']]
21:28:51.962  INFO  manager.ListenerWD - Screen with error is 1994   src/test/screenshots/screen1994.png
21:28:51.967  INFO  manager.ListenerNG - onTestStart
21:28:51.967  INFO  manager.ListenerNG - onTestSkipped
21:28:51.968  INFO  manager.ListenerNG - onTestStart
21:28:51.968  INFO  manager.ListenerNG - onTestSkipped
21:28:51.971  INFO  manager.ListenerNG - onFinish
21:28:51.975  INFO  manager.ListenerNG - onFinish
