18:47:16.486  INFO  manager.ApplicationManager - Chrome Driver was opened
18:47:18.284  INFO  manager.ApplicationManager - Current URL is -->https://contacts-app.tobbymarshall815.vercel.app/home
18:47:18.376  INFO  manager.ListenerWD - Before Find Elements By -->By.xpath: //button[text()='Sign Out']
18:47:23.443  INFO  manager.ListenerWD - After Find Elements By -->By.xpath: //button[text()='Sign Out']
18:47:23.444  INFO  manager.ListenerWD - List size is -->0
18:47:23.445  INFO  manager.ListenerWD - Before Find Element By -->By.xpath: //a[@href='/login']
18:47:23.482  INFO  manager.ListenerWD - After Find Element By -->By.xpath: //a[@href='/login']
18:47:23.567  INFO  manager.ListenerWD - Before Find Element By -->By.xpath: //input[@placeholder='Email']
18:47:23.617  INFO  manager.ListenerWD - After Find Element By -->By.xpath: //input[@placeholder='Email']
18:47:23.835  INFO  manager.ListenerWD - Before Find Element By -->By.xpath: //input[@placeholder='Password']
18:47:23.861  INFO  manager.ListenerWD - After Find Element By -->By.xpath: //input[@placeholder='Password']
18:47:23.988  INFO  manager.ListenerWD - Before Find Element By -->By.xpath: //*[text()=' Login']
18:47:24.014  INFO  manager.ListenerWD - After Find Element By -->By.xpath: //*[text()=' Login']
18:47:24.584  INFO  manager.ListenerWD - Before Find Element By -->By.xpath: //a[text()='ADD']
18:47:24.730  INFO  manager.ListenerWD - After Find Element By -->By.xpath: //a[text()='ADD']
18:47:24.776  INFO  manager.ListenerWD - Before Find Element By -->By.cssSelector: [placeholder='Name']
18:47:24.817  INFO  manager.ListenerWD - After Find Element By -->By.cssSelector: [placeholder='Name']
18:47:24.971  INFO  manager.ListenerWD - Before Find Element By -->By.cssSelector: [placeholder='Last Name']
18:47:24.996  INFO  manager.ListenerWD - After Find Element By -->By.cssSelector: [placeholder='Last Name']
18:47:25.109  INFO  manager.ListenerWD - Before Find Element By -->By.cssSelector: [placeholder='Phone']
18:47:25.133  INFO  manager.ListenerWD - After Find Element By -->By.cssSelector: [placeholder='Phone']
18:47:25.250  INFO  manager.ListenerWD - Before Find Element By -->By.cssSelector: [placeholder='email']
18:47:25.277  INFO  manager.ListenerWD - After Find Element By -->By.cssSelector: [placeholder='email']
18:47:25.403  INFO  manager.ListenerWD - Before Find Element By -->By.cssSelector: [placeholder='Address']
18:47:25.430  INFO  manager.ListenerWD - After Find Element By -->By.cssSelector: [placeholder='Address']
18:47:25.554  INFO  manager.ListenerWD - Before Find Element By -->By.cssSelector: [placeholder='description']
18:47:25.579  INFO  manager.ListenerWD - After Find Element By -->By.cssSelector: [placeholder='description']
18:47:25.702  INFO  manager.ListenerWD - Before Find Element By -->By.cssSelector: [placeholder='description']
18:47:25.725  INFO  manager.ListenerWD - After Find Element By -->By.cssSelector: [placeholder='description']
18:47:25.751  INFO  manager.ListenerWD - Before Find Element By -->By.cssSelector: .add_form__2rsm2 button
18:47:25.776  INFO  manager.ListenerWD - After Find Element By -->By.cssSelector: .add_form__2rsm2 button
18:47:25.824  INFO  manager.ListenerWD - Before Find Element By -->By.cssSelector: button b
18:47:25.846  INFO  manager.ListenerWD - After Find Element By -->By.cssSelector: button b
18:47:25.883  INFO  manager.ListenerWD - Before Find Elements By -->By.cssSelector: h2
18:47:26.428  INFO  manager.ListenerWD - After Find Elements By -->By.cssSelector: h2
18:47:26.428  INFO  manager.ListenerWD - List size is -->19
18:47:26.730  INFO  manager.ListenerWD - Before Find Elements By -->By.cssSelector: h3
18:47:26.877  INFO  manager.ListenerWD - After Find Elements By -->By.cssSelector: h3
18:47:26.877  INFO  manager.ListenerWD - List size is -->19
18:47:27.173  INFO  manager.ListenerWD - Before Find Elements By -->By.xpath: //button[text()='Sign Out']
18:47:27.202  INFO  manager.ListenerWD - After Find Elements By -->By.xpath: //button[text()='Sign Out']
18:47:27.203  INFO  manager.ListenerWD - List size is -->1
18:47:27.712  INFO  manager.ListenerWD - Before Find Element By -->By.xpath: //a[text()='ADD']
18:47:27.761  INFO  manager.ListenerWD - After Find Element By -->By.xpath: //a[text()='ADD']
18:47:27.811  INFO  manager.ListenerWD - Before Find Element By -->By.cssSelector: [placeholder='Name']
18:47:27.836  INFO  manager.ListenerWD - After Find Element By -->By.cssSelector: [placeholder='Name']
18:47:27.981  INFO  manager.ListenerWD - Before Find Element By -->By.cssSelector: [placeholder='Last Name']
18:47:28.000  INFO  manager.ListenerWD - After Find Element By -->By.cssSelector: [placeholder='Last Name']
18:47:28.131  INFO  manager.ListenerWD - Before Find Element By -->By.cssSelector: [placeholder='Phone']
18:47:28.150  INFO  manager.ListenerWD - After Find Element By -->By.cssSelector: [placeholder='Phone']
18:47:28.288  INFO  manager.ListenerWD - Before Find Element By -->By.cssSelector: [placeholder='email']
18:47:28.308  INFO  manager.ListenerWD - After Find Element By -->By.cssSelector: [placeholder='email']
18:47:28.472  INFO  manager.ListenerWD - Before Find Element By -->By.cssSelector: [placeholder='Address']
18:47:28.494  INFO  manager.ListenerWD - After Find Element By -->By.cssSelector: [placeholder='Address']
18:47:28.607  INFO  manager.ListenerWD - Before Find Element By -->By.cssSelector: [placeholder='description']
18:47:28.620  INFO  manager.ListenerWD - After Find Element By -->By.cssSelector: [placeholder='description']
18:47:28.672  INFO  manager.ListenerWD - Before Find Element By -->By.cssSelector: .add_form__2rsm2 button
18:47:28.691  INFO  manager.ListenerWD - After Find Element By -->By.cssSelector: .add_form__2rsm2 button
18:47:28.738  INFO  manager.ListenerWD - Before Find Elements By -->By.cssSelector: h2
18:47:29.153  INFO  manager.ListenerWD - After Find Elements By -->By.cssSelector: h2
18:47:29.154  INFO  manager.ListenerWD - List size is -->20
18:47:29.450  INFO  manager.ListenerWD - Before Find Elements By -->By.cssSelector: h3
18:47:29.544  INFO  manager.ListenerWD - After Find Elements By -->By.cssSelector: h3
18:47:29.544  INFO  manager.ListenerWD - List size is -->20
18:47:29.889  INFO  manager.ListenerWD - Before Find Elements By -->By.xpath: //button[text()='Sign Out']
18:47:29.901  INFO  manager.ListenerWD - After Find Elements By -->By.xpath: //button[text()='Sign Out']
18:47:29.902  INFO  manager.ListenerWD - List size is -->1
18:47:30.403  INFO  manager.ListenerWD - Before Find Element By -->By.xpath: //a[text()='ADD']
18:47:30.422  INFO  manager.ListenerWD - After Find Element By -->By.xpath: //a[text()='ADD']
18:47:30.462  INFO  manager.ListenerWD - Before Find Element By -->By.cssSelector: [placeholder='Name']
18:47:30.497  INFO  manager.ListenerWD - After Find Element By -->By.cssSelector: [placeholder='Name']
18:47:30.646  INFO  manager.ListenerWD - Before Find Element By -->By.cssSelector: [placeholder='Phone']
18:47:30.666  INFO  manager.ListenerWD - After Find Element By -->By.cssSelector: [placeholder='Phone']
18:47:30.880  INFO  manager.ListenerWD - Before Find Element By -->By.cssSelector: [placeholder='email']
18:47:30.906  INFO  manager.ListenerWD - After Find Element By -->By.cssSelector: [placeholder='email']
18:47:31.086  INFO  manager.ListenerWD - Before Find Element By -->By.cssSelector: [placeholder='Address']
18:47:31.108  INFO  manager.ListenerWD - After Find Element By -->By.cssSelector: [placeholder='Address']
18:47:31.220  INFO  manager.ListenerWD - Before Find Element By -->By.cssSelector: [placeholder='description']
18:47:31.234  INFO  manager.ListenerWD - After Find Element By -->By.cssSelector: [placeholder='description']
18:47:31.288  INFO  manager.ListenerWD - Before Find Element By -->By.cssSelector: .add_form__2rsm2 button
18:47:31.306  INFO  manager.ListenerWD - After Find Element By -->By.cssSelector: .add_form__2rsm2 button
18:47:31.357  INFO  manager.ListenerWD - Before Find Elements By -->By.cssSelector: a.active[href='/add']
18:47:31.377  INFO  manager.ListenerWD - After Find Elements By -->By.cssSelector: a.active[href='/add']
18:47:31.377  INFO  manager.ListenerWD - List size is -->1
18:47:31.379  INFO  TestBase - Start checking authorization
18:47:31.379  INFO  manager.ListenerWD - Before Find Elements By -->By.xpath: //button[text()='Sign Out']
18:47:31.392  INFO  manager.ListenerWD - After Find Elements By -->By.xpath: //button[text()='Sign Out']
18:47:31.393  INFO  manager.ListenerWD - List size is -->1
18:47:31.393  INFO  manager.ListenerWD - Before Find Element By -->By.xpath: //button[text()='Sign Out']
18:47:31.411  INFO  manager.ListenerWD - After Find Element By -->By.xpath: //button[text()='Sign Out']
18:47:36.490  INFO  manager.ListenerWD - We have a 'problem'
18:47:36.492  INFO  manager.ListenerWD - The name of error method  click
18:47:36.501  INFO  manager.ListenerWD - Describe of error org.openqa.selenium.ElementNotInteractableException: element not interactable
  (Session info: chrome=106.0.5249.103)
Build info: version: '4.4.0', revision: 'e5c75ed026a'
System info: host: 'DESKTOP-EVABS4F', ip: '192.168.1.138', os.name: 'Windows 11', os.arch: 'amd64', os.version: '10.0', java.version: '11.0.16.1'
Driver info: org.openqa.selenium.chrome.ChromeDriver
Command: [18bb970927a861956219c0bf70d0586d, clickElement {id=137ef45b-cdc4-44af-bc5b-7aa40e031d12}]
Capabilities {acceptInsecureCerts: false, browserName: chrome, browserVersion: 106.0.5249.103, chrome: {chromedriverVersion: 106.0.5249.61 (511755355844..., userDataDir: C:\Users\evnik\AppData\Loca...}, goog:chromeOptions: {debuggerAddress: localhost:63239}, networkConnectionEnabled: false, pageLoadStrategy: normal, platformName: WINDOWS, proxy: Proxy(), se:cdp: ws://localhost:63239/devtoo..., se:cdpVersion: 106.0.5249.103, setWindowRect: true, strictFileInteractability: false, timeouts: {implicit: 0, pageLoad: 300000, script: 30000}, unhandledPromptBehavior: dismiss and notify, webauthn:extension:credBlob: true, webauthn:extension:largeBlob: true, webauthn:virtualAuthenticators: true}
Element: [[ChromeDriver: chrome on WINDOWS (18bb970927a861956219c0bf70d0586d)] -> xpath: //button[text()='Sign Out']]
Session ID: 18bb970927a861956219c0bf70d0586d
18:47:36.503  INFO  manager.ListenerWD - *********************
18:47:36.504  INFO  manager.ListenerWD - [[ChromeDriver: chrome on WINDOWS (18bb970927a861956219c0bf70d0586d)] -> xpath: //button[text()='Sign Out']]
18:47:36.520  INFO  manager.ListenerWD - Screen with error is 1627   src/test/screenshots/screen1627.png
18:47:36.560  INFO  manager.ListenerWD - Before Find Elements By -->By.xpath: //button[text()='Sign Out']
18:47:36.591  INFO  manager.ListenerWD - After Find Elements By -->By.xpath: //button[text()='Sign Out']
18:47:36.591  INFO  manager.ListenerWD - List size is -->1
18:47:36.591  INFO  manager.ListenerWD - Before Find Element By -->By.xpath: //button[text()='Sign Out']
18:47:36.612  INFO  manager.ListenerWD - After Find Element By -->By.xpath: //button[text()='Sign Out']
18:47:41.638  INFO  manager.ListenerWD - We have a 'problem'
18:47:41.639  INFO  manager.ListenerWD - The name of error method  click
18:47:41.640  INFO  manager.ListenerWD - Describe of error org.openqa.selenium.ElementNotInteractableException: element not interactable
  (Session info: chrome=106.0.5249.103)
Build info: version: '4.4.0', revision: 'e5c75ed026a'
System info: host: 'DESKTOP-EVABS4F', ip: '192.168.1.138', os.name: 'Windows 11', os.arch: 'amd64', os.version: '10.0', java.version: '11.0.16.1'
Driver info: org.openqa.selenium.chrome.ChromeDriver
Command: [18bb970927a861956219c0bf70d0586d, clickElement {id=137ef45b-cdc4-44af-bc5b-7aa40e031d12}]
Capabilities {acceptInsecureCerts: false, browserName: chrome, browserVersion: 106.0.5249.103, chrome: {chromedriverVersion: 106.0.5249.61 (511755355844..., userDataDir: C:\Users\evnik\AppData\Loca...}, goog:chromeOptions: {debuggerAddress: localhost:63239}, networkConnectionEnabled: false, pageLoadStrategy: normal, platformName: WINDOWS, proxy: Proxy(), se:cdp: ws://localhost:63239/devtoo..., se:cdpVersion: 106.0.5249.103, setWindowRect: true, strictFileInteractability: false, timeouts: {implicit: 0, pageLoad: 300000, script: 30000}, unhandledPromptBehavior: dismiss and notify, webauthn:extension:credBlob: true, webauthn:extension:largeBlob: true, webauthn:virtualAuthenticators: true}
Element: [[ChromeDriver: chrome on WINDOWS (18bb970927a861956219c0bf70d0586d)] -> xpath: //button[text()='Sign Out']]
Session ID: 18bb970927a861956219c0bf70d0586d
18:47:41.641  INFO  manager.ListenerWD - *********************
18:47:41.642  INFO  manager.ListenerWD - [[ChromeDriver: chrome on WINDOWS (18bb970927a861956219c0bf70d0586d)] -> xpath: //button[text()='Sign Out']]
18:47:41.643  INFO  manager.ListenerWD - Screen with error is 1301   src/test/screenshots/screen1301.png
18:47:41.686  INFO  manager.ListenerWD - Before Find Elements By -->By.xpath: //button[text()='Sign Out']
18:47:41.722  INFO  manager.ListenerWD - After Find Elements By -->By.xpath: //button[text()='Sign Out']
18:47:41.722  INFO  manager.ListenerWD - List size is -->1
18:47:41.723  INFO  manager.ListenerWD - Before Find Elements By -->By.cssSelector: .contact-item_card__2SOIM
18:47:46.761  INFO  manager.ListenerWD - After Find Elements By -->By.cssSelector: .contact-item_card__2SOIM
18:47:46.762  INFO  manager.ListenerWD - List size is -->0
18:47:47.274  INFO  manager.ListenerWD - Before Find Element By -->By.xpath: //a[text()='ADD']
18:47:47.317  INFO  manager.ListenerWD - After Find Element By -->By.xpath: //a[text()='ADD']
18:47:52.384  INFO  manager.ListenerWD - We have a 'problem'
18:47:52.384  INFO  manager.ListenerWD - The name of error method  click
18:47:52.385  INFO  manager.ListenerWD - Describe of error org.openqa.selenium.ElementNotInteractableException: element not interactable
  (Session info: chrome=106.0.5249.103)
Build info: version: '4.4.0', revision: 'e5c75ed026a'
System info: host: 'DESKTOP-EVABS4F', ip: '192.168.1.138', os.name: 'Windows 11', os.arch: 'amd64', os.version: '10.0', java.version: '11.0.16.1'
Driver info: org.openqa.selenium.chrome.ChromeDriver
Command: [18bb970927a861956219c0bf70d0586d, clickElement {id=d8bbf036-18da-4e67-b7a0-f07f41ab111d}]
Capabilities {acceptInsecureCerts: false, browserName: chrome, browserVersion: 106.0.5249.103, chrome: {chromedriverVersion: 106.0.5249.61 (511755355844..., userDataDir: C:\Users\evnik\AppData\Loca...}, goog:chromeOptions: {debuggerAddress: localhost:63239}, networkConnectionEnabled: false, pageLoadStrategy: normal, platformName: WINDOWS, proxy: Proxy(), se:cdp: ws://localhost:63239/devtoo..., se:cdpVersion: 106.0.5249.103, setWindowRect: true, strictFileInteractability: false, timeouts: {implicit: 0, pageLoad: 300000, script: 30000}, unhandledPromptBehavior: dismiss and notify, webauthn:extension:credBlob: true, webauthn:extension:largeBlob: true, webauthn:virtualAuthenticators: true}
Element: [[ChromeDriver: chrome on WINDOWS (18bb970927a861956219c0bf70d0586d)] -> xpath: //a[text()='ADD']]
Session ID: 18bb970927a861956219c0bf70d0586d
18:47:52.386  INFO  manager.ListenerWD - *********************
18:47:52.387  INFO  manager.ListenerWD - [[ChromeDriver: chrome on WINDOWS (18bb970927a861956219c0bf70d0586d)] -> xpath: //a[text()='ADD']]
18:47:52.387  INFO  manager.ListenerWD - Screen with error is 1217   src/test/screenshots/screen1217.png
