21:52:20.252  INFO  manager.ApplicationManager - All tests start in  ChromeDriver
21:52:20.260  INFO  manager.ApplicationManager - Chrome Driver was opened
21:52:22.387  INFO  manager.ApplicationManager - Current URL is -->https://contacts-app.tobbymarshall815.vercel.app/home
21:52:22.458  INFO  manager.ListenerWD - Before Find Elements By -->By.xpath: //button[text()='Sign Out']
21:52:27.531  INFO  manager.ListenerWD - After Find Elements By -->By.xpath: //button[text()='Sign Out']
21:52:27.531  INFO  manager.ListenerWD - List size is -->0
21:52:27.535  INFO  TestBase - Data for testUser{email='evnikel3147@gmail.com', password='Elena1234$@'}
21:52:27.536  INFO  manager.ListenerWD - Before Find Element By -->By.xpath: //a[@href='/login']
21:52:27.563  INFO  manager.ListenerWD - After Find Element By -->By.xpath: //a[@href='/login']
21:52:27.625  INFO  manager.ListenerWD - Before Find Element By -->By.xpath: //input[@placeholder='Email']
21:52:27.654  INFO  manager.ListenerWD - After Find Element By -->By.xpath: //input[@placeholder='Email']
21:52:27.810  INFO  manager.ListenerWD - Before Find Element By -->By.xpath: //input[@placeholder='Password']
21:52:27.835  INFO  manager.ListenerWD - After Find Element By -->By.xpath: //input[@placeholder='Password']
21:52:27.988  INFO  manager.ListenerWD - Before Find Element By -->By.xpath: //button[2]
21:52:28.014  INFO  manager.ListenerWD - After Find Element By -->By.xpath: //button[2]
21:52:28.053  INFO  manager.ListenerWD - Before Find Elements By -->By.xpath: //button[text()='Sign Out']
21:52:28.765  INFO  manager.ListenerWD - After Find Elements By -->By.xpath: //button[text()='Sign Out']
21:52:28.765  INFO  manager.ListenerWD - List size is -->1
21:52:28.769  INFO  manager.ListenerWD - Before Find Element By -->By.cssSelector: div.contact-page_message__2qafk>h1
21:52:28.926  INFO  manager.ListenerWD - After Find Element By -->By.cssSelector: div.contact-page_message__2qafk>h1
21:52:28.948  INFO  manager.ListenerWD - Before Find Elements By -->By.xpath: //button[text()='Sign Out']
21:52:28.967  INFO  manager.ListenerWD - After Find Elements By -->By.xpath: //button[text()='Sign Out']
21:52:28.968  INFO  manager.ListenerWD - List size is -->1
21:52:28.968  INFO  manager.ListenerWD - Before Find Element By -->By.xpath: //button[text()='Sign Out']
21:52:28.992  INFO  manager.ListenerWD - After Find Element By -->By.xpath: //button[text()='Sign Out']
21:52:29.037  INFO  TestBase - Data for testUser{email='evnikel3149@gmail.com', password='Elena1234$@'}
21:52:29.037  INFO  manager.ListenerWD - Before Find Element By -->By.xpath: //a[@href='/login']
21:52:29.066  INFO  manager.ListenerWD - After Find Element By -->By.xpath: //a[@href='/login']
21:52:29.106  INFO  manager.ListenerWD - Before Find Element By -->By.xpath: //input[@placeholder='Email']
21:52:29.125  INFO  manager.ListenerWD - After Find Element By -->By.xpath: //input[@placeholder='Email']
21:52:29.236  INFO  manager.ListenerWD - Before Find Element By -->By.xpath: //input[@placeholder='Password']
21:52:29.250  INFO  manager.ListenerWD - After Find Element By -->By.xpath: //input[@placeholder='Password']
21:52:29.346  INFO  manager.ListenerWD - Before Find Element By -->By.xpath: //button[2]
21:52:29.362  INFO  manager.ListenerWD - After Find Element By -->By.xpath: //button[2]
21:52:29.396  INFO  manager.ListenerWD - Before Find Elements By -->By.xpath: //button[text()='Sign Out']
21:52:29.566  INFO  manager.ListenerWD - After Find Elements By -->By.xpath: //button[text()='Sign Out']
21:52:29.567  INFO  manager.ListenerWD - List size is -->1
21:52:29.568  INFO  manager.ListenerWD - Before Find Element By -->By.cssSelector: div.contact-page_message__2qafk>h1
21:52:29.683  INFO  manager.ListenerWD - After Find Element By -->By.cssSelector: div.contact-page_message__2qafk>h1
21:52:29.732  INFO  manager.ListenerWD - Before Find Elements By -->By.xpath: //button[text()='Sign Out']
21:52:29.778  INFO  manager.ListenerWD - After Find Elements By -->By.xpath: //button[text()='Sign Out']
21:52:29.780  INFO  manager.ListenerWD - List size is -->1
21:52:29.780  INFO  manager.ListenerWD - Before Find Element By -->By.xpath: //button[text()='Sign Out']
21:52:29.825  INFO  manager.ListenerWD - After Find Element By -->By.xpath: //button[text()='Sign Out']
21:52:29.946  INFO  manager.ListenerWD - Before Find Element By -->By.xpath: //a[@href='/login']
21:52:30.002  INFO  manager.ListenerWD - After Find Element By -->By.xpath: //a[@href='/login']
21:52:30.068  INFO  manager.ListenerWD - Before Find Element By -->By.xpath: //input[@placeholder='Email']
21:52:30.092  INFO  manager.ListenerWD - After Find Element By -->By.xpath: //input[@placeholder='Email']
21:52:30.204  INFO  manager.ListenerWD - Before Find Element By -->By.xpath: //input[@placeholder='Password']
21:52:30.219  INFO  manager.ListenerWD - After Find Element By -->By.xpath: //input[@placeholder='Password']
21:52:30.321  INFO  manager.ListenerWD - Before Find Element By -->By.xpath: //button[2]
21:52:30.338  INFO  manager.ListenerWD - After Find Element By -->By.xpath: //button[2]
21:52:30.373  INFO  manager.ListenerWD - Before Find Elements By -->By.xpath: //button[text()='Sign Out']
21:52:30.517  INFO  manager.ListenerWD - After Find Elements By -->By.xpath: //button[text()='Sign Out']
21:52:30.518  INFO  manager.ListenerWD - List size is -->0
21:52:30.596  INFO  manager.ListenerWD - Before Find Elements By -->By.xpath: //button[text()='Sign Out']
21:52:35.665  INFO  manager.ListenerWD - After Find Elements By -->By.xpath: //button[text()='Sign Out']
21:52:35.665  INFO  manager.ListenerWD - List size is -->0
21:52:35.666  INFO  manager.ListenerWD - Before Find Element By -->By.xpath: //a[@href='/login']
21:52:35.680  INFO  manager.ListenerWD - After Find Element By -->By.xpath: //a[@href='/login']
21:52:35.714  INFO  manager.ListenerWD - Before Find Element By -->By.xpath: //input[@placeholder='Email']
21:52:35.742  INFO  manager.ListenerWD - After Find Element By -->By.xpath: //input[@placeholder='Email']
21:52:35.879  INFO  manager.ListenerWD - Before Find Element By -->By.xpath: //input[@placeholder='Password']
21:52:35.893  INFO  manager.ListenerWD - After Find Element By -->By.xpath: //input[@placeholder='Password']
21:52:36.021  INFO  manager.ListenerWD - Before Find Element By -->By.xpath: //button[2]
21:52:36.036  INFO  manager.ListenerWD - After Find Element By -->By.xpath: //button[2]
21:52:36.074  INFO  manager.ListenerWD - Before Find Elements By -->By.xpath: //button[text()='Sign Out']
21:52:36.283  INFO  manager.ListenerWD - After Find Elements By -->By.xpath: //button[text()='Sign Out']
21:52:36.284  INFO  manager.ListenerWD - List size is -->0
21:52:36.345  INFO  manager.ListenerWD - Before Find Elements By -->By.xpath: //button[text()='Sign Out']
21:52:41.376  INFO  manager.ListenerWD - After Find Elements By -->By.xpath: //button[text()='Sign Out']
21:52:41.377  INFO  manager.ListenerWD - List size is -->0
21:52:41.378  INFO  manager.ListenerWD - Before Find Element By -->By.xpath: //a[@href='/login']
21:52:41.421  INFO  manager.ListenerWD - After Find Element By -->By.xpath: //a[@href='/login']
21:52:41.465  INFO  manager.ListenerWD - Before Find Element By -->By.xpath: //input[@placeholder='Email']
21:52:41.496  INFO  manager.ListenerWD - After Find Element By -->By.xpath: //input[@placeholder='Email']
21:52:41.660  INFO  manager.ListenerWD - Before Find Element By -->By.xpath: //input[@placeholder='Password']
21:52:41.673  INFO  manager.ListenerWD - After Find Element By -->By.xpath: //input[@placeholder='Password']
21:52:41.784  INFO  manager.ListenerWD - Before Find Element By -->By.xpath: //button[2]
21:52:41.797  INFO  manager.ListenerWD - After Find Element By -->By.xpath: //button[2]
21:52:41.829  INFO  manager.ListenerWD - Before Find Elements By -->By.xpath: //button[text()='Sign Out']
21:52:41.969  INFO  manager.ListenerWD - After Find Elements By -->By.xpath: //button[text()='Sign Out']
21:52:41.971  INFO  manager.ListenerWD - List size is -->0
21:52:42.052  INFO  TestBase - Start checking authorization
21:52:42.054  INFO  manager.ListenerWD - Before Find Elements By -->By.xpath: //button[text()='Sign Out']
21:52:47.075  INFO  manager.ListenerWD - After Find Elements By -->By.xpath: //button[text()='Sign Out']
21:52:47.076  INFO  manager.ListenerWD - List size is -->0
21:52:47.076  INFO  TestBase - Test was not needed in logout 
21:52:47.078  INFO  manager.ListenerWD - Before Find Element By -->By.xpath: //a[@href='/login']
21:52:47.116  INFO  manager.ListenerWD - After Find Element By -->By.xpath: //a[@href='/login']
21:52:47.171  INFO  manager.ListenerWD - Before Find Element By -->By.xpath: //input[@placeholder='Email']
21:52:47.195  INFO  manager.ListenerWD - After Find Element By -->By.xpath: //input[@placeholder='Email']
21:52:47.364  INFO  manager.ListenerWD - Before Find Element By -->By.xpath: //input[@placeholder='Password']
21:52:47.377  INFO  manager.ListenerWD - After Find Element By -->By.xpath: //input[@placeholder='Password']
21:52:47.491  INFO  manager.ListenerWD - Before Find Element By -->By.xpath: //*[text()=' Login']
21:52:47.506  INFO  manager.ListenerWD - After Find Element By -->By.xpath: //*[text()=' Login']
21:52:47.540  INFO  manager.ListenerWD - Before Find Elements By -->By.xpath: //button[text()='Sign Out']
21:52:47.815  INFO  manager.ListenerWD - After Find Elements By -->By.xpath: //button[text()='Sign Out']
21:52:47.815  INFO  manager.ListenerWD - List size is -->0
21:52:47.913  INFO  TestBase - Start checking authorization
21:52:47.914  INFO  manager.ListenerWD - Before Find Elements By -->By.xpath: //button[text()='Sign Out']
21:52:52.966  INFO  manager.ListenerWD - After Find Elements By -->By.xpath: //button[text()='Sign Out']
21:52:52.967  INFO  manager.ListenerWD - List size is -->0
21:52:52.967  INFO  TestBase - Test was not needed in logout 
21:52:52.968  INFO  TestBase - Test LoginTests start with name ----->email   :evnikel@gmail.com & password  :Elena1234$@
21:52:52.968  INFO  manager.ListenerWD - Before Find Element By -->By.xpath: //a[@href='/login']
21:52:52.980  INFO  manager.ListenerWD - After Find Element By -->By.xpath: //a[@href='/login']
21:52:53.008  INFO  manager.ListenerWD - Before Find Element By -->By.xpath: //input[@placeholder='Email']
21:52:53.022  INFO  manager.ListenerWD - After Find Element By -->By.xpath: //input[@placeholder='Email']
21:52:53.150  INFO  manager.ListenerWD - Before Find Element By -->By.xpath: //input[@placeholder='Password']
21:52:53.162  INFO  manager.ListenerWD - After Find Element By -->By.xpath: //input[@placeholder='Password']
21:52:53.277  INFO  TestBase - User login data: email evnikel@gmail.com & password Elena1234$@ 
21:52:53.277  INFO  manager.ListenerWD - Before Find Element By -->By.xpath: //*[text()=' Login']
21:52:53.290  INFO  manager.ListenerWD - After Find Element By -->By.xpath: //*[text()=' Login']
21:52:53.322  INFO  manager.ListenerWD - Before Find Elements By -->By.xpath: //button[text()='Sign Out']
21:52:53.465  INFO  manager.ListenerWD - After Find Elements By -->By.xpath: //button[text()='Sign Out']
21:52:53.465  INFO  manager.ListenerWD - List size is -->1
21:52:53.465  INFO  TestBase -  Assert check is Sign Out button Present
21:52:53.467  INFO  TestBase - Start checking authorization
21:52:53.468  INFO  manager.ListenerWD - Before Find Elements By -->By.xpath: //button[text()='Sign Out']
21:52:53.493  INFO  manager.ListenerWD - After Find Elements By -->By.xpath: //button[text()='Sign Out']
21:52:53.493  INFO  manager.ListenerWD - List size is -->1
21:52:53.494  INFO  manager.ListenerWD - Before Find Element By -->By.xpath: //button[text()='Sign Out']
21:52:53.530  INFO  manager.ListenerWD - After Find Element By -->By.xpath: //button[text()='Sign Out']
21:52:53.603  INFO  TestBase - Test was needed in logout 
21:52:53.605  INFO  TestBase - Test LoginTests start with name ----->email   :evnikel2346@gmail.com & password  :Elena1234$@
21:52:53.605  INFO  manager.ListenerWD - Before Find Element By -->By.xpath: //a[@href='/login']
21:52:53.631  INFO  manager.ListenerWD - After Find Element By -->By.xpath: //a[@href='/login']
21:52:53.681  INFO  manager.ListenerWD - Before Find Element By -->By.xpath: //input[@placeholder='Email']
21:52:53.696  INFO  manager.ListenerWD - After Find Element By -->By.xpath: //input[@placeholder='Email']
21:52:53.809  INFO  manager.ListenerWD - Before Find Element By -->By.xpath: //input[@placeholder='Password']
21:52:53.825  INFO  manager.ListenerWD - After Find Element By -->By.xpath: //input[@placeholder='Password']
21:52:53.923  INFO  TestBase - User login data: email evnikel@gmail.com & password Elena1234$@ 
21:52:53.924  INFO  manager.ListenerWD - Before Find Element By -->By.xpath: //*[text()=' Login']
21:52:53.937  INFO  manager.ListenerWD - After Find Element By -->By.xpath: //*[text()=' Login']
21:52:53.971  INFO  manager.ListenerWD - Before Find Elements By -->By.xpath: //button[text()='Sign Out']
21:52:54.111  INFO  manager.ListenerWD - After Find Elements By -->By.xpath: //button[text()='Sign Out']
21:52:54.112  INFO  manager.ListenerWD - List size is -->1
21:52:54.112  INFO  TestBase -  Assert check is Sign Out button Present
21:52:54.113  INFO  TestBase - Start checking authorization
21:52:54.113  INFO  manager.ListenerWD - Before Find Elements By -->By.xpath: //button[text()='Sign Out']
21:52:54.129  INFO  manager.ListenerWD - After Find Elements By -->By.xpath: //button[text()='Sign Out']
21:52:54.129  INFO  manager.ListenerWD - List size is -->1
21:52:54.130  INFO  manager.ListenerWD - Before Find Element By -->By.xpath: //button[text()='Sign Out']
21:52:54.145  INFO  manager.ListenerWD - After Find Element By -->By.xpath: //button[text()='Sign Out']
21:52:54.191  INFO  TestBase - Test was needed in logout 
21:52:54.192  INFO  TestBase - Test LoginTests start with name ----->email   :evnikel2347@gmail.com & password  :Elena1234$@
21:52:54.192  INFO  manager.ListenerWD - Before Find Element By -->By.xpath: //a[@href='/login']
21:52:54.213  INFO  manager.ListenerWD - After Find Element By -->By.xpath: //a[@href='/login']
21:52:54.256  INFO  manager.ListenerWD - Before Find Element By -->By.xpath: //input[@placeholder='Email']
21:52:54.275  INFO  manager.ListenerWD - After Find Element By -->By.xpath: //input[@placeholder='Email']
21:52:54.414  INFO  manager.ListenerWD - Before Find Element By -->By.xpath: //input[@placeholder='Password']
21:52:54.426  INFO  manager.ListenerWD - After Find Element By -->By.xpath: //input[@placeholder='Password']
21:52:54.524  INFO  TestBase - User login data: email evnikel@gmail.com & password Elena1234$@ 
21:52:54.524  INFO  manager.ListenerWD - Before Find Element By -->By.xpath: //*[text()=' Login']
21:52:54.537  INFO  manager.ListenerWD - After Find Element By -->By.xpath: //*[text()=' Login']
21:52:54.570  INFO  manager.ListenerWD - Before Find Elements By -->By.xpath: //button[text()='Sign Out']
21:52:54.745  INFO  manager.ListenerWD - After Find Elements By -->By.xpath: //button[text()='Sign Out']
21:52:54.746  INFO  manager.ListenerWD - List size is -->1
21:52:54.746  INFO  TestBase -  Assert check is Sign Out button Present
21:52:54.750  INFO  TestBase - Start checking authorization
21:52:54.750  INFO  manager.ListenerWD - Before Find Elements By -->By.xpath: //button[text()='Sign Out']
21:52:54.789  INFO  manager.ListenerWD - After Find Elements By -->By.xpath: //button[text()='Sign Out']
21:52:54.790  INFO  manager.ListenerWD - List size is -->1
21:52:54.791  INFO  manager.ListenerWD - Before Find Element By -->By.xpath: //button[text()='Sign Out']
21:52:54.810  INFO  manager.ListenerWD - After Find Element By -->By.xpath: //button[text()='Sign Out']
21:52:54.858  INFO  TestBase - Test was needed in logout 
21:52:54.860  INFO  manager.ListenerWD - Before Find Element By -->By.xpath: //a[@href='/login']
21:52:54.878  INFO  manager.ListenerWD - After Find Element By -->By.xpath: //a[@href='/login']
21:52:54.922  INFO  manager.ListenerWD - Before Find Element By -->By.xpath: //input[@placeholder='Email']
21:52:54.938  INFO  manager.ListenerWD - After Find Element By -->By.xpath: //input[@placeholder='Email']
21:52:55.051  INFO  manager.ListenerWD - Before Find Element By -->By.xpath: //input[@placeholder='Password']
21:52:55.065  INFO  manager.ListenerWD - After Find Element By -->By.xpath: //input[@placeholder='Password']
21:52:55.177  INFO  manager.ListenerWD - Before Find Element By -->By.xpath: //*[text()=' Login']
21:52:55.192  INFO  manager.ListenerWD - After Find Element By -->By.xpath: //*[text()=' Login']
21:52:55.229  INFO  manager.ListenerWD - Before Find Elements By -->By.xpath: //button[text()='Sign Out']
21:52:55.436  INFO  manager.ListenerWD - After Find Elements By -->By.xpath: //button[text()='Sign Out']
21:52:55.437  INFO  manager.ListenerWD - List size is -->1
21:52:55.441  INFO  TestBase - Start checking authorization
21:52:55.441  INFO  manager.ListenerWD - Before Find Elements By -->By.xpath: //button[text()='Sign Out']
21:52:55.478  INFO  manager.ListenerWD - After Find Elements By -->By.xpath: //button[text()='Sign Out']
21:52:55.478  INFO  manager.ListenerWD - List size is -->1
21:52:55.478  INFO  manager.ListenerWD - Before Find Element By -->By.xpath: //button[text()='Sign Out']
21:52:55.516  INFO  manager.ListenerWD - After Find Element By -->By.xpath: //button[text()='Sign Out']
21:52:55.633  INFO  TestBase - Test was needed in logout 
21:52:55.636  INFO  TestBase - Login scenario success was used dataUser{email='evnikel@gmail.com', password='Elena1234$@'}
21:52:55.637  INFO  manager.ListenerWD - Before Find Element By -->By.xpath: //a[@href='/login']
21:52:55.678  INFO  manager.ListenerWD - After Find Element By -->By.xpath: //a[@href='/login']
21:52:55.784  INFO  manager.ListenerWD - Before Find Element By -->By.xpath: //input[@placeholder='Email']
21:52:55.828  INFO  manager.ListenerWD - After Find Element By -->By.xpath: //input[@placeholder='Email']
21:52:56.154  INFO  manager.ListenerWD - Before Find Element By -->By.xpath: //input[@placeholder='Password']
21:52:56.195  INFO  manager.ListenerWD - After Find Element By -->By.xpath: //input[@placeholder='Password']
21:52:56.438  INFO  TestBase - Test start loginSuccessModels - run with username and passwordUser{email='evnikel@gmail.com', password='Elena1234$@'}
21:52:56.438  INFO  manager.ListenerWD - Before Find Element By -->By.xpath: //*[text()=' Login']
21:52:56.452  INFO  manager.ListenerWD - After Find Element By -->By.xpath: //*[text()=' Login']
21:52:56.489  INFO  manager.ListenerWD - Before Find Elements By -->By.xpath: //button[text()='Sign Out']
21:52:56.655  INFO  manager.ListenerWD - After Find Elements By -->By.xpath: //button[text()='Sign Out']
21:52:56.656  INFO  manager.ListenerWD - List size is -->1
21:52:56.661  INFO  TestBase - Start checking authorization
21:52:56.661  INFO  manager.ListenerWD - Before Find Elements By -->By.xpath: //button[text()='Sign Out']
21:52:56.701  INFO  manager.ListenerWD - After Find Elements By -->By.xpath: //button[text()='Sign Out']
21:52:56.702  INFO  manager.ListenerWD - List size is -->1
21:52:56.702  INFO  manager.ListenerWD - Before Find Element By -->By.xpath: //button[text()='Sign Out']
21:52:56.741  INFO  manager.ListenerWD - After Find Element By -->By.xpath: //button[text()='Sign Out']
21:52:56.856  INFO  TestBase - Test was needed in logout 
21:52:56.858  INFO  TestBase - Login scenario success was used dataUser{email='evnikel2346@gmail.com', password='Elena1234$@'}
21:52:56.859  INFO  manager.ListenerWD - Before Find Element By -->By.xpath: //a[@href='/login']
21:52:56.898  INFO  manager.ListenerWD - After Find Element By -->By.xpath: //a[@href='/login']
21:52:57.005  INFO  manager.ListenerWD - Before Find Element By -->By.xpath: //input[@placeholder='Email']
21:52:57.051  INFO  manager.ListenerWD - After Find Element By -->By.xpath: //input[@placeholder='Email']
21:52:57.273  INFO  manager.ListenerWD - Before Find Element By -->By.xpath: //input[@placeholder='Password']
21:52:57.288  INFO  manager.ListenerWD - After Find Element By -->By.xpath: //input[@placeholder='Password']
21:52:57.392  INFO  TestBase - Test start loginSuccessModels - run with username and passwordUser{email='evnikel2346@gmail.com', password='Elena1234$@'}
21:52:57.392  INFO  manager.ListenerWD - Before Find Element By -->By.xpath: //*[text()=' Login']
21:52:57.405  INFO  manager.ListenerWD - After Find Element By -->By.xpath: //*[text()=' Login']
21:52:57.443  INFO  manager.ListenerWD - Before Find Elements By -->By.xpath: //button[text()='Sign Out']
21:52:57.605  INFO  manager.ListenerWD - After Find Elements By -->By.xpath: //button[text()='Sign Out']
21:52:57.606  INFO  manager.ListenerWD - List size is -->1
21:52:57.608  INFO  TestBase - Start checking authorization
21:52:57.609  INFO  manager.ListenerWD - Before Find Elements By -->By.xpath: //button[text()='Sign Out']
21:52:57.651  INFO  manager.ListenerWD - After Find Elements By -->By.xpath: //button[text()='Sign Out']
21:52:57.651  INFO  manager.ListenerWD - List size is -->1
21:52:57.651  INFO  manager.ListenerWD - Before Find Element By -->By.xpath: //button[text()='Sign Out']
21:52:57.687  INFO  manager.ListenerWD - After Find Element By -->By.xpath: //button[text()='Sign Out']
21:52:57.779  INFO  TestBase - Test was needed in logout 
21:52:57.781  INFO  TestBase - Login scenario success was used dataUser{email='evnikel2347@gmail.com', password='Elena1234$@'}
21:52:57.782  INFO  manager.ListenerWD - Before Find Element By -->By.xpath: //a[@href='/login']
21:52:57.806  INFO  manager.ListenerWD - After Find Element By -->By.xpath: //a[@href='/login']
21:52:57.862  INFO  manager.ListenerWD - Before Find Element By -->By.xpath: //input[@placeholder='Email']
21:52:57.883  INFO  manager.ListenerWD - After Find Element By -->By.xpath: //input[@placeholder='Email']
21:52:58.028  INFO  manager.ListenerWD - Before Find Element By -->By.xpath: //input[@placeholder='Password']
21:52:58.040  INFO  manager.ListenerWD - After Find Element By -->By.xpath: //input[@placeholder='Password']
21:52:58.136  INFO  TestBase - Test start loginSuccessModels - run with username and passwordUser{email='evnikel2347@gmail.com', password='Elena1234$@'}
21:52:58.136  INFO  manager.ListenerWD - Before Find Element By -->By.xpath: //*[text()=' Login']
21:52:58.148  INFO  manager.ListenerWD - After Find Element By -->By.xpath: //*[text()=' Login']
21:52:58.183  INFO  manager.ListenerWD - Before Find Elements By -->By.xpath: //button[text()='Sign Out']
21:52:58.343  INFO  manager.ListenerWD - After Find Elements By -->By.xpath: //button[text()='Sign Out']
21:52:58.343  INFO  manager.ListenerWD - List size is -->1
