21:08:52.018  INFO  manager.ApplicationManager - Chrome Driver was opened
21:08:54.936  INFO  manager.ApplicationManager - Current URL is -->https://contacts-app.tobbymarshall815.vercel.app/home
21:08:55.064  INFO  TestBase - Start checking authorization
21:08:55.068  INFO  manager.ListenerWD - Before Find Elements By -->By.xpath: //button[text()='Sign Out']
21:09:00.130  INFO  manager.ListenerWD - After Find Elements By -->By.xpath: //button[text()='Sign Out']
21:09:00.131  INFO  manager.ListenerWD - List size is -->0
21:09:00.132  INFO  TestBase - Test was not needed in logout 
21:09:00.138  INFO  manager.ListenerWD - Before Find Element By -->By.xpath: //a[@href='/login']
21:09:00.202  INFO  manager.ListenerWD - After Find Element By -->By.xpath: //a[@href='/login']
21:09:00.401  INFO  manager.ListenerWD - Before Find Element By -->By.xpath: //input[@placeholder='Email']
21:09:00.475  INFO  manager.ListenerWD - After Find Element By -->By.xpath: //input[@placeholder='Email']
21:09:00.832  INFO  manager.ListenerWD - Before Find Element By -->By.xpath: //input[@placeholder='Password']
21:09:00.893  INFO  manager.ListenerWD - After Find Element By -->By.xpath: //input[@placeholder='Password']
21:09:01.222  INFO  manager.ListenerWD - Before Find Element By -->By.xpath: //*[text()=' Login']
21:09:01.289  INFO  manager.ListenerWD - After Find Element By -->By.xpath: //*[text()=' Login']
21:09:01.381  INFO  manager.ListenerWD - Before Find Elements By -->By.xpath: //button[text()='Sign Out']
21:09:02.101  INFO  manager.ListenerWD - After Find Elements By -->By.xpath: //button[text()='Sign Out']
21:09:02.101  INFO  manager.ListenerWD - List size is -->0
21:09:02.304  INFO  TestBase - Start checking authorization
21:09:02.306  INFO  manager.ListenerWD - Before Find Elements By -->By.xpath: //button[text()='Sign Out']
21:09:07.344  INFO  manager.ListenerWD - After Find Elements By -->By.xpath: //button[text()='Sign Out']
21:09:07.345  INFO  manager.ListenerWD - List size is -->0
21:09:07.345  INFO  TestBase - Test was not needed in logout 
21:09:07.346  INFO  TestBase - User login with data: email evnikel@gmail.com & password  Elena1234$@
21:09:07.347  INFO  manager.ListenerWD - Before Find Element By -->By.xpath: //a[@href='/login']
21:09:07.380  INFO  manager.ListenerWD - After Find Element By -->By.xpath: //a[@href='/login']
21:09:07.482  INFO  manager.ListenerWD - Before Find Element By -->By.xpath: //input[@placeholder='Email']
21:09:07.530  INFO  manager.ListenerWD - After Find Element By -->By.xpath: //input[@placeholder='Email']
21:09:07.846  INFO  manager.ListenerWD - Before Find Element By -->By.xpath: //input[@placeholder='Password']
21:09:07.889  INFO  manager.ListenerWD - After Find Element By -->By.xpath: //input[@placeholder='Password']
21:09:08.194  INFO  TestBase - User login data: email evnikel@gmail.com & password Elena1234$@ 
21:09:08.195  INFO  manager.ListenerWD - Before Find Element By -->By.xpath: //*[text()=' Login']
21:09:08.251  INFO  manager.ListenerWD - After Find Element By -->By.xpath: //*[text()=' Login']
21:09:08.338  INFO  manager.ListenerWD - Before Find Elements By -->By.xpath: //button[text()='Sign Out']
21:09:08.534  INFO  manager.ListenerWD - After Find Elements By -->By.xpath: //button[text()='Sign Out']
21:09:08.535  INFO  manager.ListenerWD - List size is -->1
21:09:08.537  INFO  TestBase -  Assert check is Sign Out button Present
21:09:08.542  INFO  TestBase - Start checking authorization
21:09:08.543  INFO  manager.ListenerWD - Before Find Elements By -->By.xpath: //button[text()='Sign Out']
21:09:08.623  INFO  manager.ListenerWD - After Find Elements By -->By.xpath: //button[text()='Sign Out']
21:09:08.624  INFO  manager.ListenerWD - List size is -->1
21:09:08.624  INFO  manager.ListenerWD - Before Find Element By -->By.xpath: //button[text()='Sign Out']
21:09:08.797  INFO  manager.ListenerWD - After Find Element By -->By.xpath: //button[text()='Sign Out']
21:09:08.898  INFO  TestBase - Test was needed in logout 
21:09:08.904  INFO  manager.ListenerWD - Before Find Element By -->By.xpath: //a[@href='/login']
21:09:08.969  INFO  manager.ListenerWD - After Find Element By -->By.xpath: //a[@href='/login']
21:09:09.065  INFO  manager.ListenerWD - Before Find Element By -->By.xpath: //input[@placeholder='Email']
21:09:09.106  INFO  manager.ListenerWD - After Find Element By -->By.xpath: //input[@placeholder='Email']
21:09:09.344  INFO  manager.ListenerWD - Before Find Element By -->By.xpath: //input[@placeholder='Password']
21:09:09.388  INFO  manager.ListenerWD - After Find Element By -->By.xpath: //input[@placeholder='Password']
21:09:09.659  INFO  manager.ListenerWD - Before Find Element By -->By.xpath: //*[text()=' Login']
21:09:09.704  INFO  manager.ListenerWD - After Find Element By -->By.xpath: //*[text()=' Login']
21:09:09.799  INFO  manager.ListenerWD - Before Find Elements By -->By.xpath: //button[text()='Sign Out']
21:09:09.974  INFO  manager.ListenerWD - After Find Elements By -->By.xpath: //button[text()='Sign Out']
21:09:09.975  INFO  manager.ListenerWD - List size is -->1
