21:21:13.308  INFO  manager.ListenerNG - onStart
21:21:17.025  INFO  manager.ApplicationManager - Chrome Driver was opened
21:21:18.862  INFO  manager.ApplicationManager - Current URL is -->https://contacts-app.tobbymarshall815.vercel.app/home
21:21:18.896  INFO  manager.ListenerNG - onStart
21:21:18.957  INFO  manager.ListenerWD - Before Find Elements By -->By.xpath: //button[text()='Sign Out']
21:21:24.002  INFO  manager.ListenerWD - After Find Elements By -->By.xpath: //button[text()='Sign Out']
21:21:24.003  INFO  manager.ListenerWD - List size is -->0
21:21:24.003  INFO  manager.ListenerWD - Before Find Element By -->By.xpath: //a[@href='/login']
21:21:24.039  INFO  manager.ListenerWD - After Find Element By -->By.xpath: //a[@href='/login']
21:21:24.126  INFO  manager.ListenerWD - Before Find Element By -->By.xpath: //input[@placeholder='Email']
21:21:24.165  INFO  manager.ListenerWD - After Find Element By -->By.xpath: //input[@placeholder='Email']
21:21:24.342  INFO  manager.ListenerWD - Before Find Element By -->By.xpath: //input[@placeholder='Password']
21:21:24.382  INFO  manager.ListenerWD - After Find Element By -->By.xpath: //input[@placeholder='Password']
21:21:24.559  INFO  manager.ListenerWD - Before Find Element By -->By.xpath: //*[text()=' Login']
21:21:24.593  INFO  manager.ListenerWD - After Find Element By -->By.xpath: //*[text()=' Login']
21:21:24.651  INFO  manager.ListenerNG - onTestStart
21:21:25.169  INFO  manager.ListenerWD - Before Find Element By -->By.xpath: //a[text()='ADD']
21:21:25.336  INFO  manager.ListenerWD - After Find Element By -->By.xpath: //a[text()='ADD']
21:21:25.392  INFO  manager.ListenerWD - Before Find Element By -->By.cssSelector: [placeholder='Name']
21:21:25.429  INFO  manager.ListenerWD - After Find Element By -->By.cssSelector: [placeholder='Name']
21:21:25.577  INFO  manager.ListenerWD - Before Find Element By -->By.cssSelector: [placeholder='Last Name']
21:21:25.611  INFO  manager.ListenerWD - After Find Element By -->By.cssSelector: [placeholder='Last Name']
21:21:25.756  INFO  manager.ListenerWD - Before Find Element By -->By.cssSelector: [placeholder='Phone']
21:21:25.789  INFO  manager.ListenerWD - After Find Element By -->By.cssSelector: [placeholder='Phone']
21:21:25.947  INFO  manager.ListenerWD - Before Find Element By -->By.cssSelector: [placeholder='email']
21:21:25.986  INFO  manager.ListenerWD - After Find Element By -->By.cssSelector: [placeholder='email']
21:21:26.140  INFO  manager.ListenerWD - Before Find Element By -->By.cssSelector: [placeholder='Address']
21:21:26.168  INFO  manager.ListenerWD - After Find Element By -->By.cssSelector: [placeholder='Address']
21:21:26.317  INFO  manager.ListenerWD - Before Find Element By -->By.cssSelector: [placeholder='description']
21:21:26.342  INFO  manager.ListenerWD - After Find Element By -->By.cssSelector: [placeholder='description']
21:21:26.414  INFO  manager.ListenerWD - Before Find Element By -->By.cssSelector: .add_form__2rsm2 button
21:21:26.445  INFO  manager.ListenerWD - After Find Element By -->By.cssSelector: .add_form__2rsm2 button
21:21:26.504  INFO  manager.ListenerWD - Before Find Elements By -->By.cssSelector: h2
21:21:27.094  INFO  manager.ListenerWD - After Find Elements By -->By.cssSelector: h2
21:21:27.095  INFO  manager.ListenerWD - List size is -->25
21:21:27.563  INFO  manager.ListenerWD - Before Find Elements By -->By.cssSelector: h3
21:21:27.767  INFO  manager.ListenerWD - After Find Elements By -->By.cssSelector: h3
21:21:27.768  INFO  manager.ListenerWD - List size is -->25
21:21:28.215  INFO  manager.ListenerNG - onTestSuccess
21:21:28.223  INFO  manager.ListenerWD - Before Find Elements By -->By.xpath: //button[text()='Sign Out']
21:21:28.240  INFO  manager.ListenerWD - After Find Elements By -->By.xpath: //button[text()='Sign Out']
21:21:28.240  INFO  manager.ListenerWD - List size is -->1
21:21:28.241  INFO  manager.ListenerNG - onTestStart
21:21:28.260  INFO  TestBase - The test used contact : Contact(name=Lisa, lastName=Boi, phone=12345678, email=lis@gmail.com, address=Israel, description=My best friend)
21:21:28.764  INFO  manager.ListenerWD - Before Find Element By -->By.xpath: //a[text()='ADD']
21:21:28.777  INFO  manager.ListenerWD - After Find Element By -->By.xpath: //a[text()='ADD']
21:21:28.811  INFO  manager.ListenerWD - Before Find Element By -->By.cssSelector: [placeholder='Name']
21:21:28.833  INFO  manager.ListenerWD - After Find Element By -->By.cssSelector: [placeholder='Name']
21:21:28.951  INFO  manager.ListenerWD - Before Find Element By -->By.cssSelector: [placeholder='Last Name']
21:21:28.968  INFO  manager.ListenerWD - After Find Element By -->By.cssSelector: [placeholder='Last Name']
21:21:29.092  INFO  manager.ListenerWD - Before Find Element By -->By.cssSelector: [placeholder='Phone']
21:21:29.112  INFO  manager.ListenerWD - After Find Element By -->By.cssSelector: [placeholder='Phone']
21:21:29.231  INFO  manager.ListenerWD - Before Find Element By -->By.cssSelector: [placeholder='email']
21:21:29.248  INFO  manager.ListenerWD - After Find Element By -->By.cssSelector: [placeholder='email']
21:21:29.405  INFO  manager.ListenerWD - Before Find Element By -->By.cssSelector: [placeholder='Address']
21:21:29.424  INFO  manager.ListenerWD - After Find Element By -->By.cssSelector: [placeholder='Address']
21:21:29.558  INFO  manager.ListenerWD - Before Find Element By -->By.cssSelector: [placeholder='description']
21:21:29.577  INFO  manager.ListenerWD - After Find Element By -->By.cssSelector: [placeholder='description']
21:21:29.734  INFO  manager.ListenerWD - Before Find Element By -->By.cssSelector: [placeholder='description']
21:21:29.756  INFO  manager.ListenerWD - After Find Element By -->By.cssSelector: [placeholder='description']
21:21:29.790  INFO  manager.ListenerWD - Before Find Element By -->By.cssSelector: .add_form__2rsm2 button
21:21:29.804  INFO  manager.ListenerWD - After Find Element By -->By.cssSelector: .add_form__2rsm2 button
21:21:29.851  INFO  manager.ListenerWD - Before Find Element By -->By.cssSelector: button b
21:21:29.893  INFO  manager.ListenerWD - After Find Element By -->By.cssSelector: button b
21:21:29.942  INFO  manager.ListenerWD - Before Find Elements By -->By.cssSelector: h2
21:21:30.365  INFO  manager.ListenerWD - After Find Elements By -->By.cssSelector: h2
21:21:30.365  INFO  manager.ListenerWD - List size is -->27
21:21:30.543  INFO  manager.ListenerWD - Before Find Elements By -->By.cssSelector: h3
21:21:30.717  INFO  manager.ListenerWD - After Find Elements By -->By.cssSelector: h3
21:21:30.718  INFO  manager.ListenerWD - List size is -->27
21:21:30.880  INFO  manager.ListenerNG - onTestSuccess
21:21:30.881  INFO  manager.ListenerWD - Before Find Elements By -->By.xpath: //button[text()='Sign Out']
21:21:30.898  INFO  manager.ListenerWD - After Find Elements By -->By.xpath: //button[text()='Sign Out']
21:21:30.898  INFO  manager.ListenerWD - List size is -->1
21:21:30.899  INFO  manager.ListenerNG - onTestStart
21:21:30.899  INFO  TestBase - The test used contact : Contact(name=Olga, lastName=Boi, phone=12345679, email=olga@gmail.com, address=Israel, description=My best friend)
21:21:31.411  INFO  manager.ListenerWD - Before Find Element By -->By.xpath: //a[text()='ADD']
21:21:31.434  INFO  manager.ListenerWD - After Find Element By -->By.xpath: //a[text()='ADD']
21:21:31.493  INFO  manager.ListenerWD - Before Find Element By -->By.cssSelector: [placeholder='Name']
21:21:31.521  INFO  manager.ListenerWD - After Find Element By -->By.cssSelector: [placeholder='Name']
21:21:31.751  INFO  manager.ListenerWD - Before Find Element By -->By.cssSelector: [placeholder='Last Name']
21:21:31.775  INFO  manager.ListenerWD - After Find Element By -->By.cssSelector: [placeholder='Last Name']
21:21:31.928  INFO  manager.ListenerWD - Before Find Element By -->By.cssSelector: [placeholder='Phone']
21:21:31.951  INFO  manager.ListenerWD - After Find Element By -->By.cssSelector: [placeholder='Phone']
21:21:32.098  INFO  manager.ListenerWD - Before Find Element By -->By.cssSelector: [placeholder='email']
21:21:32.123  INFO  manager.ListenerWD - After Find Element By -->By.cssSelector: [placeholder='email']
21:21:32.302  INFO  manager.ListenerWD - Before Find Element By -->By.cssSelector: [placeholder='Address']
21:21:32.317  INFO  manager.ListenerWD - After Find Element By -->By.cssSelector: [placeholder='Address']
21:21:32.490  INFO  manager.ListenerWD - Before Find Element By -->By.cssSelector: [placeholder='description']
21:21:32.508  INFO  manager.ListenerWD - After Find Element By -->By.cssSelector: [placeholder='description']
21:21:32.671  INFO  manager.ListenerWD - Before Find Element By -->By.cssSelector: [placeholder='description']
21:21:32.689  INFO  manager.ListenerWD - After Find Element By -->By.cssSelector: [placeholder='description']
21:21:32.720  INFO  manager.ListenerWD - Before Find Element By -->By.cssSelector: .add_form__2rsm2 button
21:21:32.743  INFO  manager.ListenerWD - After Find Element By -->By.cssSelector: .add_form__2rsm2 button
21:21:32.813  INFO  manager.ListenerWD - Before Find Element By -->By.cssSelector: button b
21:21:32.831  INFO  manager.ListenerWD - After Find Element By -->By.cssSelector: button b
21:21:32.880  INFO  manager.ListenerWD - Before Find Elements By -->By.cssSelector: h2
21:21:33.304  INFO  manager.ListenerWD - After Find Elements By -->By.cssSelector: h2
21:21:33.304  INFO  manager.ListenerWD - List size is -->29
21:21:33.499  INFO  manager.ListenerWD - Before Find Elements By -->By.cssSelector: h3
21:21:33.701  INFO  manager.ListenerWD - After Find Elements By -->By.cssSelector: h3
21:21:33.702  INFO  manager.ListenerWD - List size is -->29
21:21:33.959  INFO  manager.ListenerNG - onTestSuccess
21:21:33.961  INFO  manager.ListenerWD - Before Find Elements By -->By.xpath: //button[text()='Sign Out']
21:21:33.985  INFO  manager.ListenerWD - After Find Elements By -->By.xpath: //button[text()='Sign Out']
21:21:33.986  INFO  manager.ListenerWD - List size is -->1
21:21:33.987  INFO  manager.ListenerNG - onTestStart
21:21:33.987  INFO  TestBase - The test used contact : Contact(name=Elena, lastName=Boi, phone=12345677, email=elena@gmail.com, address=Israel, description=My best friend)
21:21:34.498  INFO  manager.ListenerWD - Before Find Element By -->By.xpath: //a[text()='ADD']
21:21:34.537  INFO  manager.ListenerWD - After Find Element By -->By.xpath: //a[text()='ADD']
21:21:34.600  INFO  manager.ListenerWD - Before Find Element By -->By.cssSelector: [placeholder='Name']
21:21:34.626  INFO  manager.ListenerWD - After Find Element By -->By.cssSelector: [placeholder='Name']
21:21:34.856  INFO  manager.ListenerWD - Before Find Element By -->By.cssSelector: [placeholder='Last Name']
21:21:34.873  INFO  manager.ListenerWD - After Find Element By -->By.cssSelector: [placeholder='Last Name']
21:21:35.222  INFO  manager.ListenerWD - Before Find Element By -->By.cssSelector: [placeholder='Phone']
21:21:35.257  INFO  manager.ListenerWD - After Find Element By -->By.cssSelector: [placeholder='Phone']
21:21:35.481  INFO  manager.ListenerWD - Before Find Element By -->By.cssSelector: [placeholder='email']
21:21:35.505  INFO  manager.ListenerWD - After Find Element By -->By.cssSelector: [placeholder='email']
21:21:35.840  INFO  manager.ListenerWD - Before Find Element By -->By.cssSelector: [placeholder='Address']
21:21:35.865  INFO  manager.ListenerWD - After Find Element By -->By.cssSelector: [placeholder='Address']
21:21:36.072  INFO  manager.ListenerWD - Before Find Element By -->By.cssSelector: [placeholder='description']
21:21:36.097  INFO  manager.ListenerWD - After Find Element By -->By.cssSelector: [placeholder='description']
21:21:36.310  INFO  manager.ListenerWD - Before Find Element By -->By.cssSelector: [placeholder='description']
21:21:36.347  INFO  manager.ListenerWD - After Find Element By -->By.cssSelector: [placeholder='description']
21:21:36.404  INFO  manager.ListenerWD - Before Find Element By -->By.cssSelector: .add_form__2rsm2 button
21:21:36.426  INFO  manager.ListenerWD - After Find Element By -->By.cssSelector: .add_form__2rsm2 button
21:21:36.520  INFO  manager.ListenerWD - Before Find Element By -->By.cssSelector: button b
21:21:36.544  INFO  manager.ListenerWD - After Find Element By -->By.cssSelector: button b
21:21:36.610  INFO  manager.ListenerWD - Before Find Elements By -->By.cssSelector: h2
21:21:37.108  INFO  manager.ListenerWD - After Find Elements By -->By.cssSelector: h2
21:21:37.108  INFO  manager.ListenerWD - List size is -->31
21:21:37.712  INFO  manager.ListenerWD - Before Find Elements By -->By.cssSelector: h3
21:21:38.055  INFO  manager.ListenerWD - After Find Elements By -->By.cssSelector: h3
21:21:38.056  INFO  manager.ListenerWD - List size is -->31
21:21:38.522  INFO  manager.ListenerNG - onTestSuccess
21:21:38.524  INFO  manager.ListenerWD - Before Find Elements By -->By.xpath: //button[text()='Sign Out']
21:21:38.542  INFO  manager.ListenerWD - After Find Elements By -->By.xpath: //button[text()='Sign Out']
21:21:38.543  INFO  manager.ListenerWD - List size is -->1
21:21:38.543  INFO  manager.ListenerNG - onTestStart
21:21:38.544  INFO  TestBase - The test used contact : Contact(name=Pol, lastName=Boi, phone=12345676, email=pol@gmail.com, address=Israel, description=My best friend)
21:21:39.057  INFO  manager.ListenerWD - Before Find Element By -->By.xpath: //a[text()='ADD']
21:21:39.076  INFO  manager.ListenerWD - After Find Element By -->By.xpath: //a[text()='ADD']
21:21:39.148  INFO  manager.ListenerWD - Before Find Element By -->By.cssSelector: [placeholder='Name']
21:21:39.172  INFO  manager.ListenerWD - After Find Element By -->By.cssSelector: [placeholder='Name']
21:21:39.369  INFO  manager.ListenerWD - Before Find Element By -->By.cssSelector: [placeholder='Last Name']
21:21:39.392  INFO  manager.ListenerWD - After Find Element By -->By.cssSelector: [placeholder='Last Name']
21:21:39.603  INFO  manager.ListenerWD - Before Find Element By -->By.cssSelector: [placeholder='Phone']
21:21:39.627  INFO  manager.ListenerWD - After Find Element By -->By.cssSelector: [placeholder='Phone']
21:21:39.849  INFO  manager.ListenerWD - Before Find Element By -->By.cssSelector: [placeholder='email']
21:21:39.874  INFO  manager.ListenerWD - After Find Element By -->By.cssSelector: [placeholder='email']
21:21:40.070  INFO  manager.ListenerWD - Before Find Element By -->By.cssSelector: [placeholder='Address']
21:21:40.089  INFO  manager.ListenerWD - After Find Element By -->By.cssSelector: [placeholder='Address']
21:21:40.256  INFO  manager.ListenerWD - Before Find Element By -->By.cssSelector: [placeholder='description']
21:21:40.277  INFO  manager.ListenerWD - After Find Element By -->By.cssSelector: [placeholder='description']
21:21:40.505  INFO  manager.ListenerWD - Before Find Element By -->By.cssSelector: [placeholder='description']
21:21:40.526  INFO  manager.ListenerWD - After Find Element By -->By.cssSelector: [placeholder='description']
21:21:40.558  INFO  manager.ListenerWD - Before Find Element By -->By.cssSelector: .add_form__2rsm2 button
21:21:40.582  INFO  manager.ListenerWD - After Find Element By -->By.cssSelector: .add_form__2rsm2 button
21:21:40.666  INFO  manager.ListenerWD - Before Find Element By -->By.cssSelector: button b
21:21:40.689  INFO  manager.ListenerWD - After Find Element By -->By.cssSelector: button b
21:21:40.744  INFO  manager.ListenerWD - Before Find Elements By -->By.cssSelector: h2
21:21:41.337  INFO  manager.ListenerWD - After Find Elements By -->By.cssSelector: h2
21:21:41.337  INFO  manager.ListenerWD - List size is -->33
21:21:41.781  INFO  manager.ListenerWD - Before Find Elements By -->By.cssSelector: h3
21:21:42.142  INFO  manager.ListenerWD - After Find Elements By -->By.cssSelector: h3
21:21:42.143  INFO  manager.ListenerWD - List size is -->33
21:21:42.547  INFO  manager.ListenerNG - onTestSuccess
21:21:42.549  INFO  manager.ListenerWD - Before Find Elements By -->By.xpath: //button[text()='Sign Out']
21:21:42.570  INFO  manager.ListenerWD - After Find Elements By -->By.xpath: //button[text()='Sign Out']
21:21:42.570  INFO  manager.ListenerWD - List size is -->1
21:21:42.570  INFO  manager.ListenerNG - onTestStart
21:21:43.084  INFO  manager.ListenerWD - Before Find Element By -->By.xpath: //a[text()='ADD']
21:21:43.103  INFO  manager.ListenerWD - After Find Element By -->By.xpath: //a[text()='ADD']
21:21:43.156  INFO  manager.ListenerWD - Before Find Element By -->By.cssSelector: [placeholder='Name']
21:21:43.185  INFO  manager.ListenerWD - After Find Element By -->By.cssSelector: [placeholder='Name']
21:21:43.330  INFO  manager.ListenerWD - Before Find Element By -->By.cssSelector: [placeholder='Phone']
21:21:43.347  INFO  manager.ListenerWD - After Find Element By -->By.cssSelector: [placeholder='Phone']
21:21:43.520  INFO  manager.ListenerWD - Before Find Element By -->By.cssSelector: [placeholder='email']
21:21:43.534  INFO  manager.ListenerWD - After Find Element By -->By.cssSelector: [placeholder='email']
21:21:43.698  INFO  manager.ListenerWD - Before Find Element By -->By.cssSelector: [placeholder='Address']
21:21:43.715  INFO  manager.ListenerWD - After Find Element By -->By.cssSelector: [placeholder='Address']
21:21:43.868  INFO  manager.ListenerWD - Before Find Element By -->By.cssSelector: [placeholder='description']
21:21:43.884  INFO  manager.ListenerWD - After Find Element By -->By.cssSelector: [placeholder='description']
21:21:44.037  INFO  manager.ListenerWD - Before Find Element By -->By.cssSelector: [placeholder='description']
21:21:44.051  INFO  manager.ListenerWD - After Find Element By -->By.cssSelector: [placeholder='description']
21:21:44.080  INFO  manager.ListenerWD - Before Find Element By -->By.cssSelector: .add_form__2rsm2 button
21:21:44.095  INFO  manager.ListenerWD - After Find Element By -->By.cssSelector: .add_form__2rsm2 button
21:21:44.158  INFO  manager.ListenerWD - Before Find Elements By -->By.cssSelector: a.active[href='/add']
21:21:44.182  INFO  manager.ListenerWD - After Find Elements By -->By.cssSelector: a.active[href='/add']
21:21:44.183  INFO  manager.ListenerWD - List size is -->1
21:21:44.183  INFO  manager.ListenerNG - onTestSuccess
21:21:44.186  INFO  manager.ListenerNG - onTestStart
21:21:44.187  INFO  TestBase - Test LoginTests start with name ----->email   :evnikel@gmail.com & password  :Elena1234$@
21:21:44.188  INFO  manager.ListenerWD - Before Find Element By -->By.xpath: //a[@href='/login']
21:21:49.203  INFO  manager.ListenerWD - We have a 'problem'
21:21:49.204  INFO  manager.ListenerWD - The name of error method  findElement
21:21:49.207  INFO  manager.ListenerWD - Describe of error org.openqa.selenium.NoSuchElementException: no such element: Unable to locate element: {"method":"xpath","selector":"//a[@href='/login']"}
  (Session info: chrome=106.0.5249.119)
For documentation on this error, please visit: https://selenium.dev/exceptions/#no_such_element
Build info: version: '4.4.0', revision: 'e5c75ed026a'
System info: host: 'DESKTOP-EVABS4F', ip: '192.168.1.138', os.name: 'Windows 11', os.arch: 'amd64', os.version: '10.0', java.version: '11.0.16.1'
Driver info: org.openqa.selenium.chrome.ChromeDriver
Command: [9f9b634994a95ad8a069c468adc8569f, findElement {using=xpath, value=//a[@href='/login']}]
Capabilities {acceptInsecureCerts: false, browserName: chrome, browserVersion: 106.0.5249.119, chrome: {chromedriverVersion: 106.0.5249.61 (511755355844..., userDataDir: C:\Users\evnik\AppData\Loca...}, goog:chromeOptions: {debuggerAddress: localhost:56320}, networkConnectionEnabled: false, pageLoadStrategy: normal, platformName: WINDOWS, proxy: Proxy(), se:cdp: ws://localhost:56320/devtoo..., se:cdpVersion: 106.0.5249.119, setWindowRect: true, strictFileInteractability: false, timeouts: {implicit: 0, pageLoad: 300000, script: 30000}, unhandledPromptBehavior: dismiss and notify, webauthn:extension:credBlob: true, webauthn:extension:largeBlob: true, webauthn:virtualAuthenticators: true}
Session ID: 9f9b634994a95ad8a069c468adc8569f
21:21:49.208  INFO  manager.ListenerWD - *********************
21:21:49.208  INFO  manager.ListenerWD - ChromeDriver: chrome on WINDOWS (9f9b634994a95ad8a069c468adc8569f)
21:21:49.211  INFO  manager.ListenerWD - Screen with error is 1144   src/test/screenshots/screen1144.png
21:21:50.103  INFO  manager.ListenerNG - onTestFailure
21:21:50.104  INFO  manager.ListenerNG - onTestStart
21:21:50.107  INFO  TestBase - Test LoginTests start with name ----->email   :evnikel2346@gmail.com & password  :Elena1234$@
21:21:50.107  INFO  manager.ListenerWD - Before Find Element By -->By.xpath: //a[@href='/login']
21:21:55.140  INFO  manager.ListenerWD - We have a 'problem'
21:21:55.140  INFO  manager.ListenerWD - The name of error method  findElement
21:21:55.140  INFO  manager.ListenerWD - Describe of error org.openqa.selenium.NoSuchElementException: no such element: Unable to locate element: {"method":"xpath","selector":"//a[@href='/login']"}
  (Session info: chrome=106.0.5249.119)
For documentation on this error, please visit: https://selenium.dev/exceptions/#no_such_element
Build info: version: '4.4.0', revision: 'e5c75ed026a'
System info: host: 'DESKTOP-EVABS4F', ip: '192.168.1.138', os.name: 'Windows 11', os.arch: 'amd64', os.version: '10.0', java.version: '11.0.16.1'
Driver info: org.openqa.selenium.chrome.ChromeDriver
Command: [9f9b634994a95ad8a069c468adc8569f, findElement {using=xpath, value=//a[@href='/login']}]
Capabilities {acceptInsecureCerts: false, browserName: chrome, browserVersion: 106.0.5249.119, chrome: {chromedriverVersion: 106.0.5249.61 (511755355844..., userDataDir: C:\Users\evnik\AppData\Loca...}, goog:chromeOptions: {debuggerAddress: localhost:56320}, networkConnectionEnabled: false, pageLoadStrategy: normal, platformName: WINDOWS, proxy: Proxy(), se:cdp: ws://localhost:56320/devtoo..., se:cdpVersion: 106.0.5249.119, setWindowRect: true, strictFileInteractability: false, timeouts: {implicit: 0, pageLoad: 300000, script: 30000}, unhandledPromptBehavior: dismiss and notify, webauthn:extension:credBlob: true, webauthn:extension:largeBlob: true, webauthn:virtualAuthenticators: true}
Session ID: 9f9b634994a95ad8a069c468adc8569f
21:21:55.141  INFO  manager.ListenerWD - *********************
21:21:55.141  INFO  manager.ListenerWD - ChromeDriver: chrome on WINDOWS (9f9b634994a95ad8a069c468adc8569f)
21:21:55.141  INFO  manager.ListenerWD - Screen with error is 1744   src/test/screenshots/screen1744.png
21:21:55.974  INFO  manager.ListenerNG - onTestFailure
21:21:55.975  INFO  manager.ListenerNG - onTestStart
21:21:55.976  INFO  TestBase - Test LoginTests start with name ----->email   :evnikel2347@gmail.com & password  :Elena1234$@
21:21:55.976  INFO  manager.ListenerWD - Before Find Element By -->By.xpath: //a[@href='/login']
21:22:01.078  INFO  manager.ListenerWD - We have a 'problem'
21:22:01.079  INFO  manager.ListenerWD - The name of error method  findElement
21:22:01.079  INFO  manager.ListenerWD - Describe of error org.openqa.selenium.NoSuchElementException: no such element: Unable to locate element: {"method":"xpath","selector":"//a[@href='/login']"}
  (Session info: chrome=106.0.5249.119)
For documentation on this error, please visit: https://selenium.dev/exceptions/#no_such_element
Build info: version: '4.4.0', revision: 'e5c75ed026a'
System info: host: 'DESKTOP-EVABS4F', ip: '192.168.1.138', os.name: 'Windows 11', os.arch: 'amd64', os.version: '10.0', java.version: '11.0.16.1'
Driver info: org.openqa.selenium.chrome.ChromeDriver
Command: [9f9b634994a95ad8a069c468adc8569f, findElement {using=xpath, value=//a[@href='/login']}]
Capabilities {acceptInsecureCerts: false, browserName: chrome, browserVersion: 106.0.5249.119, chrome: {chromedriverVersion: 106.0.5249.61 (511755355844..., userDataDir: C:\Users\evnik\AppData\Loca...}, goog:chromeOptions: {debuggerAddress: localhost:56320}, networkConnectionEnabled: false, pageLoadStrategy: normal, platformName: WINDOWS, proxy: Proxy(), se:cdp: ws://localhost:56320/devtoo..., se:cdpVersion: 106.0.5249.119, setWindowRect: true, strictFileInteractability: false, timeouts: {implicit: 0, pageLoad: 300000, script: 30000}, unhandledPromptBehavior: dismiss and notify, webauthn:extension:credBlob: true, webauthn:extension:largeBlob: true, webauthn:virtualAuthenticators: true}
Session ID: 9f9b634994a95ad8a069c468adc8569f
21:22:01.079  INFO  manager.ListenerWD - *********************
21:22:01.080  INFO  manager.ListenerWD - ChromeDriver: chrome on WINDOWS (9f9b634994a95ad8a069c468adc8569f)
21:22:01.080  INFO  manager.ListenerWD - Screen with error is 1822   src/test/screenshots/screen1822.png
21:22:02.578  INFO  manager.ListenerNG - onTestFailure
21:22:02.579  INFO  manager.ListenerNG - onTestStart
21:22:02.580  INFO  manager.ListenerWD - Before Find Element By -->By.xpath: //a[@href='/login']
21:22:07.608  INFO  manager.ListenerWD - We have a 'problem'
21:22:07.608  INFO  manager.ListenerWD - The name of error method  findElement
21:22:07.608  INFO  manager.ListenerWD - Describe of error org.openqa.selenium.NoSuchElementException: no such element: Unable to locate element: {"method":"xpath","selector":"//a[@href='/login']"}
  (Session info: chrome=106.0.5249.119)
For documentation on this error, please visit: https://selenium.dev/exceptions/#no_such_element
Build info: version: '4.4.0', revision: 'e5c75ed026a'
System info: host: 'DESKTOP-EVABS4F', ip: '192.168.1.138', os.name: 'Windows 11', os.arch: 'amd64', os.version: '10.0', java.version: '11.0.16.1'
Driver info: org.openqa.selenium.chrome.ChromeDriver
Command: [9f9b634994a95ad8a069c468adc8569f, findElement {using=xpath, value=//a[@href='/login']}]
Capabilities {acceptInsecureCerts: false, browserName: chrome, browserVersion: 106.0.5249.119, chrome: {chromedriverVersion: 106.0.5249.61 (511755355844..., userDataDir: C:\Users\evnik\AppData\Loca...}, goog:chromeOptions: {debuggerAddress: localhost:56320}, networkConnectionEnabled: false, pageLoadStrategy: normal, platformName: WINDOWS, proxy: Proxy(), se:cdp: ws://localhost:56320/devtoo..., se:cdpVersion: 106.0.5249.119, setWindowRect: true, strictFileInteractability: false, timeouts: {implicit: 0, pageLoad: 300000, script: 30000}, unhandledPromptBehavior: dismiss and notify, webauthn:extension:credBlob: true, webauthn:extension:largeBlob: true, webauthn:virtualAuthenticators: true}
Session ID: 9f9b634994a95ad8a069c468adc8569f
21:22:07.608  INFO  manager.ListenerWD - *********************
21:22:07.608  INFO  manager.ListenerWD - ChromeDriver: chrome on WINDOWS (9f9b634994a95ad8a069c468adc8569f)
21:22:07.608  INFO  manager.ListenerWD - Screen with error is 1794   src/test/screenshots/screen1794.png
21:22:08.234  INFO  manager.ListenerNG - onTestFailure
21:22:08.237  INFO  manager.ListenerNG - onTestStart
21:22:08.242  INFO  TestBase - Login scenario success was used dataUser{email='evnikel@gmail.com', password='Elena1234$@'}
21:22:08.242  INFO  manager.ListenerWD - Before Find Element By -->By.xpath: //a[@href='/login']
21:22:13.265  INFO  manager.ListenerWD - We have a 'problem'
21:22:13.265  INFO  manager.ListenerWD - The name of error method  findElement
21:22:13.265  INFO  manager.ListenerWD - Describe of error org.openqa.selenium.NoSuchElementException: no such element: Unable to locate element: {"method":"xpath","selector":"//a[@href='/login']"}
  (Session info: chrome=106.0.5249.119)
For documentation on this error, please visit: https://selenium.dev/exceptions/#no_such_element
Build info: version: '4.4.0', revision: 'e5c75ed026a'
System info: host: 'DESKTOP-EVABS4F', ip: '192.168.1.138', os.name: 'Windows 11', os.arch: 'amd64', os.version: '10.0', java.version: '11.0.16.1'
Driver info: org.openqa.selenium.chrome.ChromeDriver
Command: [9f9b634994a95ad8a069c468adc8569f, findElement {using=xpath, value=//a[@href='/login']}]
Capabilities {acceptInsecureCerts: false, browserName: chrome, browserVersion: 106.0.5249.119, chrome: {chromedriverVersion: 106.0.5249.61 (511755355844..., userDataDir: C:\Users\evnik\AppData\Loca...}, goog:chromeOptions: {debuggerAddress: localhost:56320}, networkConnectionEnabled: false, pageLoadStrategy: normal, platformName: WINDOWS, proxy: Proxy(), se:cdp: ws://localhost:56320/devtoo..., se:cdpVersion: 106.0.5249.119, setWindowRect: true, strictFileInteractability: false, timeouts: {implicit: 0, pageLoad: 300000, script: 30000}, unhandledPromptBehavior: dismiss and notify, webauthn:extension:credBlob: true, webauthn:extension:largeBlob: true, webauthn:virtualAuthenticators: true}
Session ID: 9f9b634994a95ad8a069c468adc8569f
21:22:13.265  INFO  manager.ListenerWD - *********************
21:22:13.265  INFO  manager.ListenerWD - ChromeDriver: chrome on WINDOWS (9f9b634994a95ad8a069c468adc8569f)
21:22:13.266  INFO  manager.ListenerWD - Screen with error is 1123   src/test/screenshots/screen1123.png
21:22:13.866  INFO  manager.ListenerNG - onTestFailure
21:22:13.868  INFO  manager.ListenerNG - onTestStart
21:22:13.868  INFO  TestBase - Login scenario success was used dataUser{email='evnikel2346@gmail.com', password='Elena1234$@'}
21:22:13.869  INFO  manager.ListenerWD - Before Find Element By -->By.xpath: //a[@href='/login']
21:22:18.890  INFO  manager.ListenerWD - We have a 'problem'
21:22:18.890  INFO  manager.ListenerWD - The name of error method  findElement
21:22:18.890  INFO  manager.ListenerWD - Describe of error org.openqa.selenium.NoSuchElementException: no such element: Unable to locate element: {"method":"xpath","selector":"//a[@href='/login']"}
  (Session info: chrome=106.0.5249.119)
For documentation on this error, please visit: https://selenium.dev/exceptions/#no_such_element
Build info: version: '4.4.0', revision: 'e5c75ed026a'
System info: host: 'DESKTOP-EVABS4F', ip: '192.168.1.138', os.name: 'Windows 11', os.arch: 'amd64', os.version: '10.0', java.version: '11.0.16.1'
Driver info: org.openqa.selenium.chrome.ChromeDriver
Command: [9f9b634994a95ad8a069c468adc8569f, findElement {using=xpath, value=//a[@href='/login']}]
Capabilities {acceptInsecureCerts: false, browserName: chrome, browserVersion: 106.0.5249.119, chrome: {chromedriverVersion: 106.0.5249.61 (511755355844..., userDataDir: C:\Users\evnik\AppData\Loca...}, goog:chromeOptions: {debuggerAddress: localhost:56320}, networkConnectionEnabled: false, pageLoadStrategy: normal, platformName: WINDOWS, proxy: Proxy(), se:cdp: ws://localhost:56320/devtoo..., se:cdpVersion: 106.0.5249.119, setWindowRect: true, strictFileInteractability: false, timeouts: {implicit: 0, pageLoad: 300000, script: 30000}, unhandledPromptBehavior: dismiss and notify, webauthn:extension:credBlob: true, webauthn:extension:largeBlob: true, webauthn:virtualAuthenticators: true}
Session ID: 9f9b634994a95ad8a069c468adc8569f
21:22:18.890  INFO  manager.ListenerWD - *********************
21:22:18.890  INFO  manager.ListenerWD - ChromeDriver: chrome on WINDOWS (9f9b634994a95ad8a069c468adc8569f)
21:22:18.891  INFO  manager.ListenerWD - Screen with error is 1973   src/test/screenshots/screen1973.png
21:22:19.582  INFO  manager.ListenerNG - onTestFailure
21:22:19.583  INFO  manager.ListenerNG - onTestStart
21:22:19.583  INFO  TestBase - Login scenario success was used dataUser{email='evnikel2347@gmail.com', password='Elena1234$@'}
21:22:19.584  INFO  manager.ListenerWD - Before Find Element By -->By.xpath: //a[@href='/login']
21:22:24.603  INFO  manager.ListenerWD - We have a 'problem'
21:22:24.603  INFO  manager.ListenerWD - The name of error method  findElement
21:22:24.603  INFO  manager.ListenerWD - Describe of error org.openqa.selenium.NoSuchElementException: no such element: Unable to locate element: {"method":"xpath","selector":"//a[@href='/login']"}
  (Session info: chrome=106.0.5249.119)
For documentation on this error, please visit: https://selenium.dev/exceptions/#no_such_element
Build info: version: '4.4.0', revision: 'e5c75ed026a'
System info: host: 'DESKTOP-EVABS4F', ip: '192.168.1.138', os.name: 'Windows 11', os.arch: 'amd64', os.version: '10.0', java.version: '11.0.16.1'
Driver info: org.openqa.selenium.chrome.ChromeDriver
Command: [9f9b634994a95ad8a069c468adc8569f, findElement {using=xpath, value=//a[@href='/login']}]
Capabilities {acceptInsecureCerts: false, browserName: chrome, browserVersion: 106.0.5249.119, chrome: {chromedriverVersion: 106.0.5249.61 (511755355844..., userDataDir: C:\Users\evnik\AppData\Loca...}, goog:chromeOptions: {debuggerAddress: localhost:56320}, networkConnectionEnabled: false, pageLoadStrategy: normal, platformName: WINDOWS, proxy: Proxy(), se:cdp: ws://localhost:56320/devtoo..., se:cdpVersion: 106.0.5249.119, setWindowRect: true, strictFileInteractability: false, timeouts: {implicit: 0, pageLoad: 300000, script: 30000}, unhandledPromptBehavior: dismiss and notify, webauthn:extension:credBlob: true, webauthn:extension:largeBlob: true, webauthn:virtualAuthenticators: true}
Session ID: 9f9b634994a95ad8a069c468adc8569f
21:22:24.604  INFO  manager.ListenerWD - *********************
21:22:24.604  INFO  manager.ListenerWD - ChromeDriver: chrome on WINDOWS (9f9b634994a95ad8a069c468adc8569f)
21:22:24.604  INFO  manager.ListenerWD - Screen with error is 1950   src/test/screenshots/screen1950.png
21:22:25.301  INFO  manager.ListenerNG - onTestFailure
21:22:25.303  INFO  manager.ListenerWD - Before Find Elements By -->By.xpath: //button[text()='Sign Out']
21:22:25.318  INFO  manager.ListenerWD - After Find Elements By -->By.xpath: //button[text()='Sign Out']
21:22:25.319  INFO  manager.ListenerWD - List size is -->1
21:22:25.319  INFO  manager.ListenerWD - Before Find Element By -->By.xpath: //button[text()='Sign Out']
21:22:25.337  INFO  manager.ListenerWD - After Find Element By -->By.xpath: //button[text()='Sign Out']
21:22:30.371  INFO  manager.ListenerWD - We have a 'problem'
21:22:30.372  INFO  manager.ListenerWD - The name of error method  click
21:22:30.372  INFO  manager.ListenerWD - Describe of error org.openqa.selenium.ElementNotInteractableException: element not interactable
  (Session info: chrome=106.0.5249.119)
Build info: version: '4.4.0', revision: 'e5c75ed026a'
System info: host: 'DESKTOP-EVABS4F', ip: '192.168.1.138', os.name: 'Windows 11', os.arch: 'amd64', os.version: '10.0', java.version: '11.0.16.1'
Driver info: org.openqa.selenium.chrome.ChromeDriver
Command: [9f9b634994a95ad8a069c468adc8569f, clickElement {id=039d13f4-1acc-4858-8738-741148aed7d7}]
Capabilities {acceptInsecureCerts: false, browserName: chrome, browserVersion: 106.0.5249.119, chrome: {chromedriverVersion: 106.0.5249.61 (511755355844..., userDataDir: C:\Users\evnik\AppData\Loca...}, goog:chromeOptions: {debuggerAddress: localhost:56320}, networkConnectionEnabled: false, pageLoadStrategy: normal, platformName: WINDOWS, proxy: Proxy(), se:cdp: ws://localhost:56320/devtoo..., se:cdpVersion: 106.0.5249.119, setWindowRect: true, strictFileInteractability: false, timeouts: {implicit: 0, pageLoad: 300000, script: 30000}, unhandledPromptBehavior: dismiss and notify, webauthn:extension:credBlob: true, webauthn:extension:largeBlob: true, webauthn:virtualAuthenticators: true}
Element: [[ChromeDriver: chrome on WINDOWS (9f9b634994a95ad8a069c468adc8569f)] -> xpath: //button[text()='Sign Out']]
Session ID: 9f9b634994a95ad8a069c468adc8569f
21:22:30.372  INFO  manager.ListenerWD - *********************
21:22:30.372  INFO  manager.ListenerWD - [[ChromeDriver: chrome on WINDOWS (9f9b634994a95ad8a069c468adc8569f)] -> xpath: //button[text()='Sign Out']]
21:22:30.372  INFO  manager.ListenerWD - Screen with error is 1685   src/test/screenshots/screen1685.png
21:22:30.379  INFO  manager.ListenerNG - onTestStart
21:22:30.380  INFO  manager.ListenerNG - onTestSkipped
21:22:30.382  INFO  manager.ListenerNG - onTestStart
21:22:30.383  INFO  manager.ListenerNG - onTestSkipped
21:22:30.384  INFO  manager.ListenerNG - onTestStart
21:22:30.385  INFO  manager.ListenerNG - onTestSkipped
21:22:30.386  INFO  manager.ListenerNG - onTestStart
21:22:30.387  INFO  manager.ListenerNG - onTestSkipped
21:22:30.388  INFO  manager.ListenerNG - onTestStart
21:22:30.388  INFO  manager.ListenerNG - onTestSkipped
21:22:30.390  INFO  manager.ListenerWD - Before Find Elements By -->By.xpath: //button[text()='Sign Out']
21:22:30.410  INFO  manager.ListenerWD - After Find Elements By -->By.xpath: //button[text()='Sign Out']
21:22:30.410  INFO  manager.ListenerWD - List size is -->1
21:22:30.410  INFO  manager.ListenerWD - Before Find Elements By -->By.cssSelector: .contact-item_card__2SOIM
21:22:35.440  INFO  manager.ListenerWD - After Find Elements By -->By.cssSelector: .contact-item_card__2SOIM
21:22:35.440  INFO  manager.ListenerWD - List size is -->0
21:22:35.950  INFO  manager.ListenerWD - Before Find Element By -->By.xpath: //a[text()='ADD']
21:22:35.970  INFO  manager.ListenerWD - After Find Element By -->By.xpath: //a[text()='ADD']
21:22:41.019  INFO  manager.ListenerWD - We have a 'problem'
21:22:41.019  INFO  manager.ListenerWD - The name of error method  click
21:22:41.019  INFO  manager.ListenerWD - Describe of error org.openqa.selenium.ElementNotInteractableException: element not interactable
  (Session info: chrome=106.0.5249.119)
Build info: version: '4.4.0', revision: 'e5c75ed026a'
System info: host: 'DESKTOP-EVABS4F', ip: '192.168.1.138', os.name: 'Windows 11', os.arch: 'amd64', os.version: '10.0', java.version: '11.0.16.1'
Driver info: org.openqa.selenium.chrome.ChromeDriver
Command: [9f9b634994a95ad8a069c468adc8569f, clickElement {id=1b7557aa-ccb2-4738-9e26-57acd874db69}]
Capabilities {acceptInsecureCerts: false, browserName: chrome, browserVersion: 106.0.5249.119, chrome: {chromedriverVersion: 106.0.5249.61 (511755355844..., userDataDir: C:\Users\evnik\AppData\Loca...}, goog:chromeOptions: {debuggerAddress: localhost:56320}, networkConnectionEnabled: false, pageLoadStrategy: normal, platformName: WINDOWS, proxy: Proxy(), se:cdp: ws://localhost:56320/devtoo..., se:cdpVersion: 106.0.5249.119, setWindowRect: true, strictFileInteractability: false, timeouts: {implicit: 0, pageLoad: 300000, script: 30000}, unhandledPromptBehavior: dismiss and notify, webauthn:extension:credBlob: true, webauthn:extension:largeBlob: true, webauthn:virtualAuthenticators: true}
Element: [[ChromeDriver: chrome on WINDOWS (9f9b634994a95ad8a069c468adc8569f)] -> xpath: //a[text()='ADD']]
Session ID: 9f9b634994a95ad8a069c468adc8569f
21:22:41.019  INFO  manager.ListenerWD - *********************
21:22:41.020  INFO  manager.ListenerWD - [[ChromeDriver: chrome on WINDOWS (9f9b634994a95ad8a069c468adc8569f)] -> xpath: //a[text()='ADD']]
21:22:41.020  INFO  manager.ListenerWD - Screen with error is 1320   src/test/screenshots/screen1320.png
21:22:41.024  INFO  manager.ListenerNG - onTestStart
21:22:41.024  INFO  manager.ListenerNG - onTestSkipped
21:22:41.026  INFO  manager.ListenerNG - onTestStart
21:22:41.026  INFO  manager.ListenerNG - onTestSkipped
21:22:41.029  INFO  manager.ListenerNG - onFinish
21:22:41.033  INFO  manager.ListenerNG - onFinish
