21:38:34.546  INFO  manager.ApplicationManager - Chrome Driver was opened
21:38:36.807  INFO  manager.ApplicationManager - Current URL is -->https://contacts-app.tobbymarshall815.vercel.app/home
21:38:36.895  INFO  manager.ListenerWD - Before Find Elements By -->By.xpath: //button[text()='Sign Out']
21:38:41.950  INFO  manager.ListenerWD - After Find Elements By -->By.xpath: //button[text()='Sign Out']
21:38:41.951  INFO  manager.ListenerWD - List size is -->0
21:38:41.953  INFO  manager.ListenerWD - Before Find Element By -->By.xpath: //a[@href='/login']
21:38:41.999  INFO  manager.ListenerWD - After Find Element By -->By.xpath: //a[@href='/login']
21:38:42.101  INFO  manager.ListenerWD - Before Find Element By -->By.xpath: //input[@placeholder='Email']
21:38:42.142  INFO  manager.ListenerWD - After Find Element By -->By.xpath: //input[@placeholder='Email']
21:38:42.355  INFO  manager.ListenerWD - Before Find Element By -->By.xpath: //input[@placeholder='Password']
21:38:42.403  INFO  manager.ListenerWD - After Find Element By -->By.xpath: //input[@placeholder='Password']
21:38:42.614  INFO  manager.ListenerWD - Before Find Element By -->By.xpath: //*[text()=' Login']
21:38:42.664  INFO  manager.ListenerWD - After Find Element By -->By.xpath: //*[text()=' Login']
21:38:43.254  INFO  manager.ListenerWD - Before Find Element By -->By.xpath: //a[text()='ADD']
21:38:43.426  INFO  manager.ListenerWD - After Find Element By -->By.xpath: //a[text()='ADD']
21:38:43.495  INFO  manager.ListenerWD - Before Find Element By -->By.cssSelector: [placeholder='Name']
21:38:43.537  INFO  manager.ListenerWD - After Find Element By -->By.cssSelector: [placeholder='Name']
21:38:43.693  INFO  manager.ListenerWD - Before Find Element By -->By.cssSelector: [placeholder='Last Name']
21:38:43.727  INFO  manager.ListenerWD - After Find Element By -->By.cssSelector: [placeholder='Last Name']
21:38:43.909  INFO  manager.ListenerWD - Before Find Element By -->By.cssSelector: [placeholder='Phone']
21:38:43.955  INFO  manager.ListenerWD - After Find Element By -->By.cssSelector: [placeholder='Phone']
21:38:44.125  INFO  manager.ListenerWD - Before Find Element By -->By.cssSelector: [placeholder='email']
21:38:44.165  INFO  manager.ListenerWD - After Find Element By -->By.cssSelector: [placeholder='email']
21:38:44.332  INFO  manager.ListenerWD - Before Find Element By -->By.cssSelector: [placeholder='Address']
21:38:44.364  INFO  manager.ListenerWD - After Find Element By -->By.cssSelector: [placeholder='Address']
21:38:44.510  INFO  manager.ListenerWD - Before Find Element By -->By.cssSelector: [placeholder='description']
21:38:44.542  INFO  manager.ListenerWD - After Find Element By -->By.cssSelector: [placeholder='description']
21:38:44.697  INFO  manager.ListenerWD - Before Find Element By -->By.cssSelector: [placeholder='description']
21:38:44.720  INFO  manager.ListenerWD - After Find Element By -->By.cssSelector: [placeholder='description']
21:38:44.750  INFO  manager.ListenerWD - Before Find Element By -->By.cssSelector: .add_form__2rsm2 button
21:38:44.791  INFO  manager.ListenerWD - After Find Element By -->By.cssSelector: .add_form__2rsm2 button
21:38:44.857  INFO  manager.ListenerWD - Before Find Element By -->By.cssSelector: button b
21:38:44.885  INFO  manager.ListenerWD - After Find Element By -->By.cssSelector: button b
21:38:44.928  INFO  manager.ListenerWD - Before Find Elements By -->By.cssSelector: h2
21:38:45.672  INFO  manager.ListenerWD - After Find Elements By -->By.cssSelector: h2
21:38:45.673  INFO  manager.ListenerWD - List size is -->39
21:38:46.230  INFO  manager.ListenerWD - Before Find Elements By -->By.cssSelector: h3
21:38:46.702  INFO  manager.ListenerWD - After Find Elements By -->By.cssSelector: h3
21:38:46.703  INFO  manager.ListenerWD - List size is -->39
21:38:47.605  INFO  manager.ListenerWD - Before Find Elements By -->By.xpath: //button[text()='Sign Out']
21:38:47.631  INFO  manager.ListenerWD - After Find Elements By -->By.xpath: //button[text()='Sign Out']
21:38:47.632  INFO  manager.ListenerWD - List size is -->1
21:38:48.140  INFO  manager.ListenerWD - Before Find Element By -->By.xpath: //a[text()='ADD']
21:38:48.165  INFO  manager.ListenerWD - After Find Element By -->By.xpath: //a[text()='ADD']
21:38:48.223  INFO  manager.ListenerWD - Before Find Element By -->By.cssSelector: [placeholder='Name']
21:38:48.250  INFO  manager.ListenerWD - After Find Element By -->By.cssSelector: [placeholder='Name']
21:38:48.467  INFO  manager.ListenerWD - Before Find Element By -->By.cssSelector: [placeholder='Last Name']
21:38:48.494  INFO  manager.ListenerWD - After Find Element By -->By.cssSelector: [placeholder='Last Name']
21:38:48.639  INFO  manager.ListenerWD - Before Find Element By -->By.cssSelector: [placeholder='Phone']
21:38:48.657  INFO  manager.ListenerWD - After Find Element By -->By.cssSelector: [placeholder='Phone']
21:38:48.806  INFO  manager.ListenerWD - Before Find Element By -->By.cssSelector: [placeholder='email']
21:38:48.824  INFO  manager.ListenerWD - After Find Element By -->By.cssSelector: [placeholder='email']
21:38:48.992  INFO  manager.ListenerWD - Before Find Element By -->By.cssSelector: [placeholder='Address']
21:38:49.011  INFO  manager.ListenerWD - After Find Element By -->By.cssSelector: [placeholder='Address']
21:38:49.147  INFO  manager.ListenerWD - Before Find Element By -->By.cssSelector: [placeholder='description']
21:38:49.164  INFO  manager.ListenerWD - After Find Element By -->By.cssSelector: [placeholder='description']
21:38:49.234  INFO  manager.ListenerWD - Before Find Element By -->By.cssSelector: .add_form__2rsm2 button
21:38:49.256  INFO  manager.ListenerWD - After Find Element By -->By.cssSelector: .add_form__2rsm2 button
21:38:49.322  INFO  manager.ListenerWD - Before Find Elements By -->By.cssSelector: h2
21:38:49.916  INFO  manager.ListenerWD - After Find Elements By -->By.cssSelector: h2
21:38:49.917  INFO  manager.ListenerWD - List size is -->40
21:38:50.608  INFO  manager.ListenerWD - Before Find Elements By -->By.cssSelector: h3
21:38:51.023  INFO  manager.ListenerWD - After Find Elements By -->By.cssSelector: h3
21:38:51.025  INFO  manager.ListenerWD - List size is -->40
21:38:51.699  INFO  manager.ListenerWD - Before Find Elements By -->By.xpath: //button[text()='Sign Out']
21:38:51.717  INFO  manager.ListenerWD - After Find Elements By -->By.xpath: //button[text()='Sign Out']
21:38:51.717  INFO  manager.ListenerWD - List size is -->1
21:38:52.230  INFO  manager.ListenerWD - Before Find Element By -->By.xpath: //a[text()='ADD']
21:38:52.248  INFO  manager.ListenerWD - After Find Element By -->By.xpath: //a[text()='ADD']
21:38:52.299  INFO  manager.ListenerWD - Before Find Element By -->By.cssSelector: [placeholder='Name']
21:38:52.323  INFO  manager.ListenerWD - After Find Element By -->By.cssSelector: [placeholder='Name']
21:38:52.453  INFO  manager.ListenerWD - Before Find Element By -->By.cssSelector: [placeholder='Phone']
21:38:52.472  INFO  manager.ListenerWD - After Find Element By -->By.cssSelector: [placeholder='Phone']
21:38:52.627  INFO  manager.ListenerWD - Before Find Element By -->By.cssSelector: [placeholder='email']
21:38:52.645  INFO  manager.ListenerWD - After Find Element By -->By.cssSelector: [placeholder='email']
21:38:52.796  INFO  manager.ListenerWD - Before Find Element By -->By.cssSelector: [placeholder='Address']
21:38:52.822  INFO  manager.ListenerWD - After Find Element By -->By.cssSelector: [placeholder='Address']
21:38:52.976  INFO  manager.ListenerWD - Before Find Element By -->By.cssSelector: [placeholder='description']
21:38:52.999  INFO  manager.ListenerWD - After Find Element By -->By.cssSelector: [placeholder='description']
21:38:53.160  INFO  manager.ListenerWD - Before Find Element By -->By.cssSelector: [placeholder='description']
21:38:53.178  INFO  manager.ListenerWD - After Find Element By -->By.cssSelector: [placeholder='description']
21:38:53.210  INFO  manager.ListenerWD - Before Find Element By -->By.cssSelector: .add_form__2rsm2 button
21:38:53.233  INFO  manager.ListenerWD - After Find Element By -->By.cssSelector: .add_form__2rsm2 button
21:38:53.309  INFO  manager.ListenerWD - Before Find Elements By -->By.cssSelector: a.active[href='/add']
21:38:53.338  INFO  manager.ListenerWD - After Find Elements By -->By.cssSelector: a.active[href='/add']
21:38:53.338  INFO  manager.ListenerWD - List size is -->1
