18:53:06.857  INFO  manager.ApplicationManager - Chrome Driver was opened
18:53:08.287  INFO  manager.ApplicationManager - Current URL is -->https://contacts-app.tobbymarshall815.vercel.app/home
18:53:08.356  INFO  manager.ListenerWD - Before Find Elements By -->By.xpath: //button[text()='Sign Out']
18:53:13.372  INFO  manager.ListenerWD - After Find Elements By -->By.xpath: //button[text()='Sign Out']
18:53:13.372  INFO  manager.ListenerWD - List size is -->0
18:53:13.372  INFO  manager.ListenerWD - Before Find Element By -->By.xpath: //a[@href='/login']
18:53:13.409  INFO  manager.ListenerWD - After Find Element By -->By.xpath: //a[@href='/login']
18:53:13.472  INFO  manager.ListenerWD - Before Find Element By -->By.xpath: //input[@placeholder='Email']
18:53:13.502  INFO  manager.ListenerWD - After Find Element By -->By.xpath: //input[@placeholder='Email']
18:53:13.621  INFO  manager.ListenerWD - Before Find Element By -->By.xpath: //input[@placeholder='Password']
18:53:13.649  INFO  manager.ListenerWD - After Find Element By -->By.xpath: //input[@placeholder='Password']
18:53:13.764  INFO  manager.ListenerWD - Before Find Element By -->By.xpath: //*[text()=' Login']
18:53:13.786  INFO  manager.ListenerWD - After Find Element By -->By.xpath: //*[text()=' Login']
18:53:13.841  INFO  TestBase - The test used contact : Contact(name=Lisa, lastName=null, phone=Boi, email=12345678, address=lis@gmail.com, description=Israel)
18:53:14.344  INFO  manager.ListenerWD - Before Find Element By -->By.xpath: //a[text()='ADD']
18:53:14.485  INFO  manager.ListenerWD - After Find Element By -->By.xpath: //a[text()='ADD']
18:53:14.529  INFO  manager.ListenerWD - Before Find Element By -->By.cssSelector: [placeholder='Name']
18:53:14.560  INFO  manager.ListenerWD - After Find Element By -->By.cssSelector: [placeholder='Name']
18:53:14.673  INFO  manager.ListenerWD - Before Find Element By -->By.cssSelector: [placeholder='Phone']
18:53:14.697  INFO  manager.ListenerWD - After Find Element By -->By.cssSelector: [placeholder='Phone']
18:53:14.796  INFO  manager.ListenerWD - Before Find Element By -->By.cssSelector: [placeholder='email']
18:53:14.816  INFO  manager.ListenerWD - After Find Element By -->By.cssSelector: [placeholder='email']
18:53:14.931  INFO  manager.ListenerWD - Before Find Element By -->By.cssSelector: [placeholder='Address']
18:53:14.958  INFO  manager.ListenerWD - After Find Element By -->By.cssSelector: [placeholder='Address']
18:53:15.077  INFO  manager.ListenerWD - Before Find Element By -->By.cssSelector: [placeholder='description']
18:53:15.097  INFO  manager.ListenerWD - After Find Element By -->By.cssSelector: [placeholder='description']
18:53:15.196  INFO  manager.ListenerWD - Before Find Element By -->By.cssSelector: [placeholder='description']
18:53:15.212  INFO  manager.ListenerWD - After Find Element By -->By.cssSelector: [placeholder='description']
18:53:15.239  INFO  manager.ListenerWD - Before Find Element By -->By.cssSelector: .add_form__2rsm2 button
18:53:15.262  INFO  manager.ListenerWD - After Find Element By -->By.cssSelector: .add_form__2rsm2 button
18:53:15.307  INFO  manager.ListenerWD - Before Find Element By -->By.cssSelector: button b
18:53:15.328  INFO  manager.ListenerWD - After Find Element By -->By.cssSelector: button b
18:53:15.364  INFO  manager.ListenerWD - Before Find Elements By -->By.cssSelector: h2
18:53:20.419  INFO  manager.ListenerWD - After Find Elements By -->By.cssSelector: h2
18:53:20.420  INFO  manager.ListenerWD - List size is -->0
18:53:20.459  INFO  manager.ListenerWD - Before Find Elements By -->By.xpath: //button[text()='Sign Out']
18:53:20.490  INFO  manager.ListenerWD - After Find Elements By -->By.xpath: //button[text()='Sign Out']
18:53:20.490  INFO  manager.ListenerWD - List size is -->1
18:53:20.490  INFO  TestBase - The test used contact : Contact(name=Olga, lastName=null, phone=Boi, email=12345679, address=olga@gmail.com, description=Israel)
18:53:20.993  INFO  manager.ListenerWD - Before Find Element By -->By.xpath: //a[text()='ADD']
18:53:21.009  INFO  manager.ListenerWD - After Find Element By -->By.xpath: //a[text()='ADD']
18:53:26.085  INFO  manager.ListenerWD - We have a 'problem'
18:53:26.085  INFO  manager.ListenerWD - The name of error method  click
18:53:26.101  INFO  manager.ListenerWD - Describe of error org.openqa.selenium.ElementNotInteractableException: element not interactable
  (Session info: chrome=106.0.5249.119)
Build info: version: '4.4.0', revision: 'e5c75ed026a'
System info: host: 'DESKTOP-EVABS4F', ip: '192.168.1.138', os.name: 'Windows 11', os.arch: 'amd64', os.version: '10.0', java.version: '11.0.16.1'
Driver info: org.openqa.selenium.chrome.ChromeDriver
Command: [d5b6df4c1c56af63d95c2f7b266418c2, clickElement {id=9167cd3b-af19-498a-b8b6-0cfdd01f1fbc}]
Capabilities {acceptInsecureCerts: false, browserName: chrome, browserVersion: 106.0.5249.119, chrome: {chromedriverVersion: 106.0.5249.61 (511755355844..., userDataDir: C:\Users\evnik\AppData\Loca...}, goog:chromeOptions: {debuggerAddress: localhost:56454}, networkConnectionEnabled: false, pageLoadStrategy: normal, platformName: WINDOWS, proxy: Proxy(), se:cdp: ws://localhost:56454/devtoo..., se:cdpVersion: 106.0.5249.119, setWindowRect: true, strictFileInteractability: false, timeouts: {implicit: 0, pageLoad: 300000, script: 30000}, unhandledPromptBehavior: dismiss and notify, webauthn:extension:credBlob: true, webauthn:extension:largeBlob: true, webauthn:virtualAuthenticators: true}
Element: [[ChromeDriver: chrome on WINDOWS (d5b6df4c1c56af63d95c2f7b266418c2)] -> xpath: //a[text()='ADD']]
Session ID: d5b6df4c1c56af63d95c2f7b266418c2
18:53:26.101  INFO  manager.ListenerWD - *********************
18:53:26.101  INFO  manager.ListenerWD - [[ChromeDriver: chrome on WINDOWS (d5b6df4c1c56af63d95c2f7b266418c2)] -> xpath: //a[text()='ADD']]
18:53:26.101  INFO  manager.ListenerWD - Screen with error is 1998   src/test/screenshots/screen1998.png
18:53:26.116  INFO  manager.ListenerWD - Before Find Elements By -->By.xpath: //button[text()='Sign Out']
18:53:26.132  INFO  manager.ListenerWD - After Find Elements By -->By.xpath: //button[text()='Sign Out']
18:53:26.132  INFO  manager.ListenerWD - List size is -->1
18:53:26.132  INFO  TestBase - The test used contact : Contact(name=Elena, lastName=null, phone=Boi, email=12345677, address=elena@gmail.com, description=Israel)
18:53:26.637  INFO  manager.ListenerWD - Before Find Element By -->By.xpath: //a[text()='ADD']
18:53:26.669  INFO  manager.ListenerWD - After Find Element By -->By.xpath: //a[text()='ADD']
18:53:31.714  INFO  manager.ListenerWD - We have a 'problem'
18:53:31.714  INFO  manager.ListenerWD - The name of error method  click
18:53:31.714  INFO  manager.ListenerWD - Describe of error org.openqa.selenium.ElementNotInteractableException: element not interactable
  (Session info: chrome=106.0.5249.119)
Build info: version: '4.4.0', revision: 'e5c75ed026a'
System info: host: 'DESKTOP-EVABS4F', ip: '192.168.1.138', os.name: 'Windows 11', os.arch: 'amd64', os.version: '10.0', java.version: '11.0.16.1'
Driver info: org.openqa.selenium.chrome.ChromeDriver
Command: [d5b6df4c1c56af63d95c2f7b266418c2, clickElement {id=9167cd3b-af19-498a-b8b6-0cfdd01f1fbc}]
Capabilities {acceptInsecureCerts: false, browserName: chrome, browserVersion: 106.0.5249.119, chrome: {chromedriverVersion: 106.0.5249.61 (511755355844..., userDataDir: C:\Users\evnik\AppData\Loca...}, goog:chromeOptions: {debuggerAddress: localhost:56454}, networkConnectionEnabled: false, pageLoadStrategy: normal, platformName: WINDOWS, proxy: Proxy(), se:cdp: ws://localhost:56454/devtoo..., se:cdpVersion: 106.0.5249.119, setWindowRect: true, strictFileInteractability: false, timeouts: {implicit: 0, pageLoad: 300000, script: 30000}, unhandledPromptBehavior: dismiss and notify, webauthn:extension:credBlob: true, webauthn:extension:largeBlob: true, webauthn:virtualAuthenticators: true}
Element: [[ChromeDriver: chrome on WINDOWS (d5b6df4c1c56af63d95c2f7b266418c2)] -> xpath: //a[text()='ADD']]
Session ID: d5b6df4c1c56af63d95c2f7b266418c2
18:53:31.714  INFO  manager.ListenerWD - *********************
18:53:31.714  INFO  manager.ListenerWD - [[ChromeDriver: chrome on WINDOWS (d5b6df4c1c56af63d95c2f7b266418c2)] -> xpath: //a[text()='ADD']]
18:53:31.714  INFO  manager.ListenerWD - Screen with error is 1505   src/test/screenshots/screen1505.png
18:53:31.737  INFO  manager.ListenerWD - Before Find Elements By -->By.xpath: //button[text()='Sign Out']
18:53:31.795  INFO  manager.ListenerWD - After Find Elements By -->By.xpath: //button[text()='Sign Out']
18:53:31.796  INFO  manager.ListenerWD - List size is -->1
18:53:31.799  INFO  TestBase - The test used contact : Contact(name=Pol, lastName=null, phone=Boi, email=12345676, address=pol@gmail.com, description=Israel)
18:53:32.310  INFO  manager.ListenerWD - Before Find Element By -->By.xpath: //a[text()='ADD']
18:53:32.357  INFO  manager.ListenerWD - After Find Element By -->By.xpath: //a[text()='ADD']
18:53:37.431  INFO  manager.ListenerWD - We have a 'problem'
18:53:37.431  INFO  manager.ListenerWD - The name of error method  click
18:53:37.431  INFO  manager.ListenerWD - Describe of error org.openqa.selenium.ElementNotInteractableException: element not interactable
  (Session info: chrome=106.0.5249.119)
Build info: version: '4.4.0', revision: 'e5c75ed026a'
System info: host: 'DESKTOP-EVABS4F', ip: '192.168.1.138', os.name: 'Windows 11', os.arch: 'amd64', os.version: '10.0', java.version: '11.0.16.1'
Driver info: org.openqa.selenium.chrome.ChromeDriver
Command: [d5b6df4c1c56af63d95c2f7b266418c2, clickElement {id=9167cd3b-af19-498a-b8b6-0cfdd01f1fbc}]
Capabilities {acceptInsecureCerts: false, browserName: chrome, browserVersion: 106.0.5249.119, chrome: {chromedriverVersion: 106.0.5249.61 (511755355844..., userDataDir: C:\Users\evnik\AppData\Loca...}, goog:chromeOptions: {debuggerAddress: localhost:56454}, networkConnectionEnabled: false, pageLoadStrategy: normal, platformName: WINDOWS, proxy: Proxy(), se:cdp: ws://localhost:56454/devtoo..., se:cdpVersion: 106.0.5249.119, setWindowRect: true, strictFileInteractability: false, timeouts: {implicit: 0, pageLoad: 300000, script: 30000}, unhandledPromptBehavior: dismiss and notify, webauthn:extension:credBlob: true, webauthn:extension:largeBlob: true, webauthn:virtualAuthenticators: true}
Element: [[ChromeDriver: chrome on WINDOWS (d5b6df4c1c56af63d95c2f7b266418c2)] -> xpath: //a[text()='ADD']]
Session ID: d5b6df4c1c56af63d95c2f7b266418c2
18:53:37.431  INFO  manager.ListenerWD - *********************
18:53:37.431  INFO  manager.ListenerWD - [[ChromeDriver: chrome on WINDOWS (d5b6df4c1c56af63d95c2f7b266418c2)] -> xpath: //a[text()='ADD']]
18:53:37.431  INFO  manager.ListenerWD - Screen with error is 1798   src/test/screenshots/screen1798.png
