19:20:57.808  INFO  manager.ListenerNG - onStart
19:21:00.449  INFO  manager.ApplicationManager - Chrome Driver was opened
19:21:02.492  INFO  manager.ApplicationManager - Current URL is -->https://contacts-app.tobbymarshall815.vercel.app/home
19:21:02.507  INFO  manager.ListenerNG - onStart
19:21:02.565  INFO  manager.ListenerWD - Before Find Elements By -->By.xpath: //button[text()='Sign Out']
19:21:07.593  INFO  manager.ListenerWD - After Find Elements By -->By.xpath: //button[text()='Sign Out']
19:21:07.593  INFO  manager.ListenerWD - List size is -->0
19:21:07.593  INFO  manager.ListenerWD - Before Find Element By -->By.xpath: //a[@href='/login']
19:21:07.616  INFO  manager.ListenerWD - After Find Element By -->By.xpath: //a[@href='/login']
19:21:07.691  INFO  manager.ListenerWD - Before Find Element By -->By.xpath: //input[@placeholder='Email']
19:21:07.716  INFO  manager.ListenerWD - After Find Element By -->By.xpath: //input[@placeholder='Email']
19:21:07.845  INFO  manager.ListenerWD - Before Find Element By -->By.xpath: //input[@placeholder='Password']
19:21:07.861  INFO  manager.ListenerWD - After Find Element By -->By.xpath: //input[@placeholder='Password']
19:21:07.983  INFO  manager.ListenerWD - Before Find Element By -->By.xpath: //*[text()=' Login']
19:21:08.004  INFO  manager.ListenerWD - After Find Element By -->By.xpath: //*[text()=' Login']
19:21:08.044  INFO  manager.ListenerNG - onTestStart
19:21:08.560  INFO  manager.ListenerWD - Before Find Element By -->By.xpath: //a[text()='ADD']
19:21:08.760  INFO  manager.ListenerWD - After Find Element By -->By.xpath: //a[text()='ADD']
19:21:08.824  INFO  manager.ListenerWD - Before Find Element By -->By.cssSelector: [placeholder='Name']
19:21:08.872  INFO  manager.ListenerWD - After Find Element By -->By.cssSelector: [placeholder='Name']
19:21:08.987  INFO  manager.ListenerWD - Before Find Element By -->By.cssSelector: [placeholder='Last Name']
19:21:09.007  INFO  manager.ListenerWD - After Find Element By -->By.cssSelector: [placeholder='Last Name']
19:21:09.105  INFO  manager.ListenerWD - Before Find Element By -->By.cssSelector: [placeholder='Phone']
19:21:09.124  INFO  manager.ListenerWD - After Find Element By -->By.cssSelector: [placeholder='Phone']
19:21:09.235  INFO  manager.ListenerWD - Before Find Element By -->By.cssSelector: [placeholder='email']
19:21:09.260  INFO  manager.ListenerWD - After Find Element By -->By.cssSelector: [placeholder='email']
19:21:09.388  INFO  manager.ListenerWD - Before Find Element By -->By.cssSelector: [placeholder='Address']
19:21:09.409  INFO  manager.ListenerWD - After Find Element By -->By.cssSelector: [placeholder='Address']
19:21:09.519  INFO  manager.ListenerWD - Before Find Element By -->By.cssSelector: [placeholder='description']
19:21:09.539  INFO  manager.ListenerWD - After Find Element By -->By.cssSelector: [placeholder='description']
19:21:09.649  INFO  manager.ListenerWD - Before Find Element By -->By.cssSelector: [placeholder='description']
19:21:09.666  INFO  manager.ListenerWD - After Find Element By -->By.cssSelector: [placeholder='description']
19:21:09.691  INFO  manager.ListenerWD - Before Find Element By -->By.cssSelector: .add_form__2rsm2 button
19:21:09.713  INFO  manager.ListenerWD - After Find Element By -->By.cssSelector: .add_form__2rsm2 button
19:21:09.758  INFO  manager.ListenerWD - Before Find Element By -->By.cssSelector: button b
19:21:09.776  INFO  manager.ListenerWD - After Find Element By -->By.cssSelector: button b
19:21:09.811  INFO  manager.ListenerWD - Before Find Elements By -->By.cssSelector: h2
19:21:10.827  INFO  manager.ListenerWD - After Find Elements By -->By.cssSelector: h2
19:21:10.843  INFO  manager.ListenerWD - List size is -->76
19:21:11.094  INFO  manager.ListenerWD - Before Find Elements By -->By.cssSelector: h3
19:21:11.423  INFO  manager.ListenerWD - After Find Elements By -->By.cssSelector: h3
19:21:11.423  INFO  manager.ListenerWD - List size is -->76
19:21:11.737  INFO  manager.ListenerNG - onTestSuccess
19:21:11.737  INFO  manager.ListenerWD - Before Find Elements By -->By.xpath: //button[text()='Sign Out']
19:21:11.753  INFO  manager.ListenerWD - After Find Elements By -->By.xpath: //button[text()='Sign Out']
19:21:11.753  INFO  manager.ListenerWD - List size is -->1
19:21:11.753  INFO  manager.ListenerNG - onTestStart
19:21:12.259  INFO  manager.ListenerWD - Before Find Element By -->By.xpath: //a[text()='ADD']
19:21:12.290  INFO  manager.ListenerWD - After Find Element By -->By.xpath: //a[text()='ADD']
19:21:12.407  INFO  manager.ListenerWD - Before Find Element By -->By.cssSelector: [placeholder='Name']
19:21:12.437  INFO  manager.ListenerWD - After Find Element By -->By.cssSelector: [placeholder='Name']
19:21:12.554  INFO  manager.ListenerWD - Before Find Element By -->By.cssSelector: [placeholder='Last Name']
19:21:12.567  INFO  manager.ListenerWD - After Find Element By -->By.cssSelector: [placeholder='Last Name']
19:21:12.659  INFO  manager.ListenerWD - Before Find Element By -->By.cssSelector: [placeholder='Phone']
19:21:12.670  INFO  manager.ListenerWD - After Find Element By -->By.cssSelector: [placeholder='Phone']
19:21:12.777  INFO  manager.ListenerWD - Before Find Element By -->By.cssSelector: [placeholder='email']
19:21:12.791  INFO  manager.ListenerWD - After Find Element By -->By.cssSelector: [placeholder='email']
19:21:12.908  INFO  manager.ListenerWD - Before Find Element By -->By.cssSelector: [placeholder='Address']
19:21:12.921  INFO  manager.ListenerWD - After Find Element By -->By.cssSelector: [placeholder='Address']
19:21:13.029  INFO  manager.ListenerWD - Before Find Element By -->By.cssSelector: [placeholder='description']
19:21:13.043  INFO  manager.ListenerWD - After Find Element By -->By.cssSelector: [placeholder='description']
19:21:13.100  INFO  manager.ListenerWD - Before Find Element By -->By.cssSelector: .add_form__2rsm2 button
19:21:13.116  INFO  manager.ListenerWD - After Find Element By -->By.cssSelector: .add_form__2rsm2 button
19:21:13.174  INFO  manager.ListenerWD - Before Find Elements By -->By.cssSelector: h2
19:21:13.927  INFO  manager.ListenerWD - After Find Elements By -->By.cssSelector: h2
19:21:13.927  INFO  manager.ListenerWD - List size is -->77
19:21:14.228  INFO  manager.ListenerWD - Before Find Elements By -->By.cssSelector: h3
19:21:14.512  INFO  manager.ListenerWD - After Find Elements By -->By.cssSelector: h3
19:21:14.513  INFO  manager.ListenerWD - List size is -->77
19:21:14.796  INFO  manager.ListenerNG - onTestSuccess
19:21:14.812  INFO  manager.ListenerWD - Before Find Elements By -->By.xpath: //button[text()='Sign Out']
19:21:14.829  INFO  manager.ListenerWD - After Find Elements By -->By.xpath: //button[text()='Sign Out']
19:21:14.829  INFO  manager.ListenerWD - List size is -->1
19:21:14.829  INFO  manager.ListenerNG - onTestStart
19:21:14.843  INFO  TestBase - The test used contact : Contact(name=Lisa, lastName=Boi, phone=12345678, email=lis@gmail.com, address=Israel, description=My best friend)
19:21:15.348  INFO  manager.ListenerWD - Before Find Element By -->By.xpath: //a[text()='ADD']
19:21:15.348  INFO  manager.ListenerWD - After Find Element By -->By.xpath: //a[text()='ADD']
19:21:15.393  INFO  manager.ListenerWD - Before Find Element By -->By.cssSelector: [placeholder='Name']
19:21:15.407  INFO  manager.ListenerWD - After Find Element By -->By.cssSelector: [placeholder='Name']
19:21:15.517  INFO  manager.ListenerWD - Before Find Element By -->By.cssSelector: [placeholder='Last Name']
19:21:15.531  INFO  manager.ListenerWD - After Find Element By -->By.cssSelector: [placeholder='Last Name']
19:21:15.633  INFO  manager.ListenerWD - Before Find Element By -->By.cssSelector: [placeholder='Phone']
19:21:15.645  INFO  manager.ListenerWD - After Find Element By -->By.cssSelector: [placeholder='Phone']
19:21:15.746  INFO  manager.ListenerWD - Before Find Element By -->By.cssSelector: [placeholder='email']
19:21:15.759  INFO  manager.ListenerWD - After Find Element By -->By.cssSelector: [placeholder='email']
19:21:15.898  INFO  manager.ListenerWD - Before Find Element By -->By.cssSelector: [placeholder='Address']
19:21:15.910  INFO  manager.ListenerWD - After Find Element By -->By.cssSelector: [placeholder='Address']
19:21:16.017  INFO  manager.ListenerWD - Before Find Element By -->By.cssSelector: [placeholder='description']
19:21:16.034  INFO  manager.ListenerWD - After Find Element By -->By.cssSelector: [placeholder='description']
19:21:16.158  INFO  manager.ListenerWD - Before Find Element By -->By.cssSelector: [placeholder='description']
19:21:16.169  INFO  manager.ListenerWD - After Find Element By -->By.cssSelector: [placeholder='description']
19:21:16.189  INFO  manager.ListenerWD - Before Find Element By -->By.cssSelector: .add_form__2rsm2 button
19:21:16.202  INFO  manager.ListenerWD - After Find Element By -->By.cssSelector: .add_form__2rsm2 button
19:21:16.240  INFO  manager.ListenerWD - Before Find Element By -->By.cssSelector: button b
19:21:16.252  INFO  manager.ListenerWD - After Find Element By -->By.cssSelector: button b
19:21:16.276  INFO  manager.ListenerWD - Before Find Elements By -->By.cssSelector: h2
19:21:16.875  INFO  manager.ListenerWD - After Find Elements By -->By.cssSelector: h2
19:21:16.875  INFO  manager.ListenerWD - List size is -->79
19:21:17.031  INFO  manager.ListenerWD - Before Find Elements By -->By.cssSelector: h3
19:21:17.298  INFO  manager.ListenerWD - After Find Elements By -->By.cssSelector: h3
19:21:17.298  INFO  manager.ListenerWD - List size is -->79
19:21:17.439  INFO  manager.ListenerNG - onTestSuccess
19:21:17.439  INFO  manager.ListenerWD - Before Find Elements By -->By.xpath: //button[text()='Sign Out']
19:21:17.455  INFO  manager.ListenerWD - After Find Elements By -->By.xpath: //button[text()='Sign Out']
19:21:17.455  INFO  manager.ListenerWD - List size is -->1
19:21:17.455  INFO  manager.ListenerNG - onTestStart
19:21:17.455  INFO  TestBase - The test used contact : Contact(name=Olga, lastName=Boi, phone=12345679, email=olga@gmail.com, address=Israel, description=My best friend)
19:21:17.957  INFO  manager.ListenerWD - Before Find Element By -->By.xpath: //a[text()='ADD']
19:21:17.959  INFO  manager.ListenerWD - After Find Element By -->By.xpath: //a[text()='ADD']
19:21:18.008  INFO  manager.ListenerWD - Before Find Element By -->By.cssSelector: [placeholder='Name']
19:21:18.033  INFO  manager.ListenerWD - After Find Element By -->By.cssSelector: [placeholder='Name']
19:21:18.152  INFO  manager.ListenerWD - Before Find Element By -->By.cssSelector: [placeholder='Last Name']
19:21:18.164  INFO  manager.ListenerWD - After Find Element By -->By.cssSelector: [placeholder='Last Name']
19:21:18.271  INFO  manager.ListenerWD - Before Find Element By -->By.cssSelector: [placeholder='Phone']
19:21:18.284  INFO  manager.ListenerWD - After Find Element By -->By.cssSelector: [placeholder='Phone']
19:21:18.383  INFO  manager.ListenerWD - Before Find Element By -->By.cssSelector: [placeholder='email']
19:21:18.395  INFO  manager.ListenerWD - After Find Element By -->By.cssSelector: [placeholder='email']
19:21:18.504  INFO  manager.ListenerWD - Before Find Element By -->By.cssSelector: [placeholder='Address']
19:21:18.517  INFO  manager.ListenerWD - After Find Element By -->By.cssSelector: [placeholder='Address']
19:21:18.633  INFO  manager.ListenerWD - Before Find Element By -->By.cssSelector: [placeholder='description']
19:21:18.648  INFO  manager.ListenerWD - After Find Element By -->By.cssSelector: [placeholder='description']
19:21:18.779  INFO  manager.ListenerWD - Before Find Element By -->By.cssSelector: [placeholder='description']
19:21:18.793  INFO  manager.ListenerWD - After Find Element By -->By.cssSelector: [placeholder='description']
19:21:18.821  INFO  manager.ListenerWD - Before Find Element By -->By.cssSelector: .add_form__2rsm2 button
19:21:18.837  INFO  manager.ListenerWD - After Find Element By -->By.cssSelector: .add_form__2rsm2 button
19:21:18.890  INFO  manager.ListenerWD - Before Find Element By -->By.cssSelector: button b
19:21:18.904  INFO  manager.ListenerWD - After Find Element By -->By.cssSelector: button b
19:21:18.943  INFO  manager.ListenerWD - Before Find Elements By -->By.cssSelector: h2
19:21:19.445  INFO  manager.ListenerWD - After Find Elements By -->By.cssSelector: h2
19:21:19.445  INFO  manager.ListenerWD - List size is -->81
19:21:19.618  INFO  manager.ListenerWD - Before Find Elements By -->By.cssSelector: h3
19:21:19.900  INFO  manager.ListenerWD - After Find Elements By -->By.cssSelector: h3
19:21:19.900  INFO  manager.ListenerWD - List size is -->81
19:21:20.057  INFO  manager.ListenerNG - onTestSuccess
19:21:20.057  INFO  manager.ListenerWD - Before Find Elements By -->By.xpath: //button[text()='Sign Out']
19:21:20.073  INFO  manager.ListenerWD - After Find Elements By -->By.xpath: //button[text()='Sign Out']
19:21:20.073  INFO  manager.ListenerWD - List size is -->1
19:21:20.073  INFO  manager.ListenerNG - onTestStart
19:21:20.073  INFO  TestBase - The test used contact : Contact(name=Elena, lastName=Boi, phone=12345677, email=elena@gmail.com, address=Israel, description=My best friend)
19:21:20.576  INFO  manager.ListenerWD - Before Find Element By -->By.xpath: //a[text()='ADD']
19:21:20.607  INFO  manager.ListenerWD - After Find Element By -->By.xpath: //a[text()='ADD']
19:21:20.706  INFO  manager.ListenerWD - Before Find Element By -->By.cssSelector: [placeholder='Name']
19:21:20.743  INFO  manager.ListenerWD - After Find Element By -->By.cssSelector: [placeholder='Name']
19:21:21.042  INFO  manager.ListenerWD - Before Find Element By -->By.cssSelector: [placeholder='Last Name']
19:21:21.073  INFO  manager.ListenerWD - After Find Element By -->By.cssSelector: [placeholder='Last Name']
19:21:21.327  INFO  manager.ListenerWD - Before Find Element By -->By.cssSelector: [placeholder='Phone']
19:21:21.345  INFO  manager.ListenerWD - After Find Element By -->By.cssSelector: [placeholder='Phone']
19:21:21.520  INFO  manager.ListenerWD - Before Find Element By -->By.cssSelector: [placeholder='email']
19:21:21.539  INFO  manager.ListenerWD - After Find Element By -->By.cssSelector: [placeholder='email']
19:21:21.677  INFO  manager.ListenerWD - Before Find Element By -->By.cssSelector: [placeholder='Address']
19:21:21.691  INFO  manager.ListenerWD - After Find Element By -->By.cssSelector: [placeholder='Address']
19:21:21.791  INFO  manager.ListenerWD - Before Find Element By -->By.cssSelector: [placeholder='description']
19:21:21.802  INFO  manager.ListenerWD - After Find Element By -->By.cssSelector: [placeholder='description']
19:21:21.914  INFO  manager.ListenerWD - Before Find Element By -->By.cssSelector: [placeholder='description']
19:21:21.928  INFO  manager.ListenerWD - After Find Element By -->By.cssSelector: [placeholder='description']
19:21:21.952  INFO  manager.ListenerWD - Before Find Element By -->By.cssSelector: .add_form__2rsm2 button
19:21:21.964  INFO  manager.ListenerWD - After Find Element By -->By.cssSelector: .add_form__2rsm2 button
19:21:22.011  INFO  manager.ListenerWD - Before Find Element By -->By.cssSelector: button b
19:21:22.024  INFO  manager.ListenerWD - After Find Element By -->By.cssSelector: button b
19:21:22.058  INFO  manager.ListenerWD - Before Find Elements By -->By.cssSelector: h2
19:21:22.802  INFO  manager.ListenerWD - After Find Elements By -->By.cssSelector: h2
19:21:22.802  INFO  manager.ListenerWD - List size is -->83
19:21:23.022  INFO  manager.ListenerWD - Before Find Elements By -->By.cssSelector: h3
19:21:23.258  INFO  manager.ListenerWD - After Find Elements By -->By.cssSelector: h3
19:21:23.258  INFO  manager.ListenerWD - List size is -->83
19:21:23.494  INFO  manager.ListenerNG - onTestSuccess
19:21:23.494  INFO  manager.ListenerWD - Before Find Elements By -->By.xpath: //button[text()='Sign Out']
19:21:23.510  INFO  manager.ListenerWD - After Find Elements By -->By.xpath: //button[text()='Sign Out']
19:21:23.510  INFO  manager.ListenerWD - List size is -->1
19:21:23.510  INFO  manager.ListenerNG - onTestStart
19:21:23.510  INFO  TestBase - The test used contact : Contact(name=Pol, lastName=Boi, phone=12345676, email=pol@gmail.com, address=Israel, description=My best friend)
19:21:24.013  INFO  manager.ListenerWD - Before Find Element By -->By.xpath: //a[text()='ADD']
19:21:24.044  INFO  manager.ListenerWD - After Find Element By -->By.xpath: //a[text()='ADD']
19:21:24.148  INFO  manager.ListenerWD - Before Find Element By -->By.cssSelector: [placeholder='Name']
19:21:24.189  INFO  manager.ListenerWD - After Find Element By -->By.cssSelector: [placeholder='Name']
19:21:24.479  INFO  manager.ListenerWD - Before Find Element By -->By.cssSelector: [placeholder='Last Name']
19:21:24.511  INFO  manager.ListenerWD - After Find Element By -->By.cssSelector: [placeholder='Last Name']
19:21:24.701  INFO  manager.ListenerWD - Before Find Element By -->By.cssSelector: [placeholder='Phone']
19:21:24.713  INFO  manager.ListenerWD - After Find Element By -->By.cssSelector: [placeholder='Phone']
19:21:24.830  INFO  manager.ListenerWD - Before Find Element By -->By.cssSelector: [placeholder='email']
19:21:24.841  INFO  manager.ListenerWD - After Find Element By -->By.cssSelector: [placeholder='email']
19:21:24.946  INFO  manager.ListenerWD - Before Find Element By -->By.cssSelector: [placeholder='Address']
19:21:24.956  INFO  manager.ListenerWD - After Find Element By -->By.cssSelector: [placeholder='Address']
19:21:25.055  INFO  manager.ListenerWD - Before Find Element By -->By.cssSelector: [placeholder='description']
19:21:25.066  INFO  manager.ListenerWD - After Find Element By -->By.cssSelector: [placeholder='description']
19:21:25.173  INFO  manager.ListenerWD - Before Find Element By -->By.cssSelector: [placeholder='description']
19:21:25.185  INFO  manager.ListenerWD - After Find Element By -->By.cssSelector: [placeholder='description']
19:21:25.209  INFO  manager.ListenerWD - Before Find Element By -->By.cssSelector: .add_form__2rsm2 button
19:21:25.221  INFO  manager.ListenerWD - After Find Element By -->By.cssSelector: .add_form__2rsm2 button
19:21:25.264  INFO  manager.ListenerWD - Before Find Element By -->By.cssSelector: button b
19:21:25.276  INFO  manager.ListenerWD - After Find Element By -->By.cssSelector: button b
19:21:25.308  INFO  manager.ListenerWD - Before Find Elements By -->By.cssSelector: h2
19:21:25.877  INFO  manager.ListenerWD - After Find Elements By -->By.cssSelector: h2
19:21:25.877  INFO  manager.ListenerWD - List size is -->85
19:21:26.097  INFO  manager.ListenerWD - Before Find Elements By -->By.cssSelector: h3
19:21:26.301  INFO  manager.ListenerWD - After Find Elements By -->By.cssSelector: h3
19:21:26.301  INFO  manager.ListenerWD - List size is -->85
19:21:26.536  INFO  manager.ListenerNG - onTestSuccess
19:21:26.536  INFO  manager.ListenerWD - Before Find Elements By -->By.xpath: //button[text()='Sign Out']
19:21:26.546  INFO  manager.ListenerWD - After Find Elements By -->By.xpath: //button[text()='Sign Out']
19:21:26.546  INFO  manager.ListenerWD - List size is -->1
19:21:26.546  INFO  manager.ListenerNG - onTestStart
19:21:27.055  INFO  manager.ListenerWD - Before Find Element By -->By.xpath: //a[text()='ADD']
19:21:27.055  INFO  manager.ListenerWD - After Find Element By -->By.xpath: //a[text()='ADD']
19:21:27.106  INFO  manager.ListenerWD - Before Find Element By -->By.cssSelector: [placeholder='Name']
19:21:27.124  INFO  manager.ListenerWD - After Find Element By -->By.cssSelector: [placeholder='Name']
19:21:27.229  INFO  manager.ListenerWD - Before Find Element By -->By.cssSelector: [placeholder='Phone']
19:21:27.240  INFO  manager.ListenerWD - After Find Element By -->By.cssSelector: [placeholder='Phone']
19:21:27.361  INFO  manager.ListenerWD - Before Find Element By -->By.cssSelector: [placeholder='email']
19:21:27.374  INFO  manager.ListenerWD - After Find Element By -->By.cssSelector: [placeholder='email']
19:21:27.485  INFO  manager.ListenerWD - Before Find Element By -->By.cssSelector: [placeholder='Address']
19:21:27.496  INFO  manager.ListenerWD - After Find Element By -->By.cssSelector: [placeholder='Address']
19:21:27.601  INFO  manager.ListenerWD - Before Find Element By -->By.cssSelector: [placeholder='description']
19:21:27.612  INFO  manager.ListenerWD - After Find Element By -->By.cssSelector: [placeholder='description']
19:21:27.714  INFO  manager.ListenerWD - Before Find Element By -->By.cssSelector: [placeholder='description']
19:21:27.736  INFO  manager.ListenerWD - After Find Element By -->By.cssSelector: [placeholder='description']
19:21:27.762  INFO  manager.ListenerWD - Before Find Element By -->By.cssSelector: .add_form__2rsm2 button
19:21:27.775  INFO  manager.ListenerWD - After Find Element By -->By.cssSelector: .add_form__2rsm2 button
19:21:27.819  INFO  manager.ListenerWD - Before Find Elements By -->By.cssSelector: a.active[href='/add']
19:21:27.833  INFO  manager.ListenerWD - After Find Elements By -->By.cssSelector: a.active[href='/add']
19:21:27.833  INFO  manager.ListenerWD - List size is -->1
19:21:27.833  INFO  manager.ListenerNG - onTestSuccess
19:21:27.835  INFO  TestBase - Start checking authorization
19:21:27.836  INFO  manager.ListenerWD - Before Find Elements By -->By.xpath: //button[text()='Sign Out']
19:21:27.840  INFO  manager.ListenerWD - After Find Elements By -->By.xpath: //button[text()='Sign Out']
19:21:27.840  INFO  manager.ListenerWD - List size is -->1
19:21:27.840  INFO  manager.ListenerWD - Before Find Element By -->By.xpath: //button[text()='Sign Out']
19:21:27.856  INFO  manager.ListenerWD - After Find Element By -->By.xpath: //button[text()='Sign Out']
19:21:32.935  INFO  manager.ListenerWD - We have a 'problem'
19:21:32.935  INFO  manager.ListenerWD - The name of error method  click
19:21:32.935  INFO  manager.ListenerWD - Describe of error org.openqa.selenium.ElementNotInteractableException: element not interactable
  (Session info: chrome=106.0.5249.119)
Build info: version: '4.4.0', revision: 'e5c75ed026a'
System info: host: 'DESKTOP-EVABS4F', ip: '192.168.1.138', os.name: 'Windows 11', os.arch: 'amd64', os.version: '10.0', java.version: '11.0.16.1'
Driver info: org.openqa.selenium.chrome.ChromeDriver
Command: [ead1f768b0676f9d93a6951deda0c603, clickElement {id=834e6d79-8020-49b6-ae3a-4345f33ff85d}]
Capabilities {acceptInsecureCerts: false, browserName: chrome, browserVersion: 106.0.5249.119, chrome: {chromedriverVersion: 106.0.5249.61 (511755355844..., userDataDir: C:\Users\evnik\AppData\Loca...}, goog:chromeOptions: {debuggerAddress: localhost:59466}, networkConnectionEnabled: false, pageLoadStrategy: normal, platformName: WINDOWS, proxy: Proxy(), se:cdp: ws://localhost:59466/devtoo..., se:cdpVersion: 106.0.5249.119, setWindowRect: true, strictFileInteractability: false, timeouts: {implicit: 0, pageLoad: 300000, script: 30000}, unhandledPromptBehavior: dismiss and notify, webauthn:extension:credBlob: true, webauthn:extension:largeBlob: true, webauthn:virtualAuthenticators: true}
Element: [[ChromeDriver: chrome on WINDOWS (ead1f768b0676f9d93a6951deda0c603)] -> xpath: //button[text()='Sign Out']]
Session ID: ead1f768b0676f9d93a6951deda0c603
19:21:32.935  INFO  manager.ListenerWD - *********************
19:21:32.935  INFO  manager.ListenerWD - [[ChromeDriver: chrome on WINDOWS (ead1f768b0676f9d93a6951deda0c603)] -> xpath: //button[text()='Sign Out']]
19:21:32.950  INFO  manager.ListenerWD - Screen with error is 1104   src/test/screenshots/screen1104.png
19:21:32.966  INFO  manager.ListenerNG - onTestStart
19:21:32.966  INFO  manager.ListenerNG - onTestSkipped
19:21:32.982  INFO  manager.ListenerNG - onTestStart
19:21:32.982  INFO  manager.ListenerNG - onTestSkipped
19:21:32.982  INFO  manager.ListenerNG - onTestStart
19:21:32.982  INFO  manager.ListenerNG - onTestSkipped
19:21:32.982  INFO  manager.ListenerNG - onTestStart
19:21:32.982  INFO  manager.ListenerNG - onTestSkipped
19:21:32.982  INFO  manager.ListenerNG - onTestStart
19:21:32.982  INFO  manager.ListenerNG - onTestSkipped
19:21:32.998  INFO  manager.ListenerNG - onTestStart
19:21:32.998  INFO  manager.ListenerNG - onTestSkipped
19:21:32.998  INFO  manager.ListenerNG - onTestStart
19:21:32.998  INFO  manager.ListenerNG - onTestSkipped
19:21:33.013  INFO  manager.ListenerNG - onTestStart
19:21:33.013  INFO  manager.ListenerNG - onTestSkipped
19:21:33.013  INFO  manager.ListenerWD - Before Find Elements By -->By.xpath: //button[text()='Sign Out']
19:21:33.045  INFO  manager.ListenerWD - After Find Elements By -->By.xpath: //button[text()='Sign Out']
19:21:33.045  INFO  manager.ListenerWD - List size is -->1
19:21:33.045  INFO  manager.ListenerWD - Before Find Element By -->By.xpath: //button[text()='Sign Out']
19:21:33.076  INFO  manager.ListenerWD - After Find Element By -->By.xpath: //button[text()='Sign Out']
19:21:38.122  INFO  manager.ListenerWD - We have a 'problem'
19:21:38.123  INFO  manager.ListenerWD - The name of error method  click
19:21:38.123  INFO  manager.ListenerWD - Describe of error org.openqa.selenium.ElementNotInteractableException: element not interactable
  (Session info: chrome=106.0.5249.119)
Build info: version: '4.4.0', revision: 'e5c75ed026a'
System info: host: 'DESKTOP-EVABS4F', ip: '192.168.1.138', os.name: 'Windows 11', os.arch: 'amd64', os.version: '10.0', java.version: '11.0.16.1'
Driver info: org.openqa.selenium.chrome.ChromeDriver
Command: [ead1f768b0676f9d93a6951deda0c603, clickElement {id=834e6d79-8020-49b6-ae3a-4345f33ff85d}]
Capabilities {acceptInsecureCerts: false, browserName: chrome, browserVersion: 106.0.5249.119, chrome: {chromedriverVersion: 106.0.5249.61 (511755355844..., userDataDir: C:\Users\evnik\AppData\Loca...}, goog:chromeOptions: {debuggerAddress: localhost:59466}, networkConnectionEnabled: false, pageLoadStrategy: normal, platformName: WINDOWS, proxy: Proxy(), se:cdp: ws://localhost:59466/devtoo..., se:cdpVersion: 106.0.5249.119, setWindowRect: true, strictFileInteractability: false, timeouts: {implicit: 0, pageLoad: 300000, script: 30000}, unhandledPromptBehavior: dismiss and notify, webauthn:extension:credBlob: true, webauthn:extension:largeBlob: true, webauthn:virtualAuthenticators: true}
Element: [[ChromeDriver: chrome on WINDOWS (ead1f768b0676f9d93a6951deda0c603)] -> xpath: //button[text()='Sign Out']]
Session ID: ead1f768b0676f9d93a6951deda0c603
19:21:38.124  INFO  manager.ListenerWD - *********************
19:21:38.124  INFO  manager.ListenerWD - [[ChromeDriver: chrome on WINDOWS (ead1f768b0676f9d93a6951deda0c603)] -> xpath: //button[text()='Sign Out']]
19:21:38.125  INFO  manager.ListenerWD - Screen with error is 1519   src/test/screenshots/screen1519.png
19:21:38.137  INFO  manager.ListenerNG - onTestStart
19:21:38.140  INFO  manager.ListenerNG - onTestSkipped
19:21:38.144  INFO  manager.ListenerNG - onTestStart
19:21:38.146  INFO  manager.ListenerNG - onTestSkipped
19:21:38.149  INFO  manager.ListenerNG - onTestStart
19:21:38.150  INFO  manager.ListenerNG - onTestSkipped
19:21:38.152  INFO  manager.ListenerNG - onTestStart
19:21:38.152  INFO  manager.ListenerNG - onTestSkipped
19:21:38.158  INFO  manager.ListenerNG - onTestStart
19:21:38.158  INFO  manager.ListenerNG - onTestSkipped
19:21:38.161  INFO  manager.ListenerNG - onTestStart
19:21:38.162  INFO  manager.ListenerNG - onTestSkipped
19:21:38.167  INFO  manager.ListenerNG - onTestStart
19:21:38.169  INFO  manager.ListenerNG - onTestSkipped
19:21:38.175  INFO  manager.ListenerNG - onTestStart
19:21:38.177  INFO  manager.ListenerNG - onTestSkipped
19:21:38.182  INFO  manager.ListenerWD - Before Find Elements By -->By.xpath: //button[text()='Sign Out']
19:21:38.229  INFO  manager.ListenerWD - After Find Elements By -->By.xpath: //button[text()='Sign Out']
19:21:38.230  INFO  manager.ListenerWD - List size is -->1
19:21:38.230  INFO  manager.ListenerWD - Before Find Elements By -->By.cssSelector: .contact-item_card__2SOIM
19:21:43.228  INFO  manager.ListenerWD - After Find Elements By -->By.cssSelector: .contact-item_card__2SOIM
19:21:43.244  INFO  manager.ListenerWD - List size is -->0
19:21:43.746  INFO  manager.ListenerWD - Before Find Element By -->By.xpath: //a[text()='ADD']
19:21:43.771  INFO  manager.ListenerWD - After Find Element By -->By.xpath: //a[text()='ADD']
19:21:48.800  INFO  manager.ListenerWD - We have a 'problem'
19:21:48.800  INFO  manager.ListenerWD - The name of error method  click
19:21:48.800  INFO  manager.ListenerWD - Describe of error org.openqa.selenium.ElementNotInteractableException: element not interactable
  (Session info: chrome=106.0.5249.119)
Build info: version: '4.4.0', revision: 'e5c75ed026a'
System info: host: 'DESKTOP-EVABS4F', ip: '192.168.1.138', os.name: 'Windows 11', os.arch: 'amd64', os.version: '10.0', java.version: '11.0.16.1'
Driver info: org.openqa.selenium.chrome.ChromeDriver
Command: [ead1f768b0676f9d93a6951deda0c603, clickElement {id=c075c321-38c2-4ece-8235-c7fdd8248f5d}]
Capabilities {acceptInsecureCerts: false, browserName: chrome, browserVersion: 106.0.5249.119, chrome: {chromedriverVersion: 106.0.5249.61 (511755355844..., userDataDir: C:\Users\evnik\AppData\Loca...}, goog:chromeOptions: {debuggerAddress: localhost:59466}, networkConnectionEnabled: false, pageLoadStrategy: normal, platformName: WINDOWS, proxy: Proxy(), se:cdp: ws://localhost:59466/devtoo..., se:cdpVersion: 106.0.5249.119, setWindowRect: true, strictFileInteractability: false, timeouts: {implicit: 0, pageLoad: 300000, script: 30000}, unhandledPromptBehavior: dismiss and notify, webauthn:extension:credBlob: true, webauthn:extension:largeBlob: true, webauthn:virtualAuthenticators: true}
Element: [[ChromeDriver: chrome on WINDOWS (ead1f768b0676f9d93a6951deda0c603)] -> xpath: //a[text()='ADD']]
Session ID: ead1f768b0676f9d93a6951deda0c603
19:21:48.800  INFO  manager.ListenerWD - *********************
19:21:48.800  INFO  manager.ListenerWD - [[ChromeDriver: chrome on WINDOWS (ead1f768b0676f9d93a6951deda0c603)] -> xpath: //a[text()='ADD']]
19:21:48.800  INFO  manager.ListenerWD - Screen with error is 1093   src/test/screenshots/screen1093.png
19:21:48.815  INFO  manager.ListenerNG - onTestStart
19:21:48.815  INFO  manager.ListenerNG - onTestSkipped
19:21:48.815  INFO  manager.ListenerNG - onTestStart
19:21:48.815  INFO  manager.ListenerNG - onTestSkipped
19:21:48.831  INFO  manager.ListenerNG - onFinish
19:21:48.846  INFO  manager.ListenerNG - onFinish
