21:10:29.033  INFO  manager.ApplicationManager - Chrome Driver was opened
21:10:31.018  INFO  manager.ApplicationManager - Current URL is -->https://contacts-app.tobbymarshall815.vercel.app/home
21:10:31.091  INFO  manager.ListenerWD - Before Find Elements By -->By.xpath: //button[text()='Sign Out']
21:10:36.154  INFO  manager.ListenerWD - After Find Elements By -->By.xpath: //button[text()='Sign Out']
21:10:36.155  INFO  manager.ListenerWD - List size is -->0
21:10:36.157  INFO  manager.ListenerWD - Before Find Element By -->By.xpath: //a[@href='/login']
21:10:36.187  INFO  manager.ListenerWD - After Find Element By -->By.xpath: //a[@href='/login']
21:10:36.252  INFO  manager.ListenerWD - Before Find Element By -->By.xpath: //input[@placeholder='Email']
21:10:36.284  INFO  manager.ListenerWD - After Find Element By -->By.xpath: //input[@placeholder='Email']
21:10:36.441  INFO  manager.ListenerWD - Before Find Element By -->By.xpath: //input[@placeholder='Password']
21:10:36.471  INFO  manager.ListenerWD - After Find Element By -->By.xpath: //input[@placeholder='Password']
21:10:36.612  INFO  manager.ListenerWD - Before Find Element By -->By.xpath: //*[text()=' Login']
21:10:36.641  INFO  manager.ListenerWD - After Find Element By -->By.xpath: //*[text()=' Login']
21:10:37.194  INFO  manager.ListenerWD - Before Find Element By -->By.xpath: //a[text()='ADD']
21:10:37.283  INFO  manager.ListenerWD - After Find Element By -->By.xpath: //a[text()='ADD']
21:10:37.331  INFO  manager.ListenerWD - Before Find Element By -->By.cssSelector: [placeholder='Name']
21:10:37.362  INFO  manager.ListenerWD - After Find Element By -->By.cssSelector: [placeholder='Name']
21:10:37.496  INFO  manager.ListenerWD - Before Find Element By -->By.cssSelector: [placeholder='Last Name']
21:10:37.520  INFO  manager.ListenerWD - After Find Element By -->By.cssSelector: [placeholder='Last Name']
21:10:37.633  INFO  manager.ListenerWD - Before Find Element By -->By.cssSelector: [placeholder='Phone']
21:10:37.660  INFO  manager.ListenerWD - After Find Element By -->By.cssSelector: [placeholder='Phone']
21:10:37.786  INFO  manager.ListenerWD - Before Find Element By -->By.cssSelector: [placeholder='email']
21:10:37.816  INFO  manager.ListenerWD - After Find Element By -->By.cssSelector: [placeholder='email']
21:10:37.977  INFO  manager.ListenerWD - Before Find Element By -->By.cssSelector: [placeholder='Address']
21:10:38.003  INFO  manager.ListenerWD - After Find Element By -->By.cssSelector: [placeholder='Address']
21:10:38.135  INFO  manager.ListenerWD - Before Find Element By -->By.cssSelector: [placeholder='description']
21:10:38.159  INFO  manager.ListenerWD - After Find Element By -->By.cssSelector: [placeholder='description']
21:10:38.280  INFO  manager.ListenerWD - Before Find Element By -->By.cssSelector: [placeholder='description']
21:10:38.298  INFO  manager.ListenerWD - After Find Element By -->By.cssSelector: [placeholder='description']
21:10:38.327  INFO  manager.ListenerWD - Before Find Element By -->By.cssSelector: .add_form__2rsm2 button
21:10:38.352  INFO  manager.ListenerWD - After Find Element By -->By.cssSelector: .add_form__2rsm2 button
21:10:38.403  INFO  manager.ListenerWD - Before Find Element By -->By.cssSelector: button b
21:10:38.428  INFO  manager.ListenerWD - After Find Element By -->By.cssSelector: button b
21:10:38.468  INFO  manager.ListenerWD - Before Find Elements By -->By.cssSelector: h2
21:10:39.734  INFO  manager.ListenerWD - After Find Elements By -->By.cssSelector: h2
21:10:39.734  INFO  manager.ListenerWD - List size is -->120
21:10:41.536  INFO  manager.ListenerWD - Before Find Elements By -->By.cssSelector: h3
21:10:42.183  INFO  manager.ListenerWD - After Find Elements By -->By.cssSelector: h3
21:10:42.183  INFO  manager.ListenerWD - List size is -->120
21:10:44.591  INFO  manager.ListenerWD - Before Find Elements By -->By.xpath: //button[text()='Sign Out']
21:10:44.606  INFO  manager.ListenerWD - After Find Elements By -->By.xpath: //button[text()='Sign Out']
21:10:44.606  INFO  manager.ListenerWD - List size is -->1
21:10:45.113  INFO  manager.ListenerWD - Before Find Element By -->By.xpath: //a[text()='ADD']
21:10:45.126  INFO  manager.ListenerWD - After Find Element By -->By.xpath: //a[text()='ADD']
21:10:45.157  INFO  manager.ListenerWD - Before Find Element By -->By.cssSelector: [placeholder='Name']
21:10:45.178  INFO  manager.ListenerWD - After Find Element By -->By.cssSelector: [placeholder='Name']
21:10:45.294  INFO  manager.ListenerWD - Before Find Element By -->By.cssSelector: [placeholder='Last Name']
21:10:45.308  INFO  manager.ListenerWD - After Find Element By -->By.cssSelector: [placeholder='Last Name']
21:10:45.423  INFO  manager.ListenerWD - Before Find Element By -->By.cssSelector: [placeholder='Phone']
21:10:45.439  INFO  manager.ListenerWD - After Find Element By -->By.cssSelector: [placeholder='Phone']
21:10:45.554  INFO  manager.ListenerWD - Before Find Element By -->By.cssSelector: [placeholder='email']
21:10:45.568  INFO  manager.ListenerWD - After Find Element By -->By.cssSelector: [placeholder='email']
21:10:45.699  INFO  manager.ListenerWD - Before Find Element By -->By.cssSelector: [placeholder='Address']
21:10:45.712  INFO  manager.ListenerWD - After Find Element By -->By.cssSelector: [placeholder='Address']
21:10:45.810  INFO  manager.ListenerWD - Before Find Element By -->By.cssSelector: [placeholder='description']
21:10:45.822  INFO  manager.ListenerWD - After Find Element By -->By.cssSelector: [placeholder='description']
21:10:45.878  INFO  manager.ListenerWD - Before Find Element By -->By.cssSelector: .add_form__2rsm2 button
21:10:45.894  INFO  manager.ListenerWD - After Find Element By -->By.cssSelector: .add_form__2rsm2 button
21:10:45.950  INFO  manager.ListenerWD - Before Find Elements By -->By.cssSelector: h2
21:10:46.952  INFO  manager.ListenerWD - After Find Elements By -->By.cssSelector: h2
21:10:46.952  INFO  manager.ListenerWD - List size is -->121
21:10:49.174  INFO  manager.ListenerWD - Before Find Elements By -->By.cssSelector: h3
21:10:49.632  INFO  manager.ListenerWD - After Find Elements By -->By.cssSelector: h3
21:10:49.632  INFO  manager.ListenerWD - List size is -->121
21:10:52.042  INFO  manager.ListenerWD - Before Find Elements By -->By.xpath: //button[text()='Sign Out']
21:10:52.055  INFO  manager.ListenerWD - After Find Elements By -->By.xpath: //button[text()='Sign Out']
21:10:52.055  INFO  manager.ListenerWD - List size is -->1
21:10:52.071  INFO  TestBase - The test used contact : Contact(name=Lisa, lastName=Boi, phone=12345678, email=lis@gmail.com, address=Israel, description=My best friend)
21:10:52.580  INFO  manager.ListenerWD - Before Find Element By -->By.xpath: //a[text()='ADD']
21:10:52.590  INFO  manager.ListenerWD - After Find Element By -->By.xpath: //a[text()='ADD']
21:10:52.618  INFO  manager.ListenerWD - Before Find Element By -->By.cssSelector: [placeholder='Name']
21:10:52.638  INFO  manager.ListenerWD - After Find Element By -->By.cssSelector: [placeholder='Name']
21:10:52.747  INFO  manager.ListenerWD - Before Find Element By -->By.cssSelector: [placeholder='Last Name']
21:10:52.760  INFO  manager.ListenerWD - After Find Element By -->By.cssSelector: [placeholder='Last Name']
21:10:52.860  INFO  manager.ListenerWD - Before Find Element By -->By.cssSelector: [placeholder='Phone']
21:10:52.874  INFO  manager.ListenerWD - After Find Element By -->By.cssSelector: [placeholder='Phone']
21:10:53.000  INFO  manager.ListenerWD - Before Find Element By -->By.cssSelector: [placeholder='email']
21:10:53.016  INFO  manager.ListenerWD - After Find Element By -->By.cssSelector: [placeholder='email']
21:10:53.129  INFO  manager.ListenerWD - Before Find Element By -->By.cssSelector: [placeholder='Address']
21:10:53.141  INFO  manager.ListenerWD - After Find Element By -->By.cssSelector: [placeholder='Address']
21:10:53.244  INFO  manager.ListenerWD - Before Find Element By -->By.cssSelector: [placeholder='description']
21:10:53.255  INFO  manager.ListenerWD - After Find Element By -->By.cssSelector: [placeholder='description']
21:10:53.384  INFO  manager.ListenerWD - Before Find Element By -->By.cssSelector: [placeholder='description']
21:10:53.402  INFO  manager.ListenerWD - After Find Element By -->By.cssSelector: [placeholder='description']
21:10:53.425  INFO  manager.ListenerWD - Before Find Element By -->By.cssSelector: .add_form__2rsm2 button
21:10:53.436  INFO  manager.ListenerWD - After Find Element By -->By.cssSelector: .add_form__2rsm2 button
21:10:53.480  INFO  manager.ListenerWD - Before Find Element By -->By.cssSelector: button b
21:10:53.491  INFO  manager.ListenerWD - After Find Element By -->By.cssSelector: button b
21:10:53.525  INFO  manager.ListenerWD - Before Find Elements By -->By.cssSelector: h2
21:10:54.199  INFO  manager.ListenerWD - After Find Elements By -->By.cssSelector: h2
21:10:54.200  INFO  manager.ListenerWD - List size is -->123
21:10:54.420  INFO  manager.ListenerWD - Before Find Elements By -->By.cssSelector: h3
21:10:54.888  INFO  manager.ListenerWD - After Find Elements By -->By.cssSelector: h3
21:10:54.888  INFO  manager.ListenerWD - List size is -->123
21:10:55.132  INFO  manager.ListenerWD - Before Find Elements By -->By.xpath: //button[text()='Sign Out']
21:10:55.145  INFO  manager.ListenerWD - After Find Elements By -->By.xpath: //button[text()='Sign Out']
21:10:55.145  INFO  manager.ListenerWD - List size is -->1
21:10:55.146  INFO  TestBase - The test used contact : Contact(name=Olga, lastName=Boi, phone=12345679, email=olga@gmail.com, address=Israel, description=My best friend)
21:10:55.648  INFO  manager.ListenerWD - Before Find Element By -->By.xpath: //a[text()='ADD']
21:10:55.659  INFO  manager.ListenerWD - After Find Element By -->By.xpath: //a[text()='ADD']
21:10:55.684  INFO  manager.ListenerWD - Before Find Element By -->By.cssSelector: [placeholder='Name']
21:10:55.704  INFO  manager.ListenerWD - After Find Element By -->By.cssSelector: [placeholder='Name']
21:10:55.814  INFO  manager.ListenerWD - Before Find Element By -->By.cssSelector: [placeholder='Last Name']
21:10:55.826  INFO  manager.ListenerWD - After Find Element By -->By.cssSelector: [placeholder='Last Name']
21:10:55.923  INFO  manager.ListenerWD - Before Find Element By -->By.cssSelector: [placeholder='Phone']
21:10:55.937  INFO  manager.ListenerWD - After Find Element By -->By.cssSelector: [placeholder='Phone']
21:10:56.043  INFO  manager.ListenerWD - Before Find Element By -->By.cssSelector: [placeholder='email']
21:10:56.054  INFO  manager.ListenerWD - After Find Element By -->By.cssSelector: [placeholder='email']
21:10:56.161  INFO  manager.ListenerWD - Before Find Element By -->By.cssSelector: [placeholder='Address']
21:10:56.174  INFO  manager.ListenerWD - After Find Element By -->By.cssSelector: [placeholder='Address']
21:10:56.289  INFO  manager.ListenerWD - Before Find Element By -->By.cssSelector: [placeholder='description']
21:10:56.302  INFO  manager.ListenerWD - After Find Element By -->By.cssSelector: [placeholder='description']
21:10:56.426  INFO  manager.ListenerWD - Before Find Element By -->By.cssSelector: [placeholder='description']
21:10:56.440  INFO  manager.ListenerWD - After Find Element By -->By.cssSelector: [placeholder='description']
21:10:56.468  INFO  manager.ListenerWD - Before Find Element By -->By.cssSelector: .add_form__2rsm2 button
21:10:56.485  INFO  manager.ListenerWD - After Find Element By -->By.cssSelector: .add_form__2rsm2 button
21:10:56.534  INFO  manager.ListenerWD - Before Find Element By -->By.cssSelector: button b
21:10:56.547  INFO  manager.ListenerWD - After Find Element By -->By.cssSelector: button b
21:10:56.584  INFO  manager.ListenerWD - Before Find Elements By -->By.cssSelector: h2
21:10:57.246  INFO  manager.ListenerWD - After Find Elements By -->By.cssSelector: h2
21:10:57.246  INFO  manager.ListenerWD - List size is -->125
21:10:57.506  INFO  manager.ListenerWD - Before Find Elements By -->By.cssSelector: h3
21:10:58.018  INFO  manager.ListenerWD - After Find Elements By -->By.cssSelector: h3
21:10:58.018  INFO  manager.ListenerWD - List size is -->125
21:10:58.319  INFO  manager.ListenerWD - Before Find Elements By -->By.xpath: //button[text()='Sign Out']
21:10:58.332  INFO  manager.ListenerWD - After Find Elements By -->By.xpath: //button[text()='Sign Out']
21:10:58.332  INFO  manager.ListenerWD - List size is -->1
21:10:58.333  INFO  TestBase - The test used contact : Contact(name=Elena, lastName=Boi, phone=12345677, email=elena@gmail.com, address=Israel, description=My best friend)
21:10:58.837  INFO  manager.ListenerWD - Before Find Element By -->By.xpath: //a[text()='ADD']
21:10:58.848  INFO  manager.ListenerWD - After Find Element By -->By.xpath: //a[text()='ADD']
21:10:58.879  INFO  manager.ListenerWD - Before Find Element By -->By.cssSelector: [placeholder='Name']
21:10:58.907  INFO  manager.ListenerWD - After Find Element By -->By.cssSelector: [placeholder='Name']
21:10:59.021  INFO  manager.ListenerWD - Before Find Element By -->By.cssSelector: [placeholder='Last Name']
21:10:59.033  INFO  manager.ListenerWD - After Find Element By -->By.cssSelector: [placeholder='Last Name']
21:10:59.130  INFO  manager.ListenerWD - Before Find Element By -->By.cssSelector: [placeholder='Phone']
21:10:59.142  INFO  manager.ListenerWD - After Find Element By -->By.cssSelector: [placeholder='Phone']
21:10:59.250  INFO  manager.ListenerWD - Before Find Element By -->By.cssSelector: [placeholder='email']
21:10:59.264  INFO  manager.ListenerWD - After Find Element By -->By.cssSelector: [placeholder='email']
21:10:59.381  INFO  manager.ListenerWD - Before Find Element By -->By.cssSelector: [placeholder='Address']
21:10:59.393  INFO  manager.ListenerWD - After Find Element By -->By.cssSelector: [placeholder='Address']
21:10:59.500  INFO  manager.ListenerWD - Before Find Element By -->By.cssSelector: [placeholder='description']
21:10:59.513  INFO  manager.ListenerWD - After Find Element By -->By.cssSelector: [placeholder='description']
21:10:59.639  INFO  manager.ListenerWD - Before Find Element By -->By.cssSelector: [placeholder='description']
21:10:59.653  INFO  manager.ListenerWD - After Find Element By -->By.cssSelector: [placeholder='description']
21:10:59.679  INFO  manager.ListenerWD - Before Find Element By -->By.cssSelector: .add_form__2rsm2 button
21:10:59.692  INFO  manager.ListenerWD - After Find Element By -->By.cssSelector: .add_form__2rsm2 button
21:10:59.740  INFO  manager.ListenerWD - Before Find Element By -->By.cssSelector: button b
21:10:59.752  INFO  manager.ListenerWD - After Find Element By -->By.cssSelector: button b
21:10:59.786  INFO  manager.ListenerWD - Before Find Elements By -->By.cssSelector: h2
21:11:00.563  INFO  manager.ListenerWD - After Find Elements By -->By.cssSelector: h2
21:11:00.563  INFO  manager.ListenerWD - List size is -->127
21:11:00.853  INFO  manager.ListenerWD - Before Find Elements By -->By.cssSelector: h3
21:11:01.265  INFO  manager.ListenerWD - After Find Elements By -->By.cssSelector: h3
21:11:01.265  INFO  manager.ListenerWD - List size is -->127
21:11:01.575  INFO  manager.ListenerWD - Before Find Elements By -->By.xpath: //button[text()='Sign Out']
21:11:01.588  INFO  manager.ListenerWD - After Find Elements By -->By.xpath: //button[text()='Sign Out']
21:11:01.588  INFO  manager.ListenerWD - List size is -->1
21:11:01.589  INFO  TestBase - The test used contact : Contact(name=Pol, lastName=Boi, phone=12345676, email=pol@gmail.com, address=Israel, description=My best friend)
21:11:02.101  INFO  manager.ListenerWD - Before Find Element By -->By.xpath: //a[text()='ADD']
21:11:02.114  INFO  manager.ListenerWD - After Find Element By -->By.xpath: //a[text()='ADD']
21:11:02.154  INFO  manager.ListenerWD - Before Find Element By -->By.cssSelector: [placeholder='Name']
21:11:02.172  INFO  manager.ListenerWD - After Find Element By -->By.cssSelector: [placeholder='Name']
21:11:02.301  INFO  manager.ListenerWD - Before Find Element By -->By.cssSelector: [placeholder='Last Name']
21:11:02.313  INFO  manager.ListenerWD - After Find Element By -->By.cssSelector: [placeholder='Last Name']
21:11:02.420  INFO  manager.ListenerWD - Before Find Element By -->By.cssSelector: [placeholder='Phone']
21:11:02.433  INFO  manager.ListenerWD - After Find Element By -->By.cssSelector: [placeholder='Phone']
21:11:02.550  INFO  manager.ListenerWD - Before Find Element By -->By.cssSelector: [placeholder='email']
21:11:02.564  INFO  manager.ListenerWD - After Find Element By -->By.cssSelector: [placeholder='email']
21:11:02.681  INFO  manager.ListenerWD - Before Find Element By -->By.cssSelector: [placeholder='Address']
21:11:02.694  INFO  manager.ListenerWD - After Find Element By -->By.cssSelector: [placeholder='Address']
21:11:02.799  INFO  manager.ListenerWD - Before Find Element By -->By.cssSelector: [placeholder='description']
21:11:02.811  INFO  manager.ListenerWD - After Find Element By -->By.cssSelector: [placeholder='description']
21:11:02.926  INFO  manager.ListenerWD - Before Find Element By -->By.cssSelector: [placeholder='description']
21:11:02.940  INFO  manager.ListenerWD - After Find Element By -->By.cssSelector: [placeholder='description']
21:11:02.966  INFO  manager.ListenerWD - Before Find Element By -->By.cssSelector: .add_form__2rsm2 button
21:11:02.982  INFO  manager.ListenerWD - After Find Element By -->By.cssSelector: .add_form__2rsm2 button
21:11:03.029  INFO  manager.ListenerWD - Before Find Element By -->By.cssSelector: button b
21:11:03.042  INFO  manager.ListenerWD - After Find Element By -->By.cssSelector: button b
21:11:03.078  INFO  manager.ListenerWD - Before Find Elements By -->By.cssSelector: h2
21:11:03.726  INFO  manager.ListenerWD - After Find Elements By -->By.cssSelector: h2
21:11:03.727  INFO  manager.ListenerWD - List size is -->129
21:11:04.036  INFO  manager.ListenerWD - Before Find Elements By -->By.cssSelector: h3
21:11:04.435  INFO  manager.ListenerWD - After Find Elements By -->By.cssSelector: h3
21:11:04.436  INFO  manager.ListenerWD - List size is -->129
21:11:04.792  INFO  manager.ListenerWD - Before Find Elements By -->By.xpath: //button[text()='Sign Out']
21:11:04.803  INFO  manager.ListenerWD - After Find Elements By -->By.xpath: //button[text()='Sign Out']
21:11:04.803  INFO  manager.ListenerWD - List size is -->1
21:11:05.316  INFO  manager.ListenerWD - Before Find Element By -->By.xpath: //a[text()='ADD']
21:11:05.331  INFO  manager.ListenerWD - After Find Element By -->By.xpath: //a[text()='ADD']
21:11:05.365  INFO  manager.ListenerWD - Before Find Element By -->By.cssSelector: [placeholder='Name']
21:11:05.388  INFO  manager.ListenerWD - After Find Element By -->By.cssSelector: [placeholder='Name']
21:11:05.501  INFO  manager.ListenerWD - Before Find Element By -->By.cssSelector: [placeholder='Phone']
21:11:05.515  INFO  manager.ListenerWD - After Find Element By -->By.cssSelector: [placeholder='Phone']
21:11:05.645  INFO  manager.ListenerWD - Before Find Element By -->By.cssSelector: [placeholder='email']
21:11:05.656  INFO  manager.ListenerWD - After Find Element By -->By.cssSelector: [placeholder='email']
21:11:05.777  INFO  manager.ListenerWD - Before Find Element By -->By.cssSelector: [placeholder='Address']
21:11:05.792  INFO  manager.ListenerWD - After Find Element By -->By.cssSelector: [placeholder='Address']
21:11:05.907  INFO  manager.ListenerWD - Before Find Element By -->By.cssSelector: [placeholder='description']
21:11:05.920  INFO  manager.ListenerWD - After Find Element By -->By.cssSelector: [placeholder='description']
21:11:06.038  INFO  manager.ListenerWD - Before Find Element By -->By.cssSelector: [placeholder='description']
21:11:06.055  INFO  manager.ListenerWD - After Find Element By -->By.cssSelector: [placeholder='description']
21:11:06.078  INFO  manager.ListenerWD - Before Find Element By -->By.cssSelector: .add_form__2rsm2 button
21:11:06.092  INFO  manager.ListenerWD - After Find Element By -->By.cssSelector: .add_form__2rsm2 button
21:11:06.137  INFO  manager.ListenerWD - Before Find Elements By -->By.cssSelector: a.active[href='/add']
21:11:06.150  INFO  manager.ListenerWD - After Find Elements By -->By.cssSelector: a.active[href='/add']
21:11:06.150  INFO  manager.ListenerWD - List size is -->1
