21:25:40.700  INFO  manager.ListenerNG - onStart
21:25:44.500  INFO  manager.ApplicationManager - Chrome Driver was opened
21:25:46.807  INFO  manager.ApplicationManager - Current URL is -->https://contacts-app.tobbymarshall815.vercel.app/home
21:25:46.856  INFO  manager.ListenerNG - onStart
21:25:46.945  INFO  manager.ListenerWD - Before Find Elements By -->By.xpath: //button[text()='Sign Out']
21:25:51.966  INFO  manager.ListenerWD - After Find Elements By -->By.xpath: //button[text()='Sign Out']
21:25:51.966  INFO  manager.ListenerWD - List size is -->0
21:25:51.966  INFO  manager.ListenerWD - Before Find Element By -->By.xpath: //a[@href='/login']
21:25:51.998  INFO  manager.ListenerWD - After Find Element By -->By.xpath: //a[@href='/login']
21:25:52.085  INFO  manager.ListenerWD - Before Find Element By -->By.xpath: //input[@placeholder='Email']
21:25:52.125  INFO  manager.ListenerWD - After Find Element By -->By.xpath: //input[@placeholder='Email']
21:25:52.310  INFO  manager.ListenerWD - Before Find Element By -->By.xpath: //input[@placeholder='Password']
21:25:52.344  INFO  manager.ListenerWD - After Find Element By -->By.xpath: //input[@placeholder='Password']
21:25:52.505  INFO  manager.ListenerWD - Before Find Element By -->By.xpath: //*[text()=' Login']
21:25:52.537  INFO  manager.ListenerWD - After Find Element By -->By.xpath: //*[text()=' Login']
21:25:52.594  INFO  manager.ListenerNG - onTestStart
21:25:53.105  INFO  manager.ListenerWD - Before Find Element By -->By.xpath: //a[text()='ADD']
21:25:53.273  INFO  manager.ListenerWD - After Find Element By -->By.xpath: //a[text()='ADD']
21:25:53.332  INFO  manager.ListenerWD - Before Find Element By -->By.cssSelector: [placeholder='Name']
21:25:53.369  INFO  manager.ListenerWD - After Find Element By -->By.cssSelector: [placeholder='Name']
21:25:53.513  INFO  manager.ListenerWD - Before Find Element By -->By.cssSelector: [placeholder='Last Name']
21:25:53.548  INFO  manager.ListenerWD - After Find Element By -->By.cssSelector: [placeholder='Last Name']
21:25:53.681  INFO  manager.ListenerWD - Before Find Element By -->By.cssSelector: [placeholder='Phone']
21:25:53.721  INFO  manager.ListenerWD - After Find Element By -->By.cssSelector: [placeholder='Phone']
21:25:53.901  INFO  manager.ListenerWD - Before Find Element By -->By.cssSelector: [placeholder='email']
21:25:53.934  INFO  manager.ListenerWD - After Find Element By -->By.cssSelector: [placeholder='email']
21:25:54.084  INFO  manager.ListenerWD - Before Find Element By -->By.cssSelector: [placeholder='Address']
21:25:54.109  INFO  manager.ListenerWD - After Find Element By -->By.cssSelector: [placeholder='Address']
21:25:54.226  INFO  manager.ListenerWD - Before Find Element By -->By.cssSelector: [placeholder='description']
21:25:54.243  INFO  manager.ListenerWD - After Find Element By -->By.cssSelector: [placeholder='description']
21:25:54.307  INFO  manager.ListenerWD - Before Find Element By -->By.cssSelector: .add_form__2rsm2 button
21:25:54.334  INFO  manager.ListenerWD - After Find Element By -->By.cssSelector: .add_form__2rsm2 button
21:25:54.384  INFO  manager.ListenerWD - Before Find Elements By -->By.cssSelector: h2
21:25:55.129  INFO  manager.ListenerWD - After Find Elements By -->By.cssSelector: h2
21:25:55.130  INFO  manager.ListenerWD - List size is -->43
21:25:55.858  INFO  manager.ListenerWD - Before Find Elements By -->By.cssSelector: h3
21:25:56.134  INFO  manager.ListenerWD - After Find Elements By -->By.cssSelector: h3
21:25:56.135  INFO  manager.ListenerWD - List size is -->43
21:25:56.880  INFO  manager.ListenerNG - onTestSuccess
21:25:56.889  INFO  manager.ListenerWD - Before Find Elements By -->By.xpath: //button[text()='Sign Out']
21:25:56.905  INFO  manager.ListenerWD - After Find Elements By -->By.xpath: //button[text()='Sign Out']
21:25:56.905  INFO  manager.ListenerWD - List size is -->1
21:25:56.906  INFO  manager.ListenerNG - onTestStart
21:25:56.927  INFO  TestBase - The test used contact : Contact(name=Lisa, lastName=Boi, phone=12345678, email=lis@gmail.com, address=Israel, description=My best friend)
21:25:57.428  INFO  manager.ListenerWD - Before Find Element By -->By.xpath: //a[text()='ADD']
21:25:57.451  INFO  manager.ListenerWD - After Find Element By -->By.xpath: //a[text()='ADD']
21:25:57.502  INFO  manager.ListenerWD - Before Find Element By -->By.cssSelector: [placeholder='Name']
21:25:57.531  INFO  manager.ListenerWD - After Find Element By -->By.cssSelector: [placeholder='Name']
21:25:57.693  INFO  manager.ListenerWD - Before Find Element By -->By.cssSelector: [placeholder='Last Name']
21:25:57.714  INFO  manager.ListenerWD - After Find Element By -->By.cssSelector: [placeholder='Last Name']
21:25:57.871  INFO  manager.ListenerWD - Before Find Element By -->By.cssSelector: [placeholder='Phone']
21:25:57.899  INFO  manager.ListenerWD - After Find Element By -->By.cssSelector: [placeholder='Phone']
21:25:58.090  INFO  manager.ListenerWD - Before Find Element By -->By.cssSelector: [placeholder='email']
21:25:58.111  INFO  manager.ListenerWD - After Find Element By -->By.cssSelector: [placeholder='email']
21:25:58.284  INFO  manager.ListenerWD - Before Find Element By -->By.cssSelector: [placeholder='Address']
21:25:58.306  INFO  manager.ListenerWD - After Find Element By -->By.cssSelector: [placeholder='Address']
21:25:58.493  INFO  manager.ListenerWD - Before Find Element By -->By.cssSelector: [placeholder='description']
21:25:58.516  INFO  manager.ListenerWD - After Find Element By -->By.cssSelector: [placeholder='description']
21:25:58.667  INFO  manager.ListenerWD - Before Find Element By -->By.cssSelector: [placeholder='description']
21:25:58.687  INFO  manager.ListenerWD - After Find Element By -->By.cssSelector: [placeholder='description']
21:25:58.719  INFO  manager.ListenerWD - Before Find Element By -->By.cssSelector: .add_form__2rsm2 button
21:25:58.737  INFO  manager.ListenerWD - After Find Element By -->By.cssSelector: .add_form__2rsm2 button
21:25:58.797  INFO  manager.ListenerWD - Before Find Element By -->By.cssSelector: button b
21:25:58.818  INFO  manager.ListenerWD - After Find Element By -->By.cssSelector: button b
21:25:58.856  INFO  manager.ListenerWD - Before Find Elements By -->By.cssSelector: h2
21:25:59.461  INFO  manager.ListenerWD - After Find Elements By -->By.cssSelector: h2
21:25:59.461  INFO  manager.ListenerWD - List size is -->45
21:25:59.662  INFO  manager.ListenerWD - Before Find Elements By -->By.cssSelector: h3
21:25:59.955  INFO  manager.ListenerWD - After Find Elements By -->By.cssSelector: h3
21:25:59.956  INFO  manager.ListenerWD - List size is -->45
21:26:00.125  INFO  manager.ListenerNG - onTestSuccess
21:26:00.126  INFO  manager.ListenerWD - Before Find Elements By -->By.xpath: //button[text()='Sign Out']
21:26:00.139  INFO  manager.ListenerWD - After Find Elements By -->By.xpath: //button[text()='Sign Out']
21:26:00.140  INFO  manager.ListenerWD - List size is -->1
21:26:00.140  INFO  manager.ListenerNG - onTestStart
21:26:00.141  INFO  TestBase - The test used contact : Contact(name=Olga, lastName=Boi, phone=12345679, email=olga@gmail.com, address=Israel, description=My best friend)
21:26:00.655  INFO  manager.ListenerWD - Before Find Element By -->By.xpath: //a[text()='ADD']
21:26:00.669  INFO  manager.ListenerWD - After Find Element By -->By.xpath: //a[text()='ADD']
21:26:00.708  INFO  manager.ListenerWD - Before Find Element By -->By.cssSelector: [placeholder='Name']
21:26:00.738  INFO  manager.ListenerWD - After Find Element By -->By.cssSelector: [placeholder='Name']
21:26:00.873  INFO  manager.ListenerWD - Before Find Element By -->By.cssSelector: [placeholder='Last Name']
21:26:00.887  INFO  manager.ListenerWD - After Find Element By -->By.cssSelector: [placeholder='Last Name']
21:26:01.029  INFO  manager.ListenerWD - Before Find Element By -->By.cssSelector: [placeholder='Phone']
21:26:01.043  INFO  manager.ListenerWD - After Find Element By -->By.cssSelector: [placeholder='Phone']
21:26:01.170  INFO  manager.ListenerWD - Before Find Element By -->By.cssSelector: [placeholder='email']
21:26:01.184  INFO  manager.ListenerWD - After Find Element By -->By.cssSelector: [placeholder='email']
21:26:01.312  INFO  manager.ListenerWD - Before Find Element By -->By.cssSelector: [placeholder='Address']
21:26:01.326  INFO  manager.ListenerWD - After Find Element By -->By.cssSelector: [placeholder='Address']
21:26:01.452  INFO  manager.ListenerWD - Before Find Element By -->By.cssSelector: [placeholder='description']
21:26:01.466  INFO  manager.ListenerWD - After Find Element By -->By.cssSelector: [placeholder='description']
21:26:01.587  INFO  manager.ListenerWD - Before Find Element By -->By.cssSelector: [placeholder='description']
21:26:01.603  INFO  manager.ListenerWD - After Find Element By -->By.cssSelector: [placeholder='description']
21:26:01.632  INFO  manager.ListenerWD - Before Find Element By -->By.cssSelector: .add_form__2rsm2 button
21:26:01.649  INFO  manager.ListenerWD - After Find Element By -->By.cssSelector: .add_form__2rsm2 button
21:26:01.702  INFO  manager.ListenerWD - Before Find Element By -->By.cssSelector: button b
21:26:01.716  INFO  manager.ListenerWD - After Find Element By -->By.cssSelector: button b
21:26:01.759  INFO  manager.ListenerWD - Before Find Elements By -->By.cssSelector: h2
21:26:02.305  INFO  manager.ListenerWD - After Find Elements By -->By.cssSelector: h2
21:26:02.306  INFO  manager.ListenerWD - List size is -->47
21:26:02.537  INFO  manager.ListenerWD - Before Find Elements By -->By.cssSelector: h3
21:26:02.846  INFO  manager.ListenerWD - After Find Elements By -->By.cssSelector: h3
21:26:02.847  INFO  manager.ListenerWD - List size is -->47
21:26:03.105  INFO  manager.ListenerNG - onTestSuccess
21:26:03.106  INFO  manager.ListenerWD - Before Find Elements By -->By.xpath: //button[text()='Sign Out']
21:26:03.125  INFO  manager.ListenerWD - After Find Elements By -->By.xpath: //button[text()='Sign Out']
21:26:03.125  INFO  manager.ListenerWD - List size is -->1
21:26:03.126  INFO  manager.ListenerNG - onTestStart
21:26:03.126  INFO  TestBase - The test used contact : Contact(name=Elena, lastName=Boi, phone=12345677, email=elena@gmail.com, address=Israel, description=My best friend)
21:26:03.626  INFO  manager.ListenerWD - Before Find Element By -->By.xpath: //a[text()='ADD']
21:26:03.641  INFO  manager.ListenerWD - After Find Element By -->By.xpath: //a[text()='ADD']
21:26:03.678  INFO  manager.ListenerWD - Before Find Element By -->By.cssSelector: [placeholder='Name']
21:26:03.699  INFO  manager.ListenerWD - After Find Element By -->By.cssSelector: [placeholder='Name']
21:26:03.826  INFO  manager.ListenerWD - Before Find Element By -->By.cssSelector: [placeholder='Last Name']
21:26:03.839  INFO  manager.ListenerWD - After Find Element By -->By.cssSelector: [placeholder='Last Name']
21:26:03.952  INFO  manager.ListenerWD - Before Find Element By -->By.cssSelector: [placeholder='Phone']
21:26:03.968  INFO  manager.ListenerWD - After Find Element By -->By.cssSelector: [placeholder='Phone']
21:26:04.110  INFO  manager.ListenerWD - Before Find Element By -->By.cssSelector: [placeholder='email']
21:26:04.127  INFO  manager.ListenerWD - After Find Element By -->By.cssSelector: [placeholder='email']
21:26:04.270  INFO  manager.ListenerWD - Before Find Element By -->By.cssSelector: [placeholder='Address']
21:26:04.285  INFO  manager.ListenerWD - After Find Element By -->By.cssSelector: [placeholder='Address']
21:26:04.422  INFO  manager.ListenerWD - Before Find Element By -->By.cssSelector: [placeholder='description']
21:26:04.434  INFO  manager.ListenerWD - After Find Element By -->By.cssSelector: [placeholder='description']
21:26:04.558  INFO  manager.ListenerWD - Before Find Element By -->By.cssSelector: [placeholder='description']
21:26:04.573  INFO  manager.ListenerWD - After Find Element By -->By.cssSelector: [placeholder='description']
21:26:04.598  INFO  manager.ListenerWD - Before Find Element By -->By.cssSelector: .add_form__2rsm2 button
21:26:04.612  INFO  manager.ListenerWD - After Find Element By -->By.cssSelector: .add_form__2rsm2 button
21:26:04.661  INFO  manager.ListenerWD - Before Find Element By -->By.cssSelector: button b
21:26:04.672  INFO  manager.ListenerWD - After Find Element By -->By.cssSelector: button b
21:26:04.712  INFO  manager.ListenerWD - Before Find Elements By -->By.cssSelector: h2
21:26:05.179  INFO  manager.ListenerWD - After Find Elements By -->By.cssSelector: h2
21:26:05.179  INFO  manager.ListenerWD - List size is -->49
21:26:05.451  INFO  manager.ListenerWD - Before Find Elements By -->By.cssSelector: h3
21:26:05.624  INFO  manager.ListenerWD - After Find Elements By -->By.cssSelector: h3
21:26:05.625  INFO  manager.ListenerWD - List size is -->49
21:26:05.849  INFO  manager.ListenerNG - onTestSuccess
21:26:05.850  INFO  manager.ListenerWD - Before Find Elements By -->By.xpath: //button[text()='Sign Out']
21:26:05.863  INFO  manager.ListenerWD - After Find Elements By -->By.xpath: //button[text()='Sign Out']
21:26:05.863  INFO  manager.ListenerWD - List size is -->1
21:26:05.863  INFO  manager.ListenerNG - onTestStart
21:26:05.863  INFO  TestBase - The test used contact : Contact(name=Pol, lastName=Boi, phone=12345676, email=pol@gmail.com, address=Israel, description=My best friend)
21:26:06.371  INFO  manager.ListenerWD - Before Find Element By -->By.xpath: //a[text()='ADD']
21:26:06.385  INFO  manager.ListenerWD - After Find Element By -->By.xpath: //a[text()='ADD']
21:26:06.420  INFO  manager.ListenerWD - Before Find Element By -->By.cssSelector: [placeholder='Name']
21:26:06.448  INFO  manager.ListenerWD - After Find Element By -->By.cssSelector: [placeholder='Name']
21:26:06.569  INFO  manager.ListenerWD - Before Find Element By -->By.cssSelector: [placeholder='Last Name']
21:26:06.584  INFO  manager.ListenerWD - After Find Element By -->By.cssSelector: [placeholder='Last Name']
21:26:06.701  INFO  manager.ListenerWD - Before Find Element By -->By.cssSelector: [placeholder='Phone']
21:26:06.716  INFO  manager.ListenerWD - After Find Element By -->By.cssSelector: [placeholder='Phone']
21:26:06.843  INFO  manager.ListenerWD - Before Find Element By -->By.cssSelector: [placeholder='email']
21:26:06.855  INFO  manager.ListenerWD - After Find Element By -->By.cssSelector: [placeholder='email']
21:26:07.002  INFO  manager.ListenerWD - Before Find Element By -->By.cssSelector: [placeholder='Address']
21:26:07.016  INFO  manager.ListenerWD - After Find Element By -->By.cssSelector: [placeholder='Address']
21:26:07.136  INFO  manager.ListenerWD - Before Find Element By -->By.cssSelector: [placeholder='description']
21:26:07.147  INFO  manager.ListenerWD - After Find Element By -->By.cssSelector: [placeholder='description']
21:26:07.282  INFO  manager.ListenerWD - Before Find Element By -->By.cssSelector: [placeholder='description']
21:26:07.299  INFO  manager.ListenerWD - After Find Element By -->By.cssSelector: [placeholder='description']
21:26:07.332  INFO  manager.ListenerWD - Before Find Element By -->By.cssSelector: .add_form__2rsm2 button
21:26:07.348  INFO  manager.ListenerWD - After Find Element By -->By.cssSelector: .add_form__2rsm2 button
21:26:07.402  INFO  manager.ListenerWD - Before Find Element By -->By.cssSelector: button b
21:26:07.417  INFO  manager.ListenerWD - After Find Element By -->By.cssSelector: button b
21:26:07.462  INFO  manager.ListenerWD - Before Find Elements By -->By.cssSelector: h2
21:26:07.840  INFO  manager.ListenerWD - After Find Elements By -->By.cssSelector: h2
21:26:07.840  INFO  manager.ListenerWD - List size is -->51
21:26:08.118  INFO  manager.ListenerWD - Before Find Elements By -->By.cssSelector: h3
21:26:08.317  INFO  manager.ListenerWD - After Find Elements By -->By.cssSelector: h3
21:26:08.317  INFO  manager.ListenerWD - List size is -->51
21:26:08.589  INFO  manager.ListenerNG - onTestSuccess
21:26:08.590  INFO  manager.ListenerWD - Before Find Elements By -->By.xpath: //button[text()='Sign Out']
21:26:08.603  INFO  manager.ListenerWD - After Find Elements By -->By.xpath: //button[text()='Sign Out']
21:26:08.603  INFO  manager.ListenerWD - List size is -->1
21:26:08.604  INFO  manager.ListenerNG - onTestStart
21:26:09.109  INFO  manager.ListenerWD - Before Find Element By -->By.xpath: //a[text()='ADD']
21:26:09.121  INFO  manager.ListenerWD - After Find Element By -->By.xpath: //a[text()='ADD']
21:26:09.153  INFO  manager.ListenerWD - Before Find Element By -->By.cssSelector: [placeholder='Name']
21:26:09.170  INFO  manager.ListenerWD - After Find Element By -->By.cssSelector: [placeholder='Name']
21:26:09.297  INFO  manager.ListenerWD - Before Find Element By -->By.cssSelector: [placeholder='Phone']
21:26:09.308  INFO  manager.ListenerWD - After Find Element By -->By.cssSelector: [placeholder='Phone']
21:26:09.437  INFO  manager.ListenerWD - Before Find Element By -->By.cssSelector: [placeholder='email']
21:26:09.453  INFO  manager.ListenerWD - After Find Element By -->By.cssSelector: [placeholder='email']
21:26:09.595  INFO  manager.ListenerWD - Before Find Element By -->By.cssSelector: [placeholder='Address']
21:26:09.611  INFO  manager.ListenerWD - After Find Element By -->By.cssSelector: [placeholder='Address']
21:26:09.749  INFO  manager.ListenerWD - Before Find Element By -->By.cssSelector: [placeholder='description']
21:26:09.765  INFO  manager.ListenerWD - After Find Element By -->By.cssSelector: [placeholder='description']
21:26:09.921  INFO  manager.ListenerWD - Before Find Element By -->By.cssSelector: [placeholder='description']
21:26:09.938  INFO  manager.ListenerWD - After Find Element By -->By.cssSelector: [placeholder='description']
21:26:09.967  INFO  manager.ListenerWD - Before Find Element By -->By.cssSelector: .add_form__2rsm2 button
21:26:09.980  INFO  manager.ListenerWD - After Find Element By -->By.cssSelector: .add_form__2rsm2 button
21:26:10.031  INFO  manager.ListenerWD - Before Find Elements By -->By.cssSelector: a.active[href='/add']
21:26:10.047  INFO  manager.ListenerWD - After Find Elements By -->By.cssSelector: a.active[href='/add']
21:26:10.047  INFO  manager.ListenerWD - List size is -->1
21:26:10.047  INFO  manager.ListenerNG - onTestSuccess
21:26:10.049  INFO  manager.ListenerWD - Before Find Elements By -->By.xpath: //button[text()='Sign Out']
21:26:10.061  INFO  manager.ListenerWD - After Find Elements By -->By.xpath: //button[text()='Sign Out']
21:26:10.061  INFO  manager.ListenerWD - List size is -->1
21:26:10.061  INFO  manager.ListenerWD - Before Find Element By -->By.xpath: //button[text()='Sign Out']
21:26:10.077  INFO  manager.ListenerWD - After Find Element By -->By.xpath: //button[text()='Sign Out']
21:26:15.134  INFO  manager.ListenerWD - We have a 'problem'
21:26:15.135  INFO  manager.ListenerWD - The name of error method  click
21:26:15.138  INFO  manager.ListenerWD - Describe of error org.openqa.selenium.ElementNotInteractableException: element not interactable
  (Session info: chrome=106.0.5249.119)
Build info: version: '4.4.0', revision: 'e5c75ed026a'
System info: host: 'DESKTOP-EVABS4F', ip: '192.168.1.138', os.name: 'Windows 11', os.arch: 'amd64', os.version: '10.0', java.version: '11.0.16.1'
Driver info: org.openqa.selenium.chrome.ChromeDriver
Command: [77e39f51313bb00266be4db07f25f1fc, clickElement {id=2f8c7072-2513-4bea-a578-bb88a7cb8022}]
Capabilities {acceptInsecureCerts: false, browserName: chrome, browserVersion: 106.0.5249.119, chrome: {chromedriverVersion: 106.0.5249.61 (511755355844..., userDataDir: C:\Users\evnik\AppData\Loca...}, goog:chromeOptions: {debuggerAddress: localhost:56740}, networkConnectionEnabled: false, pageLoadStrategy: normal, platformName: WINDOWS, proxy: Proxy(), se:cdp: ws://localhost:56740/devtoo..., se:cdpVersion: 106.0.5249.119, setWindowRect: true, strictFileInteractability: false, timeouts: {implicit: 0, pageLoad: 300000, script: 30000}, unhandledPromptBehavior: dismiss and notify, webauthn:extension:credBlob: true, webauthn:extension:largeBlob: true, webauthn:virtualAuthenticators: true}
Element: [[ChromeDriver: chrome on WINDOWS (77e39f51313bb00266be4db07f25f1fc)] -> xpath: //button[text()='Sign Out']]
Session ID: 77e39f51313bb00266be4db07f25f1fc
21:26:15.138  INFO  manager.ListenerWD - *********************
21:26:15.138  INFO  manager.ListenerWD - [[ChromeDriver: chrome on WINDOWS (77e39f51313bb00266be4db07f25f1fc)] -> xpath: //button[text()='Sign Out']]
21:26:15.142  INFO  manager.ListenerWD - Screen with error is 1029   src/test/screenshots/screen1029.png
21:26:15.150  INFO  manager.ListenerNG - onTestStart
21:26:15.151  INFO  manager.ListenerNG - onTestSkipped
21:26:15.153  INFO  manager.ListenerNG - onTestStart
21:26:15.153  INFO  manager.ListenerNG - onTestSkipped
21:26:15.154  INFO  manager.ListenerNG - onTestStart
21:26:15.154  INFO  manager.ListenerNG - onTestSkipped
21:26:15.155  INFO  manager.ListenerNG - onTestStart
21:26:15.156  INFO  manager.ListenerNG - onTestSkipped
21:26:15.157  INFO  manager.ListenerNG - onTestStart
21:26:15.158  INFO  manager.ListenerNG - onTestSkipped
21:26:15.160  INFO  manager.ListenerWD - Before Find Elements By -->By.xpath: //button[text()='Sign Out']
21:26:15.178  INFO  manager.ListenerWD - After Find Elements By -->By.xpath: //button[text()='Sign Out']
21:26:15.178  INFO  manager.ListenerWD - List size is -->1
21:26:15.178  INFO  manager.ListenerWD - Before Find Elements By -->By.cssSelector: .contact-item_card__2SOIM
21:26:20.227  INFO  manager.ListenerWD - After Find Elements By -->By.cssSelector: .contact-item_card__2SOIM
21:26:20.227  INFO  manager.ListenerWD - List size is -->0
21:26:20.736  INFO  manager.ListenerWD - Before Find Element By -->By.xpath: //a[text()='ADD']
21:26:20.752  INFO  manager.ListenerWD - After Find Element By -->By.xpath: //a[text()='ADD']
21:26:25.802  INFO  manager.ListenerWD - We have a 'problem'
21:26:25.802  INFO  manager.ListenerWD - The name of error method  click
21:26:25.802  INFO  manager.ListenerWD - Describe of error org.openqa.selenium.ElementNotInteractableException: element not interactable
  (Session info: chrome=106.0.5249.119)
Build info: version: '4.4.0', revision: 'e5c75ed026a'
System info: host: 'DESKTOP-EVABS4F', ip: '192.168.1.138', os.name: 'Windows 11', os.arch: 'amd64', os.version: '10.0', java.version: '11.0.16.1'
Driver info: org.openqa.selenium.chrome.ChromeDriver
Command: [77e39f51313bb00266be4db07f25f1fc, clickElement {id=a045c878-2a30-4eb3-872b-8908ad1fd1cc}]
Capabilities {acceptInsecureCerts: false, browserName: chrome, browserVersion: 106.0.5249.119, chrome: {chromedriverVersion: 106.0.5249.61 (511755355844..., userDataDir: C:\Users\evnik\AppData\Loca...}, goog:chromeOptions: {debuggerAddress: localhost:56740}, networkConnectionEnabled: false, pageLoadStrategy: normal, platformName: WINDOWS, proxy: Proxy(), se:cdp: ws://localhost:56740/devtoo..., se:cdpVersion: 106.0.5249.119, setWindowRect: true, strictFileInteractability: false, timeouts: {implicit: 0, pageLoad: 300000, script: 30000}, unhandledPromptBehavior: dismiss and notify, webauthn:extension:credBlob: true, webauthn:extension:largeBlob: true, webauthn:virtualAuthenticators: true}
Element: [[ChromeDriver: chrome on WINDOWS (77e39f51313bb00266be4db07f25f1fc)] -> xpath: //a[text()='ADD']]
Session ID: 77e39f51313bb00266be4db07f25f1fc
21:26:25.802  INFO  manager.ListenerWD - *********************
21:26:25.803  INFO  manager.ListenerWD - [[ChromeDriver: chrome on WINDOWS (77e39f51313bb00266be4db07f25f1fc)] -> xpath: //a[text()='ADD']]
21:26:25.803  INFO  manager.ListenerWD - Screen with error is 1373   src/test/screenshots/screen1373.png
21:26:25.807  INFO  manager.ListenerNG - onTestStart
21:26:25.807  INFO  manager.ListenerNG - onTestSkipped
21:26:25.809  INFO  manager.ListenerNG - onTestStart
21:26:25.810  INFO  manager.ListenerNG - onTestSkipped
21:26:25.829  INFO  manager.ListenerNG - onFinish
21:26:25.832  INFO  manager.ListenerNG - onFinish
