21:55:18.505  INFO  manager.ListenerNG - onStart
21:55:22.233  INFO  manager.ApplicationManager - Chrome Driver was opened
21:55:24.315  INFO  manager.ApplicationManager - Current URL is -->https://contacts-app.tobbymarshall815.vercel.app/home
21:55:24.347  INFO  manager.ListenerNG - onStart
21:55:24.406  INFO  manager.ListenerWD - Before Find Elements By -->By.xpath: //button[text()='Sign Out']
21:55:29.485  INFO  manager.ListenerWD - After Find Elements By -->By.xpath: //button[text()='Sign Out']
21:55:29.485  INFO  manager.ListenerWD - List size is -->0
21:55:29.487  INFO  manager.ListenerWD - Before Find Element By -->By.xpath: //a[@href='/login']
21:55:29.541  INFO  manager.ListenerWD - After Find Element By -->By.xpath: //a[@href='/login']
21:55:29.674  INFO  manager.ListenerWD - Before Find Element By -->By.xpath: //input[@placeholder='Email']
21:55:29.734  INFO  manager.ListenerWD - After Find Element By -->By.xpath: //input[@placeholder='Email']
21:55:29.983  INFO  manager.ListenerWD - Before Find Element By -->By.xpath: //input[@placeholder='Password']
21:55:30.036  INFO  manager.ListenerWD - After Find Element By -->By.xpath: //input[@placeholder='Password']
21:55:30.239  INFO  manager.ListenerWD - Before Find Element By -->By.xpath: //*[text()=' Login']
21:55:30.292  INFO  manager.ListenerWD - After Find Element By -->By.xpath: //*[text()=' Login']
21:55:30.375  INFO  manager.ListenerNG - onTestStart
21:55:30.881  INFO  manager.ListenerWD - Before Find Element By -->By.xpath: //a[text()='ADD']
21:55:31.120  INFO  manager.ListenerWD - After Find Element By -->By.xpath: //a[text()='ADD']
21:55:31.204  INFO  manager.ListenerWD - Before Find Element By -->By.cssSelector: [placeholder='Name']
21:55:31.253  INFO  manager.ListenerWD - After Find Element By -->By.cssSelector: [placeholder='Name']
21:55:31.442  INFO  manager.ListenerWD - Before Find Element By -->By.cssSelector: [placeholder='Last Name']
21:55:31.480  INFO  manager.ListenerWD - After Find Element By -->By.cssSelector: [placeholder='Last Name']
21:55:31.665  INFO  manager.ListenerWD - Before Find Element By -->By.cssSelector: [placeholder='Phone']
21:55:31.701  INFO  manager.ListenerWD - After Find Element By -->By.cssSelector: [placeholder='Phone']
21:55:31.868  INFO  manager.ListenerWD - Before Find Element By -->By.cssSelector: [placeholder='email']
21:55:31.907  INFO  manager.ListenerWD - After Find Element By -->By.cssSelector: [placeholder='email']
21:55:32.073  INFO  manager.ListenerWD - Before Find Element By -->By.cssSelector: [placeholder='Address']
21:55:32.108  INFO  manager.ListenerWD - After Find Element By -->By.cssSelector: [placeholder='Address']
21:55:32.268  INFO  manager.ListenerWD - Before Find Element By -->By.cssSelector: [placeholder='description']
21:55:32.299  INFO  manager.ListenerWD - After Find Element By -->By.cssSelector: [placeholder='description']
21:55:32.472  INFO  manager.ListenerWD - Before Find Element By -->By.cssSelector: [placeholder='description']
21:55:32.498  INFO  manager.ListenerWD - After Find Element By -->By.cssSelector: [placeholder='description']
21:55:32.543  INFO  manager.ListenerWD - Before Find Element By -->By.cssSelector: .add_form__2rsm2 button
21:55:32.576  INFO  manager.ListenerWD - After Find Element By -->By.cssSelector: .add_form__2rsm2 button
21:55:32.646  INFO  manager.ListenerWD - Before Find Element By -->By.cssSelector: button b
21:55:32.682  INFO  manager.ListenerWD - After Find Element By -->By.cssSelector: button b
21:55:32.744  INFO  manager.ListenerWD - Before Find Elements By -->By.cssSelector: h2
21:55:33.627  INFO  manager.ListenerWD - After Find Elements By -->By.cssSelector: h2
21:55:33.628  INFO  manager.ListenerWD - List size is -->47
21:55:34.178  INFO  manager.ListenerWD - Before Find Elements By -->By.cssSelector: h3
21:55:34.721  INFO  manager.ListenerWD - After Find Elements By -->By.cssSelector: h3
21:55:34.722  INFO  manager.ListenerWD - List size is -->47
21:55:35.189  INFO  manager.ListenerNG - onTestSuccess
21:55:35.192  INFO  manager.ListenerWD - Before Find Elements By -->By.xpath: //button[text()='Sign Out']
21:55:35.212  INFO  manager.ListenerWD - After Find Elements By -->By.xpath: //button[text()='Sign Out']
21:55:35.213  INFO  manager.ListenerWD - List size is -->1
21:55:35.213  INFO  manager.ListenerNG - onTestStart
21:55:35.719  INFO  manager.ListenerWD - Before Find Element By -->By.xpath: //a[text()='ADD']
21:55:35.736  INFO  manager.ListenerWD - After Find Element By -->By.xpath: //a[text()='ADD']
21:55:35.788  INFO  manager.ListenerWD - Before Find Element By -->By.cssSelector: [placeholder='Name']
21:55:35.812  INFO  manager.ListenerWD - After Find Element By -->By.cssSelector: [placeholder='Name']
21:55:35.967  INFO  manager.ListenerWD - Before Find Element By -->By.cssSelector: [placeholder='Last Name']
21:55:35.989  INFO  manager.ListenerWD - After Find Element By -->By.cssSelector: [placeholder='Last Name']
21:55:36.138  INFO  manager.ListenerWD - Before Find Element By -->By.cssSelector: [placeholder='Phone']
21:55:36.159  INFO  manager.ListenerWD - After Find Element By -->By.cssSelector: [placeholder='Phone']
21:55:36.318  INFO  manager.ListenerWD - Before Find Element By -->By.cssSelector: [placeholder='email']
21:55:36.337  INFO  manager.ListenerWD - After Find Element By -->By.cssSelector: [placeholder='email']
21:55:36.501  INFO  manager.ListenerWD - Before Find Element By -->By.cssSelector: [placeholder='Address']
21:55:36.522  INFO  manager.ListenerWD - After Find Element By -->By.cssSelector: [placeholder='Address']
21:55:36.708  INFO  manager.ListenerWD - Before Find Element By -->By.cssSelector: [placeholder='description']
21:55:36.732  INFO  manager.ListenerWD - After Find Element By -->By.cssSelector: [placeholder='description']
21:55:36.828  INFO  manager.ListenerWD - Before Find Element By -->By.cssSelector: .add_form__2rsm2 button
21:55:36.858  INFO  manager.ListenerWD - After Find Element By -->By.cssSelector: .add_form__2rsm2 button
21:55:36.936  INFO  manager.ListenerWD - Before Find Elements By -->By.cssSelector: h2
21:55:37.667  INFO  manager.ListenerWD - After Find Elements By -->By.cssSelector: h2
21:55:37.667  INFO  manager.ListenerWD - List size is -->48
21:55:38.159  INFO  manager.ListenerWD - Before Find Elements By -->By.cssSelector: h3
21:55:38.624  INFO  manager.ListenerWD - After Find Elements By -->By.cssSelector: h3
21:55:38.625  INFO  manager.ListenerWD - List size is -->48
21:55:39.275  INFO  manager.ListenerNG - onTestSuccess
21:55:39.278  INFO  manager.ListenerWD - Before Find Elements By -->By.xpath: //button[text()='Sign Out']
21:55:39.306  INFO  manager.ListenerWD - After Find Elements By -->By.xpath: //button[text()='Sign Out']
21:55:39.306  INFO  manager.ListenerWD - List size is -->1
21:55:39.307  INFO  manager.ListenerNG - onTestStart
21:55:39.807  INFO  manager.ListenerWD - Before Find Element By -->By.xpath: //a[text()='ADD']
21:55:39.829  INFO  manager.ListenerWD - After Find Element By -->By.xpath: //a[text()='ADD']
21:55:39.894  INFO  manager.ListenerWD - Before Find Element By -->By.cssSelector: [placeholder='Name']
21:55:39.927  INFO  manager.ListenerWD - After Find Element By -->By.cssSelector: [placeholder='Name']
21:55:40.142  INFO  manager.ListenerWD - Before Find Element By -->By.cssSelector: [placeholder='Phone']
21:55:40.165  INFO  manager.ListenerWD - After Find Element By -->By.cssSelector: [placeholder='Phone']
21:55:40.371  INFO  manager.ListenerWD - Before Find Element By -->By.cssSelector: [placeholder='email']
21:55:40.391  INFO  manager.ListenerWD - After Find Element By -->By.cssSelector: [placeholder='email']
21:55:40.570  INFO  manager.ListenerWD - Before Find Element By -->By.cssSelector: [placeholder='Address']
21:55:40.593  INFO  manager.ListenerWD - After Find Element By -->By.cssSelector: [placeholder='Address']
21:55:40.780  INFO  manager.ListenerWD - Before Find Element By -->By.cssSelector: [placeholder='description']
21:55:40.804  INFO  manager.ListenerWD - After Find Element By -->By.cssSelector: [placeholder='description']
21:55:40.971  INFO  manager.ListenerWD - Before Find Element By -->By.cssSelector: [placeholder='description']
21:55:40.995  INFO  manager.ListenerWD - After Find Element By -->By.cssSelector: [placeholder='description']
21:55:41.029  INFO  manager.ListenerWD - Before Find Element By -->By.cssSelector: .add_form__2rsm2 button
21:55:41.055  INFO  manager.ListenerWD - After Find Element By -->By.cssSelector: .add_form__2rsm2 button
21:55:41.133  INFO  manager.ListenerWD - Before Find Elements By -->By.cssSelector: a.active[href='/add']
21:55:41.164  INFO  manager.ListenerWD - After Find Elements By -->By.cssSelector: a.active[href='/add']
21:55:41.164  INFO  manager.ListenerWD - List size is -->1
21:55:41.165  INFO  manager.ListenerNG - onTestSuccess
21:55:41.168  INFO  TestBase - Start checking authorization
21:55:41.169  INFO  manager.ListenerWD - Before Find Elements By -->By.xpath: //button[text()='Sign Out']
21:55:41.189  INFO  manager.ListenerWD - After Find Elements By -->By.xpath: //button[text()='Sign Out']
21:55:41.190  INFO  manager.ListenerWD - List size is -->1
21:55:41.190  INFO  manager.ListenerWD - Before Find Element By -->By.xpath: //button[text()='Sign Out']
21:55:41.222  INFO  manager.ListenerWD - After Find Element By -->By.xpath: //button[text()='Sign Out']
21:55:46.294  INFO  manager.ListenerWD - We have a 'problem'
21:55:46.294  INFO  manager.ListenerWD - The name of error method  click
21:55:46.298  INFO  manager.ListenerWD - Describe of error org.openqa.selenium.ElementNotInteractableException: element not interactable
  (Session info: chrome=106.0.5249.103)
Build info: version: '4.4.0', revision: 'e5c75ed026a'
System info: host: 'DESKTOP-EVABS4F', ip: '192.168.1.138', os.name: 'Windows 11', os.arch: 'amd64', os.version: '10.0', java.version: '11.0.16.1'
Driver info: org.openqa.selenium.chrome.ChromeDriver
Command: [1ec7351a75261adb4af00500960a9577, clickElement {id=309869eb-ff7d-407a-8e15-7d895c8b45d9}]
Capabilities {acceptInsecureCerts: false, browserName: chrome, browserVersion: 106.0.5249.103, chrome: {chromedriverVersion: 106.0.5249.61 (511755355844..., userDataDir: C:\Users\evnik\AppData\Loca...}, goog:chromeOptions: {debuggerAddress: localhost:61375}, networkConnectionEnabled: false, pageLoadStrategy: normal, platformName: WINDOWS, proxy: Proxy(), se:cdp: ws://localhost:61375/devtoo..., se:cdpVersion: 106.0.5249.103, setWindowRect: true, strictFileInteractability: false, timeouts: {implicit: 0, pageLoad: 300000, script: 30000}, unhandledPromptBehavior: dismiss and notify, webauthn:extension:credBlob: true, webauthn:extension:largeBlob: true, webauthn:virtualAuthenticators: true}
Element: [[ChromeDriver: chrome on WINDOWS (1ec7351a75261adb4af00500960a9577)] -> xpath: //button[text()='Sign Out']]
Session ID: 1ec7351a75261adb4af00500960a9577
21:55:46.299  INFO  manager.ListenerWD - *********************
21:55:46.299  INFO  manager.ListenerWD - [[ChromeDriver: chrome on WINDOWS (1ec7351a75261adb4af00500960a9577)] -> xpath: //button[text()='Sign Out']]
21:55:46.303  INFO  manager.ListenerWD - Screen with error is 1857   src/test/screenshots/screen1857.png
21:55:46.314  INFO  manager.ListenerNG - onTestStart
21:55:46.315  INFO  manager.ListenerNG - onTestSkipped
21:55:46.318  INFO  manager.ListenerNG - onTestStart
21:55:46.318  INFO  manager.ListenerNG - onTestSkipped
21:55:46.319  INFO  manager.ListenerNG - onTestStart
21:55:46.321  INFO  manager.ListenerNG - onTestSkipped
21:55:46.324  INFO  manager.ListenerWD - Before Find Elements By -->By.xpath: //button[text()='Sign Out']
21:55:46.353  INFO  manager.ListenerWD - After Find Elements By -->By.xpath: //button[text()='Sign Out']
21:55:46.354  INFO  manager.ListenerWD - List size is -->1
21:55:46.354  INFO  manager.ListenerWD - Before Find Element By -->By.xpath: //button[text()='Sign Out']
21:55:46.380  INFO  manager.ListenerWD - After Find Element By -->By.xpath: //button[text()='Sign Out']
21:55:51.431  INFO  manager.ListenerWD - We have a 'problem'
21:55:51.431  INFO  manager.ListenerWD - The name of error method  click
21:55:51.431  INFO  manager.ListenerWD - Describe of error org.openqa.selenium.ElementNotInteractableException: element not interactable
  (Session info: chrome=106.0.5249.103)
Build info: version: '4.4.0', revision: 'e5c75ed026a'
System info: host: 'DESKTOP-EVABS4F', ip: '192.168.1.138', os.name: 'Windows 11', os.arch: 'amd64', os.version: '10.0', java.version: '11.0.16.1'
Driver info: org.openqa.selenium.chrome.ChromeDriver
Command: [1ec7351a75261adb4af00500960a9577, clickElement {id=309869eb-ff7d-407a-8e15-7d895c8b45d9}]
Capabilities {acceptInsecureCerts: false, browserName: chrome, browserVersion: 106.0.5249.103, chrome: {chromedriverVersion: 106.0.5249.61 (511755355844..., userDataDir: C:\Users\evnik\AppData\Loca...}, goog:chromeOptions: {debuggerAddress: localhost:61375}, networkConnectionEnabled: false, pageLoadStrategy: normal, platformName: WINDOWS, proxy: Proxy(), se:cdp: ws://localhost:61375/devtoo..., se:cdpVersion: 106.0.5249.103, setWindowRect: true, strictFileInteractability: false, timeouts: {implicit: 0, pageLoad: 300000, script: 30000}, unhandledPromptBehavior: dismiss and notify, webauthn:extension:credBlob: true, webauthn:extension:largeBlob: true, webauthn:virtualAuthenticators: true}
Element: [[ChromeDriver: chrome on WINDOWS (1ec7351a75261adb4af00500960a9577)] -> xpath: //button[text()='Sign Out']]
Session ID: 1ec7351a75261adb4af00500960a9577
21:55:51.432  INFO  manager.ListenerWD - *********************
21:55:51.432  INFO  manager.ListenerWD - [[ChromeDriver: chrome on WINDOWS (1ec7351a75261adb4af00500960a9577)] -> xpath: //button[text()='Sign Out']]
21:55:51.432  INFO  manager.ListenerWD - Screen with error is 1379   src/test/screenshots/screen1379.png
21:55:51.437  INFO  manager.ListenerNG - onTestStart
21:55:51.438  INFO  manager.ListenerNG - onTestSkipped
21:55:51.439  INFO  manager.ListenerNG - onTestStart
21:55:51.441  INFO  manager.ListenerNG - onTestSkipped
21:55:51.443  INFO  manager.ListenerNG - onTestStart
21:55:51.444  INFO  manager.ListenerNG - onTestSkipped
21:55:51.445  INFO  manager.ListenerNG - onTestStart
21:55:51.446  INFO  manager.ListenerNG - onTestSkipped
21:55:51.448  INFO  manager.ListenerWD - Before Find Elements By -->By.xpath: //button[text()='Sign Out']
21:55:51.472  INFO  manager.ListenerWD - After Find Elements By -->By.xpath: //button[text()='Sign Out']
21:55:51.472  INFO  manager.ListenerWD - List size is -->1
21:55:51.472  INFO  manager.ListenerWD - Before Find Elements By -->By.cssSelector: .contact-item_card__2SOIM
21:55:56.520  INFO  manager.ListenerWD - After Find Elements By -->By.cssSelector: .contact-item_card__2SOIM
21:55:56.521  INFO  manager.ListenerWD - List size is -->0
21:55:57.035  INFO  manager.ListenerWD - Before Find Element By -->By.xpath: //a[text()='ADD']
21:55:57.046  INFO  manager.ListenerWD - After Find Element By -->By.xpath: //a[text()='ADD']
21:56:02.083  INFO  manager.ListenerWD - We have a 'problem'
21:56:02.083  INFO  manager.ListenerWD - The name of error method  click
21:56:02.084  INFO  manager.ListenerWD - Describe of error org.openqa.selenium.ElementNotInteractableException: element not interactable
  (Session info: chrome=106.0.5249.103)
Build info: version: '4.4.0', revision: 'e5c75ed026a'
System info: host: 'DESKTOP-EVABS4F', ip: '192.168.1.138', os.name: 'Windows 11', os.arch: 'amd64', os.version: '10.0', java.version: '11.0.16.1'
Driver info: org.openqa.selenium.chrome.ChromeDriver
Command: [1ec7351a75261adb4af00500960a9577, clickElement {id=bba8dff9-df0a-4f6f-b080-ab38e55a712e}]
Capabilities {acceptInsecureCerts: false, browserName: chrome, browserVersion: 106.0.5249.103, chrome: {chromedriverVersion: 106.0.5249.61 (511755355844..., userDataDir: C:\Users\evnik\AppData\Loca...}, goog:chromeOptions: {debuggerAddress: localhost:61375}, networkConnectionEnabled: false, pageLoadStrategy: normal, platformName: WINDOWS, proxy: Proxy(), se:cdp: ws://localhost:61375/devtoo..., se:cdpVersion: 106.0.5249.103, setWindowRect: true, strictFileInteractability: false, timeouts: {implicit: 0, pageLoad: 300000, script: 30000}, unhandledPromptBehavior: dismiss and notify, webauthn:extension:credBlob: true, webauthn:extension:largeBlob: true, webauthn:virtualAuthenticators: true}
Element: [[ChromeDriver: chrome on WINDOWS (1ec7351a75261adb4af00500960a9577)] -> xpath: //a[text()='ADD']]
Session ID: 1ec7351a75261adb4af00500960a9577
21:56:02.084  INFO  manager.ListenerWD - *********************
21:56:02.084  INFO  manager.ListenerWD - [[ChromeDriver: chrome on WINDOWS (1ec7351a75261adb4af00500960a9577)] -> xpath: //a[text()='ADD']]
21:56:02.085  INFO  manager.ListenerWD - Screen with error is 1751   src/test/screenshots/screen1751.png
21:56:02.090  INFO  manager.ListenerNG - onTestStart
21:56:02.090  INFO  manager.ListenerNG - onTestSkipped
21:56:02.092  INFO  manager.ListenerNG - onTestStart
21:56:02.092  INFO  manager.ListenerNG - onTestSkipped
21:56:02.095  INFO  manager.ListenerNG - onFinish
21:56:02.100  INFO  manager.ListenerNG - onFinish
