13:22:40.466  INFO  manager.ApplicationManager - Chrome Driver was opened
13:22:42.145  INFO  manager.ApplicationManager - Current URL is -->https://contacts-app.tobbymarshall815.vercel.app/home
13:22:42.214  INFO  manager.ListenerWD - Before Find Elements By -->By.xpath: //button[text()='Sign Out']
13:22:47.256  INFO  manager.ListenerWD - After Find Elements By -->By.xpath: //button[text()='Sign Out']
13:22:47.256  INFO  manager.ListenerWD - List size is -->0
13:22:47.257  INFO  manager.ListenerWD - Before Find Element By -->By.xpath: //a[@href='/login']
13:22:47.284  INFO  manager.ListenerWD - After Find Element By -->By.xpath: //a[@href='/login']
13:22:47.361  INFO  manager.ListenerWD - Before Find Element By -->By.xpath: //input[@placeholder='Email']
13:22:47.403  INFO  manager.ListenerWD - After Find Element By -->By.xpath: //input[@placeholder='Email']
13:22:47.551  INFO  manager.ListenerWD - Before Find Element By -->By.xpath: //input[@placeholder='Password']
13:22:47.581  INFO  manager.ListenerWD - After Find Element By -->By.xpath: //input[@placeholder='Password']
13:22:47.728  INFO  manager.ListenerWD - Before Find Element By -->By.xpath: //*[text()=' Login']
13:22:47.751  INFO  manager.ListenerWD - After Find Element By -->By.xpath: //*[text()=' Login']
13:22:47.791  INFO  TestBase - User login data: email evnikel@gmail.com & password Elena1234$@ 
13:22:47.791  INFO  manager.ListenerWD - Before Find Elements By -->By.cssSelector: .contact-item_card__2SOIM
13:22:48.710  INFO  manager.ListenerWD - After Find Elements By -->By.cssSelector: .contact-item_card__2SOIM
13:22:48.710  INFO  manager.ListenerWD - List size is -->5
13:22:48.712  INFO  manager.ListenerWD - Before Find Elements By -->By.cssSelector: .contact-item_card__2SOIM
13:22:48.783  INFO  manager.ListenerWD - After Find Elements By -->By.cssSelector: .contact-item_card__2SOIM
13:22:48.783  INFO  manager.ListenerWD - List size is -->5
13:22:48.784  INFO  manager.HelperBase - Count before remove is 5
13:22:48.784  INFO  manager.ListenerWD - Before Find Elements By -->By.cssSelector: .contact-item_card__2SOIM
13:22:48.855  INFO  manager.ListenerWD - After Find Elements By -->By.cssSelector: .contact-item_card__2SOIM
13:22:48.856  INFO  manager.ListenerWD - List size is -->5
13:22:48.856  INFO  manager.HelperBase - List of Contact not Empty
13:22:48.856  INFO  manager.ListenerWD - Before Find Element By -->By.cssSelector: .contact-item_card__2SOIM
13:22:48.886  INFO  manager.ListenerWD - After Find Element By -->By.cssSelector: .contact-item_card__2SOIM
13:22:48.947  INFO  manager.ListenerWD - Before Find Element By -->By.xpath: //button[text()='Remove']
13:22:48.975  INFO  manager.ListenerWD - After Find Element By -->By.xpath: //button[text()='Remove']
13:22:49.022  INFO  manager.HelperBase - Count after remove -1
13:22:49.524  INFO  manager.ListenerWD - Before Find Elements By -->By.cssSelector: .contact-item_card__2SOIM
13:22:49.553  INFO  manager.ListenerWD - After Find Elements By -->By.cssSelector: .contact-item_card__2SOIM
13:22:49.554  INFO  manager.ListenerWD - List size is -->4
13:22:49.554  INFO  manager.HelperBase - Count after remove is 4
13:22:49.557  INFO  TestBase - Assert removeFirstContact ----> CountAfter
