21:15:13.009  INFO  manager.ListenerNG - onStart
21:15:23.655  INFO  manager.ApplicationManager - Chrome Driver was opened
21:15:27.791  INFO  manager.ApplicationManager - Current URL is -->https://contacts-app.tobbymarshall815.vercel.app/home
21:15:27.958  INFO  manager.ListenerNG - onStart
21:15:28.114  INFO  manager.ListenerWD - Before Find Elements By -->By.xpath: //button[text()='Sign Out']
21:15:33.178  INFO  manager.ListenerWD - After Find Elements By -->By.xpath: //button[text()='Sign Out']
21:15:33.179  INFO  manager.ListenerWD - List size is -->0
21:15:33.182  INFO  manager.ListenerWD - Before Find Element By -->By.xpath: //a[@href='/login']
21:15:33.307  INFO  manager.ListenerWD - After Find Element By -->By.xpath: //a[@href='/login']
21:15:33.572  INFO  manager.ListenerWD - Before Find Element By -->By.xpath: //input[@placeholder='Email']
21:15:33.708  INFO  manager.ListenerWD - After Find Element By -->By.xpath: //input[@placeholder='Email']
21:15:34.236  INFO  manager.ListenerWD - Before Find Element By -->By.xpath: //input[@placeholder='Password']
21:15:34.360  INFO  manager.ListenerWD - After Find Element By -->By.xpath: //input[@placeholder='Password']
21:15:34.743  INFO  manager.ListenerWD - Before Find Element By -->By.xpath: //*[text()=' Login']
21:15:34.813  INFO  manager.ListenerWD - After Find Element By -->By.xpath: //*[text()=' Login']
21:15:34.951  INFO  manager.ListenerNG - onTestStart
21:15:35.464  INFO  manager.ListenerWD - Before Find Element By -->By.xpath: //a[text()='ADD']
21:15:35.774  INFO  manager.ListenerWD - After Find Element By -->By.xpath: //a[text()='ADD']
21:15:36.111  INFO  manager.ListenerWD - Before Find Element By -->By.cssSelector: [placeholder='Name']
21:15:36.242  INFO  manager.ListenerWD - After Find Element By -->By.cssSelector: [placeholder='Name']
21:15:36.821  INFO  manager.ListenerWD - Before Find Element By -->By.cssSelector: [placeholder='Last Name']
21:15:36.934  INFO  manager.ListenerWD - After Find Element By -->By.cssSelector: [placeholder='Last Name']
21:15:37.524  INFO  manager.ListenerWD - Before Find Element By -->By.cssSelector: [placeholder='Phone']
21:15:37.627  INFO  manager.ListenerWD - After Find Element By -->By.cssSelector: [placeholder='Phone']
21:15:38.156  INFO  manager.ListenerWD - Before Find Element By -->By.cssSelector: [placeholder='email']
21:15:38.266  INFO  manager.ListenerWD - After Find Element By -->By.cssSelector: [placeholder='email']
21:15:38.874  INFO  manager.ListenerWD - Before Find Element By -->By.cssSelector: [placeholder='Address']
21:15:39.048  INFO  manager.ListenerWD - After Find Element By -->By.cssSelector: [placeholder='Address']
21:15:39.703  INFO  manager.ListenerWD - Before Find Element By -->By.cssSelector: [placeholder='description']
21:15:39.818  INFO  manager.ListenerWD - After Find Element By -->By.cssSelector: [placeholder='description']
21:15:40.353  INFO  manager.ListenerWD - Before Find Element By -->By.cssSelector: [placeholder='description']
21:15:40.429  INFO  manager.ListenerWD - After Find Element By -->By.cssSelector: [placeholder='description']
21:15:40.573  INFO  manager.ListenerWD - Before Find Element By -->By.cssSelector: .add_form__2rsm2 button
21:15:40.640  INFO  manager.ListenerWD - After Find Element By -->By.cssSelector: .add_form__2rsm2 button
21:15:40.849  INFO  manager.ListenerWD - Before Find Element By -->By.cssSelector: button b
21:15:40.906  INFO  manager.ListenerWD - After Find Element By -->By.cssSelector: button b
21:15:41.022  INFO  manager.ListenerWD - Before Find Elements By -->By.cssSelector: h2
21:15:42.278  INFO  manager.ListenerWD - After Find Elements By -->By.cssSelector: h2
21:15:42.280  INFO  manager.ListenerWD - List size is -->22
21:15:42.762  INFO  manager.ListenerWD - Before Find Elements By -->By.cssSelector: h3
21:15:43.622  INFO  manager.ListenerWD - After Find Elements By -->By.cssSelector: h3
21:15:43.623  INFO  manager.ListenerWD - List size is -->22
21:15:44.120  INFO  manager.ListenerNG - onTestSuccess
21:15:44.124  INFO  manager.ListenerWD - Before Find Elements By -->By.xpath: //button[text()='Sign Out']
21:15:44.174  INFO  manager.ListenerWD - After Find Elements By -->By.xpath: //button[text()='Sign Out']
21:15:44.175  INFO  manager.ListenerWD - List size is -->1
21:15:44.177  INFO  manager.ListenerNG - onTestStart
21:15:44.685  INFO  manager.ListenerWD - Before Find Element By -->By.xpath: //a[text()='ADD']
21:15:44.725  INFO  manager.ListenerWD - After Find Element By -->By.xpath: //a[text()='ADD']
21:15:44.859  INFO  manager.ListenerWD - Before Find Element By -->By.cssSelector: [placeholder='Name']
21:15:44.912  INFO  manager.ListenerWD - After Find Element By -->By.cssSelector: [placeholder='Name']
21:15:45.337  INFO  manager.ListenerWD - Before Find Element By -->By.cssSelector: [placeholder='Last Name']
21:15:45.397  INFO  manager.ListenerWD - After Find Element By -->By.cssSelector: [placeholder='Last Name']
21:15:45.818  INFO  manager.ListenerWD - Before Find Element By -->By.cssSelector: [placeholder='Phone']
21:15:45.868  INFO  manager.ListenerWD - After Find Element By -->By.cssSelector: [placeholder='Phone']
21:15:46.198  INFO  manager.ListenerWD - Before Find Element By -->By.cssSelector: [placeholder='email']
21:15:46.239  INFO  manager.ListenerWD - After Find Element By -->By.cssSelector: [placeholder='email']
21:15:46.634  INFO  manager.ListenerWD - Before Find Element By -->By.cssSelector: [placeholder='Address']
21:15:46.686  INFO  manager.ListenerWD - After Find Element By -->By.cssSelector: [placeholder='Address']
21:15:47.095  INFO  manager.ListenerWD - Before Find Element By -->By.cssSelector: [placeholder='description']
21:15:47.138  INFO  manager.ListenerWD - After Find Element By -->By.cssSelector: [placeholder='description']
21:15:47.299  INFO  manager.ListenerWD - Before Find Element By -->By.cssSelector: .add_form__2rsm2 button
21:15:47.352  INFO  manager.ListenerWD - After Find Element By -->By.cssSelector: .add_form__2rsm2 button
21:15:47.537  INFO  manager.ListenerWD - Before Find Elements By -->By.cssSelector: h2
21:15:48.533  INFO  manager.ListenerWD - After Find Elements By -->By.cssSelector: h2
21:15:48.534  INFO  manager.ListenerWD - List size is -->23
21:15:49.141  INFO  manager.ListenerWD - Before Find Elements By -->By.cssSelector: h3
21:15:49.730  INFO  manager.ListenerWD - After Find Elements By -->By.cssSelector: h3
21:15:49.731  INFO  manager.ListenerWD - List size is -->23
21:15:50.329  INFO  manager.ListenerNG - onTestSuccess
21:15:50.332  INFO  manager.ListenerWD - Before Find Elements By -->By.xpath: //button[text()='Sign Out']
21:15:50.367  INFO  manager.ListenerWD - After Find Elements By -->By.xpath: //button[text()='Sign Out']
21:15:50.367  INFO  manager.ListenerWD - List size is -->1
21:15:50.368  INFO  manager.ListenerNG - onTestStart
21:15:50.878  INFO  manager.ListenerWD - Before Find Element By -->By.xpath: //a[text()='ADD']
21:15:50.913  INFO  manager.ListenerWD - After Find Element By -->By.xpath: //a[text()='ADD']
21:15:51.064  INFO  manager.ListenerWD - Before Find Element By -->By.cssSelector: [placeholder='Name']
21:15:51.120  INFO  manager.ListenerWD - After Find Element By -->By.cssSelector: [placeholder='Name']
21:15:51.522  INFO  manager.ListenerWD - Before Find Element By -->By.cssSelector: [placeholder='Phone']
21:15:51.563  INFO  manager.ListenerWD - After Find Element By -->By.cssSelector: [placeholder='Phone']
21:15:52.060  INFO  manager.ListenerWD - Before Find Element By -->By.cssSelector: [placeholder='email']
21:15:52.094  INFO  manager.ListenerWD - After Find Element By -->By.cssSelector: [placeholder='email']
21:15:52.478  INFO  manager.ListenerWD - Before Find Element By -->By.cssSelector: [placeholder='Address']
21:15:52.507  INFO  manager.ListenerWD - After Find Element By -->By.cssSelector: [placeholder='Address']
21:15:52.826  INFO  manager.ListenerWD - Before Find Element By -->By.cssSelector: [placeholder='description']
21:15:52.861  INFO  manager.ListenerWD - After Find Element By -->By.cssSelector: [placeholder='description']
21:15:53.268  INFO  manager.ListenerWD - Before Find Element By -->By.cssSelector: [placeholder='description']
21:15:53.307  INFO  manager.ListenerWD - After Find Element By -->By.cssSelector: [placeholder='description']
21:15:53.396  INFO  manager.ListenerWD - Before Find Element By -->By.cssSelector: .add_form__2rsm2 button
21:15:53.441  INFO  manager.ListenerWD - After Find Element By -->By.cssSelector: .add_form__2rsm2 button
21:15:53.591  INFO  manager.ListenerWD - Before Find Elements By -->By.cssSelector: a.active[href='/add']
21:15:53.635  INFO  manager.ListenerWD - After Find Elements By -->By.cssSelector: a.active[href='/add']
21:15:53.636  INFO  manager.ListenerWD - List size is -->1
21:15:53.638  INFO  manager.ListenerNG - onTestSuccess
21:15:53.642  INFO  TestBase - Start checking authorization
21:15:53.642  INFO  manager.ListenerWD - Before Find Elements By -->By.xpath: //button[text()='Sign Out']
21:15:53.680  INFO  manager.ListenerWD - After Find Elements By -->By.xpath: //button[text()='Sign Out']
21:15:53.681  INFO  manager.ListenerWD - List size is -->1
21:15:53.682  INFO  manager.ListenerWD - Before Find Element By -->By.xpath: //button[text()='Sign Out']
21:15:53.727  INFO  manager.ListenerWD - After Find Element By -->By.xpath: //button[text()='Sign Out']
21:15:58.830  INFO  manager.ListenerWD - We have a 'problem'
21:15:58.832  INFO  manager.ListenerWD - The name of error method  click
21:15:58.843  INFO  manager.ListenerWD - Describe of error org.openqa.selenium.ElementNotInteractableException: element not interactable
  (Session info: chrome=106.0.5249.103)
Build info: version: '4.4.0', revision: 'e5c75ed026a'
System info: host: 'DESKTOP-EVABS4F', ip: '192.168.1.138', os.name: 'Windows 11', os.arch: 'amd64', os.version: '10.0', java.version: '11.0.16.1'
Driver info: org.openqa.selenium.chrome.ChromeDriver
Command: [e9871aeef47d5181be3ef447ec9df5b1, clickElement {id=34d2dce6-83b1-4c21-8e99-c55ba418405d}]
Capabilities {acceptInsecureCerts: false, browserName: chrome, browserVersion: 106.0.5249.103, chrome: {chromedriverVersion: 106.0.5249.61 (511755355844..., userDataDir: C:\Users\evnik\AppData\Loca...}, goog:chromeOptions: {debuggerAddress: localhost:59053}, networkConnectionEnabled: false, pageLoadStrategy: normal, platformName: WINDOWS, proxy: Proxy(), se:cdp: ws://localhost:59053/devtoo..., se:cdpVersion: 106.0.5249.103, setWindowRect: true, strictFileInteractability: false, timeouts: {implicit: 0, pageLoad: 300000, script: 30000}, unhandledPromptBehavior: dismiss and notify, webauthn:extension:credBlob: true, webauthn:extension:largeBlob: true, webauthn:virtualAuthenticators: true}
Element: [[ChromeDriver: chrome on WINDOWS (e9871aeef47d5181be3ef447ec9df5b1)] -> xpath: //button[text()='Sign Out']]
Session ID: e9871aeef47d5181be3ef447ec9df5b1
21:15:58.844  INFO  manager.ListenerWD - *********************
21:15:58.844  INFO  manager.ListenerWD - [[ChromeDriver: chrome on WINDOWS (e9871aeef47d5181be3ef447ec9df5b1)] -> xpath: //button[text()='Sign Out']]
21:15:58.853  INFO  manager.ListenerWD - Screen with error is 1022   src/test/screenshots/screen1022.png
21:15:58.870  INFO  manager.ListenerNG - onTestStart
21:15:58.870  INFO  manager.ListenerNG - onTestSkipped
21:15:58.877  INFO  manager.ListenerNG - onTestStart
21:15:58.878  INFO  manager.ListenerNG - onTestSkipped
21:15:58.881  INFO  manager.ListenerNG - onTestStart
21:15:58.881  INFO  manager.ListenerNG - onTestSkipped
21:15:58.886  INFO  manager.ListenerWD - Before Find Elements By -->By.xpath: //button[text()='Sign Out']
21:15:58.926  INFO  manager.ListenerWD - After Find Elements By -->By.xpath: //button[text()='Sign Out']
21:15:58.928  INFO  manager.ListenerWD - List size is -->1
21:15:58.928  INFO  manager.ListenerWD - Before Find Element By -->By.xpath: //button[text()='Sign Out']
21:15:58.988  INFO  manager.ListenerWD - After Find Element By -->By.xpath: //button[text()='Sign Out']
21:16:04.079  INFO  manager.ListenerWD - We have a 'problem'
21:16:04.080  INFO  manager.ListenerWD - The name of error method  click
21:16:04.080  INFO  manager.ListenerWD - Describe of error org.openqa.selenium.ElementNotInteractableException: element not interactable
  (Session info: chrome=106.0.5249.103)
Build info: version: '4.4.0', revision: 'e5c75ed026a'
System info: host: 'DESKTOP-EVABS4F', ip: '192.168.1.138', os.name: 'Windows 11', os.arch: 'amd64', os.version: '10.0', java.version: '11.0.16.1'
Driver info: org.openqa.selenium.chrome.ChromeDriver
Command: [e9871aeef47d5181be3ef447ec9df5b1, clickElement {id=34d2dce6-83b1-4c21-8e99-c55ba418405d}]
Capabilities {acceptInsecureCerts: false, browserName: chrome, browserVersion: 106.0.5249.103, chrome: {chromedriverVersion: 106.0.5249.61 (511755355844..., userDataDir: C:\Users\evnik\AppData\Loca...}, goog:chromeOptions: {debuggerAddress: localhost:59053}, networkConnectionEnabled: false, pageLoadStrategy: normal, platformName: WINDOWS, proxy: Proxy(), se:cdp: ws://localhost:59053/devtoo..., se:cdpVersion: 106.0.5249.103, setWindowRect: true, strictFileInteractability: false, timeouts: {implicit: 0, pageLoad: 300000, script: 30000}, unhandledPromptBehavior: dismiss and notify, webauthn:extension:credBlob: true, webauthn:extension:largeBlob: true, webauthn:virtualAuthenticators: true}
Element: [[ChromeDriver: chrome on WINDOWS (e9871aeef47d5181be3ef447ec9df5b1)] -> xpath: //button[text()='Sign Out']]
Session ID: e9871aeef47d5181be3ef447ec9df5b1
21:16:04.081  INFO  manager.ListenerWD - *********************
21:16:04.082  INFO  manager.ListenerWD - [[ChromeDriver: chrome on WINDOWS (e9871aeef47d5181be3ef447ec9df5b1)] -> xpath: //button[text()='Sign Out']]
21:16:04.082  INFO  manager.ListenerWD - Screen with error is 1541   src/test/screenshots/screen1541.png
21:16:04.093  INFO  manager.ListenerNG - onTestStart
21:16:04.094  INFO  manager.ListenerNG - onTestSkipped
21:16:04.099  INFO  manager.ListenerNG - onTestStart
21:16:04.100  INFO  manager.ListenerNG - onTestSkipped
21:16:04.103  INFO  manager.ListenerNG - onTestStart
21:16:04.104  INFO  manager.ListenerNG - onTestSkipped
21:16:04.111  INFO  manager.ListenerNG - onTestStart
21:16:04.111  INFO  manager.ListenerNG - onTestSkipped
21:16:04.115  INFO  manager.ListenerWD - Before Find Elements By -->By.xpath: //button[text()='Sign Out']
21:16:04.170  INFO  manager.ListenerWD - After Find Elements By -->By.xpath: //button[text()='Sign Out']
21:16:04.170  INFO  manager.ListenerWD - List size is -->1
21:16:04.170  INFO  manager.ListenerWD - Before Find Elements By -->By.cssSelector: .contact-item_card__2SOIM
21:16:09.221  INFO  manager.ListenerWD - After Find Elements By -->By.cssSelector: .contact-item_card__2SOIM
21:16:09.221  INFO  manager.ListenerWD - List size is -->0
21:16:09.728  INFO  manager.ListenerWD - Before Find Element By -->By.xpath: //a[text()='ADD']
21:16:09.756  INFO  manager.ListenerWD - After Find Element By -->By.xpath: //a[text()='ADD']
21:16:14.813  INFO  manager.ListenerWD - We have a 'problem'
21:16:14.814  INFO  manager.ListenerWD - The name of error method  click
21:16:14.815  INFO  manager.ListenerWD - Describe of error org.openqa.selenium.ElementNotInteractableException: element not interactable
  (Session info: chrome=106.0.5249.103)
Build info: version: '4.4.0', revision: 'e5c75ed026a'
System info: host: 'DESKTOP-EVABS4F', ip: '192.168.1.138', os.name: 'Windows 11', os.arch: 'amd64', os.version: '10.0', java.version: '11.0.16.1'
Driver info: org.openqa.selenium.chrome.ChromeDriver
Command: [e9871aeef47d5181be3ef447ec9df5b1, clickElement {id=c23bf11b-0834-4741-a297-bb686057ce78}]
Capabilities {acceptInsecureCerts: false, browserName: chrome, browserVersion: 106.0.5249.103, chrome: {chromedriverVersion: 106.0.5249.61 (511755355844..., userDataDir: C:\Users\evnik\AppData\Loca...}, goog:chromeOptions: {debuggerAddress: localhost:59053}, networkConnectionEnabled: false, pageLoadStrategy: normal, platformName: WINDOWS, proxy: Proxy(), se:cdp: ws://localhost:59053/devtoo..., se:cdpVersion: 106.0.5249.103, setWindowRect: true, strictFileInteractability: false, timeouts: {implicit: 0, pageLoad: 300000, script: 30000}, unhandledPromptBehavior: dismiss and notify, webauthn:extension:credBlob: true, webauthn:extension:largeBlob: true, webauthn:virtualAuthenticators: true}
Element: [[ChromeDriver: chrome on WINDOWS (e9871aeef47d5181be3ef447ec9df5b1)] -> xpath: //a[text()='ADD']]
Session ID: e9871aeef47d5181be3ef447ec9df5b1
21:16:14.815  INFO  manager.ListenerWD - *********************
21:16:14.816  INFO  manager.ListenerWD - [[ChromeDriver: chrome on WINDOWS (e9871aeef47d5181be3ef447ec9df5b1)] -> xpath: //a[text()='ADD']]
21:16:14.816  INFO  manager.ListenerWD - Screen with error is 1519   src/test/screenshots/screen1519.png
21:16:14.826  INFO  manager.ListenerNG - onTestStart
21:16:14.827  INFO  manager.ListenerNG - onTestSkipped
21:16:14.831  INFO  manager.ListenerNG - onTestStart
21:16:14.832  INFO  manager.ListenerNG - onTestSkipped
21:16:14.838  INFO  manager.ListenerNG - onFinish
21:16:14.851  INFO  manager.ListenerNG - onFinish
