19:30:02.834  INFO  manager.ListenerNG - onStart
19:30:05.523  INFO  manager.ApplicationManager - Chrome Driver was opened
19:30:07.366  INFO  manager.ApplicationManager - Current URL is -->https://contacts-app.tobbymarshall815.vercel.app/home
19:30:07.387  INFO  manager.ListenerNG - onStart
19:30:07.414  INFO  manager.ListenerWD - Before Find Elements By -->By.xpath: //button[text()='Sign Out']
19:30:12.428  INFO  manager.ListenerWD - After Find Elements By -->By.xpath: //button[text()='Sign Out']
19:30:12.428  INFO  manager.ListenerWD - List size is -->0
19:30:12.428  INFO  manager.ListenerWD - Before Find Element By -->By.xpath: //a[@href='/login']
19:30:12.459  INFO  manager.ListenerWD - After Find Element By -->By.xpath: //a[@href='/login']
19:30:12.576  INFO  manager.ListenerWD - Before Find Element By -->By.xpath: //input[@placeholder='Email']
19:30:12.598  INFO  manager.ListenerWD - After Find Element By -->By.xpath: //input[@placeholder='Email']
19:30:12.729  INFO  manager.ListenerWD - Before Find Element By -->By.xpath: //input[@placeholder='Password']
19:30:12.760  INFO  manager.ListenerWD - After Find Element By -->By.xpath: //input[@placeholder='Password']
19:30:12.874  INFO  manager.ListenerWD - Before Find Element By -->By.xpath: //*[text()=' Login']
19:30:12.900  INFO  manager.ListenerWD - After Find Element By -->By.xpath: //*[text()=' Login']
19:30:12.939  INFO  manager.ListenerNG - onTestStart
19:30:13.454  INFO  manager.ListenerWD - Before Find Element By -->By.xpath: //a[text()='ADD']
19:30:13.606  INFO  manager.ListenerWD - After Find Element By -->By.xpath: //a[text()='ADD']
19:30:13.654  INFO  manager.ListenerWD - Before Find Element By -->By.cssSelector: [placeholder='Name']
19:30:13.683  INFO  manager.ListenerWD - After Find Element By -->By.cssSelector: [placeholder='Name']
19:30:13.805  INFO  manager.ListenerWD - Before Find Element By -->By.cssSelector: [placeholder='Last Name']
19:30:13.828  INFO  manager.ListenerWD - After Find Element By -->By.cssSelector: [placeholder='Last Name']
19:30:13.929  INFO  manager.ListenerWD - Before Find Element By -->By.cssSelector: [placeholder='Phone']
19:30:13.951  INFO  manager.ListenerWD - After Find Element By -->By.cssSelector: [placeholder='Phone']
19:30:14.072  INFO  manager.ListenerWD - Before Find Element By -->By.cssSelector: [placeholder='email']
19:30:14.095  INFO  manager.ListenerWD - After Find Element By -->By.cssSelector: [placeholder='email']
19:30:14.266  INFO  manager.ListenerWD - Before Find Element By -->By.cssSelector: [placeholder='Address']
19:30:14.297  INFO  manager.ListenerWD - After Find Element By -->By.cssSelector: [placeholder='Address']
19:30:14.426  INFO  manager.ListenerWD - Before Find Element By -->By.cssSelector: [placeholder='description']
19:30:14.449  INFO  manager.ListenerWD - After Find Element By -->By.cssSelector: [placeholder='description']
19:30:14.600  INFO  manager.ListenerWD - Before Find Element By -->By.cssSelector: [placeholder='description']
19:30:14.630  INFO  manager.ListenerWD - After Find Element By -->By.cssSelector: [placeholder='description']
19:30:14.700  INFO  manager.ListenerWD - Before Find Element By -->By.cssSelector: .add_form__2rsm2 button
19:30:14.729  INFO  manager.ListenerWD - After Find Element By -->By.cssSelector: .add_form__2rsm2 button
19:30:14.773  INFO  manager.ListenerWD - Before Find Element By -->By.cssSelector: button b
19:30:14.791  INFO  manager.ListenerWD - After Find Element By -->By.cssSelector: button b
19:30:14.821  INFO  manager.ListenerWD - Before Find Elements By -->By.cssSelector: h2
19:30:15.875  INFO  manager.ListenerWD - After Find Elements By -->By.cssSelector: h2
19:30:15.891  INFO  manager.ListenerWD - List size is -->109
19:30:16.805  INFO  manager.ListenerWD - Before Find Elements By -->By.cssSelector: h3
19:30:17.369  INFO  manager.ListenerWD - After Find Elements By -->By.cssSelector: h3
19:30:17.369  INFO  manager.ListenerWD - List size is -->109
19:30:18.321  INFO  manager.ListenerNG - onTestSuccess
19:30:18.321  INFO  manager.ListenerWD - Before Find Elements By -->By.xpath: //button[text()='Sign Out']
19:30:18.326  INFO  manager.ListenerWD - After Find Elements By -->By.xpath: //button[text()='Sign Out']
19:30:18.326  INFO  manager.ListenerWD - List size is -->1
19:30:18.326  INFO  manager.ListenerNG - onTestStart
19:30:18.830  INFO  manager.ListenerWD - Before Find Element By -->By.xpath: //a[text()='ADD']
19:30:18.846  INFO  manager.ListenerWD - After Find Element By -->By.xpath: //a[text()='ADD']
19:30:18.899  INFO  manager.ListenerWD - Before Find Element By -->By.cssSelector: [placeholder='Name']
19:30:18.922  INFO  manager.ListenerWD - After Find Element By -->By.cssSelector: [placeholder='Name']
19:30:19.035  INFO  manager.ListenerWD - Before Find Element By -->By.cssSelector: [placeholder='Last Name']
19:30:19.048  INFO  manager.ListenerWD - After Find Element By -->By.cssSelector: [placeholder='Last Name']
19:30:19.175  INFO  manager.ListenerWD - Before Find Element By -->By.cssSelector: [placeholder='Phone']
19:30:19.199  INFO  manager.ListenerWD - After Find Element By -->By.cssSelector: [placeholder='Phone']
19:30:19.308  INFO  manager.ListenerWD - Before Find Element By -->By.cssSelector: [placeholder='email']
19:30:19.322  INFO  manager.ListenerWD - After Find Element By -->By.cssSelector: [placeholder='email']
19:30:19.445  INFO  manager.ListenerWD - Before Find Element By -->By.cssSelector: [placeholder='Address']
19:30:19.457  INFO  manager.ListenerWD - After Find Element By -->By.cssSelector: [placeholder='Address']
19:30:19.566  INFO  manager.ListenerWD - Before Find Element By -->By.cssSelector: [placeholder='description']
19:30:19.580  INFO  manager.ListenerWD - After Find Element By -->By.cssSelector: [placeholder='description']
19:30:19.639  INFO  manager.ListenerWD - Before Find Element By -->By.cssSelector: .add_form__2rsm2 button
19:30:19.657  INFO  manager.ListenerWD - After Find Element By -->By.cssSelector: .add_form__2rsm2 button
19:30:19.708  INFO  manager.ListenerWD - Before Find Elements By -->By.cssSelector: h2
19:30:20.787  INFO  manager.ListenerWD - After Find Elements By -->By.cssSelector: h2
19:30:20.787  INFO  manager.ListenerWD - List size is -->110
19:30:21.896  INFO  manager.ListenerWD - Before Find Elements By -->By.cssSelector: h3
19:30:22.272  INFO  manager.ListenerWD - After Find Elements By -->By.cssSelector: h3
19:30:22.272  INFO  manager.ListenerWD - List size is -->110
19:30:23.434  INFO  manager.ListenerNG - onTestSuccess
19:30:23.434  INFO  manager.ListenerWD - Before Find Elements By -->By.xpath: //button[text()='Sign Out']
19:30:23.449  INFO  manager.ListenerWD - After Find Elements By -->By.xpath: //button[text()='Sign Out']
19:30:23.449  INFO  manager.ListenerWD - List size is -->1
19:30:23.449  INFO  manager.ListenerNG - onTestStart
19:30:23.465  INFO  TestBase - The test used contact : Contact(name=Lisa, lastName=Boi, phone=12345678, email=lis@gmail.com, address=Israel, description=My best friend)
19:30:23.969  INFO  manager.ListenerWD - Before Find Element By -->By.xpath: //a[text()='ADD']
19:30:23.969  INFO  manager.ListenerWD - After Find Element By -->By.xpath: //a[text()='ADD']
19:30:24.034  INFO  manager.ListenerWD - Before Find Element By -->By.cssSelector: [placeholder='Name']
19:30:24.059  INFO  manager.ListenerWD - After Find Element By -->By.cssSelector: [placeholder='Name']
19:30:24.167  INFO  manager.ListenerWD - Before Find Element By -->By.cssSelector: [placeholder='Last Name']
19:30:24.176  INFO  manager.ListenerWD - After Find Element By -->By.cssSelector: [placeholder='Last Name']
19:30:24.270  INFO  manager.ListenerWD - Before Find Element By -->By.cssSelector: [placeholder='Phone']
19:30:24.282  INFO  manager.ListenerWD - After Find Element By -->By.cssSelector: [placeholder='Phone']
19:30:24.387  INFO  manager.ListenerWD - Before Find Element By -->By.cssSelector: [placeholder='email']
19:30:24.398  INFO  manager.ListenerWD - After Find Element By -->By.cssSelector: [placeholder='email']
19:30:24.506  INFO  manager.ListenerWD - Before Find Element By -->By.cssSelector: [placeholder='Address']
19:30:24.517  INFO  manager.ListenerWD - After Find Element By -->By.cssSelector: [placeholder='Address']
19:30:24.622  INFO  manager.ListenerWD - Before Find Element By -->By.cssSelector: [placeholder='description']
19:30:24.633  INFO  manager.ListenerWD - After Find Element By -->By.cssSelector: [placeholder='description']
19:30:24.757  INFO  manager.ListenerWD - Before Find Element By -->By.cssSelector: [placeholder='description']
19:30:24.771  INFO  manager.ListenerWD - After Find Element By -->By.cssSelector: [placeholder='description']
19:30:24.793  INFO  manager.ListenerWD - Before Find Element By -->By.cssSelector: .add_form__2rsm2 button
19:30:24.814  INFO  manager.ListenerWD - After Find Element By -->By.cssSelector: .add_form__2rsm2 button
19:30:24.863  INFO  manager.ListenerWD - Before Find Element By -->By.cssSelector: button b
19:30:24.874  INFO  manager.ListenerWD - After Find Element By -->By.cssSelector: button b
19:30:24.910  INFO  manager.ListenerWD - Before Find Elements By -->By.cssSelector: h2
19:30:25.572  INFO  manager.ListenerWD - After Find Elements By -->By.cssSelector: h2
19:30:25.572  INFO  manager.ListenerWD - List size is -->112
19:30:25.734  INFO  manager.ListenerWD - Before Find Elements By -->By.cssSelector: h3
19:30:26.137  INFO  manager.ListenerWD - After Find Elements By -->By.cssSelector: h3
19:30:26.153  INFO  manager.ListenerWD - List size is -->112
19:30:26.309  INFO  manager.ListenerNG - onTestSuccess
19:30:26.309  INFO  manager.ListenerWD - Before Find Elements By -->By.xpath: //button[text()='Sign Out']
19:30:26.325  INFO  manager.ListenerWD - After Find Elements By -->By.xpath: //button[text()='Sign Out']
19:30:26.325  INFO  manager.ListenerWD - List size is -->1
19:30:26.325  INFO  manager.ListenerNG - onTestStart
19:30:26.325  INFO  TestBase - The test used contact : Contact(name=Olga, lastName=Boi, phone=12345679, email=olga@gmail.com, address=Israel, description=My best friend)
19:30:26.830  INFO  manager.ListenerWD - Before Find Element By -->By.xpath: //a[text()='ADD']
19:30:26.862  INFO  manager.ListenerWD - After Find Element By -->By.xpath: //a[text()='ADD']
19:30:26.966  INFO  manager.ListenerWD - Before Find Element By -->By.cssSelector: [placeholder='Name']
19:30:26.988  INFO  manager.ListenerWD - After Find Element By -->By.cssSelector: [placeholder='Name']
19:30:27.109  INFO  manager.ListenerWD - Before Find Element By -->By.cssSelector: [placeholder='Last Name']
19:30:27.122  INFO  manager.ListenerWD - After Find Element By -->By.cssSelector: [placeholder='Last Name']
19:30:27.219  INFO  manager.ListenerWD - Before Find Element By -->By.cssSelector: [placeholder='Phone']
19:30:27.230  INFO  manager.ListenerWD - After Find Element By -->By.cssSelector: [placeholder='Phone']
19:30:27.331  INFO  manager.ListenerWD - Before Find Element By -->By.cssSelector: [placeholder='email']
19:30:27.341  INFO  manager.ListenerWD - After Find Element By -->By.cssSelector: [placeholder='email']
19:30:27.450  INFO  manager.ListenerWD - Before Find Element By -->By.cssSelector: [placeholder='Address']
19:30:27.460  INFO  manager.ListenerWD - After Find Element By -->By.cssSelector: [placeholder='Address']
19:30:27.566  INFO  manager.ListenerWD - Before Find Element By -->By.cssSelector: [placeholder='description']
19:30:27.578  INFO  manager.ListenerWD - After Find Element By -->By.cssSelector: [placeholder='description']
19:30:27.690  INFO  manager.ListenerWD - Before Find Element By -->By.cssSelector: [placeholder='description']
19:30:27.703  INFO  manager.ListenerWD - After Find Element By -->By.cssSelector: [placeholder='description']
19:30:27.725  INFO  manager.ListenerWD - Before Find Element By -->By.cssSelector: .add_form__2rsm2 button
19:30:27.738  INFO  manager.ListenerWD - After Find Element By -->By.cssSelector: .add_form__2rsm2 button
19:30:27.782  INFO  manager.ListenerWD - Before Find Element By -->By.cssSelector: button b
19:30:27.794  INFO  manager.ListenerWD - After Find Element By -->By.cssSelector: button b
19:30:27.830  INFO  manager.ListenerWD - Before Find Elements By -->By.cssSelector: h2
19:30:28.524  INFO  manager.ListenerWD - After Find Elements By -->By.cssSelector: h2
19:30:28.524  INFO  manager.ListenerWD - List size is -->114
19:30:28.712  INFO  manager.ListenerWD - Before Find Elements By -->By.cssSelector: h3
19:30:28.995  INFO  manager.ListenerWD - After Find Elements By -->By.cssSelector: h3
19:30:28.995  INFO  manager.ListenerWD - List size is -->114
19:30:29.183  INFO  manager.ListenerNG - onTestSuccess
19:30:29.199  INFO  manager.ListenerWD - Before Find Elements By -->By.xpath: //button[text()='Sign Out']
19:30:29.199  INFO  manager.ListenerWD - After Find Elements By -->By.xpath: //button[text()='Sign Out']
19:30:29.199  INFO  manager.ListenerWD - List size is -->1
19:30:29.199  INFO  manager.ListenerNG - onTestStart
19:30:29.199  INFO  TestBase - The test used contact : Contact(name=Elena, lastName=Boi, phone=12345677, email=elena@gmail.com, address=Israel, description=My best friend)
19:30:29.704  INFO  manager.ListenerWD - Before Find Element By -->By.xpath: //a[text()='ADD']
19:30:29.735  INFO  manager.ListenerWD - After Find Element By -->By.xpath: //a[text()='ADD']
19:30:29.831  INFO  manager.ListenerWD - Before Find Element By -->By.cssSelector: [placeholder='Name']
19:30:29.868  INFO  manager.ListenerWD - After Find Element By -->By.cssSelector: [placeholder='Name']
19:30:30.044  INFO  manager.ListenerWD - Before Find Element By -->By.cssSelector: [placeholder='Last Name']
19:30:30.056  INFO  manager.ListenerWD - After Find Element By -->By.cssSelector: [placeholder='Last Name']
19:30:30.157  INFO  manager.ListenerWD - Before Find Element By -->By.cssSelector: [placeholder='Phone']
19:30:30.180  INFO  manager.ListenerWD - After Find Element By -->By.cssSelector: [placeholder='Phone']
19:30:30.279  INFO  manager.ListenerWD - Before Find Element By -->By.cssSelector: [placeholder='email']
19:30:30.289  INFO  manager.ListenerWD - After Find Element By -->By.cssSelector: [placeholder='email']
19:30:30.413  INFO  manager.ListenerWD - Before Find Element By -->By.cssSelector: [placeholder='Address']
19:30:30.427  INFO  manager.ListenerWD - After Find Element By -->By.cssSelector: [placeholder='Address']
19:30:30.532  INFO  manager.ListenerWD - Before Find Element By -->By.cssSelector: [placeholder='description']
19:30:30.544  INFO  manager.ListenerWD - After Find Element By -->By.cssSelector: [placeholder='description']
19:30:30.662  INFO  manager.ListenerWD - Before Find Element By -->By.cssSelector: [placeholder='description']
19:30:30.684  INFO  manager.ListenerWD - After Find Element By -->By.cssSelector: [placeholder='description']
19:30:30.692  INFO  manager.ListenerWD - Before Find Element By -->By.cssSelector: .add_form__2rsm2 button
19:30:30.719  INFO  manager.ListenerWD - After Find Element By -->By.cssSelector: .add_form__2rsm2 button
19:30:30.764  INFO  manager.ListenerWD - Before Find Element By -->By.cssSelector: button b
19:30:30.776  INFO  manager.ListenerWD - After Find Element By -->By.cssSelector: button b
19:30:30.809  INFO  manager.ListenerWD - Before Find Elements By -->By.cssSelector: h2
19:30:31.555  INFO  manager.ListenerWD - After Find Elements By -->By.cssSelector: h2
19:30:31.555  INFO  manager.ListenerWD - List size is -->116
19:30:31.806  INFO  manager.ListenerWD - Before Find Elements By -->By.cssSelector: h3
19:30:32.171  INFO  manager.ListenerWD - After Find Elements By -->By.cssSelector: h3
19:30:32.171  INFO  manager.ListenerWD - List size is -->116
19:30:32.422  INFO  manager.ListenerNG - onTestSuccess
19:30:32.422  INFO  manager.ListenerWD - Before Find Elements By -->By.xpath: //button[text()='Sign Out']
19:30:32.422  INFO  manager.ListenerWD - After Find Elements By -->By.xpath: //button[text()='Sign Out']
19:30:32.422  INFO  manager.ListenerWD - List size is -->1
19:30:32.422  INFO  manager.ListenerNG - onTestStart
19:30:32.422  INFO  TestBase - The test used contact : Contact(name=Pol, lastName=Boi, phone=12345676, email=pol@gmail.com, address=Israel, description=My best friend)
19:30:32.927  INFO  manager.ListenerWD - Before Find Element By -->By.xpath: //a[text()='ADD']
19:30:32.959  INFO  manager.ListenerWD - After Find Element By -->By.xpath: //a[text()='ADD']
19:30:33.080  INFO  manager.ListenerWD - Before Find Element By -->By.cssSelector: [placeholder='Name']
19:30:33.130  INFO  manager.ListenerWD - After Find Element By -->By.cssSelector: [placeholder='Name']
19:30:33.415  INFO  manager.ListenerWD - Before Find Element By -->By.cssSelector: [placeholder='Last Name']
19:30:33.448  INFO  manager.ListenerWD - After Find Element By -->By.cssSelector: [placeholder='Last Name']
19:30:33.749  INFO  manager.ListenerWD - Before Find Element By -->By.cssSelector: [placeholder='Phone']
19:30:33.782  INFO  manager.ListenerWD - After Find Element By -->By.cssSelector: [placeholder='Phone']
19:30:33.999  INFO  manager.ListenerWD - Before Find Element By -->By.cssSelector: [placeholder='email']
19:30:34.009  INFO  manager.ListenerWD - After Find Element By -->By.cssSelector: [placeholder='email']
19:30:34.123  INFO  manager.ListenerWD - Before Find Element By -->By.cssSelector: [placeholder='Address']
19:30:34.134  INFO  manager.ListenerWD - After Find Element By -->By.cssSelector: [placeholder='Address']
19:30:34.233  INFO  manager.ListenerWD - Before Find Element By -->By.cssSelector: [placeholder='description']
19:30:34.242  INFO  manager.ListenerWD - After Find Element By -->By.cssSelector: [placeholder='description']
19:30:34.352  INFO  manager.ListenerWD - Before Find Element By -->By.cssSelector: [placeholder='description']
19:30:34.363  INFO  manager.ListenerWD - After Find Element By -->By.cssSelector: [placeholder='description']
19:30:34.388  INFO  manager.ListenerWD - Before Find Element By -->By.cssSelector: .add_form__2rsm2 button
19:30:34.400  INFO  manager.ListenerWD - After Find Element By -->By.cssSelector: .add_form__2rsm2 button
19:30:34.447  INFO  manager.ListenerWD - Before Find Element By -->By.cssSelector: button b
19:30:34.459  INFO  manager.ListenerWD - After Find Element By -->By.cssSelector: button b
19:30:34.494  INFO  manager.ListenerWD - Before Find Elements By -->By.cssSelector: h2
19:30:35.155  INFO  manager.ListenerWD - After Find Elements By -->By.cssSelector: h2
19:30:35.155  INFO  manager.ListenerWD - List size is -->118
19:30:35.422  INFO  manager.ListenerWD - Before Find Elements By -->By.cssSelector: h3
19:30:35.720  INFO  manager.ListenerWD - After Find Elements By -->By.cssSelector: h3
19:30:35.720  INFO  manager.ListenerWD - List size is -->118
19:30:35.971  INFO  manager.ListenerNG - onTestSuccess
19:30:35.971  INFO  manager.ListenerWD - Before Find Elements By -->By.xpath: //button[text()='Sign Out']
19:30:35.987  INFO  manager.ListenerWD - After Find Elements By -->By.xpath: //button[text()='Sign Out']
19:30:35.987  INFO  manager.ListenerWD - List size is -->1
19:30:35.987  INFO  manager.ListenerNG - onTestStart
19:30:36.492  INFO  manager.ListenerWD - Before Find Element By -->By.xpath: //a[text()='ADD']
19:30:36.523  INFO  manager.ListenerWD - After Find Element By -->By.xpath: //a[text()='ADD']
19:30:36.650  INFO  manager.ListenerWD - Before Find Element By -->By.cssSelector: [placeholder='Name']
19:30:36.692  INFO  manager.ListenerWD - After Find Element By -->By.cssSelector: [placeholder='Name']
19:30:36.892  INFO  manager.ListenerWD - Before Find Element By -->By.cssSelector: [placeholder='Phone']
19:30:36.903  INFO  manager.ListenerWD - After Find Element By -->By.cssSelector: [placeholder='Phone']
19:30:37.018  INFO  manager.ListenerWD - Before Find Element By -->By.cssSelector: [placeholder='email']
19:30:37.029  INFO  manager.ListenerWD - After Find Element By -->By.cssSelector: [placeholder='email']
19:30:37.137  INFO  manager.ListenerWD - Before Find Element By -->By.cssSelector: [placeholder='Address']
19:30:37.147  INFO  manager.ListenerWD - After Find Element By -->By.cssSelector: [placeholder='Address']
19:30:37.251  INFO  manager.ListenerWD - Before Find Element By -->By.cssSelector: [placeholder='description']
19:30:37.264  INFO  manager.ListenerWD - After Find Element By -->By.cssSelector: [placeholder='description']
19:30:37.367  INFO  manager.ListenerWD - Before Find Element By -->By.cssSelector: [placeholder='description']
19:30:37.380  INFO  manager.ListenerWD - After Find Element By -->By.cssSelector: [placeholder='description']
19:30:37.403  INFO  manager.ListenerWD - Before Find Element By -->By.cssSelector: .add_form__2rsm2 button
19:30:37.416  INFO  manager.ListenerWD - After Find Element By -->By.cssSelector: .add_form__2rsm2 button
19:30:37.464  INFO  manager.ListenerWD - Before Find Elements By -->By.cssSelector: a.active[href='/add']
19:30:37.480  INFO  manager.ListenerWD - After Find Elements By -->By.cssSelector: a.active[href='/add']
19:30:37.480  INFO  manager.ListenerWD - List size is -->1
19:30:37.480  INFO  manager.ListenerNG - onTestSuccess
19:30:37.482  INFO  TestBase - Start checking authorization
19:30:37.482  INFO  manager.ListenerWD - Before Find Elements By -->By.xpath: //button[text()='Sign Out']
19:30:37.490  INFO  manager.ListenerWD - After Find Elements By -->By.xpath: //button[text()='Sign Out']
19:30:37.490  INFO  manager.ListenerWD - List size is -->1
19:30:37.490  INFO  manager.ListenerWD - Before Find Element By -->By.xpath: //button[text()='Sign Out']
19:30:37.506  INFO  manager.ListenerWD - After Find Element By -->By.xpath: //button[text()='Sign Out']
19:30:42.595  INFO  manager.ListenerWD - We have a 'problem'
19:30:42.595  INFO  manager.ListenerWD - The name of error method  click
19:30:42.595  INFO  manager.ListenerWD - Describe of error org.openqa.selenium.ElementNotInteractableException: element not interactable
  (Session info: chrome=106.0.5249.119)
Build info: version: '4.4.0', revision: 'e5c75ed026a'
System info: host: 'DESKTOP-EVABS4F', ip: '192.168.1.138', os.name: 'Windows 11', os.arch: 'amd64', os.version: '10.0', java.version: '11.0.16.1'
Driver info: org.openqa.selenium.chrome.ChromeDriver
Command: [7f18005dd34c893993978d8bba2c3c95, clickElement {id=3ed8a697-2e05-4b00-9919-6c7cd604fec0}]
Capabilities {acceptInsecureCerts: false, browserName: chrome, browserVersion: 106.0.5249.119, chrome: {chromedriverVersion: 106.0.5249.61 (511755355844..., userDataDir: C:\Users\evnik\AppData\Loca...}, goog:chromeOptions: {debuggerAddress: localhost:59964}, networkConnectionEnabled: false, pageLoadStrategy: normal, platformName: WINDOWS, proxy: Proxy(), se:cdp: ws://localhost:59964/devtoo..., se:cdpVersion: 106.0.5249.119, setWindowRect: true, strictFileInteractability: false, timeouts: {implicit: 0, pageLoad: 300000, script: 30000}, unhandledPromptBehavior: dismiss and notify, webauthn:extension:credBlob: true, webauthn:extension:largeBlob: true, webauthn:virtualAuthenticators: true}
Element: [[ChromeDriver: chrome on WINDOWS (7f18005dd34c893993978d8bba2c3c95)] -> xpath: //button[text()='Sign Out']]
Session ID: 7f18005dd34c893993978d8bba2c3c95
19:30:42.595  INFO  manager.ListenerWD - *********************
19:30:42.595  INFO  manager.ListenerWD - [[ChromeDriver: chrome on WINDOWS (7f18005dd34c893993978d8bba2c3c95)] -> xpath: //button[text()='Sign Out']]
19:30:42.611  INFO  manager.ListenerWD - Screen with error is 1753   src/test/screenshots/screen1753.png
19:30:42.642  INFO  manager.ListenerNG - onTestStart
19:30:42.642  INFO  manager.ListenerNG - onTestSkipped
19:30:42.642  INFO  manager.ListenerNG - onTestStart
19:30:42.642  INFO  manager.ListenerNG - onTestSkipped
19:30:42.657  INFO  manager.ListenerNG - onTestStart
19:30:42.657  INFO  manager.ListenerNG - onTestSkipped
19:30:42.657  INFO  manager.ListenerNG - onTestStart
19:30:42.657  INFO  manager.ListenerNG - onTestSkipped
19:30:42.657  INFO  manager.ListenerNG - onTestStart
19:30:42.670  INFO  manager.ListenerNG - onTestSkipped
19:30:42.673  INFO  manager.ListenerNG - onTestStart
19:30:42.673  INFO  manager.ListenerNG - onTestSkipped
19:30:42.673  INFO  manager.ListenerNG - onTestStart
19:30:42.673  INFO  manager.ListenerNG - onTestSkipped
19:30:42.673  INFO  manager.ListenerWD - Before Find Elements By -->By.xpath: //button[text()='Sign Out']
19:30:42.689  INFO  manager.ListenerWD - After Find Elements By -->By.xpath: //button[text()='Sign Out']
19:30:42.689  INFO  manager.ListenerWD - List size is -->1
19:30:42.689  INFO  manager.ListenerWD - Before Find Element By -->By.xpath: //button[text()='Sign Out']
19:30:42.705  INFO  manager.ListenerWD - After Find Element By -->By.xpath: //button[text()='Sign Out']
19:30:47.764  INFO  manager.ListenerWD - We have a 'problem'
19:30:47.764  INFO  manager.ListenerWD - The name of error method  click
19:30:47.764  INFO  manager.ListenerWD - Describe of error org.openqa.selenium.ElementNotInteractableException: element not interactable
  (Session info: chrome=106.0.5249.119)
Build info: version: '4.4.0', revision: 'e5c75ed026a'
System info: host: 'DESKTOP-EVABS4F', ip: '192.168.1.138', os.name: 'Windows 11', os.arch: 'amd64', os.version: '10.0', java.version: '11.0.16.1'
Driver info: org.openqa.selenium.chrome.ChromeDriver
Command: [7f18005dd34c893993978d8bba2c3c95, clickElement {id=3ed8a697-2e05-4b00-9919-6c7cd604fec0}]
Capabilities {acceptInsecureCerts: false, browserName: chrome, browserVersion: 106.0.5249.119, chrome: {chromedriverVersion: 106.0.5249.61 (511755355844..., userDataDir: C:\Users\evnik\AppData\Loca...}, goog:chromeOptions: {debuggerAddress: localhost:59964}, networkConnectionEnabled: false, pageLoadStrategy: normal, platformName: WINDOWS, proxy: Proxy(), se:cdp: ws://localhost:59964/devtoo..., se:cdpVersion: 106.0.5249.119, setWindowRect: true, strictFileInteractability: false, timeouts: {implicit: 0, pageLoad: 300000, script: 30000}, unhandledPromptBehavior: dismiss and notify, webauthn:extension:credBlob: true, webauthn:extension:largeBlob: true, webauthn:virtualAuthenticators: true}
Element: [[ChromeDriver: chrome on WINDOWS (7f18005dd34c893993978d8bba2c3c95)] -> xpath: //button[text()='Sign Out']]
Session ID: 7f18005dd34c893993978d8bba2c3c95
19:30:47.764  INFO  manager.ListenerWD - *********************
19:30:47.764  INFO  manager.ListenerWD - [[ChromeDriver: chrome on WINDOWS (7f18005dd34c893993978d8bba2c3c95)] -> xpath: //button[text()='Sign Out']]
19:30:47.764  INFO  manager.ListenerWD - Screen with error is 1307   src/test/screenshots/screen1307.png
19:30:47.780  INFO  manager.ListenerNG - onTestStart
19:30:47.780  INFO  manager.ListenerNG - onTestSkipped
19:30:47.784  INFO  manager.ListenerNG - onTestStart
19:30:47.784  INFO  manager.ListenerNG - onTestSkipped
19:30:47.784  INFO  manager.ListenerNG - onTestStart
19:30:47.784  INFO  manager.ListenerNG - onTestSkipped
19:30:47.784  INFO  manager.ListenerNG - onTestStart
19:30:47.796  INFO  manager.ListenerNG - onTestSkipped
19:30:47.796  INFO  manager.ListenerNG - onTestStart
19:30:47.796  INFO  manager.ListenerNG - onTestSkipped
19:30:47.796  INFO  manager.ListenerWD - Before Find Elements By -->By.xpath: //button[text()='Sign Out']
19:30:47.827  INFO  manager.ListenerWD - After Find Elements By -->By.xpath: //button[text()='Sign Out']
19:30:47.827  INFO  manager.ListenerWD - List size is -->1
19:30:47.827  INFO  manager.ListenerWD - Before Find Elements By -->By.cssSelector: .contact-item_card__2SOIM
19:30:52.929  INFO  manager.ListenerWD - After Find Elements By -->By.cssSelector: .contact-item_card__2SOIM
19:30:52.929  INFO  manager.ListenerWD - List size is -->0
19:30:53.448  INFO  manager.ListenerWD - Before Find Element By -->By.xpath: //a[text()='ADD']
19:30:53.479  INFO  manager.ListenerWD - After Find Element By -->By.xpath: //a[text()='ADD']
19:30:58.521  INFO  manager.ListenerWD - We have a 'problem'
19:30:58.521  INFO  manager.ListenerWD - The name of error method  click
19:30:58.522  INFO  manager.ListenerWD - Describe of error org.openqa.selenium.ElementNotInteractableException: element not interactable
  (Session info: chrome=106.0.5249.119)
Build info: version: '4.4.0', revision: 'e5c75ed026a'
System info: host: 'DESKTOP-EVABS4F', ip: '192.168.1.138', os.name: 'Windows 11', os.arch: 'amd64', os.version: '10.0', java.version: '11.0.16.1'
Driver info: org.openqa.selenium.chrome.ChromeDriver
Command: [7f18005dd34c893993978d8bba2c3c95, clickElement {id=6f93c77a-ea62-4a5e-a83f-b3145f9f7dfb}]
Capabilities {acceptInsecureCerts: false, browserName: chrome, browserVersion: 106.0.5249.119, chrome: {chromedriverVersion: 106.0.5249.61 (511755355844..., userDataDir: C:\Users\evnik\AppData\Loca...}, goog:chromeOptions: {debuggerAddress: localhost:59964}, networkConnectionEnabled: false, pageLoadStrategy: normal, platformName: WINDOWS, proxy: Proxy(), se:cdp: ws://localhost:59964/devtoo..., se:cdpVersion: 106.0.5249.119, setWindowRect: true, strictFileInteractability: false, timeouts: {implicit: 0, pageLoad: 300000, script: 30000}, unhandledPromptBehavior: dismiss and notify, webauthn:extension:credBlob: true, webauthn:extension:largeBlob: true, webauthn:virtualAuthenticators: true}
Element: [[ChromeDriver: chrome on WINDOWS (7f18005dd34c893993978d8bba2c3c95)] -> xpath: //a[text()='ADD']]
Session ID: 7f18005dd34c893993978d8bba2c3c95
19:30:58.522  INFO  manager.ListenerWD - *********************
19:30:58.522  INFO  manager.ListenerWD - [[ChromeDriver: chrome on WINDOWS (7f18005dd34c893993978d8bba2c3c95)] -> xpath: //a[text()='ADD']]
19:30:58.522  INFO  manager.ListenerWD - Screen with error is 1714   src/test/screenshots/screen1714.png
19:30:58.531  INFO  manager.ListenerNG - onTestStart
19:30:58.531  INFO  manager.ListenerNG - onTestSkipped
19:30:58.535  INFO  manager.ListenerNG - onTestStart
19:30:58.536  INFO  manager.ListenerNG - onTestSkipped
19:30:58.536  INFO  manager.ListenerNG - onFinish
19:30:58.551  INFO  manager.ListenerNG - onFinish
