21:24:24.895  INFO  manager.ListenerNG - onStart
21:24:29.127  INFO  manager.ApplicationManager - Chrome Driver was opened
21:24:31.522  INFO  manager.ApplicationManager - Current URL is -->https://contacts-app.tobbymarshall815.vercel.app/home
21:24:31.565  INFO  manager.ListenerNG - onStart
21:24:31.638  INFO  manager.ListenerWD - Before Find Elements By -->By.xpath: //button[text()='Sign Out']
21:24:36.673  INFO  manager.ListenerWD - After Find Elements By -->By.xpath: //button[text()='Sign Out']
21:24:36.674  INFO  manager.ListenerWD - List size is -->0
21:24:36.675  INFO  manager.ListenerWD - Before Find Element By -->By.xpath: //a[@href='/login']
21:24:36.744  INFO  manager.ListenerWD - After Find Element By -->By.xpath: //a[@href='/login']
21:24:36.874  INFO  manager.ListenerWD - Before Find Element By -->By.xpath: //input[@placeholder='Email']
21:24:36.924  INFO  manager.ListenerWD - After Find Element By -->By.xpath: //input[@placeholder='Email']
21:24:37.125  INFO  manager.ListenerWD - Before Find Element By -->By.xpath: //input[@placeholder='Password']
21:24:37.161  INFO  manager.ListenerWD - After Find Element By -->By.xpath: //input[@placeholder='Password']
21:24:37.347  INFO  manager.ListenerWD - Before Find Element By -->By.xpath: //*[text()=' Login']
21:24:37.388  INFO  manager.ListenerWD - After Find Element By -->By.xpath: //*[text()=' Login']
21:24:37.445  INFO  manager.ListenerNG - onTestStart
21:24:37.954  INFO  manager.ListenerWD - Before Find Element By -->By.xpath: //a[text()='ADD']
21:24:38.116  INFO  manager.ListenerWD - After Find Element By -->By.xpath: //a[text()='ADD']
21:24:38.178  INFO  manager.ListenerWD - Before Find Element By -->By.cssSelector: [placeholder='Name']
21:24:38.218  INFO  manager.ListenerWD - After Find Element By -->By.cssSelector: [placeholder='Name']
21:24:38.378  INFO  manager.ListenerWD - Before Find Element By -->By.cssSelector: [placeholder='Last Name']
21:24:38.411  INFO  manager.ListenerWD - After Find Element By -->By.cssSelector: [placeholder='Last Name']
21:24:38.561  INFO  manager.ListenerWD - Before Find Element By -->By.cssSelector: [placeholder='Phone']
21:24:38.597  INFO  manager.ListenerWD - After Find Element By -->By.cssSelector: [placeholder='Phone']
21:24:38.766  INFO  manager.ListenerWD - Before Find Element By -->By.cssSelector: [placeholder='email']
21:24:38.801  INFO  manager.ListenerWD - After Find Element By -->By.cssSelector: [placeholder='email']
21:24:38.954  INFO  manager.ListenerWD - Before Find Element By -->By.cssSelector: [placeholder='Address']
21:24:38.980  INFO  manager.ListenerWD - After Find Element By -->By.cssSelector: [placeholder='Address']
21:24:39.140  INFO  manager.ListenerWD - Before Find Element By -->By.cssSelector: [placeholder='description']
21:24:39.168  INFO  manager.ListenerWD - After Find Element By -->By.cssSelector: [placeholder='description']
21:24:39.234  INFO  manager.ListenerWD - Before Find Element By -->By.cssSelector: .add_form__2rsm2 button
21:24:39.269  INFO  manager.ListenerWD - After Find Element By -->By.cssSelector: .add_form__2rsm2 button
21:24:39.332  INFO  manager.ListenerWD - Before Find Elements By -->By.cssSelector: h2
21:24:40.051  INFO  manager.ListenerWD - After Find Elements By -->By.cssSelector: h2
21:24:40.052  INFO  manager.ListenerWD - List size is -->34
21:24:40.657  INFO  manager.ListenerWD - Before Find Elements By -->By.cssSelector: h3
21:24:40.933  INFO  manager.ListenerWD - After Find Elements By -->By.cssSelector: h3
21:24:40.933  INFO  manager.ListenerWD - List size is -->34
21:24:41.779  INFO  manager.ListenerNG - onTestSuccess
21:24:41.795  INFO  manager.ListenerWD - Before Find Elements By -->By.xpath: //button[text()='Sign Out']
21:24:41.827  INFO  manager.ListenerWD - After Find Elements By -->By.xpath: //button[text()='Sign Out']
21:24:41.827  INFO  manager.ListenerWD - List size is -->1
21:24:41.828  INFO  manager.ListenerNG - onTestStart
21:24:41.896  INFO  TestBase - The test used contact : Contact(name=Lisa, lastName=Boi, phone=12345678, email=lis@gmail.com, address=Israel, description=My best friend)
21:24:42.398  INFO  manager.ListenerWD - Before Find Element By -->By.xpath: //a[text()='ADD']
21:24:42.415  INFO  manager.ListenerWD - After Find Element By -->By.xpath: //a[text()='ADD']
21:24:42.463  INFO  manager.ListenerWD - Before Find Element By -->By.cssSelector: [placeholder='Name']
21:24:42.491  INFO  manager.ListenerWD - After Find Element By -->By.cssSelector: [placeholder='Name']
21:24:42.643  INFO  manager.ListenerWD - Before Find Element By -->By.cssSelector: [placeholder='Last Name']
21:24:42.662  INFO  manager.ListenerWD - After Find Element By -->By.cssSelector: [placeholder='Last Name']
21:24:42.801  INFO  manager.ListenerWD - Before Find Element By -->By.cssSelector: [placeholder='Phone']
21:24:42.821  INFO  manager.ListenerWD - After Find Element By -->By.cssSelector: [placeholder='Phone']
21:24:42.982  INFO  manager.ListenerWD - Before Find Element By -->By.cssSelector: [placeholder='email']
21:24:43.004  INFO  manager.ListenerWD - After Find Element By -->By.cssSelector: [placeholder='email']
21:24:43.217  INFO  manager.ListenerWD - Before Find Element By -->By.cssSelector: [placeholder='Address']
21:24:43.238  INFO  manager.ListenerWD - After Find Element By -->By.cssSelector: [placeholder='Address']
21:24:43.387  INFO  manager.ListenerWD - Before Find Element By -->By.cssSelector: [placeholder='description']
21:24:43.405  INFO  manager.ListenerWD - After Find Element By -->By.cssSelector: [placeholder='description']
21:24:43.580  INFO  manager.ListenerWD - Before Find Element By -->By.cssSelector: [placeholder='description']
21:24:43.603  INFO  manager.ListenerWD - After Find Element By -->By.cssSelector: [placeholder='description']
21:24:43.641  INFO  manager.ListenerWD - Before Find Element By -->By.cssSelector: .add_form__2rsm2 button
21:24:43.662  INFO  manager.ListenerWD - After Find Element By -->By.cssSelector: .add_form__2rsm2 button
21:24:43.721  INFO  manager.ListenerWD - Before Find Element By -->By.cssSelector: button b
21:24:43.748  INFO  manager.ListenerWD - After Find Element By -->By.cssSelector: button b
21:24:43.798  INFO  manager.ListenerWD - Before Find Elements By -->By.cssSelector: h2
21:24:44.564  INFO  manager.ListenerWD - After Find Elements By -->By.cssSelector: h2
21:24:44.564  INFO  manager.ListenerWD - List size is -->36
21:24:44.755  INFO  manager.ListenerWD - Before Find Elements By -->By.cssSelector: h3
21:24:45.054  INFO  manager.ListenerWD - After Find Elements By -->By.cssSelector: h3
21:24:45.054  INFO  manager.ListenerWD - List size is -->36
21:24:45.224  INFO  manager.ListenerNG - onTestSuccess
21:24:45.226  INFO  manager.ListenerWD - Before Find Elements By -->By.xpath: //button[text()='Sign Out']
21:24:45.242  INFO  manager.ListenerWD - After Find Elements By -->By.xpath: //button[text()='Sign Out']
21:24:45.242  INFO  manager.ListenerWD - List size is -->1
21:24:45.243  INFO  manager.ListenerNG - onTestStart
21:24:45.243  INFO  TestBase - The test used contact : Contact(name=Olga, lastName=Boi, phone=12345679, email=olga@gmail.com, address=Israel, description=My best friend)
21:24:45.748  INFO  manager.ListenerWD - Before Find Element By -->By.xpath: //a[text()='ADD']
21:24:45.764  INFO  manager.ListenerWD - After Find Element By -->By.xpath: //a[text()='ADD']
21:24:45.803  INFO  manager.ListenerWD - Before Find Element By -->By.cssSelector: [placeholder='Name']
21:24:45.827  INFO  manager.ListenerWD - After Find Element By -->By.cssSelector: [placeholder='Name']
21:24:45.961  INFO  manager.ListenerWD - Before Find Element By -->By.cssSelector: [placeholder='Last Name']
21:24:45.986  INFO  manager.ListenerWD - After Find Element By -->By.cssSelector: [placeholder='Last Name']
21:24:46.126  INFO  manager.ListenerWD - Before Find Element By -->By.cssSelector: [placeholder='Phone']
21:24:46.144  INFO  manager.ListenerWD - After Find Element By -->By.cssSelector: [placeholder='Phone']
21:24:46.267  INFO  manager.ListenerWD - Before Find Element By -->By.cssSelector: [placeholder='email']
21:24:46.284  INFO  manager.ListenerWD - After Find Element By -->By.cssSelector: [placeholder='email']
21:24:46.423  INFO  manager.ListenerWD - Before Find Element By -->By.cssSelector: [placeholder='Address']
21:24:46.439  INFO  manager.ListenerWD - After Find Element By -->By.cssSelector: [placeholder='Address']
21:24:46.609  INFO  manager.ListenerWD - Before Find Element By -->By.cssSelector: [placeholder='description']
21:24:46.635  INFO  manager.ListenerWD - After Find Element By -->By.cssSelector: [placeholder='description']
21:24:46.851  INFO  manager.ListenerWD - Before Find Element By -->By.cssSelector: [placeholder='description']
21:24:46.879  INFO  manager.ListenerWD - After Find Element By -->By.cssSelector: [placeholder='description']
21:24:46.934  INFO  manager.ListenerWD - Before Find Element By -->By.cssSelector: .add_form__2rsm2 button
21:24:46.959  INFO  manager.ListenerWD - After Find Element By -->By.cssSelector: .add_form__2rsm2 button
21:24:47.046  INFO  manager.ListenerWD - Before Find Element By -->By.cssSelector: button b
21:24:47.068  INFO  manager.ListenerWD - After Find Element By -->By.cssSelector: button b
21:24:47.136  INFO  manager.ListenerWD - Before Find Elements By -->By.cssSelector: h2
21:24:47.634  INFO  manager.ListenerWD - After Find Elements By -->By.cssSelector: h2
21:24:47.635  INFO  manager.ListenerWD - List size is -->38
21:24:47.910  INFO  manager.ListenerWD - Before Find Elements By -->By.cssSelector: h3
21:24:48.142  INFO  manager.ListenerWD - After Find Elements By -->By.cssSelector: h3
21:24:48.143  INFO  manager.ListenerWD - List size is -->38
21:24:48.416  INFO  manager.ListenerNG - onTestSuccess
21:24:48.417  INFO  manager.ListenerWD - Before Find Elements By -->By.xpath: //button[text()='Sign Out']
21:24:48.436  INFO  manager.ListenerWD - After Find Elements By -->By.xpath: //button[text()='Sign Out']
21:24:48.436  INFO  manager.ListenerWD - List size is -->1
21:24:48.437  INFO  manager.ListenerNG - onTestStart
21:24:48.437  INFO  TestBase - The test used contact : Contact(name=Elena, lastName=Boi, phone=12345677, email=elena@gmail.com, address=Israel, description=My best friend)
21:24:48.944  INFO  manager.ListenerWD - Before Find Element By -->By.xpath: //a[text()='ADD']
21:24:48.959  INFO  manager.ListenerWD - After Find Element By -->By.xpath: //a[text()='ADD']
21:24:49.004  INFO  manager.ListenerWD - Before Find Element By -->By.cssSelector: [placeholder='Name']
21:24:49.029  INFO  manager.ListenerWD - After Find Element By -->By.cssSelector: [placeholder='Name']
21:24:49.169  INFO  manager.ListenerWD - Before Find Element By -->By.cssSelector: [placeholder='Last Name']
21:24:49.188  INFO  manager.ListenerWD - After Find Element By -->By.cssSelector: [placeholder='Last Name']
21:24:49.318  INFO  manager.ListenerWD - Before Find Element By -->By.cssSelector: [placeholder='Phone']
21:24:49.334  INFO  manager.ListenerWD - After Find Element By -->By.cssSelector: [placeholder='Phone']
21:24:49.470  INFO  manager.ListenerWD - Before Find Element By -->By.cssSelector: [placeholder='email']
21:24:49.487  INFO  manager.ListenerWD - After Find Element By -->By.cssSelector: [placeholder='email']
21:24:49.630  INFO  manager.ListenerWD - Before Find Element By -->By.cssSelector: [placeholder='Address']
21:24:49.642  INFO  manager.ListenerWD - After Find Element By -->By.cssSelector: [placeholder='Address']
21:24:49.770  INFO  manager.ListenerWD - Before Find Element By -->By.cssSelector: [placeholder='description']
21:24:49.786  INFO  manager.ListenerWD - After Find Element By -->By.cssSelector: [placeholder='description']
21:24:49.943  INFO  manager.ListenerWD - Before Find Element By -->By.cssSelector: [placeholder='description']
21:24:49.955  INFO  manager.ListenerWD - After Find Element By -->By.cssSelector: [placeholder='description']
21:24:49.978  INFO  manager.ListenerWD - Before Find Element By -->By.cssSelector: .add_form__2rsm2 button
21:24:49.997  INFO  manager.ListenerWD - After Find Element By -->By.cssSelector: .add_form__2rsm2 button
21:24:50.058  INFO  manager.ListenerWD - Before Find Element By -->By.cssSelector: button b
21:24:50.075  INFO  manager.ListenerWD - After Find Element By -->By.cssSelector: button b
21:24:50.128  INFO  manager.ListenerWD - Before Find Elements By -->By.cssSelector: h2
21:24:50.544  INFO  manager.ListenerWD - After Find Elements By -->By.cssSelector: h2
21:24:50.544  INFO  manager.ListenerWD - List size is -->40
21:24:50.769  INFO  manager.ListenerWD - Before Find Elements By -->By.cssSelector: h3
21:24:50.918  INFO  manager.ListenerWD - After Find Elements By -->By.cssSelector: h3
21:24:50.918  INFO  manager.ListenerWD - List size is -->40
21:24:51.145  INFO  manager.ListenerNG - onTestSuccess
21:24:51.147  INFO  manager.ListenerWD - Before Find Elements By -->By.xpath: //button[text()='Sign Out']
21:24:51.162  INFO  manager.ListenerWD - After Find Elements By -->By.xpath: //button[text()='Sign Out']
21:24:51.162  INFO  manager.ListenerWD - List size is -->1
21:24:51.163  INFO  manager.ListenerNG - onTestStart
21:24:51.163  INFO  TestBase - The test used contact : Contact(name=Pol, lastName=Boi, phone=12345676, email=pol@gmail.com, address=Israel, description=My best friend)
21:24:51.676  INFO  manager.ListenerWD - Before Find Element By -->By.xpath: //a[text()='ADD']
21:24:51.692  INFO  manager.ListenerWD - After Find Element By -->By.xpath: //a[text()='ADD']
21:24:51.727  INFO  manager.ListenerWD - Before Find Element By -->By.cssSelector: [placeholder='Name']
21:24:51.743  INFO  manager.ListenerWD - After Find Element By -->By.cssSelector: [placeholder='Name']
21:24:51.879  INFO  manager.ListenerWD - Before Find Element By -->By.cssSelector: [placeholder='Last Name']
21:24:51.892  INFO  manager.ListenerWD - After Find Element By -->By.cssSelector: [placeholder='Last Name']
21:24:52.006  INFO  manager.ListenerWD - Before Find Element By -->By.cssSelector: [placeholder='Phone']
21:24:52.020  INFO  manager.ListenerWD - After Find Element By -->By.cssSelector: [placeholder='Phone']
21:24:52.144  INFO  manager.ListenerWD - Before Find Element By -->By.cssSelector: [placeholder='email']
21:24:52.156  INFO  manager.ListenerWD - After Find Element By -->By.cssSelector: [placeholder='email']
21:24:52.310  INFO  manager.ListenerWD - Before Find Element By -->By.cssSelector: [placeholder='Address']
21:24:52.326  INFO  manager.ListenerWD - After Find Element By -->By.cssSelector: [placeholder='Address']
21:24:52.443  INFO  manager.ListenerWD - Before Find Element By -->By.cssSelector: [placeholder='description']
21:24:52.457  INFO  manager.ListenerWD - After Find Element By -->By.cssSelector: [placeholder='description']
21:24:52.624  INFO  manager.ListenerWD - Before Find Element By -->By.cssSelector: [placeholder='description']
21:24:52.638  INFO  manager.ListenerWD - After Find Element By -->By.cssSelector: [placeholder='description']
21:24:52.662  INFO  manager.ListenerWD - Before Find Element By -->By.cssSelector: .add_form__2rsm2 button
21:24:52.675  INFO  manager.ListenerWD - After Find Element By -->By.cssSelector: .add_form__2rsm2 button
21:24:52.723  INFO  manager.ListenerWD - Before Find Element By -->By.cssSelector: button b
21:24:52.737  INFO  manager.ListenerWD - After Find Element By -->By.cssSelector: button b
21:24:52.781  INFO  manager.ListenerWD - Before Find Elements By -->By.cssSelector: h2
21:24:53.148  INFO  manager.ListenerWD - After Find Elements By -->By.cssSelector: h2
21:24:53.148  INFO  manager.ListenerWD - List size is -->42
21:24:53.458  INFO  manager.ListenerWD - Before Find Elements By -->By.cssSelector: h3
21:24:53.611  INFO  manager.ListenerWD - After Find Elements By -->By.cssSelector: h3
21:24:53.611  INFO  manager.ListenerWD - List size is -->42
21:24:53.889  INFO  manager.ListenerNG - onTestSuccess
21:24:53.891  INFO  manager.ListenerWD - Before Find Elements By -->By.xpath: //button[text()='Sign Out']
21:24:53.907  INFO  manager.ListenerWD - After Find Elements By -->By.xpath: //button[text()='Sign Out']
21:24:53.907  INFO  manager.ListenerWD - List size is -->1
21:24:53.908  INFO  manager.ListenerNG - onTestStart
21:24:54.411  INFO  manager.ListenerWD - Before Find Element By -->By.xpath: //a[text()='ADD']
21:24:54.423  INFO  manager.ListenerWD - After Find Element By -->By.xpath: //a[text()='ADD']
21:24:54.453  INFO  manager.ListenerWD - Before Find Element By -->By.cssSelector: [placeholder='Name']
21:24:54.469  INFO  manager.ListenerWD - After Find Element By -->By.cssSelector: [placeholder='Name']
21:24:54.598  INFO  manager.ListenerWD - Before Find Element By -->By.cssSelector: [placeholder='Phone']
21:24:54.612  INFO  manager.ListenerWD - After Find Element By -->By.cssSelector: [placeholder='Phone']
21:24:54.747  INFO  manager.ListenerWD - Before Find Element By -->By.cssSelector: [placeholder='email']
21:24:54.758  INFO  manager.ListenerWD - After Find Element By -->By.cssSelector: [placeholder='email']
21:24:54.887  INFO  manager.ListenerWD - Before Find Element By -->By.cssSelector: [placeholder='Address']
21:24:54.901  INFO  manager.ListenerWD - After Find Element By -->By.cssSelector: [placeholder='Address']
21:24:55.019  INFO  manager.ListenerWD - Before Find Element By -->By.cssSelector: [placeholder='description']
21:24:55.034  INFO  manager.ListenerWD - After Find Element By -->By.cssSelector: [placeholder='description']
21:24:55.162  INFO  manager.ListenerWD - Before Find Element By -->By.cssSelector: [placeholder='description']
21:24:55.177  INFO  manager.ListenerWD - After Find Element By -->By.cssSelector: [placeholder='description']
21:24:55.206  INFO  manager.ListenerWD - Before Find Element By -->By.cssSelector: .add_form__2rsm2 button
21:24:55.221  INFO  manager.ListenerWD - After Find Element By -->By.cssSelector: .add_form__2rsm2 button
21:24:55.272  INFO  manager.ListenerWD - Before Find Elements By -->By.cssSelector: a.active[href='/add']
21:24:55.290  INFO  manager.ListenerWD - After Find Elements By -->By.cssSelector: a.active[href='/add']
21:24:55.290  INFO  manager.ListenerWD - List size is -->1
21:24:55.290  INFO  manager.ListenerNG - onTestSuccess
21:24:55.292  INFO  manager.ListenerNG - onTestStart
21:24:55.297  INFO  TestBase - Login scenario success was used dataUser{email='evnikel@gmail.com', password='Elena1234$@'}
21:24:55.297  INFO  manager.ListenerWD - Before Find Element By -->By.xpath: //a[@href='/login']
21:25:00.318  INFO  manager.ListenerWD - We have a 'problem'
21:25:00.319  INFO  manager.ListenerWD - The name of error method  findElement
21:25:00.323  INFO  manager.ListenerWD - Describe of error org.openqa.selenium.NoSuchElementException: no such element: Unable to locate element: {"method":"xpath","selector":"//a[@href='/login']"}
  (Session info: chrome=106.0.5249.119)
For documentation on this error, please visit: https://selenium.dev/exceptions/#no_such_element
Build info: version: '4.4.0', revision: 'e5c75ed026a'
System info: host: 'DESKTOP-EVABS4F', ip: '192.168.1.138', os.name: 'Windows 11', os.arch: 'amd64', os.version: '10.0', java.version: '11.0.16.1'
Driver info: org.openqa.selenium.chrome.ChromeDriver
Command: [5659d9aec1f95dea489cee4053699dd2, findElement {using=xpath, value=//a[@href='/login']}]
Capabilities {acceptInsecureCerts: false, browserName: chrome, browserVersion: 106.0.5249.119, chrome: {chromedriverVersion: 106.0.5249.61 (511755355844..., userDataDir: C:\Users\evnik\AppData\Loca...}, goog:chromeOptions: {debuggerAddress: localhost:56602}, networkConnectionEnabled: false, pageLoadStrategy: normal, platformName: WINDOWS, proxy: Proxy(), se:cdp: ws://localhost:56602/devtoo..., se:cdpVersion: 106.0.5249.119, setWindowRect: true, strictFileInteractability: false, timeouts: {implicit: 0, pageLoad: 300000, script: 30000}, unhandledPromptBehavior: dismiss and notify, webauthn:extension:credBlob: true, webauthn:extension:largeBlob: true, webauthn:virtualAuthenticators: true}
Session ID: 5659d9aec1f95dea489cee4053699dd2
21:25:00.323  INFO  manager.ListenerWD - *********************
21:25:00.323  INFO  manager.ListenerWD - ChromeDriver: chrome on WINDOWS (5659d9aec1f95dea489cee4053699dd2)
21:25:00.329  INFO  manager.ListenerWD - Screen with error is 1013   src/test/screenshots/screen1013.png
21:25:01.227  INFO  manager.ListenerNG - onTestFailure
21:25:01.228  INFO  manager.ListenerNG - onTestStart
21:25:01.228  INFO  TestBase - Login scenario success was used dataUser{email='evnikel2346@gmail.com', password='Elena1234$@'}
21:25:01.229  INFO  manager.ListenerWD - Before Find Element By -->By.xpath: //a[@href='/login']
21:25:06.275  INFO  manager.ListenerWD - We have a 'problem'
21:25:06.276  INFO  manager.ListenerWD - The name of error method  findElement
21:25:06.277  INFO  manager.ListenerWD - Describe of error org.openqa.selenium.NoSuchElementException: no such element: Unable to locate element: {"method":"xpath","selector":"//a[@href='/login']"}
  (Session info: chrome=106.0.5249.119)
For documentation on this error, please visit: https://selenium.dev/exceptions/#no_such_element
Build info: version: '4.4.0', revision: 'e5c75ed026a'
System info: host: 'DESKTOP-EVABS4F', ip: '192.168.1.138', os.name: 'Windows 11', os.arch: 'amd64', os.version: '10.0', java.version: '11.0.16.1'
Driver info: org.openqa.selenium.chrome.ChromeDriver
Command: [5659d9aec1f95dea489cee4053699dd2, findElement {using=xpath, value=//a[@href='/login']}]
Capabilities {acceptInsecureCerts: false, browserName: chrome, browserVersion: 106.0.5249.119, chrome: {chromedriverVersion: 106.0.5249.61 (511755355844..., userDataDir: C:\Users\evnik\AppData\Loca...}, goog:chromeOptions: {debuggerAddress: localhost:56602}, networkConnectionEnabled: false, pageLoadStrategy: normal, platformName: WINDOWS, proxy: Proxy(), se:cdp: ws://localhost:56602/devtoo..., se:cdpVersion: 106.0.5249.119, setWindowRect: true, strictFileInteractability: false, timeouts: {implicit: 0, pageLoad: 300000, script: 30000}, unhandledPromptBehavior: dismiss and notify, webauthn:extension:credBlob: true, webauthn:extension:largeBlob: true, webauthn:virtualAuthenticators: true}
Session ID: 5659d9aec1f95dea489cee4053699dd2
21:25:06.278  INFO  manager.ListenerWD - *********************
21:25:06.279  INFO  manager.ListenerWD - ChromeDriver: chrome on WINDOWS (5659d9aec1f95dea489cee4053699dd2)
21:25:06.279  INFO  manager.ListenerWD - Screen with error is 1405   src/test/screenshots/screen1405.png
21:25:06.856  INFO  manager.ListenerNG - onTestFailure
21:25:06.857  INFO  manager.ListenerNG - onTestStart
21:25:06.857  INFO  TestBase - Login scenario success was used dataUser{email='evnikel2347@gmail.com', password='Elena1234$@'}
21:25:06.857  INFO  manager.ListenerWD - Before Find Element By -->By.xpath: //a[@href='/login']
21:25:11.913  INFO  manager.ListenerWD - We have a 'problem'
21:25:11.913  INFO  manager.ListenerWD - The name of error method  findElement
21:25:11.913  INFO  manager.ListenerWD - Describe of error org.openqa.selenium.NoSuchElementException: no such element: Unable to locate element: {"method":"xpath","selector":"//a[@href='/login']"}
  (Session info: chrome=106.0.5249.119)
For documentation on this error, please visit: https://selenium.dev/exceptions/#no_such_element
Build info: version: '4.4.0', revision: 'e5c75ed026a'
System info: host: 'DESKTOP-EVABS4F', ip: '192.168.1.138', os.name: 'Windows 11', os.arch: 'amd64', os.version: '10.0', java.version: '11.0.16.1'
Driver info: org.openqa.selenium.chrome.ChromeDriver
Command: [5659d9aec1f95dea489cee4053699dd2, findElement {using=xpath, value=//a[@href='/login']}]
Capabilities {acceptInsecureCerts: false, browserName: chrome, browserVersion: 106.0.5249.119, chrome: {chromedriverVersion: 106.0.5249.61 (511755355844..., userDataDir: C:\Users\evnik\AppData\Loca...}, goog:chromeOptions: {debuggerAddress: localhost:56602}, networkConnectionEnabled: false, pageLoadStrategy: normal, platformName: WINDOWS, proxy: Proxy(), se:cdp: ws://localhost:56602/devtoo..., se:cdpVersion: 106.0.5249.119, setWindowRect: true, strictFileInteractability: false, timeouts: {implicit: 0, pageLoad: 300000, script: 30000}, unhandledPromptBehavior: dismiss and notify, webauthn:extension:credBlob: true, webauthn:extension:largeBlob: true, webauthn:virtualAuthenticators: true}
Session ID: 5659d9aec1f95dea489cee4053699dd2
21:25:11.913  INFO  manager.ListenerWD - *********************
21:25:11.913  INFO  manager.ListenerWD - ChromeDriver: chrome on WINDOWS (5659d9aec1f95dea489cee4053699dd2)
21:25:11.913  INFO  manager.ListenerWD - Screen with error is 1131   src/test/screenshots/screen1131.png
21:25:12.364  INFO  manager.ListenerNG - onTestFailure
21:25:12.365  INFO  manager.ListenerWD - Before Find Elements By -->By.xpath: //button[text()='Sign Out']
21:25:12.381  INFO  manager.ListenerWD - After Find Elements By -->By.xpath: //button[text()='Sign Out']
21:25:12.381  INFO  manager.ListenerWD - List size is -->1
21:25:12.382  INFO  manager.ListenerWD - Before Find Element By -->By.xpath: //button[text()='Sign Out']
21:25:12.397  INFO  manager.ListenerWD - After Find Element By -->By.xpath: //button[text()='Sign Out']
21:25:17.468  INFO  manager.ListenerWD - We have a 'problem'
21:25:17.469  INFO  manager.ListenerWD - The name of error method  click
21:25:17.470  INFO  manager.ListenerWD - Describe of error org.openqa.selenium.ElementNotInteractableException: element not interactable
  (Session info: chrome=106.0.5249.119)
Build info: version: '4.4.0', revision: 'e5c75ed026a'
System info: host: 'DESKTOP-EVABS4F', ip: '192.168.1.138', os.name: 'Windows 11', os.arch: 'amd64', os.version: '10.0', java.version: '11.0.16.1'
Driver info: org.openqa.selenium.chrome.ChromeDriver
Command: [5659d9aec1f95dea489cee4053699dd2, clickElement {id=072f9f15-bc31-4faa-ac2d-92120935e784}]
Capabilities {acceptInsecureCerts: false, browserName: chrome, browserVersion: 106.0.5249.119, chrome: {chromedriverVersion: 106.0.5249.61 (511755355844..., userDataDir: C:\Users\evnik\AppData\Loca...}, goog:chromeOptions: {debuggerAddress: localhost:56602}, networkConnectionEnabled: false, pageLoadStrategy: normal, platformName: WINDOWS, proxy: Proxy(), se:cdp: ws://localhost:56602/devtoo..., se:cdpVersion: 106.0.5249.119, setWindowRect: true, strictFileInteractability: false, timeouts: {implicit: 0, pageLoad: 300000, script: 30000}, unhandledPromptBehavior: dismiss and notify, webauthn:extension:credBlob: true, webauthn:extension:largeBlob: true, webauthn:virtualAuthenticators: true}
Element: [[ChromeDriver: chrome on WINDOWS (5659d9aec1f95dea489cee4053699dd2)] -> xpath: //button[text()='Sign Out']]
Session ID: 5659d9aec1f95dea489cee4053699dd2
21:25:17.470  INFO  manager.ListenerWD - *********************
21:25:17.471  INFO  manager.ListenerWD - [[ChromeDriver: chrome on WINDOWS (5659d9aec1f95dea489cee4053699dd2)] -> xpath: //button[text()='Sign Out']]
21:25:17.471  INFO  manager.ListenerWD - Screen with error is 1418   src/test/screenshots/screen1418.png
21:25:17.495  INFO  manager.ListenerNG - onTestStart
21:25:17.497  INFO  manager.ListenerNG - onTestSkipped
21:25:17.501  INFO  manager.ListenerNG - onTestStart
21:25:17.502  INFO  manager.ListenerNG - onTestSkipped
21:25:17.505  INFO  manager.ListenerNG - onTestStart
21:25:17.506  INFO  manager.ListenerNG - onTestSkipped
21:25:17.509  INFO  manager.ListenerNG - onTestStart
21:25:17.511  INFO  manager.ListenerNG - onTestSkipped
21:25:17.513  INFO  manager.ListenerNG - onTestStart
21:25:17.515  INFO  manager.ListenerNG - onTestSkipped
21:25:17.518  INFO  manager.ListenerWD - Before Find Elements By -->By.xpath: //button[text()='Sign Out']
21:25:17.535  INFO  manager.ListenerWD - After Find Elements By -->By.xpath: //button[text()='Sign Out']
21:25:17.535  INFO  manager.ListenerWD - List size is -->1
21:25:17.535  INFO  manager.ListenerWD - Before Find Elements By -->By.cssSelector: .contact-item_card__2SOIM
21:25:22.546  INFO  manager.ListenerWD - After Find Elements By -->By.cssSelector: .contact-item_card__2SOIM
21:25:22.547  INFO  manager.ListenerWD - List size is -->0
21:25:23.063  INFO  manager.ListenerWD - Before Find Element By -->By.xpath: //a[text()='ADD']
21:25:23.103  INFO  manager.ListenerWD - After Find Element By -->By.xpath: //a[text()='ADD']
21:25:28.140  INFO  manager.ListenerWD - We have a 'problem'
21:25:28.140  INFO  manager.ListenerWD - The name of error method  click
21:25:28.141  INFO  manager.ListenerWD - Describe of error org.openqa.selenium.ElementNotInteractableException: element not interactable
  (Session info: chrome=106.0.5249.119)
Build info: version: '4.4.0', revision: 'e5c75ed026a'
System info: host: 'DESKTOP-EVABS4F', ip: '192.168.1.138', os.name: 'Windows 11', os.arch: 'amd64', os.version: '10.0', java.version: '11.0.16.1'
Driver info: org.openqa.selenium.chrome.ChromeDriver
Command: [5659d9aec1f95dea489cee4053699dd2, clickElement {id=56135257-65bd-467e-8286-3b3ae9077bc3}]
Capabilities {acceptInsecureCerts: false, browserName: chrome, browserVersion: 106.0.5249.119, chrome: {chromedriverVersion: 106.0.5249.61 (511755355844..., userDataDir: C:\Users\evnik\AppData\Loca...}, goog:chromeOptions: {debuggerAddress: localhost:56602}, networkConnectionEnabled: false, pageLoadStrategy: normal, platformName: WINDOWS, proxy: Proxy(), se:cdp: ws://localhost:56602/devtoo..., se:cdpVersion: 106.0.5249.119, setWindowRect: true, strictFileInteractability: false, timeouts: {implicit: 0, pageLoad: 300000, script: 30000}, unhandledPromptBehavior: dismiss and notify, webauthn:extension:credBlob: true, webauthn:extension:largeBlob: true, webauthn:virtualAuthenticators: true}
Element: [[ChromeDriver: chrome on WINDOWS (5659d9aec1f95dea489cee4053699dd2)] -> xpath: //a[text()='ADD']]
Session ID: 5659d9aec1f95dea489cee4053699dd2
21:25:28.141  INFO  manager.ListenerWD - *********************
21:25:28.141  INFO  manager.ListenerWD - [[ChromeDriver: chrome on WINDOWS (5659d9aec1f95dea489cee4053699dd2)] -> xpath: //a[text()='ADD']]
21:25:28.142  INFO  manager.ListenerWD - Screen with error is 1728   src/test/screenshots/screen1728.png
21:25:28.150  INFO  manager.ListenerNG - onTestStart
21:25:28.151  INFO  manager.ListenerNG - onTestSkipped
21:25:28.153  INFO  manager.ListenerNG - onTestStart
21:25:28.154  INFO  manager.ListenerNG - onTestSkipped
21:25:28.158  INFO  manager.ListenerNG - onFinish
21:25:28.167  INFO  manager.ListenerNG - onFinish
